Log file open, 03/18/15 00:42:26
LogInit:Display: Running engine for game: MyProject3
LogInit: Version: 4.7.3-2479750+++depot+UE4-Releases+4.7
LogInit: API Version: 2455222
LogInit: Compiled (64-bit): Mar 15 2015 23:20:45
LogInit: Compiled with Visual C++: 18.00.21005.01
LogInit: Build Configuration: Development
LogInit: Branch Name: ++depot+UE4-Releases+4.7
LogInit: Command line:  
LogInit: Base directory: D:/Program Files/Epic Games/4.7/Engine/Binaries/Win64/
LogInit: Rocket: 1
[2015.03.18-04.42.26:081][  0]LogTaskGraph: Started task graph with 3 named threads and 6 total threads.
[2015.03.18-04.42.26:140][  0]LogOnline:Warning: No default platform service specified for OnlineSubsystem
[2015.03.18-04.42.26:153][  0]LogInit: Presizing for 0 objects not considered by GC, pre-allocating 0 bytes.
[2015.03.18-04.42.26:161][  0]LogInit: Object subsystem initialized
[2015.03.18-04.42.26:163][  0]LogConsoleResponse:Warning: Skipping Unknown console variable: 'TranslucentSortAxis = (X=0.000000,Y=-1.000000,Z=0.000000)'
[2015.03.18-04.42.26:163][  0]LogConsoleResponse:Warning:   Found in ini file 'D:/Documents/Andrew/Source/Saved/Config/Windows/Engine.ini', in section '[/Script/Engine.RendererSettings]'
[2015.03.18-04.42.26:163][  0]LogConsoleResponse:Warning: Skipping Unknown console variable: 'UIScaleRule = ShortestSide'
[2015.03.18-04.42.26:163][  0]LogConsoleResponse:Warning:   Found in ini file 'D:/Documents/Andrew/Source/Saved/Config/Windows/Engine.ini', in section '[/Script/Engine.RendererSettings]'
[2015.03.18-04.42.26:163][  0]LogConsoleResponse:Warning: Skipping Unknown console variable: 'UIScaleCurve = (EditorCurveData=(Keys=),ExternalCurve=None)'
[2015.03.18-04.42.26:163][  0]LogConsoleResponse:Warning:   Found in ini file 'D:/Documents/Andrew/Source/Saved/Config/Windows/Engine.ini', in section '[/Script/Engine.RendererSettings]'
[2015.03.18-04.42.26:163][  0]LogInit: Selected Device Profile: [Windows]
[2015.03.18-04.42.26:163][  0]LogInit: Applying CVar settings loaded from the selected device profile: [Windows]
[2015.03.18-04.42.26:169][  0]LogInit: Computer: TESLA
[2015.03.18-04.42.26:169][  0]LogInit: User: Andrew
[2015.03.18-04.42.26:169][  0]LogInit: CPU Page size=4096, Cores=4
[2015.03.18-04.42.26:169][  0]LogInit: High frequency timer resolution =3.320332 MHz
[2015.03.18-04.42.26:169][  0]LogMemory: Memory total: Physical=7.9GB (8GB approx) Virtual=8192.0GB
[2015.03.18-04.42.26:169][  0]LogMemory: Platform Memory Stats for Windows
[2015.03.18-04.42.26:169][  0]LogMemory: Process Physical Memory: 48.13 MB used, 48.13 MB peak
[2015.03.18-04.42.26:169][  0]LogMemory: Process Virtual Memory: 28.43 MB used, 28.43 MB peak
[2015.03.18-04.42.26:169][  0]LogMemory: Physical Memory: 4177.96 MB used, 8133.13 MB total
[2015.03.18-04.42.26:169][  0]LogMemory: Virtual Memory: 294.29 MB used, 8388608.00 MB total
[2015.03.18-04.42.26:192][  0]LogD3D11RHI: Found D3D11 adapter 0: NVIDIA GeForce GTX 760 (Feature Level 11_0)
[2015.03.18-04.42.26:192][  0]LogD3D11RHI: Adapter has 1990MB of dedicated video memory, 0MB of dedicated system memory, and 2048MB of shared system memory, 1 output[s]
[2015.03.18-04.42.26:192][  0]LogD3D11RHI: Chosen D3D11 Adapter Id = 0
[2015.03.18-04.42.26:196][  0]LogRHI: Texture pool is 1361 MB (70% of 1945 MB)
[2015.03.18-04.42.26:202][  0]LogD3D11RHI: Async texture creation enabled
[2015.03.18-04.42.26:257][  0]LogTextLocalizationManager: The requested culture ('en_US') has no localization data; parent culture's ('en') localization data will be used.
[2015.03.18-04.42.26:302][  0]LogTextLocalizationManager:Warning: Loading localization resources contain conflicting entries for (Namespace:UICommands, Key:Save_ToolTip):
Resource: (D:/Program Files/Epic Games/4.7/Engine/Content/Localization/Editor/en/Editor.locres) Hash: (-29098895) String: (Saves the current level to disk)
Resource: (D:/Program Files/Epic Games/4.7/Engine/Content/Localization/Engine/en/Engine.locres) Hash: (-1280300587) String: (Save selected data to vlog file)
[2015.03.18-04.42.26:302][  0]LogTextLocalizationManager:Warning: Loading localization resources contain conflicting entries for (Namespace:ContentBrowser, Key:ImportAssetToolTip):
Resource: (D:/Program Files/Epic Games/4.7/Engine/Content/Localization/Editor/en/Editor.locres) Hash: (-630476809) String: (Import to {0}...)
Resource: (D:/Program Files/Epic Games/4.7/Engine/Content/Localization/Editor/en/Editor.locres) Hash: (1271782899) String: (Imports an asset from file to this folder.)
[2015.03.18-04.42.26:366][  0]LogContentStreaming: Texture pool size is 0.000000MB
[2015.03.18-04.42.28:133][  0]LogTargetPlatformManager:Display: Building Assets For Windows
[2015.03.18-04.42.28:505][  0]LogTargetPlatformManager:Display: Building Assets For Windows
[2015.03.18-04.42.28:549][  0]LogDerivedDataCache:Display: Max Cache Size: 512 MB
[2015.03.18-04.42.28:583][  0]LogDerivedDataCache: Loaded boot cache 0.03s 39MB C:/Users/Andrew/AppData/Local/UnrealEngine/4.7/DerivedDataCache/Boot.ddc.
[2015.03.18-04.42.28:583][  0]LogDerivedDataCache:Display: Loaded Boot cache: C:/Users/Andrew/AppData/Local/UnrealEngine/4.7/DerivedDataCache/Boot.ddc
[2015.03.18-04.42.28:583][  0]LogDerivedDataCache: FDerivedDataBackendGraph:  Pak pak cache file ../../../../../../Documents/Andrew/Source/DerivedDataCache/DDC.ddp not found, will not use a pak cache.
[2015.03.18-04.42.28:583][  0]LogDerivedDataCache: Unable to find inner node Pak for hierarchical cache Hierarchy.
[2015.03.18-04.42.28:676][  0]LogDerivedDataCache:Display: Pak cache opened for reading ../../../Engine/DerivedDataCache/Compressed.ddp.
[2015.03.18-04.42.28:687][  0]LogDerivedDataCache: Using Local data cache path C:/Users/Andrew/AppData/Local/UnrealEngine/Common/DerivedDataCache: Writable
[2015.03.18-04.42.28:932][  0]LogMeshUtilities: No automatic mesh reduction module available
[2015.03.18-04.42.28:932][  0]LogMeshUtilities: No automatic mesh merging module available
[2015.03.18-04.42.29:188][  0]LogInit: WinSock: version 1.1 (2.2), MaxSocks=32767, MaxUdp=65467
[2015.03.18-04.42.29:241][  0]LogSlate:Warning: Failed to load font data from '../../../Engine/Content/Slate/Fonts/Roboto-Italic.ttf'
[2015.03.18-04.42.29:993][  0]UdpMessaging: Initializing bridge on interface 0.0.0.0:0 to multicast group 230.0.0.1:6666.
[2015.03.18-04.42.30:154][  0]SourceControl: Info Source control is disabled
[2015.03.18-04.42.30:154][  0]SourceControl: Info Source control is disabled
[2015.03.18-04.42.30:154][  0]SourceControl: Info Source control is disabled
[2015.03.18-04.42.30:160][  0]SourceControl: Info Source control is disabled
[2015.03.18-04.42.30:292][  0]LogObj: 24235 objects as part of root set at end of initial load.
[2015.03.18-04.42.30:292][  0]LogUObjectAllocator: 5138584 out of 0 bytes used by permanent object pool.
[2015.03.18-04.42.30:352][  0]LogEngine: Initializing Engine...
[2015.03.18-04.42.33:514][  0]LogInit: XAudio2 using 'Speakers (Realtek High Definition Audio)' : 2 channels at 48 kHz using 32 bits per sample (channel mask 0x3)
[2015.03.18-04.42.33:535][  0]LogInit: FAudioDevice initialized.
[2015.03.18-04.42.33:561][  0]LogAIModule: Creating AISystem for world NewWorld
[2015.03.18-04.42.33:578][  0]LogDerivedDataCache: Saved boot cache 0.02s 39MB C:/Users/Andrew/AppData/Local/UnrealEngine/4.7/DerivedDataCache/Boot.ddc.
[2015.03.18-04.42.33:581][  0]LogInit: Texture streaming: Enabled
[2015.03.18-04.42.33:647][  0]LogAnalytics: Creating configured Analytics provider AnalyticsET
[2015.03.18-04.42.33:647][  0]LogAnalytics: ET APIKey = Rocket.Release. APIServer = http://et2.epicgames.com/ET2/. AppVersion = 4.7.3-2479750+++depot+UE4-Releases+4.7
[2015.03.18-04.42.33:647][  0]LogAnalytics: ET APIKey = Rocket.Release. DataRouterUploadURL = https://datarouter-public-service-gamedev.ol.epicgames.net/datarouter/api/v1/public/data. AppVersion = 4.7.3-2479750+++depot+UE4-Releases+4.7
[2015.03.18-04.42.33:647][  0]LogAnalytics: SetUserId df262715488e56d2e7347cb3ad0128ff|b0893ed39cec4f539351ecc697cb62a7|57ad8c8d-cd07-4540-886c-ce663a9fb0f1
[2015.03.18-04.42.33:647][  0]LogAnalytics: AnalyticsET::StartSession [Rocket.Release]
[2015.03.18-04.42.33:665][  0]LogInit: Transaction tracking system initialized
[2015.03.18-04.42.33:782][  0]BlueprintLog: New page: Editor Load
[2015.03.18-04.42.33:808][  0]LogAssetRegistry: FAssetRegistry took 0.0092 seconds to start up
[2015.03.18-04.42.33:808][  0]LogDirectoryWatcher:Warning: Failed to begin reading directory changes for ../../../Engine/Plugins/Experimental/CharacterAI/Content/. Error: 0
[2015.03.18-04.42.34:179][  0]LogTargetPlatformManager:Display: Building Assets For Windows
[2015.03.18-04.42.34:439][  0]LogTargetPlatformManager:Display: Building Assets For Windows
[2015.03.18-04.42.34:639][  0]LogSlate:Warning: Failed to load font data from '../../../Engine/Content/Editor/Slate/Fonts/Roboto-Regular.ttf'
[2015.03.18-04.42.34:640][  0]LogSlate:Warning: Failed to load font data from '../../../Engine/Content/Editor/Slate/Fonts/Roboto-Bold.ttf'
[2015.03.18-04.42.34:644][  0]LogConsoleResponse:Display: 
[2015.03.18-04.42.34:736][  0]LogCook:Display: Done creating registry. It took  0.00s.
[2015.03.18-04.42.34:835][  0]SourceControl: Info Source control is disabled
[2015.03.18-04.42.34:835][  0]Cmd: MAP LOAD FILE="../../../../../../Documents/Andrew/Source/Content/StarterContent/Maps/Minimal_Default.umap" TEMPLATE=0 SHOWPROGRESS=1 FEATURELEVEL=3
[2015.03.18-04.42.34:836][  0]LightingResults: New page: Lighting Build
[2015.03.18-04.42.34:844][  0]MapCheck: New page: Map Check
[2015.03.18-04.42.34:844][  0]LightingResults: New page: Lighting Build
[2015.03.18-04.42.34:850][  0]LogParticles: Destroying 0 GPU particle simulations for FXSystem 0x0000000013756520
[2015.03.18-04.42.35:204][  0]LogLinker:Warning: Can't find file '/Game/StarterContent/Materials/M_Basic_Floor'
[2015.03.18-04.42.35:204][  0]LogLinker:Warning: Can't find file for asset '/Game/StarterContent/Materials/M_Basic_Floor' while loading ../../../../../../Documents/Andrew/Source/Content/StarterContent/Architecture/Floor_400x400.uasset.
[2015.03.18-04.42.35:204][  0]LoadErrors:Error: Error /Game/StarterContent/Architecture/Floor_400x400 : Can't find file for asset. /Game/StarterContent/Materials/M_Basic_Floor
[2015.03.18-04.42.35:204][  0]LogLinker:Warning: Can't find file '/Game/StarterContent/Materials/M_Basic_Floor'
[2015.03.18-04.42.35:204][  0]LogLinker:Warning: Can't find file for asset '/Game/StarterContent/Materials/M_Basic_Floor' while loading ../../../../../../Documents/Andrew/Source/Content/StarterContent/Architecture/Floor_400x400.uasset.
[2015.03.18-04.42.35:204][  0]LoadErrors:Error: Error /Game/StarterContent/Architecture/Floor_400x400 : Can't find file for asset. /Game/StarterContent/Materials/M_Basic_Floor
[2015.03.18-04.42.35:332][  0]LogLinker:Warning: Can't find file '/Game/StarterContent/Materials/M_Basic_Floor'
[2015.03.18-04.42.35:332][  0]LoadErrors: Info Failed to load /Game/StarterContent/Materials/M_Basic_Floor.M_Basic_Floor Referenced by Floor_400x400
[2015.03.18-04.42.35:332][  0]LogLinker:Warning: Can't find file for asset '/Game/StarterContent/Materials/M_Basic_Floor' while loading NULL.
[2015.03.18-04.42.35:332][  0]LoadErrors: Info Failed to load /Game/StarterContent/Materials/M_Basic_Floor.M_Basic_Floor Referenced by Floor_400x400
[2015.03.18-04.42.35:406][  0]LogEditorServer: Finished looking for orphan Actors (0.000 secs)
[2015.03.18-04.42.35:414][  0]LogAIModule: Creating AISystem for world Minimal_Default
[2015.03.18-04.42.35:415][  0]Cmd: MAP CHECKDEP
[2015.03.18-04.42.35:415][  0]MapCheck: New page: Minimal_Default - Mar 17, 2015, 8:42:35 PM
[2015.03.18-04.42.35:470][  0]MapCheck: Info Map check complete: 0 Error(s), 0 Warning(s), took 55.092ms to complete.
[2015.03.18-04.42.35:470][  0]LogFileHelpers: Loading map 'Minimal_Default' took 0.635
[2015.03.18-04.42.35:575][  0]LogCollectionManager: Loaded 0 collections in 0.001130 seconds
[2015.03.18-04.42.35:583][  0]LogContentBrowser: Native class hierarchy populated in 0.0074 seconds. Added 1697 classes and 263 folders.
[2015.03.18-04.42.35:606][  0]LogContentBrowser: Native class hierarchy updated for 'SceneOutliner' in 0.0023 seconds. Added 1 classes and 2 folders.
[2015.03.18-04.42.35:640][  0]LogCrashTracker: Crashtracker disabled due to settings.
[2015.03.18-04.42.35:640][  0]LogSlate:Warning: Failed to load font data from 'Veranda'
[2015.03.18-04.42.35:645][  0]LogUObjectGlobals:Warning: Failed to find object 'Class None.'
[2015.03.18-04.42.35:673][  0]LogLoad: Full Startup: 11.23 seconds (BP compile: 0.13 seconds)
[2015.03.18-04.42.36:032][  0]LogContentBrowser:Verbose: The content browser source was changed by the sources view to '/Game/StarterContent'
[2015.03.18-04.42.36:123][  0]LogRenderer:Warning: Reallocating scene render targets to support 32x32 (Frame:2).
[2015.03.18-04.42.36:198][  0]LogRenderer:Warning: Reallocating scene render targets to support 1208x576 (Frame:3).
[2015.03.18-04.42.37:354][  4]LogAssetRegistry: Asset discovery search completed in 3.5554 seconds
[2015.03.18-04.42.37:682][  5]AssetReimport: New page: Outstanding source content changes 8:42:37 PM
[2015.03.18-04.42.37:683][  5]LogEditorFactories: Performing atomic reimport of [D:/Documents/Andrew/Source/Content/GraphicalDesign/Grass.png]
[2015.03.18-04.42.37:683][  5]LogFactory: FactoryCreateBinary: Texture2D with ReimportTextureFactory (0 0 D:/Documents/Andrew/Source/Content/GraphicalDesign/Grass.png)
[2015.03.18-04.42.40:312][  5]LogEditorFactories: -- imported successfully
[2015.03.18-04.42.40:353][  6]LogEditorFactories: Performing atomic reimport of [D:/Documents/Andrew/Source/Content/GraphicalDesign/StartMenu.jpg]
[2015.03.18-04.42.40:353][  6]LogFactory: FactoryCreateBinary: Texture2D with ReimportTextureFactory (0 0 D:/Documents/Andrew/Source/Content/GraphicalDesign/StartMenu.jpg)
[2015.03.18-04.42.40:408][  6]LogEditorFactories: -- imported successfully
[2015.03.18-04.42.40:450][  7]LogEditorFactories: Performing atomic reimport of [D:/Documents/Andrew/Source/Content/GraphicalDesign/Tile.png]
[2015.03.18-04.42.40:450][  7]LogFactory: FactoryCreateBinary: Texture2D with ReimportTextureFactory (0 0 D:/Documents/Andrew/Source/Content/GraphicalDesign/Tile.png)
[2015.03.18-04.42.40:468][  7]LogEditorFactories: -- imported successfully
[2015.03.18-04.42.40:496][  8]AssetReimport: Info Reimported asset Grass from D:/Documents/Andrew/Source/Content/GraphicalDesign/Grass.png.
[2015.03.18-04.42.40:496][  8]AssetReimport: Info Reimported asset StartMenu from D:/Documents/Andrew/Source/Content/GraphicalDesign/StartMenu.jpg.
[2015.03.18-04.42.40:496][  8]AssetReimport: Info Reimported asset Tile from D:/Documents/Andrew/Source/Content/GraphicalDesign/Tile.png.
[2015.03.18-04.42.54:982][721]LogContentBrowser:Verbose: The content browser source was changed by the sources view to '/Game/GraphicalDesign'
[2015.03.18-04.43.00:220][341]LogContentBrowser:Verbose: The content browser source was changed by the sources view to '/Game/StarterContent'
[2015.03.18-04.43.02:384][594]LogEditorViewport: Clicking on Actor (context menu): BP_Sky_Sphere_C (BP_Sky_Sphere)
[2015.03.18-04.43.15:394][  1]LogContentBrowser:Verbose: The content browser source was changed by the sources view to '/Game/StarterContent'
[2015.03.18-04.43.56:462][647]LogEditorViewport: Clicking on Actor (LMB): BP_Sky_Sphere_C (BP_Sky_Sphere)
[2015.03.18-04.44.07:981][989]LogEditorViewport: Clicking on Actor (LMB): PaperSpriteActor (GrassTile2)
[2015.03.18-04.44.08:989][107]Cmd: DELETE
[2015.03.18-04.44.08:989][107]Cmd: ACTOR DELETE
[2015.03.18-04.44.09:009][107]LogEditorActor: Deleted Actor: PaperSpriteActor
[2015.03.18-04.44.09:017][107]LogEditorActor: Deleted 1 Actors (0.016 secs)
[2015.03.18-04.44.14:170][695]LogSavePackage: Save=91.910988ms
[2015.03.18-04.44.14:170][695]LogSavePackage: Moving '../../../../../../Documents/Andrew/Source/Saved/Minimal_Default2F6DCFA44C9F6D782BD4D6A7AB4E5442.tmp' to '../../../../../../Documents/Andrew/Source/Content/StarterContent/Maps/Minimal_Default.umap'
[2015.03.18-04.44.18:172][905]Cmd: OBJ SAVEPACKAGE PACKAGE="/Game/GraphicalDesign/Grass" FILE="../../../../../../Documents/Andrew/Source/Content/GraphicalDesign/Grass.uasset" SILENT=true
[2015.03.18-04.44.18:194][905]LogSavePackage: Save=14.135033ms
[2015.03.18-04.44.18:194][905]LogSavePackage: Moving '../../../../../../Documents/Andrew/Source/Saved/Grass0DFCCF0B416380BC276D40BB7CD191EE.tmp' to '../../../../../../Documents/Andrew/Source/Content/GraphicalDesign/Grass.uasset'
[2015.03.18-04.44.18:204][905]Cmd: OBJ SAVEPACKAGE PACKAGE="/Game/GraphicalDesign/StartMenu" FILE="../../../../../../Documents/Andrew/Source/Content/GraphicalDesign/StartMenu.uasset" SILENT=true
[2015.03.18-04.44.18:902][905]LogSavePackage: Save=689.315430ms
[2015.03.18-04.44.18:902][905]LogSavePackage: Moving '../../../../../../Documents/Andrew/Source/Saved/StartMenuFA3BE544480F1C114D8D55B860CC69CA.tmp' to '../../../../../../Documents/Andrew/Source/Content/GraphicalDesign/StartMenu.uasset'
[2015.03.18-04.44.18:908][905]Cmd: OBJ SAVEPACKAGE PACKAGE="/Game/GraphicalDesign/Tile" FILE="../../../../../../Documents/Andrew/Source/Content/GraphicalDesign/Tile.uasset" SILENT=true
[2015.03.18-04.44.18:923][905]LogSavePackage: Save=6.080416ms
[2015.03.18-04.44.18:923][905]LogSavePackage: Moving '../../../../../../Documents/Andrew/Source/Saved/Tile2CC43B0A48FCA32DB6B1FE8D9CC6E084.tmp' to '../../../../../../Documents/Andrew/Source/Content/GraphicalDesign/Tile.uasset'
[2015.03.18-04.44.19:271][906]Cmd: QUIT_EDITOR
[2015.03.18-04.44.19:448][906]LogExit: Preparing to exit.
[2015.03.18-04.44.20:068][906]LogExit: Editor shut down
[2015.03.18-04.44.20:068][906]LogExit: Transaction tracking system shut down
[2015.03.18-04.44.20:068][906]LogParticles: Destroying 0 GPU particle simulations for FXSystem 0x000000000CA45260
[2015.03.18-04.44.20:069][906]LogParticles: Destroying 0 GPU particle simulations for FXSystem 0x000000001B6407C0
[2015.03.18-04.44.20:069][906]LogParticles: Destroying 0 GPU particle simulations for FXSystem 0x000000001EDB02C0
[2015.03.18-04.44.20:069][906]LogParticles: Destroying 0 GPU particle simulations for FXSystem 0x000000001FF0E200
[2015.03.18-04.44.20:069][906]LogParticles: Destroying 0 GPU particle simulations for FXSystem 0x000000002160E520
[2015.03.18-04.44.20:100][906]LogExit: Object subsystem successfully closed.
[2015.03.18-04.44.20:133][906]LogModuleManager: Shutting down and abandoning module CrashTracker (178)
[2015.03.18-04.44.20:133][906]LogModuleManager: Shutting down and abandoning module SuperSearch (177)
[2015.03.18-04.44.20:133][906]LogModuleManager: Shutting down and abandoning module SceneOutliner (176)
[2015.03.18-04.44.20:133][906]LogModuleManager: Shutting down and abandoning module EditorWidgets (175)
[2015.03.18-04.44.20:133][906]LogModuleManager: Shutting down and abandoning module CollectionManager (174)
[2015.03.18-04.44.20:133][906]LogModuleManager: Shutting down and abandoning module StatsViewer (173)
[2015.03.18-04.44.20:133][906]LogModuleManager: Shutting down and abandoning module FoliageEdit (172)
[2015.03.18-04.44.20:133][906]LogModuleManager: Shutting down and abandoning module LandscapeEditor (171)
[2015.03.18-04.44.20:133][906]LogModuleManager: Shutting down and abandoning module MeshPaint (170)
[2015.03.18-04.44.20:133][906]LogModuleManager: Shutting down and abandoning module ActorPickerMode (169)
[2015.03.18-04.44.20:133][906]LogModuleManager: Shutting down and abandoning module GeometryMode (168)
[2015.03.18-04.44.20:133][906]LogModuleManager: Shutting down and abandoning module TextureAlignMode (167)
[2015.03.18-04.44.20:133][906]LogModuleManager: Shutting down and abandoning module BspMode (166)
[2015.03.18-04.44.20:133][906]LogModuleManager: Shutting down and abandoning module PlacementMode (165)
[2015.03.18-04.44.20:133][906]LogModuleManager: Shutting down and abandoning module AutomationWorker (164)
[2015.03.18-04.44.20:133][906]LogModuleManager: Shutting down and abandoning module CharacterAI (163)
[2015.03.18-04.44.20:133][906]LogModuleManager: Shutting down and abandoning module SmartSnapping (162)
[2015.03.18-04.44.20:133][906]LogModuleManager: Shutting down and abandoning module ViewportSnapping (161)
[2015.03.18-04.44.20:133][906]LogModuleManager: Shutting down and abandoning module LogVisualizer (160)
[2015.03.18-04.44.20:133][906]LogModuleManager: Shutting down and abandoning module GameProjectGeneration (159)
[2015.03.18-04.44.20:133][906]LogModuleManager: Shutting down and abandoning module IntroTutorials (158)
[2015.03.18-04.44.20:133][906]LogModuleManager: Shutting down and abandoning module EditorLiveStreaming (157)
[2015.03.18-04.44.20:133][906]LogModuleManager: Shutting down and abandoning module HardwareTargeting (156)
[2015.03.18-04.44.20:133][906]LogModuleManager: Shutting down and abandoning module DeviceProfileEditor (155)
[2015.03.18-04.44.20:133][906]LogModuleManager: Shutting down and abandoning module UndoHistory (154)
[2015.03.18-04.44.20:133][906]LogModuleManager: Shutting down and abandoning module GameplayTagsEditor (153)
[2015.03.18-04.44.20:133][906]LogModuleManager: Shutting down and abandoning module UserFeedback (152)
[2015.03.18-04.44.20:133][906]LogModuleManager: Shutting down and abandoning module XmlParser (151)
[2015.03.18-04.44.20:133][906]LogModuleManager: Shutting down and abandoning module Blutility (150)
[2015.03.18-04.44.20:133][906]LogModuleManager: Shutting down and abandoning module IOSPlatformEditor (149)
[2015.03.18-04.44.20:133][906]LogModuleManager: Shutting down and abandoning module IOSRuntimeSettings (148)
[2015.03.18-04.44.20:133][906]LogModuleManager: Shutting down and abandoning module AndroidDeviceDetection (147)
[2015.03.18-04.44.20:499][906]LogModuleManager: Shutting down and abandoning module AndroidPlatformEditor (146)
[2015.03.18-04.44.20:499][906]LogModuleManager: Shutting down and abandoning module AndroidRuntimeSettings (145)
[2015.03.18-04.44.20:499][906]LogModuleManager: Shutting down and abandoning module ProjectTargetPlatformEditor (144)
[2015.03.18-04.44.20:499][906]LogModuleManager: Shutting down and abandoning module ProjectSettingsViewer (143)
[2015.03.18-04.44.20:499][906]LogModuleManager: Shutting down and abandoning module InputBindingEditor (142)
[2015.03.18-04.44.20:499][906]LogModuleManager: Shutting down and abandoning module EditorSettingsViewer (141)
[2015.03.18-04.44.20:499][906]LogModuleManager: Shutting down and abandoning module SettingsEditor (140)
[2015.03.18-04.44.20:499][906]LogModuleManager: Shutting down and abandoning module ProjectLauncher (139)
[2015.03.18-04.44.20:499][906]LogModuleManager: Shutting down and abandoning module SessionFrontend (138)
[2015.03.18-04.44.20:499][906]LogModuleManager: Shutting down and abandoning module ProfilerClient (137)
[2015.03.18-04.44.20:499][906]LogModuleManager: Shutting down and abandoning module TargetDeviceServices (136)
[2015.03.18-04.44.20:499][906]LogModuleManager: Shutting down and abandoning module DeviceManager (135)
[2015.03.18-04.44.20:499][906]LogModuleManager: Shutting down and abandoning module AutomationController (134)
[2015.03.18-04.44.20:499][906]LogModuleManager: Shutting down and abandoning module AutomationWindow (133)
[2015.03.18-04.44.20:499][906]LogModuleManager: Shutting down and abandoning module Layers (132)
[2015.03.18-04.44.20:499][906]LogModuleManager: Shutting down and abandoning module ComponentVisualizers (131)
[2015.03.18-04.44.20:499][906]LogModuleManager: Shutting down and abandoning module DetailCustomizations (130)
[2015.03.18-04.44.20:499][906]LogModuleManager: Shutting down and abandoning module PackagesDialog (129)
[2015.03.18-04.44.20:499][906]LogModuleManager: Shutting down and abandoning module AssetRegistry (128)
[2015.03.18-04.44.20:524][906]LogModuleManager: Shutting down and abandoning module Persona (127)
[2015.03.18-04.44.20:524][906]LogModuleManager: Shutting down and abandoning module SlateReflector (126)
[2015.03.18-04.44.20:524][906]LogModuleManager: Shutting down and abandoning module LevelEditor (125)
[2015.03.18-04.44.20:525][906]LogModuleManager: Shutting down and abandoning module Kismet (124)
[2015.03.18-04.44.20:525][906]LogModuleManager: Shutting down and abandoning module GraphEditor (123)
[2015.03.18-04.44.20:525][906]LogModuleManager: Shutting down and abandoning module ClassViewer (122)
[2015.03.18-04.44.20:525][906]LogModuleManager: Shutting down and abandoning module Toolbox (121)
[2015.03.18-04.44.20:525][906]LogModuleManager: Shutting down and abandoning module ModuleUI (120)
[2015.03.18-04.44.20:525][906]LogModuleManager: Shutting down and abandoning module MovieSceneTools (119)
[2015.03.18-04.44.20:525][906]LogModuleManager: Shutting down and abandoning module OutputLog (118)
[2015.03.18-04.44.20:525][906]LogModuleManager: Shutting down and abandoning module GammaUI (117)
[2015.03.18-04.44.20:525][906]LogModuleManager: Shutting down and abandoning module Documentation (116)
[2015.03.18-04.44.20:525][906]LogModuleManager: Shutting down and abandoning module GameLiveStreaming (115)
[2015.03.18-04.44.20:525][906]LogModuleManager: Shutting down and abandoning module StreamingPauseRendering (114)
[2015.03.18-04.44.20:525][906]LogModuleManager: Shutting down and abandoning module HTTP (113)
[2015.03.18-04.44.20:525][906]LogModuleManager: Shutting down and abandoning module AnalyticsET (112)
[2015.03.18-04.44.20:525][906]LogModuleManager: Shutting down and abandoning module Analytics (111)
[2015.03.18-04.44.20:525][906]LogModuleManager: Shutting down and abandoning module AITestSuite (110)
[2015.03.18-04.44.20:525][906]LogModuleManager: Shutting down and abandoning module GameplayDebugger (109)
[2015.03.18-04.44.20:525][906]LogModuleManager: Shutting down and abandoning module AIModule (108)
[2015.03.18-04.44.20:525][906]LogModuleManager: Shutting down and abandoning module ProfilerService (107)
[2015.03.18-04.44.20:566][906]LogModuleManager: Shutting down and abandoning module TaskGraph (106)
[2015.03.18-04.44.20:566][906]LogModuleManager: Shutting down and abandoning module SlateRemote (105)
[2015.03.18-04.44.20:566][906]LogModuleManager: Shutting down and abandoning module ScriptEditorPlugin (104)
[2015.03.18-04.44.20:566][906]LogModuleManager: Shutting down and abandoning module CustomMeshComponent (103)
[2015.03.18-04.44.20:566][906]LogModuleManager: Shutting down and abandoning module CableComponent (102)
[2015.03.18-04.44.20:566][906]LogModuleManager: Shutting down and abandoning module MessagingDebugger (101)
[2015.03.18-04.44.20:566][906]LogModuleManager: Shutting down and abandoning module MediaPlayerEditor (100)
[2015.03.18-04.44.20:566][906]LogModuleManager: Shutting down and abandoning module SpeedTreeImporter (99)
[2015.03.18-04.44.20:566][906]LogModuleManager: Shutting down and abandoning module PluginsEditor (98)
[2015.03.18-04.44.20:566][906]LogModuleManager: Shutting down and abandoning module MainFrame (97)
[2015.03.18-04.44.20:567][906]LogModuleManager: Shutting down and abandoning module EpicSurvey (96)
[2015.03.18-04.44.20:567][906]LogModuleManager: Shutting down and abandoning module DesktopPlatform (95)
[2015.03.18-04.44.20:567][906]LogModuleManager: Shutting down and abandoning module DirectoryWatcher (94)
[2015.03.18-04.44.20:567][906]LogModuleManager: Shutting down and abandoning module HotReload (93)
[2015.03.18-04.44.20:567][906]LogModuleManager: Shutting down and abandoning module VisualStudioSourceCodeAccess (92)
[2015.03.18-04.44.20:567][906]LogModuleManager: Shutting down and abandoning module UObjectPlugin (91)
[2015.03.18-04.44.20:567][906]LogModuleManager: Shutting down and abandoning module SubversionSourceControl (90)
[2015.03.18-04.44.20:568][906]LogModuleManager: Shutting down and abandoning module PerforceSourceControl (89)
[2015.03.18-04.44.20:568][906]LogModuleManager: Shutting down and abandoning module SourceControl (88)
[2015.03.18-04.44.20:568][906]LogModuleManager: Shutting down and abandoning module GitSourceControl (87)
[2015.03.18-04.44.20:568][906]LogModuleManager: Shutting down and abandoning module BlankPlugin (86)
[2015.03.18-04.44.20:568][906]LogModuleManager: Shutting down and abandoning module PaperTiledImporter (85)
[2015.03.18-04.44.20:568][906]LogModuleManager: Shutting down and abandoning module PaperJsonImporter (84)
[2015.03.18-04.44.20:568][906]LogModuleManager: Shutting down and abandoning module ContentBrowser (83)
[2015.03.18-04.44.20:570][906]LogModuleManager: Shutting down and abandoning module Paper2DEditor (82)
[2015.03.18-04.44.20:570][906]LogModuleManager: Shutting down and abandoning module MyProject3 (81)
[2015.03.18-04.44.20:570][906]LogModuleManager: Shutting down and abandoning module ScriptPlugin (80)
[2015.03.18-04.44.20:570][906]LogModuleManager: Shutting down and abandoning module UdpMessaging (79)
[2015.03.18-04.44.20:670][906]LogModuleManager: Shutting down and abandoning module Paper2D (78)
[2015.03.18-04.44.20:670][906]LogModuleManager: Shutting down and abandoning module WindowsMoviePlayer (77)
[2015.03.18-04.44.20:672][906]LogModuleManager: Shutting down and abandoning module Media (76)
[2015.03.18-04.44.20:672][906]LogModuleManager: Shutting down and abandoning module WmfMedia (75)
[2015.03.18-04.44.20:672][906]LogModuleManager: Shutting down and abandoning module OnlineBlueprintSupport (74)
[2015.03.18-04.44.20:672][906]LogModuleManager: Shutting down and abandoning module PropertyEditor (73)
[2015.03.18-04.44.20:672][906]LogModuleManager: Shutting down and abandoning module BehaviorTreeEditor (72)
[2015.03.18-04.44.20:672][906]LogModuleManager: Shutting down and abandoning module FunctionalTesting (71)
[2015.03.18-04.44.20:672][906]LogModuleManager: Shutting down and abandoning module CollisionAnalyzer (70)
[2015.03.18-04.44.20:672][906]LogModuleManager: Shutting down and abandoning module WorkspaceMenuStructure (69)
[2015.03.18-04.44.20:672][906]LogModuleManager: Shutting down and abandoning module MessageLog (68)
[2015.03.18-04.44.20:672][906]LogModuleManager: Shutting down and abandoning module Sequencer (67)
[2015.03.18-04.44.20:672][906]LogModuleManager: Shutting down and abandoning module AssetTools (66)
[2015.03.18-04.44.20:673][906]LogModuleManager: Shutting down and abandoning module UMGEditor (65)
[2015.03.18-04.44.20:673][906]LogModuleManager: Shutting down and abandoning module UMG (64)
[2015.03.18-04.44.20:673][906]LogModuleManager: Shutting down and abandoning module Slate (63)
[2015.03.18-04.44.20:673][906]LogModuleManager: Shutting down and abandoning module EditorStyle (62)
[2015.03.18-04.44.20:677][906]LogModuleManager: Shutting down and abandoning module SessionServices (61)
[2015.03.18-04.44.20:677][906]LogModuleManager: Shutting down and abandoning module SourceCodeAccess (60)
[2015.03.18-04.44.20:677][906]LogModuleManager: Shutting down and abandoning module HeadMountedDisplay (59)
[2015.03.18-04.44.20:677][906]LogModuleManager: Shutting down and abandoning module XAudio2 (58)
[2015.03.18-04.44.20:677][906]LogModuleManager: Shutting down and abandoning module Networking (56)
[2015.03.18-04.44.20:677][906]LogModuleManager: Shutting down and abandoning module Core (55)
[2015.03.18-04.44.20:677][906]LogModuleManager: Shutting down and abandoning module KismetCompiler (54)
[2015.03.18-04.44.20:677][906]LogModuleManager: Shutting down and abandoning module PhysXFormats (53)
[2015.03.18-04.44.20:677][906]LogModuleManager: Shutting down and abandoning module MeshUtilities (52)
[2015.03.18-04.44.20:677][906]LogModuleManager: Shutting down and abandoning module DerivedDataCache (51)
[2015.03.18-04.44.20:684][906]LogDerivedDataCache: Shutdown
[2015.03.18-04.44.20:684][906]LogModuleManager: Shutting down and abandoning module ShaderFormatOpenGL (50)
[2015.03.18-04.44.20:684][906]LogModuleManager: Shutting down and abandoning module ShaderFormatD3D (49)
[2015.03.18-04.44.20:684][906]LogModuleManager: Shutting down and abandoning module MetalShaderFormat (48)
[2015.03.18-04.44.20:684][906]LogModuleManager: Shutting down and abandoning module TextureFormatUncompressed (47)
[2015.03.18-04.44.20:684][906]LogModuleManager: Shutting down and abandoning module TextureFormatPVR (46)
[2015.03.18-04.44.20:684][906]LogModuleManager: Shutting down and abandoning module TextureFormatIntelISPCTexComp (45)
[2015.03.18-04.44.20:684][906]LogModuleManager: Shutting down and abandoning module TextureFormatDXT (44)
[2015.03.18-04.44.20:684][906]LogModuleManager: Shutting down and abandoning module ImageWrapper (43)
[2015.03.18-04.44.20:684][906]LogModuleManager: Shutting down and abandoning module TextureFormatASTC (42)
[2015.03.18-04.44.20:684][906]LogModuleManager: Shutting down and abandoning module TextureFormatAndroid (41)
[2015.03.18-04.44.20:684][906]LogModuleManager: Shutting down and abandoning module AudioFormatOpus (40)
[2015.03.18-04.44.20:684][906]LogModuleManager: Shutting down and abandoning module AudioFormatOgg (39)
[2015.03.18-04.44.20:684][906]LogModuleManager: Shutting down and abandoning module AudioFormatADPCM (38)
[2015.03.18-04.44.20:684][906]LogModuleManager: Shutting down and abandoning module LinuxTargetPlatform (37)
[2015.03.18-04.44.20:684][906]LogModuleManager: Shutting down and abandoning module LinuxServerTargetPlatform (36)
[2015.03.18-04.44.20:684][906]LogModuleManager: Shutting down and abandoning module LinuxNoEditorTargetPlatform (35)
[2015.03.18-04.44.20:684][906]LogModuleManager: Shutting down and abandoning module Messaging (34)
[2015.03.18-04.44.20:684][906]LogModuleManager: Shutting down and abandoning module IOSTargetPlatform (33)
[2015.03.18-04.44.20:684][906]LogModuleManager: Shutting down and abandoning module HTML5TargetPlatform (32)
[2015.03.18-04.44.20:684][906]LogModuleManager: Shutting down and abandoning module Android_PVRTCTargetPlatform (31)
[2015.03.18-04.44.20:684][906]LogModuleManager: Shutting down and abandoning module Android_ETC2TargetPlatform (30)
[2015.03.18-04.44.20:684][906]LogModuleManager: Shutting down and abandoning module Android_ETC1TargetPlatform (29)
[2015.03.18-04.44.20:684][906]LogModuleManager: Shutting down and abandoning module Android_ES31TargetPlatform (28)
[2015.03.18-04.44.20:684][906]LogModuleManager: Shutting down and abandoning module Android_DXTTargetPlatform (27)
[2015.03.18-04.44.20:684][906]LogModuleManager: Shutting down and abandoning module Android_ATCTargetPlatform (26)
[2015.03.18-04.44.20:684][906]LogModuleManager: Shutting down and abandoning module AndroidTargetPlatform (25)
[2015.03.18-04.44.20:684][906]LogModuleManager: Shutting down and abandoning module WindowsTargetPlatform (24)
[2015.03.18-04.44.20:684][906]LogModuleManager: Shutting down and abandoning module WindowsServerTargetPlatform (23)
[2015.03.18-04.44.20:684][906]LogModuleManager: Shutting down and abandoning module WindowsNoEditorTargetPlatform (22)
[2015.03.18-04.44.20:684][906]LogModuleManager: Shutting down and abandoning module WindowsClientTargetPlatform (21)
[2015.03.18-04.44.20:684][906]LogModuleManager: Shutting down and abandoning module TargetPlatform (20)
[2015.03.18-04.44.20:684][906]LogModuleManager: Shutting down and abandoning module InputCore (19)
[2015.03.18-04.44.20:684][906]LogModuleManager: Shutting down and abandoning module Settings (18)
[2015.03.18-04.44.20:684][906]LogModuleManager: Shutting down and abandoning module OnlineSubsystem (16)
[2015.03.18-04.44.20:684][906]LogModuleManager: Shutting down and abandoning module OculusRift (15)
[2015.03.18-04.44.20:684][906]LogModuleManager: Shutting down and abandoning module ExampleDeviceProfileSelector (14)
[2015.03.18-04.44.20:684][906]LogModuleManager: Shutting down and abandoning module TextureCompressor (13)
[2015.03.18-04.44.20:684][906]LogModuleManager: Shutting down and abandoning module ShaderCore (12)
[2015.03.18-04.44.20:684][906]LogModuleManager: Shutting down and abandoning module Landscape (11)
[2015.03.18-04.44.20:684][906]LogModuleManager: Shutting down and abandoning module SlateRHIRenderer (10)
[2015.03.18-04.44.20:685][906]LogModuleManager: Shutting down and abandoning module OpenGLDrv (9)
[2015.03.18-04.44.20:685][906]LogModuleManager: Shutting down and abandoning module D3D11RHI (8)
[2015.03.18-04.44.20:685][906]LogModuleManager: Shutting down and abandoning module Renderer (7)
[2015.03.18-04.44.20:686][906]LogModuleManager: Shutting down and abandoning module Engine (6)
[2015.03.18-04.44.20:686][906]LogModuleManager: Shutting down and abandoning module CoreUObject (5)
[2015.03.18-04.44.20:686][906]LogModuleManager: Shutting down and abandoning module NetworkFile (4)
[2015.03.18-04.44.20:686][906]LogModuleManager: Shutting down and abandoning module StreamingFile (3)
[2015.03.18-04.44.20:686][906]LogModuleManager: Shutting down and abandoning module SandboxFile (2)
[2015.03.18-04.44.20:686][906]LogModuleManager: Shutting down and abandoning module PakFile (1)
[2015.03.18-04.44.20:686][906]LogExit: Exiting.
[2015.03.18-04.44.20:691][906]Log file closed, 03/18/15 00:44:20
