Log file open, 03/17/15 23:54:18
LogInit:Display: Running engine for game: MyProject3
LogInit: Version: 4.7.3-2479750+++depot+UE4-Releases+4.7
LogInit: API Version: 2455222
LogInit: Compiled (64-bit): Mar 15 2015 23:20:45
LogInit: Compiled with Visual C++: 18.00.21005.01
LogInit: Build Configuration: Development
LogInit: Branch Name: ++depot+UE4-Releases+4.7
LogInit: Command line:  
LogInit: Base directory: D:/Program Files/Epic Games/4.7/Engine/Binaries/Win64/
LogInit: Rocket: 1
[2015.03.18-03.54.18:270][  0]LogTaskGraph: Started task graph with 3 named threads and 6 total threads.
[2015.03.18-03.54.18:319][  0]LogOnline:Warning: No default platform service specified for OnlineSubsystem
[2015.03.18-03.54.18:329][  0]LogInit: Presizing for 0 objects not considered by GC, pre-allocating 0 bytes.
[2015.03.18-03.54.18:336][  0]LogInit: Object subsystem initialized
[2015.03.18-03.54.18:337][  0]LogConsoleResponse:Warning: Skipping Unknown console variable: 'TranslucentSortAxis = (X=0.000000,Y=-1.000000,Z=0.000000)'
[2015.03.18-03.54.18:337][  0]LogConsoleResponse:Warning:   Found in ini file 'D:/Documents/Andrew/Source/Saved/Config/Windows/Engine.ini', in section '[/Script/Engine.RendererSettings]'
[2015.03.18-03.54.18:337][  0]LogConsoleResponse:Warning: Skipping Unknown console variable: 'UIScaleRule = ShortestSide'
[2015.03.18-03.54.18:337][  0]LogConsoleResponse:Warning:   Found in ini file 'D:/Documents/Andrew/Source/Saved/Config/Windows/Engine.ini', in section '[/Script/Engine.RendererSettings]'
[2015.03.18-03.54.18:337][  0]LogConsoleResponse:Warning: Skipping Unknown console variable: 'UIScaleCurve = (EditorCurveData=(Keys=),ExternalCurve=None)'
[2015.03.18-03.54.18:337][  0]LogConsoleResponse:Warning:   Found in ini file 'D:/Documents/Andrew/Source/Saved/Config/Windows/Engine.ini', in section '[/Script/Engine.RendererSettings]'
[2015.03.18-03.54.18:337][  0]LogInit: Selected Device Profile: [Windows]
[2015.03.18-03.54.18:337][  0]LogInit: Applying CVar settings loaded from the selected device profile: [Windows]
[2015.03.18-03.54.18:342][  0]LogInit: Computer: TESLA
[2015.03.18-03.54.18:342][  0]LogInit: User: Andrew
[2015.03.18-03.54.18:342][  0]LogInit: CPU Page size=4096, Cores=4
[2015.03.18-03.54.18:342][  0]LogInit: High frequency timer resolution =3.320332 MHz
[2015.03.18-03.54.18:342][  0]LogMemory: Memory total: Physical=7.9GB (8GB approx) Virtual=8192.0GB
[2015.03.18-03.54.18:342][  0]LogMemory: Platform Memory Stats for Windows
[2015.03.18-03.54.18:342][  0]LogMemory: Process Physical Memory: 48.17 MB used, 48.17 MB peak
[2015.03.18-03.54.18:342][  0]LogMemory: Process Virtual Memory: 28.43 MB used, 28.43 MB peak
[2015.03.18-03.54.18:342][  0]LogMemory: Physical Memory: 4249.46 MB used, 8133.13 MB total
[2015.03.18-03.54.18:342][  0]LogMemory: Virtual Memory: 294.29 MB used, 8388608.00 MB total
[2015.03.18-03.54.18:363][  0]LogD3D11RHI: Found D3D11 adapter 0: NVIDIA GeForce GTX 760 (Feature Level 11_0)
[2015.03.18-03.54.18:363][  0]LogD3D11RHI: Adapter has 1990MB of dedicated video memory, 0MB of dedicated system memory, and 2048MB of shared system memory, 1 output[s]
[2015.03.18-03.54.18:363][  0]LogD3D11RHI: Chosen D3D11 Adapter Id = 0
[2015.03.18-03.54.18:366][  0]LogRHI: Texture pool is 1361 MB (70% of 1945 MB)
[2015.03.18-03.54.18:372][  0]LogD3D11RHI: Async texture creation enabled
[2015.03.18-03.54.18:419][  0]LogTextLocalizationManager: The requested culture ('en_US') has no localization data; parent culture's ('en') localization data will be used.
[2015.03.18-03.54.18:463][  0]LogTextLocalizationManager:Warning: Loading localization resources contain conflicting entries for (Namespace:UICommands, Key:Save_ToolTip):
Resource: (D:/Program Files/Epic Games/4.7/Engine/Content/Localization/Editor/en/Editor.locres) Hash: (-29098895) String: (Saves the current level to disk)
Resource: (D:/Program Files/Epic Games/4.7/Engine/Content/Localization/Engine/en/Engine.locres) Hash: (-1280300587) String: (Save selected data to vlog file)
[2015.03.18-03.54.18:463][  0]LogTextLocalizationManager:Warning: Loading localization resources contain conflicting entries for (Namespace:ContentBrowser, Key:ImportAssetToolTip):
Resource: (D:/Program Files/Epic Games/4.7/Engine/Content/Localization/Editor/en/Editor.locres) Hash: (-630476809) String: (Import to {0}...)
Resource: (D:/Program Files/Epic Games/4.7/Engine/Content/Localization/Editor/en/Editor.locres) Hash: (1271782899) String: (Imports an asset from file to this folder.)
[2015.03.18-03.54.18:528][  0]LogContentStreaming: Texture pool size is 0.000000MB
[2015.03.18-03.54.20:257][  0]LogTargetPlatformManager:Display: Building Assets For Windows
[2015.03.18-03.54.20:627][  0]LogTargetPlatformManager:Display: Building Assets For Windows
[2015.03.18-03.54.20:672][  0]LogDerivedDataCache:Display: Max Cache Size: 512 MB
[2015.03.18-03.54.20:702][  0]LogDerivedDataCache: Loaded boot cache 0.03s 39MB C:/Users/Andrew/AppData/Local/UnrealEngine/4.7/DerivedDataCache/Boot.ddc.
[2015.03.18-03.54.20:702][  0]LogDerivedDataCache:Display: Loaded Boot cache: C:/Users/Andrew/AppData/Local/UnrealEngine/4.7/DerivedDataCache/Boot.ddc
[2015.03.18-03.54.20:702][  0]LogDerivedDataCache: FDerivedDataBackendGraph:  Pak pak cache file ../../../../../../Documents/Andrew/Source/DerivedDataCache/DDC.ddp not found, will not use a pak cache.
[2015.03.18-03.54.20:702][  0]LogDerivedDataCache: Unable to find inner node Pak for hierarchical cache Hierarchy.
[2015.03.18-03.54.20:795][  0]LogDerivedDataCache:Display: Pak cache opened for reading ../../../Engine/DerivedDataCache/Compressed.ddp.
[2015.03.18-03.54.20:806][  0]LogDerivedDataCache: Using Local data cache path C:/Users/Andrew/AppData/Local/UnrealEngine/Common/DerivedDataCache: Writable
[2015.03.18-03.54.21:027][  0]LogMeshUtilities: No automatic mesh reduction module available
[2015.03.18-03.54.21:027][  0]LogMeshUtilities: No automatic mesh merging module available
[2015.03.18-03.54.21:296][  0]LogInit: WinSock: version 1.1 (2.2), MaxSocks=32767, MaxUdp=65467
[2015.03.18-03.54.21:350][  0]LogSlate:Warning: Failed to load font data from '../../../Engine/Content/Slate/Fonts/Roboto-Italic.ttf'
[2015.03.18-03.54.21:901][  0]UdpMessaging: Initializing bridge on interface 0.0.0.0:0 to multicast group 230.0.0.1:6666.
[2015.03.18-03.54.22:060][  0]SourceControl: Info Source control is disabled
[2015.03.18-03.54.22:060][  0]SourceControl: Info Source control is disabled
[2015.03.18-03.54.22:060][  0]SourceControl: Info Source control is disabled
[2015.03.18-03.54.22:066][  0]SourceControl: Info Source control is disabled
[2015.03.18-03.54.22:199][  0]LogObj: 24235 objects as part of root set at end of initial load.
[2015.03.18-03.54.22:199][  0]LogUObjectAllocator: 5138584 out of 0 bytes used by permanent object pool.
[2015.03.18-03.54.22:258][  0]LogEngine: Initializing Engine...
[2015.03.18-03.54.25:369][  0]LogInit: XAudio2 using 'Speakers (Realtek High Definition Audio)' : 2 channels at 48 kHz using 32 bits per sample (channel mask 0x3)
[2015.03.18-03.54.25:377][  0]LogInit: FAudioDevice initialized.
[2015.03.18-03.54.25:403][  0]LogAIModule: Creating AISystem for world NewWorld
[2015.03.18-03.54.25:422][  0]LogDerivedDataCache: Saved boot cache 0.02s 39MB C:/Users/Andrew/AppData/Local/UnrealEngine/4.7/DerivedDataCache/Boot.ddc.
[2015.03.18-03.54.25:424][  0]LogInit: Texture streaming: Enabled
[2015.03.18-03.54.25:486][  0]LogAnalytics: Creating configured Analytics provider AnalyticsET
[2015.03.18-03.54.25:486][  0]LogAnalytics: ET APIKey = Rocket.Release. APIServer = http://et2.epicgames.com/ET2/. AppVersion = 4.7.3-2479750+++depot+UE4-Releases+4.7
[2015.03.18-03.54.25:486][  0]LogAnalytics: ET APIKey = Rocket.Release. DataRouterUploadURL = https://datarouter-public-service-gamedev.ol.epicgames.net/datarouter/api/v1/public/data. AppVersion = 4.7.3-2479750+++depot+UE4-Releases+4.7
[2015.03.18-03.54.25:487][  0]LogAnalytics: SetUserId df262715488e56d2e7347cb3ad0128ff|b0893ed39cec4f539351ecc697cb62a7|57ad8c8d-cd07-4540-886c-ce663a9fb0f1
[2015.03.18-03.54.25:487][  0]LogAnalytics: AnalyticsET::StartSession [Rocket.Release]
[2015.03.18-03.54.25:504][  0]LogInit: Transaction tracking system initialized
[2015.03.18-03.54.25:624][  0]BlueprintLog: New page: Editor Load
[2015.03.18-03.54.25:650][  0]LogAssetRegistry: FAssetRegistry took 0.0093 seconds to start up
[2015.03.18-03.54.25:650][  0]LogDirectoryWatcher:Warning: Failed to begin reading directory changes for ../../../Engine/Plugins/Experimental/CharacterAI/Content/. Error: 0
[2015.03.18-03.54.26:023][  0]LogTargetPlatformManager:Display: Building Assets For Windows
[2015.03.18-03.54.26:284][  0]LogTargetPlatformManager:Display: Building Assets For Windows
[2015.03.18-03.54.26:486][  0]LogSlate:Warning: Failed to load font data from '../../../Engine/Content/Editor/Slate/Fonts/Roboto-Regular.ttf'
[2015.03.18-03.54.26:487][  0]LogSlate:Warning: Failed to load font data from '../../../Engine/Content/Editor/Slate/Fonts/Roboto-Bold.ttf'
[2015.03.18-03.54.26:490][  0]LogConsoleResponse:Display: 
[2015.03.18-03.54.26:575][  0]LogCook:Display: Done creating registry. It took  0.00s.
[2015.03.18-03.54.26:674][  0]SourceControl: Info Source control is disabled
[2015.03.18-03.54.26:674][  0]Cmd: MAP LOAD FILE="../../../../../../Documents/Andrew/Source/Content/StarterContent/Maps/Minimal_Default.umap" TEMPLATE=0 SHOWPROGRESS=1 FEATURELEVEL=3
[2015.03.18-03.54.26:674][  0]LightingResults: New page: Lighting Build
[2015.03.18-03.54.26:683][  0]MapCheck: New page: Map Check
[2015.03.18-03.54.26:683][  0]LightingResults: New page: Lighting Build
[2015.03.18-03.54.26:688][  0]LogParticles: Destroying 0 GPU particle simulations for FXSystem 0x00000000138D2520
[2015.03.18-03.54.27:333][  0]LogEditorServer: Finished looking for orphan Actors (0.000 secs)
[2015.03.18-03.54.27:343][  0]LogAIModule: Creating AISystem for world Minimal_Default
[2015.03.18-03.54.27:343][  0]Cmd: MAP CHECKDEP
[2015.03.18-03.54.27:343][  0]MapCheck: New page: Minimal_Default - Mar 17, 2015, 7:54:27 PM
[2015.03.18-03.54.27:403][  0]MapCheck: Info Map check complete: 0 Error(s), 0 Warning(s), took 59.624ms to complete.
[2015.03.18-03.54.27:403][  0]LogFileHelpers: Loading map 'Minimal_Default' took 0.729
[2015.03.18-03.54.27:502][  0]LogCollectionManager: Loaded 0 collections in 0.001226 seconds
[2015.03.18-03.54.27:540][  0]LogContentBrowser: Native class hierarchy populated in 0.0378 seconds. Added 1697 classes and 263 folders.
[2015.03.18-03.54.27:563][  0]LogContentBrowser: Native class hierarchy updated for 'SceneOutliner' in 0.0023 seconds. Added 1 classes and 2 folders.
[2015.03.18-03.54.27:597][  0]LogCrashTracker: Crashtracker disabled due to settings.
[2015.03.18-03.54.27:597][  0]LogSlate:Warning: Failed to load font data from 'Veranda'
[2015.03.18-03.54.27:602][  0]LogUObjectGlobals:Warning: Failed to find object 'Class None.'
[2015.03.18-03.54.27:626][  0]LogLoad: Full Startup: 10.98 seconds (BP compile: 0.13 seconds)
[2015.03.18-03.54.28:014][  0]LogContentBrowser:Verbose: The content browser source was changed by the sources view to '/Game/StarterContent'
[2015.03.18-03.54.28:102][  0]LogRenderer:Warning: Reallocating scene render targets to support 32x32 (Frame:2).
[2015.03.18-03.54.28:181][  0]LogRenderer:Warning: Reallocating scene render targets to support 1208x576 (Frame:3).
[2015.03.18-03.54.28:978][  3]LogAssetRegistry: Asset discovery search completed in 3.3378 seconds
[2015.03.18-03.54.29:308][  4]AssetReimport: New page: Outstanding source content changes 7:54:29 PM
[2015.03.18-03.54.29:310][  4]LogEditorFactories: Performing atomic reimport of [D:/Documents/Andrew/Source/Content/GraphicalDesign/Grass.png]
[2015.03.18-03.54.29:310][  4]LogFactory: FactoryCreateBinary: Texture2D with ReimportTextureFactory (0 0 D:/Documents/Andrew/Source/Content/GraphicalDesign/Grass.png)
[2015.03.18-03.54.53:759][  4]LogEditorFactories: -- imported successfully
[2015.03.18-03.54.53:909][  5]LogEditorFactories: Performing atomic reimport of [D:/Documents/Andrew/Source/Content/GraphicalDesign/StartMenu.jpg]
[2015.03.18-03.54.53:909][  5]LogFactory: FactoryCreateBinary: Texture2D with ReimportTextureFactory (0 0 D:/Documents/Andrew/Source/Content/GraphicalDesign/StartMenu.jpg)
[2015.03.18-03.54.53:960][  5]LogEditorFactories: -- imported successfully
[2015.03.18-03.54.54:006][  6]LogEditorFactories: Performing atomic reimport of [D:/Documents/Andrew/Source/Content/GraphicalDesign/Tile.png]
[2015.03.18-03.54.54:006][  6]LogFactory: FactoryCreateBinary: Texture2D with ReimportTextureFactory (0 0 D:/Documents/Andrew/Source/Content/GraphicalDesign/Tile.png)
[2015.03.18-03.54.54:010][  6]LogEditorFactories: -- imported successfully
[2015.03.18-03.54.54:011][  6]AssetReimport: Info Reimported asset Grass from D:/Documents/Andrew/Source/Content/GraphicalDesign/Grass.png.
[2015.03.18-03.54.54:011][  6]AssetReimport: Info Reimported asset StartMenu from D:/Documents/Andrew/Source/Content/GraphicalDesign/StartMenu.jpg.
[2015.03.18-03.54.54:011][  6]AssetReimport: Info Reimported asset Tile from D:/Documents/Andrew/Source/Content/GraphicalDesign/Tile.png.
[2015.03.18-03.55.28:689][ 99]LogContentBrowser:Verbose: The content browser source was changed by the sources view to '/Game/GraphicalDesign'
[2015.03.18-03.55.36:354][ 10]BlueprintLog: New page: Pre-PIE auto-recompile
[2015.03.18-03.55.36:354][ 10]LogPlayLevel: [PIE] Compiling Minimal_Default before PIE...
[2015.03.18-03.55.36:392][ 10]LogPlayLevel: PIE:  Blueprint regeneration took 37 ms (1 blueprints)
[2015.03.18-03.55.36:392][ 10]PIE: New page: PIE session: Minimal_Default (Mar 17, 2015, 7:55:36 PM)
[2015.03.18-03.55.36:397][ 10]LogPlayLevel: PIE: StaticDuplicateObject took: (0.004465s)
[2015.03.18-03.55.36:397][ 10]LogPlayLevel: PIE: World Init took: (0.000369s)
[2015.03.18-03.55.36:397][ 10]LogPlayLevel: PIE: Created PIE world by copying editor world from /Game/StarterContent/Maps/Minimal_Default.Minimal_Default to /Game/StarterContent/Maps/UEDPIE_0_Minimal_Default.Minimal_Default (0.004957s)
[2015.03.18-03.55.36:443][ 10]LogWorld: Game class is 'GameMode'
[2015.03.18-03.55.36:444][ 10]LogAIModule: Creating AISystem for world Minimal_Default
[2015.03.18-03.55.36:447][ 10]LogWorld: Bringing World /Game/StarterContent/Maps/UEDPIE_0_Minimal_Default.Minimal_Default up for play (max tick rate 0) at 2015.03.17-23.55.36
[2015.03.18-03.55.36:523][ 10]LogWorld: Bringing up level for play took: 0.078014
[2015.03.18-03.55.36:527][ 10]PIE: Info Play in editor start time for /Game/StarterContent/Maps/UEDPIE_0_Minimal_Default 0.876
[2015.03.18-03.55.43:688][855]LogParticles: Destroying 0 GPU particle simulations for FXSystem 0x000000001C163100
[2015.03.18-03.55.45:770][ 98]BlueprintLog: New page: Pre-PIE auto-recompile
[2015.03.18-03.55.45:770][ 98]LogPlayLevel: [PIE] Compiling Minimal_Default before PIE...
[2015.03.18-03.55.45:801][ 98]LogPlayLevel: PIE:  Blueprint regeneration took 31 ms (1 blueprints)
[2015.03.18-03.55.45:801][ 98]PIE: New page: PIE session: Minimal_Default (Mar 17, 2015, 7:55:45 PM)
[2015.03.18-03.55.45:806][ 98]LogPlayLevel: PIE: StaticDuplicateObject took: (0.004443s)
[2015.03.18-03.55.45:806][ 98]LogPlayLevel: PIE: World Init took: (0.000363s)
[2015.03.18-03.55.45:806][ 98]LogPlayLevel: PIE: Created PIE world by copying editor world from /Game/StarterContent/Maps/Minimal_Default.Minimal_Default to /Game/StarterContent/Maps/UEDPIE_0_Minimal_Default.Minimal_Default (0.004926s)
[2015.03.18-03.55.45:835][ 98]LogWorld: Game class is 'GameMode'
[2015.03.18-03.55.45:836][ 98]LogAIModule: Creating AISystem for world Minimal_Default
[2015.03.18-03.55.45:839][ 98]LogWorld: Bringing World /Game/StarterContent/Maps/UEDPIE_0_Minimal_Default.Minimal_Default up for play (max tick rate 0) at 2015.03.17-23.55.45
[2015.03.18-03.55.45:840][ 98]LogWorld: Bringing up level for play took: 0.003485
[2015.03.18-03.55.45:842][ 98]PIE: Info Play in editor start time for /Game/StarterContent/Maps/UEDPIE_0_Minimal_Default 0.19
[2015.03.18-03.55.49:869][575]LogParticles: Destroying 0 GPU particle simulations for FXSystem 0x000000001C163420
[2015.03.18-03.55.50:506][650]BlueprintLog: New page: Pre-PIE auto-recompile
[2015.03.18-03.55.50:506][650]LogPlayLevel: [PIE] Compiling Minimal_Default before PIE...
[2015.03.18-03.55.50:536][650]LogPlayLevel: PIE:  Blueprint regeneration took 29 ms (1 blueprints)
[2015.03.18-03.55.50:536][650]PIE: New page: PIE session: Minimal_Default (Mar 17, 2015, 7:55:50 PM)
[2015.03.18-03.55.50:541][650]LogPlayLevel: PIE: StaticDuplicateObject took: (0.004496s)
[2015.03.18-03.55.50:542][650]LogPlayLevel: PIE: World Init took: (0.000462s)
[2015.03.18-03.55.50:542][650]LogPlayLevel: PIE: Created PIE world by copying editor world from /Game/StarterContent/Maps/Minimal_Default.Minimal_Default to /Game/StarterContent/Maps/UEDPIE_0_Minimal_Default.Minimal_Default (0.005079s)
[2015.03.18-03.55.50:573][650]LogWorld: Game class is 'GameMode'
[2015.03.18-03.55.50:574][650]LogAIModule: Creating AISystem for world Minimal_Default
[2015.03.18-03.55.50:577][650]LogWorld: Bringing World /Game/StarterContent/Maps/UEDPIE_0_Minimal_Default.Minimal_Default up for play (max tick rate 0) at 2015.03.17-23.55.50
[2015.03.18-03.55.50:577][650]LogWorld: Bringing up level for play took: 0.003396
[2015.03.18-03.55.50:580][650]PIE: Info Play in editor start time for /Game/StarterContent/Maps/UEDPIE_0_Minimal_Default 0.928
[2015.03.18-03.55.54:018][ 57]LogParticles: Destroying 0 GPU particle simulations for FXSystem 0x000000000F3E25C0
[2015.03.18-03.56.16:331][733]BlueprintLog: New page: Pre-PIE auto-recompile
[2015.03.18-03.56.16:331][733]LogPlayLevel: [PIE] Compiling Minimal_Default before PIE...
[2015.03.18-03.56.16:361][733]LogPlayLevel: PIE:  Blueprint regeneration took 30 ms (1 blueprints)
[2015.03.18-03.56.16:362][733]PIE: New page: PIE session: Minimal_Default (Mar 17, 2015, 7:56:16 PM)
[2015.03.18-03.56.16:366][733]LogPlayLevel: PIE: StaticDuplicateObject took: (0.004586s)
[2015.03.18-03.56.16:367][733]LogPlayLevel: PIE: World Init took: (0.000376s)
[2015.03.18-03.56.16:367][733]LogPlayLevel: PIE: Created PIE world by copying editor world from /Game/StarterContent/Maps/Minimal_Default.Minimal_Default to /Game/StarterContent/Maps/UEDPIE_0_Minimal_Default.Minimal_Default (0.005078s)
[2015.03.18-03.56.16:395][733]LogWorld: Game class is 'GameMode'
[2015.03.18-03.56.16:396][733]LogAIModule: Creating AISystem for world Minimal_Default
[2015.03.18-03.56.16:400][733]LogWorld: Bringing World /Game/StarterContent/Maps/UEDPIE_0_Minimal_Default.Minimal_Default up for play (max tick rate 0) at 2015.03.17-23.56.16
[2015.03.18-03.56.16:400][733]LogWorld: Bringing up level for play took: 0.003517
[2015.03.18-03.56.16:402][733]PIE: Info Play in editor start time for /Game/StarterContent/Maps/UEDPIE_0_Minimal_Default 0.751
[2015.03.18-03.56.35:114][972]LogParticles: Destroying 0 GPU particle simulations for FXSystem 0x000000000F3E1800
[2015.03.18-03.56.38:186][339]BlueprintLog: New page: Pre-PIE auto-recompile
[2015.03.18-03.56.38:186][339]LogPlayLevel: [PIE] Compiling Minimal_Default before PIE...
[2015.03.18-03.56.38:216][339]LogPlayLevel: PIE:  Blueprint regeneration took 30 ms (1 blueprints)
[2015.03.18-03.56.38:216][339]PIE: New page: PIE session: Minimal_Default (Mar 17, 2015, 7:56:38 PM)
[2015.03.18-03.56.38:221][339]LogPlayLevel: PIE: StaticDuplicateObject took: (0.004579s)
[2015.03.18-03.56.38:222][339]LogPlayLevel: PIE: World Init took: (0.000438s)
[2015.03.18-03.56.38:222][339]LogPlayLevel: PIE: Created PIE world by copying editor world from /Game/StarterContent/Maps/Minimal_Default.Minimal_Default to /Game/StarterContent/Maps/UEDPIE_0_Minimal_Default.Minimal_Default (0.005134s)
[2015.03.18-03.56.38:253][339]LogWorld: Game class is 'GameMode'
[2015.03.18-03.56.38:255][339]LogAIModule: Creating AISystem for world Minimal_Default
[2015.03.18-03.56.38:258][339]LogWorld: Bringing World /Game/StarterContent/Maps/UEDPIE_0_Minimal_Default.Minimal_Default up for play (max tick rate 0) at 2015.03.17-23.56.38
[2015.03.18-03.56.38:258][339]LogWorld: Bringing up level for play took: 0.003567
[2015.03.18-03.56.38:260][339]PIE: Info Play in editor start time for /Game/StarterContent/Maps/UEDPIE_0_Minimal_Default 0.609
[2015.03.18-03.56.47:407][415]LogContentBrowser:Verbose: The content browser source was changed by the sources view to '/Game/StarterContent'
[2015.03.18-03.56.52:294][999]LogContentBrowser:Verbose: The content browser source was changed by the sources view to '/Game/StarterContent/Textures'
[2015.03.18-03.56.54:481][ 49]LogTexture:Display: Building textures: T_Brick_Clay_Beveled_D (AutoDXT)
[2015.03.18-03.57.06:693][ 47]LogParticles: Destroying 0 GPU particle simulations for FXSystem 0x000000000E1ADDA0
[2015.03.18-03.57.12:445][218]Cmd: OBJ SAVEPACKAGE PACKAGE="/Game/GraphicalDesign/Grass" FILE="../../../../../../Documents/Andrew/Source/Content/GraphicalDesign/Grass.uasset" SILENT=true
[2015.03.18-03.57.12:491][218]LogSavePackage: Save=30.446955ms
[2015.03.18-03.57.12:491][218]LogSavePackage: Moving '../../../../../../Documents/Andrew/Source/Saved/GrassB161578B4E6C45230B4836B9E2E1C338.tmp' to '../../../../../../Documents/Andrew/Source/Content/GraphicalDesign/Grass.uasset'
[2015.03.18-03.57.12:505][218]Cmd: OBJ SAVEPACKAGE PACKAGE="/Game/GraphicalDesign/StartMenu" FILE="../../../../../../Documents/Andrew/Source/Content/GraphicalDesign/StartMenu.uasset" SILENT=true
[2015.03.18-03.57.13:215][218]LogSavePackage: Save=699.688782ms
[2015.03.18-03.57.13:215][218]LogSavePackage: Moving '../../../../../../Documents/Andrew/Source/Saved/StartMenu5BD866694C4E06066BAF87B644FBCBB2.tmp' to '../../../../../../Documents/Andrew/Source/Content/GraphicalDesign/StartMenu.uasset'
[2015.03.18-03.57.13:222][218]Cmd: OBJ SAVEPACKAGE PACKAGE="/Game/GraphicalDesign/Tile" FILE="../../../../../../Documents/Andrew/Source/Content/GraphicalDesign/Tile.uasset" SILENT=true
[2015.03.18-03.57.13:252][218]LogSavePackage: Save=21.590914ms
[2015.03.18-03.57.13:252][218]LogSavePackage: Moving '../../../../../../Documents/Andrew/Source/Saved/Tile73DF322B4136317F347076BCCF1E3A01.tmp' to '../../../../../../Documents/Andrew/Source/Content/GraphicalDesign/Tile.uasset'
[2015.03.18-03.57.13:424][218]LogSavePackage: Save=87.505707ms
[2015.03.18-03.57.13:425][218]LogSavePackage: Moving '../../../../../../Documents/Andrew/Source/Saved/Minimal_DefaultDDB2237C4356D58F4A3408B5B07DEF1A.tmp' to '../../../../../../Documents/Andrew/Source/Content/StarterContent/Maps/Minimal_Default.umap'
[2015.03.18-03.57.13:447][218]LogFileHelpers: Saving map 'Minimal_Default' took 0.193
[2015.03.18-03.57.13:903][219]Cmd: QUIT_EDITOR
[2015.03.18-03.57.14:077][219]LogExit: Preparing to exit.
[2015.03.18-03.57.15:000][219]LogExit: Editor shut down
[2015.03.18-03.57.15:000][219]LogExit: Transaction tracking system shut down
[2015.03.18-03.57.15:001][219]LogParticles: Destroying 0 GPU particle simulations for FXSystem 0x000000000CD55DA0
[2015.03.18-03.57.15:001][219]LogParticles: Destroying 0 GPU particle simulations for FXSystem 0x000000001C160540
[2015.03.18-03.57.15:001][219]LogParticles: Destroying 0 GPU particle simulations for FXSystem 0x000000001AE70400
[2015.03.18-03.57.15:001][219]LogParticles: Destroying 0 GPU particle simulations for FXSystem 0x000000001FFB9B20
[2015.03.18-03.57.15:001][219]LogParticles: Destroying 0 GPU particle simulations for FXSystem 0x000000001833AE80
[2015.03.18-03.57.15:031][219]LogExit: Object subsystem successfully closed.
[2015.03.18-03.57.15:066][219]LogModuleManager: Shutting down and abandoning module CrashTracker (178)
[2015.03.18-03.57.15:066][219]LogModuleManager: Shutting down and abandoning module SuperSearch (177)
[2015.03.18-03.57.15:066][219]LogModuleManager: Shutting down and abandoning module SceneOutliner (176)
[2015.03.18-03.57.15:066][219]LogModuleManager: Shutting down and abandoning module EditorWidgets (175)
[2015.03.18-03.57.15:066][219]LogModuleManager: Shutting down and abandoning module CollectionManager (174)
[2015.03.18-03.57.15:066][219]LogModuleManager: Shutting down and abandoning module StatsViewer (173)
[2015.03.18-03.57.15:066][219]LogModuleManager: Shutting down and abandoning module FoliageEdit (172)
[2015.03.18-03.57.15:066][219]LogModuleManager: Shutting down and abandoning module LandscapeEditor (171)
[2015.03.18-03.57.15:066][219]LogModuleManager: Shutting down and abandoning module MeshPaint (170)
[2015.03.18-03.57.15:066][219]LogModuleManager: Shutting down and abandoning module ActorPickerMode (169)
[2015.03.18-03.57.15:066][219]LogModuleManager: Shutting down and abandoning module GeometryMode (168)
[2015.03.18-03.57.15:066][219]LogModuleManager: Shutting down and abandoning module TextureAlignMode (167)
[2015.03.18-03.57.15:066][219]LogModuleManager: Shutting down and abandoning module BspMode (166)
[2015.03.18-03.57.15:066][219]LogModuleManager: Shutting down and abandoning module PlacementMode (165)
[2015.03.18-03.57.15:066][219]LogModuleManager: Shutting down and abandoning module AutomationWorker (164)
[2015.03.18-03.57.15:066][219]LogModuleManager: Shutting down and abandoning module CharacterAI (163)
[2015.03.18-03.57.15:066][219]LogModuleManager: Shutting down and abandoning module SmartSnapping (162)
[2015.03.18-03.57.15:066][219]LogModuleManager: Shutting down and abandoning module ViewportSnapping (161)
[2015.03.18-03.57.15:066][219]LogModuleManager: Shutting down and abandoning module LogVisualizer (160)
[2015.03.18-03.57.15:066][219]LogModuleManager: Shutting down and abandoning module GameProjectGeneration (159)
[2015.03.18-03.57.15:066][219]LogModuleManager: Shutting down and abandoning module IntroTutorials (158)
[2015.03.18-03.57.15:066][219]LogModuleManager: Shutting down and abandoning module EditorLiveStreaming (157)
[2015.03.18-03.57.15:066][219]LogModuleManager: Shutting down and abandoning module HardwareTargeting (156)
[2015.03.18-03.57.15:066][219]LogModuleManager: Shutting down and abandoning module DeviceProfileEditor (155)
[2015.03.18-03.57.15:066][219]LogModuleManager: Shutting down and abandoning module UndoHistory (154)
[2015.03.18-03.57.15:066][219]LogModuleManager: Shutting down and abandoning module GameplayTagsEditor (153)
[2015.03.18-03.57.15:066][219]LogModuleManager: Shutting down and abandoning module UserFeedback (152)
[2015.03.18-03.57.15:066][219]LogModuleManager: Shutting down and abandoning module XmlParser (151)
[2015.03.18-03.57.15:066][219]LogModuleManager: Shutting down and abandoning module Blutility (150)
[2015.03.18-03.57.15:066][219]LogModuleManager: Shutting down and abandoning module IOSPlatformEditor (149)
[2015.03.18-03.57.15:066][219]LogModuleManager: Shutting down and abandoning module IOSRuntimeSettings (148)
[2015.03.18-03.57.15:066][219]LogModuleManager: Shutting down and abandoning module AndroidDeviceDetection (147)
[2015.03.18-03.57.15:348][219]LogModuleManager: Shutting down and abandoning module AndroidPlatformEditor (146)
[2015.03.18-03.57.15:348][219]LogModuleManager: Shutting down and abandoning module AndroidRuntimeSettings (145)
[2015.03.18-03.57.15:348][219]LogModuleManager: Shutting down and abandoning module ProjectTargetPlatformEditor (144)
[2015.03.18-03.57.15:348][219]LogModuleManager: Shutting down and abandoning module ProjectSettingsViewer (143)
[2015.03.18-03.57.15:348][219]LogModuleManager: Shutting down and abandoning module InputBindingEditor (142)
[2015.03.18-03.57.15:348][219]LogModuleManager: Shutting down and abandoning module EditorSettingsViewer (141)
[2015.03.18-03.57.15:348][219]LogModuleManager: Shutting down and abandoning module SettingsEditor (140)
[2015.03.18-03.57.15:348][219]LogModuleManager: Shutting down and abandoning module ProjectLauncher (139)
[2015.03.18-03.57.15:348][219]LogModuleManager: Shutting down and abandoning module SessionFrontend (138)
[2015.03.18-03.57.15:348][219]LogModuleManager: Shutting down and abandoning module ProfilerClient (137)
[2015.03.18-03.57.15:348][219]LogModuleManager: Shutting down and abandoning module TargetDeviceServices (136)
[2015.03.18-03.57.15:348][219]LogModuleManager: Shutting down and abandoning module DeviceManager (135)
[2015.03.18-03.57.15:348][219]LogModuleManager: Shutting down and abandoning module AutomationController (134)
[2015.03.18-03.57.15:348][219]LogModuleManager: Shutting down and abandoning module AutomationWindow (133)
[2015.03.18-03.57.15:348][219]LogModuleManager: Shutting down and abandoning module Layers (132)
[2015.03.18-03.57.15:348][219]LogModuleManager: Shutting down and abandoning module ComponentVisualizers (131)
[2015.03.18-03.57.15:348][219]LogModuleManager: Shutting down and abandoning module DetailCustomizations (130)
[2015.03.18-03.57.15:348][219]LogModuleManager: Shutting down and abandoning module PackagesDialog (129)
[2015.03.18-03.57.15:348][219]LogModuleManager: Shutting down and abandoning module AssetRegistry (128)
[2015.03.18-03.57.15:405][219]LogModuleManager: Shutting down and abandoning module Persona (127)
[2015.03.18-03.57.15:405][219]LogModuleManager: Shutting down and abandoning module SlateReflector (126)
[2015.03.18-03.57.15:405][219]LogModuleManager: Shutting down and abandoning module LevelEditor (125)
[2015.03.18-03.57.15:406][219]LogModuleManager: Shutting down and abandoning module Kismet (124)
[2015.03.18-03.57.15:406][219]LogModuleManager: Shutting down and abandoning module GraphEditor (123)
[2015.03.18-03.57.15:406][219]LogModuleManager: Shutting down and abandoning module ClassViewer (122)
[2015.03.18-03.57.15:406][219]LogModuleManager: Shutting down and abandoning module Toolbox (121)
[2015.03.18-03.57.15:406][219]LogModuleManager: Shutting down and abandoning module ModuleUI (120)
[2015.03.18-03.57.15:406][219]LogModuleManager: Shutting down and abandoning module MovieSceneTools (119)
[2015.03.18-03.57.15:406][219]LogModuleManager: Shutting down and abandoning module OutputLog (118)
[2015.03.18-03.57.15:406][219]LogModuleManager: Shutting down and abandoning module GammaUI (117)
[2015.03.18-03.57.15:406][219]LogModuleManager: Shutting down and abandoning module Documentation (116)
[2015.03.18-03.57.15:406][219]LogModuleManager: Shutting down and abandoning module GameLiveStreaming (115)
[2015.03.18-03.57.15:406][219]LogModuleManager: Shutting down and abandoning module StreamingPauseRendering (114)
[2015.03.18-03.57.15:406][219]LogModuleManager: Shutting down and abandoning module HTTP (113)
[2015.03.18-03.57.15:406][219]LogModuleManager: Shutting down and abandoning module AnalyticsET (112)
[2015.03.18-03.57.15:406][219]LogModuleManager: Shutting down and abandoning module Analytics (111)
[2015.03.18-03.57.15:406][219]LogModuleManager: Shutting down and abandoning module AITestSuite (110)
[2015.03.18-03.57.15:406][219]LogModuleManager: Shutting down and abandoning module GameplayDebugger (109)
[2015.03.18-03.57.15:406][219]LogModuleManager: Shutting down and abandoning module AIModule (108)
[2015.03.18-03.57.15:406][219]LogModuleManager: Shutting down and abandoning module ProfilerService (107)
[2015.03.18-03.57.15:475][219]LogModuleManager: Shutting down and abandoning module TaskGraph (106)
[2015.03.18-03.57.15:476][219]LogModuleManager: Shutting down and abandoning module SlateRemote (105)
[2015.03.18-03.57.15:476][219]LogModuleManager: Shutting down and abandoning module ScriptEditorPlugin (104)
[2015.03.18-03.57.15:477][219]LogModuleManager: Shutting down and abandoning module CustomMeshComponent (103)
[2015.03.18-03.57.15:477][219]LogModuleManager: Shutting down and abandoning module CableComponent (102)
[2015.03.18-03.57.15:477][219]LogModuleManager: Shutting down and abandoning module MessagingDebugger (101)
[2015.03.18-03.57.15:477][219]LogModuleManager: Shutting down and abandoning module MediaPlayerEditor (100)
[2015.03.18-03.57.15:477][219]LogModuleManager: Shutting down and abandoning module SpeedTreeImporter (99)
[2015.03.18-03.57.15:477][219]LogModuleManager: Shutting down and abandoning module PluginsEditor (98)
[2015.03.18-03.57.15:477][219]LogModuleManager: Shutting down and abandoning module MainFrame (97)
[2015.03.18-03.57.15:477][219]LogModuleManager: Shutting down and abandoning module EpicSurvey (96)
[2015.03.18-03.57.15:477][219]LogModuleManager: Shutting down and abandoning module DesktopPlatform (95)
[2015.03.18-03.57.15:477][219]LogModuleManager: Shutting down and abandoning module DirectoryWatcher (94)
[2015.03.18-03.57.15:478][219]LogModuleManager: Shutting down and abandoning module HotReload (93)
[2015.03.18-03.57.15:478][219]LogModuleManager: Shutting down and abandoning module VisualStudioSourceCodeAccess (92)
[2015.03.18-03.57.15:478][219]LogModuleManager: Shutting down and abandoning module UObjectPlugin (91)
[2015.03.18-03.57.15:478][219]LogModuleManager: Shutting down and abandoning module SubversionSourceControl (90)
[2015.03.18-03.57.15:478][219]LogModuleManager: Shutting down and abandoning module PerforceSourceControl (89)
[2015.03.18-03.57.15:478][219]LogModuleManager: Shutting down and abandoning module SourceControl (88)
[2015.03.18-03.57.15:478][219]LogModuleManager: Shutting down and abandoning module GitSourceControl (87)
[2015.03.18-03.57.15:478][219]LogModuleManager: Shutting down and abandoning module BlankPlugin (86)
[2015.03.18-03.57.15:478][219]LogModuleManager: Shutting down and abandoning module PaperTiledImporter (85)
[2015.03.18-03.57.15:478][219]LogModuleManager: Shutting down and abandoning module PaperJsonImporter (84)
[2015.03.18-03.57.15:478][219]LogModuleManager: Shutting down and abandoning module ContentBrowser (83)
[2015.03.18-03.57.15:479][219]LogModuleManager: Shutting down and abandoning module Paper2DEditor (82)
[2015.03.18-03.57.15:480][219]LogModuleManager: Shutting down and abandoning module MyProject3 (81)
[2015.03.18-03.57.15:480][219]LogModuleManager: Shutting down and abandoning module ScriptPlugin (80)
[2015.03.18-03.57.15:480][219]LogModuleManager: Shutting down and abandoning module UdpMessaging (79)
[2015.03.18-03.57.15:580][219]LogModuleManager: Shutting down and abandoning module Paper2D (78)
[2015.03.18-03.57.15:580][219]LogModuleManager: Shutting down and abandoning module WindowsMoviePlayer (77)
[2015.03.18-03.57.15:581][219]LogModuleManager: Shutting down and abandoning module Media (76)
[2015.03.18-03.57.15:582][219]LogModuleManager: Shutting down and abandoning module WmfMedia (75)
[2015.03.18-03.57.15:582][219]LogModuleManager: Shutting down and abandoning module OnlineBlueprintSupport (74)
[2015.03.18-03.57.15:582][219]LogModuleManager: Shutting down and abandoning module PropertyEditor (73)
[2015.03.18-03.57.15:582][219]LogModuleManager: Shutting down and abandoning module BehaviorTreeEditor (72)
[2015.03.18-03.57.15:582][219]LogModuleManager: Shutting down and abandoning module FunctionalTesting (71)
[2015.03.18-03.57.15:582][219]LogModuleManager: Shutting down and abandoning module CollisionAnalyzer (70)
[2015.03.18-03.57.15:582][219]LogModuleManager: Shutting down and abandoning module WorkspaceMenuStructure (69)
[2015.03.18-03.57.15:582][219]LogModuleManager: Shutting down and abandoning module MessageLog (68)
[2015.03.18-03.57.15:582][219]LogModuleManager: Shutting down and abandoning module Sequencer (67)
[2015.03.18-03.57.15:582][219]LogModuleManager: Shutting down and abandoning module AssetTools (66)
[2015.03.18-03.57.15:582][219]LogModuleManager: Shutting down and abandoning module UMGEditor (65)
[2015.03.18-03.57.15:582][219]LogModuleManager: Shutting down and abandoning module UMG (64)
[2015.03.18-03.57.15:582][219]LogModuleManager: Shutting down and abandoning module Slate (63)
[2015.03.18-03.57.15:582][219]LogModuleManager: Shutting down and abandoning module EditorStyle (62)
[2015.03.18-03.57.15:584][219]LogModuleManager: Shutting down and abandoning module SessionServices (61)
[2015.03.18-03.57.15:584][219]LogModuleManager: Shutting down and abandoning module SourceCodeAccess (60)
[2015.03.18-03.57.15:584][219]LogModuleManager: Shutting down and abandoning module HeadMountedDisplay (59)
[2015.03.18-03.57.15:584][219]LogModuleManager: Shutting down and abandoning module XAudio2 (58)
[2015.03.18-03.57.15:585][219]LogModuleManager: Shutting down and abandoning module Networking (56)
[2015.03.18-03.57.15:585][219]LogModuleManager: Shutting down and abandoning module Core (55)
[2015.03.18-03.57.15:585][219]LogModuleManager: Shutting down and abandoning module KismetCompiler (54)
[2015.03.18-03.57.15:585][219]LogModuleManager: Shutting down and abandoning module PhysXFormats (53)
[2015.03.18-03.57.15:585][219]LogModuleManager: Shutting down and abandoning module MeshUtilities (52)
[2015.03.18-03.57.15:585][219]LogModuleManager: Shutting down and abandoning module DerivedDataCache (51)
[2015.03.18-03.57.15:681][219]LogDerivedDataCache: Shutdown
[2015.03.18-03.57.15:681][219]LogModuleManager: Shutting down and abandoning module ShaderFormatOpenGL (50)
[2015.03.18-03.57.15:681][219]LogModuleManager: Shutting down and abandoning module ShaderFormatD3D (49)
[2015.03.18-03.57.15:681][219]LogModuleManager: Shutting down and abandoning module MetalShaderFormat (48)
[2015.03.18-03.57.15:681][219]LogModuleManager: Shutting down and abandoning module TextureFormatUncompressed (47)
[2015.03.18-03.57.15:681][219]LogModuleManager: Shutting down and abandoning module TextureFormatPVR (46)
[2015.03.18-03.57.15:681][219]LogModuleManager: Shutting down and abandoning module TextureFormatIntelISPCTexComp (45)
[2015.03.18-03.57.15:681][219]LogModuleManager: Shutting down and abandoning module TextureFormatDXT (44)
[2015.03.18-03.57.15:681][219]LogModuleManager: Shutting down and abandoning module ImageWrapper (43)
[2015.03.18-03.57.15:681][219]LogModuleManager: Shutting down and abandoning module TextureFormatASTC (42)
[2015.03.18-03.57.15:681][219]LogModuleManager: Shutting down and abandoning module TextureFormatAndroid (41)
[2015.03.18-03.57.15:681][219]LogModuleManager: Shutting down and abandoning module AudioFormatOpus (40)
[2015.03.18-03.57.15:681][219]LogModuleManager: Shutting down and abandoning module AudioFormatOgg (39)
[2015.03.18-03.57.15:681][219]LogModuleManager: Shutting down and abandoning module AudioFormatADPCM (38)
[2015.03.18-03.57.15:681][219]LogModuleManager: Shutting down and abandoning module LinuxTargetPlatform (37)
[2015.03.18-03.57.15:681][219]LogModuleManager: Shutting down and abandoning module LinuxServerTargetPlatform (36)
[2015.03.18-03.57.15:681][219]LogModuleManager: Shutting down and abandoning module LinuxNoEditorTargetPlatform (35)
[2015.03.18-03.57.15:681][219]LogModuleManager: Shutting down and abandoning module Messaging (34)
[2015.03.18-03.57.15:681][219]LogModuleManager: Shutting down and abandoning module IOSTargetPlatform (33)
[2015.03.18-03.57.15:681][219]LogModuleManager: Shutting down and abandoning module HTML5TargetPlatform (32)
[2015.03.18-03.57.15:681][219]LogModuleManager: Shutting down and abandoning module Android_PVRTCTargetPlatform (31)
[2015.03.18-03.57.15:681][219]LogModuleManager: Shutting down and abandoning module Android_ETC2TargetPlatform (30)
[2015.03.18-03.57.15:681][219]LogModuleManager: Shutting down and abandoning module Android_ETC1TargetPlatform (29)
[2015.03.18-03.57.15:681][219]LogModuleManager: Shutting down and abandoning module Android_ES31TargetPlatform (28)
[2015.03.18-03.57.15:681][219]LogModuleManager: Shutting down and abandoning module Android_DXTTargetPlatform (27)
[2015.03.18-03.57.15:681][219]LogModuleManager: Shutting down and abandoning module Android_ATCTargetPlatform (26)
[2015.03.18-03.57.15:681][219]LogModuleManager: Shutting down and abandoning module AndroidTargetPlatform (25)
[2015.03.18-03.57.15:681][219]LogModuleManager: Shutting down and abandoning module WindowsTargetPlatform (24)
[2015.03.18-03.57.15:681][219]LogModuleManager: Shutting down and abandoning module WindowsServerTargetPlatform (23)
[2015.03.18-03.57.15:681][219]LogModuleManager: Shutting down and abandoning module WindowsNoEditorTargetPlatform (22)
[2015.03.18-03.57.15:681][219]LogModuleManager: Shutting down and abandoning module WindowsClientTargetPlatform (21)
[2015.03.18-03.57.15:681][219]LogModuleManager: Shutting down and abandoning module TargetPlatform (20)
[2015.03.18-03.57.15:681][219]LogModuleManager: Shutting down and abandoning module InputCore (19)
[2015.03.18-03.57.15:681][219]LogModuleManager: Shutting down and abandoning module Settings (18)
[2015.03.18-03.57.15:681][219]LogModuleManager: Shutting down and abandoning module OnlineSubsystem (16)
[2015.03.18-03.57.15:681][219]LogModuleManager: Shutting down and abandoning module OculusRift (15)
[2015.03.18-03.57.15:681][219]LogModuleManager: Shutting down and abandoning module ExampleDeviceProfileSelector (14)
[2015.03.18-03.57.15:681][219]LogModuleManager: Shutting down and abandoning module TextureCompressor (13)
[2015.03.18-03.57.15:681][219]LogModuleManager: Shutting down and abandoning module ShaderCore (12)
[2015.03.18-03.57.15:681][219]LogModuleManager: Shutting down and abandoning module Landscape (11)
[2015.03.18-03.57.15:681][219]LogModuleManager: Shutting down and abandoning module SlateRHIRenderer (10)
[2015.03.18-03.57.15:682][219]LogModuleManager: Shutting down and abandoning module OpenGLDrv (9)
[2015.03.18-03.57.15:682][219]LogModuleManager: Shutting down and abandoning module D3D11RHI (8)
[2015.03.18-03.57.15:682][219]LogModuleManager: Shutting down and abandoning module Renderer (7)
[2015.03.18-03.57.15:682][219]LogModuleManager: Shutting down and abandoning module Engine (6)
[2015.03.18-03.57.15:682][219]LogModuleManager: Shutting down and abandoning module CoreUObject (5)
[2015.03.18-03.57.15:682][219]LogModuleManager: Shutting down and abandoning module NetworkFile (4)
[2015.03.18-03.57.15:682][219]LogModuleManager: Shutting down and abandoning module StreamingFile (3)
[2015.03.18-03.57.15:682][219]LogModuleManager: Shutting down and abandoning module SandboxFile (2)
[2015.03.18-03.57.15:682][219]LogModuleManager: Shutting down and abandoning module PakFile (1)
[2015.03.18-03.57.15:682][219]LogExit: Exiting.
[2015.03.18-03.57.15:696][219]Log file closed, 03/17/15 23:57:15
