Log file open, 03/17/15 23:59:37
LogInit:Display: Running engine for game: MyProject3
LogInit: Version: 4.7.3-2479750+++depot+UE4-Releases+4.7
LogInit: API Version: 2455222
LogInit: Compiled (64-bit): Mar 15 2015 23:20:45
LogInit: Compiled with Visual C++: 18.00.21005.01
LogInit: Build Configuration: Development
LogInit: Branch Name: ++depot+UE4-Releases+4.7
LogInit: Command line:  
LogInit: Base directory: D:/Program Files/Epic Games/4.7/Engine/Binaries/Win64/
LogInit: Rocket: 1
[2015.03.18-03.59.37:310][  0]LogTaskGraph: Started task graph with 3 named threads and 6 total threads.
[2015.03.18-03.59.37:359][  0]LogOnline:Warning: No default platform service specified for OnlineSubsystem
[2015.03.18-03.59.37:369][  0]LogInit: Presizing for 0 objects not considered by GC, pre-allocating 0 bytes.
[2015.03.18-03.59.37:376][  0]LogInit: Object subsystem initialized
[2015.03.18-03.59.37:377][  0]LogConsoleResponse:Warning: Skipping Unknown console variable: 'TranslucentSortAxis = (X=0.000000,Y=-1.000000,Z=0.000000)'
[2015.03.18-03.59.37:378][  0]LogConsoleResponse:Warning:   Found in ini file 'D:/Documents/Andrew/Source/Saved/Config/Windows/Engine.ini', in section '[/Script/Engine.RendererSettings]'
[2015.03.18-03.59.37:378][  0]LogConsoleResponse:Warning: Skipping Unknown console variable: 'UIScaleRule = ShortestSide'
[2015.03.18-03.59.37:378][  0]LogConsoleResponse:Warning:   Found in ini file 'D:/Documents/Andrew/Source/Saved/Config/Windows/Engine.ini', in section '[/Script/Engine.RendererSettings]'
[2015.03.18-03.59.37:378][  0]LogConsoleResponse:Warning: Skipping Unknown console variable: 'UIScaleCurve = (EditorCurveData=(Keys=),ExternalCurve=None)'
[2015.03.18-03.59.37:378][  0]LogConsoleResponse:Warning:   Found in ini file 'D:/Documents/Andrew/Source/Saved/Config/Windows/Engine.ini', in section '[/Script/Engine.RendererSettings]'
[2015.03.18-03.59.37:378][  0]LogInit: Selected Device Profile: [Windows]
[2015.03.18-03.59.37:378][  0]LogInit: Applying CVar settings loaded from the selected device profile: [Windows]
[2015.03.18-03.59.37:382][  0]LogInit: Computer: TESLA
[2015.03.18-03.59.37:382][  0]LogInit: User: Andrew
[2015.03.18-03.59.37:382][  0]LogInit: CPU Page size=4096, Cores=4
[2015.03.18-03.59.37:382][  0]LogInit: High frequency timer resolution =3.320332 MHz
[2015.03.18-03.59.37:382][  0]LogMemory: Memory total: Physical=7.9GB (8GB approx) Virtual=8192.0GB
[2015.03.18-03.59.37:382][  0]LogMemory: Platform Memory Stats for Windows
[2015.03.18-03.59.37:382][  0]LogMemory: Process Physical Memory: 48.12 MB used, 48.12 MB peak
[2015.03.18-03.59.37:382][  0]LogMemory: Process Virtual Memory: 28.42 MB used, 28.43 MB peak
[2015.03.18-03.59.37:382][  0]LogMemory: Physical Memory: 4353.48 MB used, 8133.13 MB total
[2015.03.18-03.59.37:382][  0]LogMemory: Virtual Memory: 294.29 MB used, 8388608.00 MB total
[2015.03.18-03.59.37:404][  0]LogD3D11RHI: Found D3D11 adapter 0: NVIDIA GeForce GTX 760 (Feature Level 11_0)
[2015.03.18-03.59.37:404][  0]LogD3D11RHI: Adapter has 1990MB of dedicated video memory, 0MB of dedicated system memory, and 2048MB of shared system memory, 1 output[s]
[2015.03.18-03.59.37:404][  0]LogD3D11RHI: Chosen D3D11 Adapter Id = 0
[2015.03.18-03.59.37:408][  0]LogRHI: Texture pool is 1361 MB (70% of 1945 MB)
[2015.03.18-03.59.37:415][  0]LogD3D11RHI: Async texture creation enabled
[2015.03.18-03.59.37:462][  0]LogTextLocalizationManager: The requested culture ('en_US') has no localization data; parent culture's ('en') localization data will be used.
[2015.03.18-03.59.37:508][  0]LogTextLocalizationManager:Warning: Loading localization resources contain conflicting entries for (Namespace:UICommands, Key:Save_ToolTip):
Resource: (D:/Program Files/Epic Games/4.7/Engine/Content/Localization/Editor/en/Editor.locres) Hash: (-29098895) String: (Saves the current level to disk)
Resource: (D:/Program Files/Epic Games/4.7/Engine/Content/Localization/Engine/en/Engine.locres) Hash: (-1280300587) String: (Save selected data to vlog file)
[2015.03.18-03.59.37:508][  0]LogTextLocalizationManager:Warning: Loading localization resources contain conflicting entries for (Namespace:ContentBrowser, Key:ImportAssetToolTip):
Resource: (D:/Program Files/Epic Games/4.7/Engine/Content/Localization/Editor/en/Editor.locres) Hash: (-630476809) String: (Import to {0}...)
Resource: (D:/Program Files/Epic Games/4.7/Engine/Content/Localization/Editor/en/Editor.locres) Hash: (1271782899) String: (Imports an asset from file to this folder.)
[2015.03.18-03.59.37:572][  0]LogContentStreaming: Texture pool size is 0.000000MB
[2015.03.18-03.59.39:298][  0]LogTargetPlatformManager:Display: Building Assets For Windows
[2015.03.18-03.59.39:667][  0]LogTargetPlatformManager:Display: Building Assets For Windows
[2015.03.18-03.59.39:712][  0]LogDerivedDataCache:Display: Max Cache Size: 512 MB
[2015.03.18-03.59.39:745][  0]LogDerivedDataCache: Loaded boot cache 0.03s 39MB C:/Users/Andrew/AppData/Local/UnrealEngine/4.7/DerivedDataCache/Boot.ddc.
[2015.03.18-03.59.39:745][  0]LogDerivedDataCache:Display: Loaded Boot cache: C:/Users/Andrew/AppData/Local/UnrealEngine/4.7/DerivedDataCache/Boot.ddc
[2015.03.18-03.59.39:745][  0]LogDerivedDataCache: FDerivedDataBackendGraph:  Pak pak cache file ../../../../../../Documents/Andrew/Source/DerivedDataCache/DDC.ddp not found, will not use a pak cache.
[2015.03.18-03.59.39:745][  0]LogDerivedDataCache: Unable to find inner node Pak for hierarchical cache Hierarchy.
[2015.03.18-03.59.39:841][  0]LogDerivedDataCache:Display: Pak cache opened for reading ../../../Engine/DerivedDataCache/Compressed.ddp.
[2015.03.18-03.59.39:851][  0]LogDerivedDataCache: Using Local data cache path C:/Users/Andrew/AppData/Local/UnrealEngine/Common/DerivedDataCache: Writable
[2015.03.18-03.59.40:066][  0]LogMeshUtilities: No automatic mesh reduction module available
[2015.03.18-03.59.40:066][  0]LogMeshUtilities: No automatic mesh merging module available
[2015.03.18-03.59.40:309][  0]LogInit: WinSock: version 1.1 (2.2), MaxSocks=32767, MaxUdp=65467
[2015.03.18-03.59.40:361][  0]LogSlate:Warning: Failed to load font data from '../../../Engine/Content/Slate/Fonts/Roboto-Italic.ttf'
[2015.03.18-03.59.40:920][  0]UdpMessaging: Initializing bridge on interface 0.0.0.0:0 to multicast group 230.0.0.1:6666.
[2015.03.18-03.59.41:078][  0]SourceControl: Info Source control is disabled
[2015.03.18-03.59.41:078][  0]SourceControl: Info Source control is disabled
[2015.03.18-03.59.41:078][  0]SourceControl: Info Source control is disabled
[2015.03.18-03.59.41:085][  0]SourceControl: Info Source control is disabled
[2015.03.18-03.59.41:218][  0]LogObj: 24235 objects as part of root set at end of initial load.
[2015.03.18-03.59.41:218][  0]LogUObjectAllocator: 5138584 out of 0 bytes used by permanent object pool.
[2015.03.18-03.59.41:279][  0]LogEngine: Initializing Engine...
[2015.03.18-03.59.44:390][  0]LogInit: XAudio2 using 'Speakers (Realtek High Definition Audio)' : 2 channels at 48 kHz using 32 bits per sample (channel mask 0x3)
[2015.03.18-03.59.44:399][  0]LogInit: FAudioDevice initialized.
[2015.03.18-03.59.44:427][  0]LogAIModule: Creating AISystem for world NewWorld
[2015.03.18-03.59.44:444][  0]LogDerivedDataCache: Saved boot cache 0.02s 39MB C:/Users/Andrew/AppData/Local/UnrealEngine/4.7/DerivedDataCache/Boot.ddc.
[2015.03.18-03.59.44:447][  0]LogInit: Texture streaming: Enabled
[2015.03.18-03.59.44:511][  0]LogAnalytics: Creating configured Analytics provider AnalyticsET
[2015.03.18-03.59.44:511][  0]LogAnalytics: ET APIKey = Rocket.Release. APIServer = http://et2.epicgames.com/ET2/. AppVersion = 4.7.3-2479750+++depot+UE4-Releases+4.7
[2015.03.18-03.59.44:511][  0]LogAnalytics: ET APIKey = Rocket.Release. DataRouterUploadURL = https://datarouter-public-service-gamedev.ol.epicgames.net/datarouter/api/v1/public/data. AppVersion = 4.7.3-2479750+++depot+UE4-Releases+4.7
[2015.03.18-03.59.44:511][  0]LogAnalytics: SetUserId df262715488e56d2e7347cb3ad0128ff|b0893ed39cec4f539351ecc697cb62a7|57ad8c8d-cd07-4540-886c-ce663a9fb0f1
[2015.03.18-03.59.44:511][  0]LogAnalytics: AnalyticsET::StartSession [Rocket.Release]
[2015.03.18-03.59.44:526][  0]LogInit: Transaction tracking system initialized
[2015.03.18-03.59.44:645][  0]BlueprintLog: New page: Editor Load
[2015.03.18-03.59.44:672][  0]LogAssetRegistry: FAssetRegistry took 0.0096 seconds to start up
[2015.03.18-03.59.44:672][  0]LogDirectoryWatcher:Warning: Failed to begin reading directory changes for ../../../Engine/Plugins/Experimental/CharacterAI/Content/. Error: 0
[2015.03.18-03.59.45:059][  0]LogTargetPlatformManager:Display: Building Assets For Windows
[2015.03.18-03.59.45:319][  0]LogTargetPlatformManager:Display: Building Assets For Windows
[2015.03.18-03.59.45:523][  0]LogSlate:Warning: Failed to load font data from '../../../Engine/Content/Editor/Slate/Fonts/Roboto-Regular.ttf'
[2015.03.18-03.59.45:523][  0]LogSlate:Warning: Failed to load font data from '../../../Engine/Content/Editor/Slate/Fonts/Roboto-Bold.ttf'
[2015.03.18-03.59.45:526][  0]LogConsoleResponse:Display: 
[2015.03.18-03.59.45:612][  0]LogCook:Display: Done creating registry. It took  0.00s.
[2015.03.18-03.59.45:712][  0]SourceControl: Info Source control is disabled
[2015.03.18-03.59.45:712][  0]Cmd: MAP LOAD FILE="../../../../../../Documents/Andrew/Source/Content/StarterContent/Maps/Minimal_Default.umap" TEMPLATE=0 SHOWPROGRESS=1 FEATURELEVEL=3
[2015.03.18-03.59.45:713][  0]LightingResults: New page: Lighting Build
[2015.03.18-03.59.45:721][  0]MapCheck: New page: Map Check
[2015.03.18-03.59.45:721][  0]LightingResults: New page: Lighting Build
[2015.03.18-03.59.45:727][  0]LogParticles: Destroying 0 GPU particle simulations for FXSystem 0x0000000016542520
[2015.03.18-03.59.46:081][  0]LogLinker:Warning: Can't find file '/Game/StarterContent/Materials/M_Glass'
[2015.03.18-03.59.46:081][  0]LogLinker:Warning: Can't find file for asset '/Game/StarterContent/Materials/M_Glass' while loading ../../../../../../Documents/Andrew/Source/Content/StarterContent/Maps/Minimal_Default.umap.
[2015.03.18-03.59.46:081][  0]LoadErrors:Error: Error /Game/StarterContent/Maps/Minimal_Default : Can't find file for asset. /Game/StarterContent/Materials/M_Glass
[2015.03.18-03.59.46:081][  0]LogLinker:Warning: Can't find file '/Game/StarterContent/Materials/M_Metal_Burnished_Steel'
[2015.03.18-03.59.46:082][  0]LogLinker:Warning: Can't find file for asset '/Game/StarterContent/Materials/M_Metal_Burnished_Steel' while loading ../../../../../../Documents/Andrew/Source/Content/StarterContent/Maps/Minimal_Default.umap.
[2015.03.18-03.59.46:082][  0]LoadErrors:Error: Error /Game/StarterContent/Maps/Minimal_Default : Can't find file for asset. /Game/StarterContent/Materials/M_Metal_Burnished_Steel
[2015.03.18-03.59.46:082][  0]LogLinker:Warning: Can't find file '/Game/StarterContent/Materials/M_Metal_Copper'
[2015.03.18-03.59.46:082][  0]LogLinker:Warning: Can't find file for asset '/Game/StarterContent/Materials/M_Metal_Copper' while loading ../../../../../../Documents/Andrew/Source/Content/StarterContent/Maps/Minimal_Default.umap.
[2015.03.18-03.59.46:082][  0]LoadErrors:Error: Error /Game/StarterContent/Maps/Minimal_Default : Can't find file for asset. /Game/StarterContent/Materials/M_Metal_Copper
[2015.03.18-03.59.46:084][  0]LogLinker:Warning: Can't find file '/Game/StarterContent/Props/Materials/M_Chair'
[2015.03.18-03.59.46:084][  0]LogLinker:Warning: Can't find file for asset '/Game/StarterContent/Props/Materials/M_Chair' while loading ../../../../../../Documents/Andrew/Source/Content/StarterContent/Maps/Minimal_Default.umap.
[2015.03.18-03.59.46:084][  0]LoadErrors:Error: Error /Game/StarterContent/Maps/Minimal_Default : Can't find file for asset. /Game/StarterContent/Props/Materials/M_Chair
[2015.03.18-03.59.46:087][  0]LogLinker:Warning: Can't find file '/Game/StarterContent/Materials/M_Basic_Floor'
[2015.03.18-03.59.46:087][  0]LogLinker:Warning: Can't find file for asset '/Game/StarterContent/Materials/M_Basic_Floor' while loading ../../../../../../Documents/Andrew/Source/Content/StarterContent/Architecture/Floor_400x400.uasset.
[2015.03.18-03.59.46:087][  0]LoadErrors:Error: Error /Game/StarterContent/Architecture/Floor_400x400 : Can't find file for asset. /Game/StarterContent/Materials/M_Basic_Floor
[2015.03.18-03.59.46:087][  0]LogLinker:Warning: Can't find file '/Game/StarterContent/Materials/M_Basic_Floor'
[2015.03.18-03.59.46:087][  0]LogLinker:Warning: Can't find file for asset '/Game/StarterContent/Materials/M_Basic_Floor' while loading ../../../../../../Documents/Andrew/Source/Content/StarterContent/Architecture/Floor_400x400.uasset.
[2015.03.18-03.59.46:087][  0]LoadErrors:Error: Error /Game/StarterContent/Architecture/Floor_400x400 : Can't find file for asset. /Game/StarterContent/Materials/M_Basic_Floor
[2015.03.18-03.59.46:095][  0]LogLinker:Warning: Can't find file '/Game/StarterContent/Materials/M_Glass'
[2015.03.18-03.59.46:095][  0]LogLinker:Warning: Can't find file for asset '/Game/StarterContent/Materials/M_Glass' while loading ../../../../../../Documents/Andrew/Source/Content/StarterContent/Maps/Minimal_Default.umap.
[2015.03.18-03.59.46:095][  0]LoadErrors:Error: Error /Game/StarterContent/Maps/Minimal_Default : Can't find file for asset. /Game/StarterContent/Materials/M_Glass
[2015.03.18-03.59.46:095][  0]LogLinker:Warning: Can't find file '/Game/StarterContent/Materials/M_Metal_Burnished_Steel'
[2015.03.18-03.59.46:095][  0]LogLinker:Warning: Can't find file for asset '/Game/StarterContent/Materials/M_Metal_Burnished_Steel' while loading ../../../../../../Documents/Andrew/Source/Content/StarterContent/Maps/Minimal_Default.umap.
[2015.03.18-03.59.46:095][  0]LoadErrors:Error: Error /Game/StarterContent/Maps/Minimal_Default : Can't find file for asset. /Game/StarterContent/Materials/M_Metal_Burnished_Steel
[2015.03.18-03.59.46:095][  0]LogLinker:Warning: Can't find file '/Game/StarterContent/Materials/M_Metal_Copper'
[2015.03.18-03.59.46:095][  0]LogLinker:Warning: Can't find file for asset '/Game/StarterContent/Materials/M_Metal_Copper' while loading ../../../../../../Documents/Andrew/Source/Content/StarterContent/Maps/Minimal_Default.umap.
[2015.03.18-03.59.46:096][  0]LoadErrors:Error: Error /Game/StarterContent/Maps/Minimal_Default : Can't find file for asset. /Game/StarterContent/Materials/M_Metal_Copper
[2015.03.18-03.59.46:096][  0]LogLinker:Warning: Can't find file '/Game/StarterContent/Props/Materials/M_Chair'
[2015.03.18-03.59.46:096][  0]LogLinker:Warning: Can't find file for asset '/Game/StarterContent/Props/Materials/M_Chair' while loading ../../../../../../Documents/Andrew/Source/Content/StarterContent/Maps/Minimal_Default.umap.
[2015.03.18-03.59.46:096][  0]LoadErrors:Error: Error /Game/StarterContent/Maps/Minimal_Default : Can't find file for asset. /Game/StarterContent/Props/Materials/M_Chair
[2015.03.18-03.59.46:096][  0]LogLinker:Warning: Can't find file '/Game/StarterContent/Props/SM_Chair'
[2015.03.18-03.59.46:096][  0]LogLinker:Warning: Can't find file for asset '/Game/StarterContent/Props/SM_Chair' while loading ../../../../../../Documents/Andrew/Source/Content/StarterContent/Maps/Minimal_Default.umap.
[2015.03.18-03.59.46:096][  0]LoadErrors:Error: Error /Game/StarterContent/Maps/Minimal_Default : Can't find file for asset. /Game/StarterContent/Props/SM_Chair
[2015.03.18-03.59.46:096][  0]LogLinker:Warning: Can't find file '/Game/StarterContent/Props/SM_Statue'
[2015.03.18-03.59.46:097][  0]LogLinker:Warning: Can't find file for asset '/Game/StarterContent/Props/SM_Statue' while loading ../../../../../../Documents/Andrew/Source/Content/StarterContent/Maps/Minimal_Default.umap.
[2015.03.18-03.59.46:097][  0]LoadErrors:Error: Error /Game/StarterContent/Maps/Minimal_Default : Can't find file for asset. /Game/StarterContent/Props/SM_Statue
[2015.03.18-03.59.46:097][  0]LogLinker:Warning: Can't find file '/Game/StarterContent/Props/SM_TableRound'
[2015.03.18-03.59.46:097][  0]LogLinker:Warning: Can't find file for asset '/Game/StarterContent/Props/SM_TableRound' while loading ../../../../../../Documents/Andrew/Source/Content/StarterContent/Maps/Minimal_Default.umap.
[2015.03.18-03.59.46:097][  0]LoadErrors:Error: Error /Game/StarterContent/Maps/Minimal_Default : Can't find file for asset. /Game/StarterContent/Props/SM_TableRound
[2015.03.18-03.59.46:187][  0]LogLinker:Warning: Can't find file '/Game/StarterContent/Textures/T_Chair_M'
[2015.03.18-03.59.46:187][  0]LogLinker:Warning: Can't find file for asset '/Game/StarterContent/Textures/T_Chair_M' while loading ../../../../../../Documents/Andrew/Source/Content/StarterContent/Maps/Minimal_Default.umap.
[2015.03.18-03.59.46:187][  0]LoadErrors:Error: Error /Game/StarterContent/Maps/Minimal_Default : Can't find file for asset. /Game/StarterContent/Textures/T_Chair_M
[2015.03.18-03.59.46:187][  0]LogLinker:Warning: Can't find file '/Game/StarterContent/Textures/T_Chair_N'
[2015.03.18-03.59.46:187][  0]LogLinker:Warning: Can't find file for asset '/Game/StarterContent/Textures/T_Chair_N' while loading ../../../../../../Documents/Andrew/Source/Content/StarterContent/Maps/Minimal_Default.umap.
[2015.03.18-03.59.46:187][  0]LoadErrors:Error: Error /Game/StarterContent/Maps/Minimal_Default : Can't find file for asset. /Game/StarterContent/Textures/T_Chair_N
[2015.03.18-03.59.46:188][  0]LogLinker:Warning: Can't find file '/Game/StarterContent/Textures/T_MacroVariation'
[2015.03.18-03.59.46:188][  0]LogLinker:Warning: Can't find file for asset '/Game/StarterContent/Textures/T_MacroVariation' while loading ../../../../../../Documents/Andrew/Source/Content/StarterContent/Maps/Minimal_Default.umap.
[2015.03.18-03.59.46:188][  0]LoadErrors:Error: Error /Game/StarterContent/Maps/Minimal_Default : Can't find file for asset. /Game/StarterContent/Textures/T_MacroVariation
[2015.03.18-03.59.46:188][  0]LogLinker:Warning: Can't find file '/Game/StarterContent/Textures/T_Metal_Aluminum_D'
[2015.03.18-03.59.46:188][  0]LogLinker:Warning: Can't find file for asset '/Game/StarterContent/Textures/T_Metal_Aluminum_D' while loading ../../../../../../Documents/Andrew/Source/Content/StarterContent/Maps/Minimal_Default.umap.
[2015.03.18-03.59.46:188][  0]LoadErrors:Error: Error /Game/StarterContent/Maps/Minimal_Default : Can't find file for asset. /Game/StarterContent/Textures/T_Metal_Aluminum_D
[2015.03.18-03.59.46:188][  0]LogLinker:Warning: Can't find file '/Game/StarterContent/Textures/T_Metal_Copper_D'
[2015.03.18-03.59.46:188][  0]LogLinker:Warning: Can't find file for asset '/Game/StarterContent/Textures/T_Metal_Copper_D' while loading ../../../../../../Documents/Andrew/Source/Content/StarterContent/Maps/Minimal_Default.umap.
[2015.03.18-03.59.46:188][  0]LoadErrors:Error: Error /Game/StarterContent/Maps/Minimal_Default : Can't find file for asset. /Game/StarterContent/Textures/T_Metal_Copper_D
[2015.03.18-03.59.46:188][  0]LogLinker:Warning: Can't find file '/Game/StarterContent/Textures/T_Metal_Gold_N'
[2015.03.18-03.59.46:189][  0]LogLinker:Warning: Can't find file for asset '/Game/StarterContent/Textures/T_Metal_Gold_N' while loading ../../../../../../Documents/Andrew/Source/Content/StarterContent/Maps/Minimal_Default.umap.
[2015.03.18-03.59.46:189][  0]LoadErrors:Error: Error /Game/StarterContent/Maps/Minimal_Default : Can't find file for asset. /Game/StarterContent/Textures/T_Metal_Gold_N
[2015.03.18-03.59.46:189][  0]LogLinker:Warning: Can't find file '/Game/StarterContent/Textures/T_TableRound_M'
[2015.03.18-03.59.46:189][  0]LogLinker:Warning: Can't find file for asset '/Game/StarterContent/Textures/T_TableRound_M' while loading ../../../../../../Documents/Andrew/Source/Content/StarterContent/Maps/Minimal_Default.umap.
[2015.03.18-03.59.46:189][  0]LoadErrors:Error: Error /Game/StarterContent/Maps/Minimal_Default : Can't find file for asset. /Game/StarterContent/Textures/T_TableRound_M
[2015.03.18-03.59.46:189][  0]LogLinker:Warning: Can't find file '/Game/StarterContent/Textures/T_TableRound_N'
[2015.03.18-03.59.46:189][  0]LogLinker:Warning: Can't find file for asset '/Game/StarterContent/Textures/T_TableRound_N' while loading ../../../../../../Documents/Andrew/Source/Content/StarterContent/Maps/Minimal_Default.umap.
[2015.03.18-03.59.46:189][  0]LoadErrors:Error: Error /Game/StarterContent/Maps/Minimal_Default : Can't find file for asset. /Game/StarterContent/Textures/T_TableRound_N
[2015.03.18-03.59.46:191][  0]LogLinker:Warning: Can't find file '/Game/StarterContent/Props/SM_Chair'
[2015.03.18-03.59.46:191][  0]LogLinker:Warning: Can't find file for asset '/Game/StarterContent/Props/SM_Chair' while loading ../../../../../../Documents/Andrew/Source/Content/StarterContent/Maps/Minimal_Default.umap.
[2015.03.18-03.59.46:191][  0]LoadErrors:Error: Error /Game/StarterContent/Maps/Minimal_Default : Can't find file for asset. /Game/StarterContent/Props/SM_Chair
[2015.03.18-03.59.46:191][  0]LogLinker:Warning: Can't find file '/Game/StarterContent/Props/SM_Statue'
[2015.03.18-03.59.46:191][  0]LogLinker:Warning: Can't find file for asset '/Game/StarterContent/Props/SM_Statue' while loading ../../../../../../Documents/Andrew/Source/Content/StarterContent/Maps/Minimal_Default.umap.
[2015.03.18-03.59.46:192][  0]LoadErrors:Error: Error /Game/StarterContent/Maps/Minimal_Default : Can't find file for asset. /Game/StarterContent/Props/SM_Statue
[2015.03.18-03.59.46:192][  0]LogLinker:Warning: Can't find file '/Game/StarterContent/Props/SM_TableRound'
[2015.03.18-03.59.46:192][  0]LogLinker:Warning: Can't find file for asset '/Game/StarterContent/Props/SM_TableRound' while loading ../../../../../../Documents/Andrew/Source/Content/StarterContent/Maps/Minimal_Default.umap.
[2015.03.18-03.59.46:192][  0]LoadErrors:Error: Error /Game/StarterContent/Maps/Minimal_Default : Can't find file for asset. /Game/StarterContent/Props/SM_TableRound
[2015.03.18-03.59.46:193][  0]LogLinker:Warning: Can't find file '/Game/StarterContent/Textures/T_Chair_M'
[2015.03.18-03.59.46:193][  0]LogLinker:Warning: Can't find file for asset '/Game/StarterContent/Textures/T_Chair_M' while loading ../../../../../../Documents/Andrew/Source/Content/StarterContent/Maps/Minimal_Default.umap.
[2015.03.18-03.59.46:193][  0]LoadErrors:Error: Error /Game/StarterContent/Maps/Minimal_Default : Can't find file for asset. /Game/StarterContent/Textures/T_Chair_M
[2015.03.18-03.59.46:193][  0]LogLinker:Warning: Can't find file '/Game/StarterContent/Textures/T_Chair_N'
[2015.03.18-03.59.46:193][  0]LogLinker:Warning: Can't find file for asset '/Game/StarterContent/Textures/T_Chair_N' while loading ../../../../../../Documents/Andrew/Source/Content/StarterContent/Maps/Minimal_Default.umap.
[2015.03.18-03.59.46:193][  0]LoadErrors:Error: Error /Game/StarterContent/Maps/Minimal_Default : Can't find file for asset. /Game/StarterContent/Textures/T_Chair_N
[2015.03.18-03.59.46:193][  0]LogLinker:Warning: Can't find file '/Game/StarterContent/Textures/T_MacroVariation'
[2015.03.18-03.59.46:193][  0]LogLinker:Warning: Can't find file for asset '/Game/StarterContent/Textures/T_MacroVariation' while loading ../../../../../../Documents/Andrew/Source/Content/StarterContent/Maps/Minimal_Default.umap.
[2015.03.18-03.59.46:194][  0]LoadErrors:Error: Error /Game/StarterContent/Maps/Minimal_Default : Can't find file for asset. /Game/StarterContent/Textures/T_MacroVariation
[2015.03.18-03.59.46:194][  0]LogLinker:Warning: Can't find file '/Game/StarterContent/Textures/T_Metal_Aluminum_D'
[2015.03.18-03.59.46:194][  0]LogLinker:Warning: Can't find file for asset '/Game/StarterContent/Textures/T_Metal_Aluminum_D' while loading ../../../../../../Documents/Andrew/Source/Content/StarterContent/Maps/Minimal_Default.umap.
[2015.03.18-03.59.46:194][  0]LoadErrors:Error: Error /Game/StarterContent/Maps/Minimal_Default : Can't find file for asset. /Game/StarterContent/Textures/T_Metal_Aluminum_D
[2015.03.18-03.59.46:194][  0]LogLinker:Warning: Can't find file '/Game/StarterContent/Textures/T_Metal_Copper_D'
[2015.03.18-03.59.46:194][  0]LogLinker:Warning: Can't find file for asset '/Game/StarterContent/Textures/T_Metal_Copper_D' while loading ../../../../../../Documents/Andrew/Source/Content/StarterContent/Maps/Minimal_Default.umap.
[2015.03.18-03.59.46:194][  0]LoadErrors:Error: Error /Game/StarterContent/Maps/Minimal_Default : Can't find file for asset. /Game/StarterContent/Textures/T_Metal_Copper_D
[2015.03.18-03.59.46:194][  0]LogLinker:Warning: Can't find file '/Game/StarterContent/Textures/T_Metal_Gold_N'
[2015.03.18-03.59.46:195][  0]LogLinker:Warning: Can't find file for asset '/Game/StarterContent/Textures/T_Metal_Gold_N' while loading ../../../../../../Documents/Andrew/Source/Content/StarterContent/Maps/Minimal_Default.umap.
[2015.03.18-03.59.46:195][  0]LoadErrors:Error: Error /Game/StarterContent/Maps/Minimal_Default : Can't find file for asset. /Game/StarterContent/Textures/T_Metal_Gold_N
[2015.03.18-03.59.46:195][  0]LogLinker:Warning: Can't find file '/Game/StarterContent/Textures/T_TableRound_M'
[2015.03.18-03.59.46:195][  0]LogLinker:Warning: Can't find file for asset '/Game/StarterContent/Textures/T_TableRound_M' while loading ../../../../../../Documents/Andrew/Source/Content/StarterContent/Maps/Minimal_Default.umap.
[2015.03.18-03.59.46:195][  0]LoadErrors:Error: Error /Game/StarterContent/Maps/Minimal_Default : Can't find file for asset. /Game/StarterContent/Textures/T_TableRound_M
[2015.03.18-03.59.46:195][  0]LogLinker:Warning: Can't find file '/Game/StarterContent/Textures/T_TableRound_N'
[2015.03.18-03.59.46:195][  0]LogLinker:Warning: Can't find file for asset '/Game/StarterContent/Textures/T_TableRound_N' while loading ../../../../../../Documents/Andrew/Source/Content/StarterContent/Maps/Minimal_Default.umap.
[2015.03.18-03.59.46:195][  0]LoadErrors:Error: Error /Game/StarterContent/Maps/Minimal_Default : Can't find file for asset. /Game/StarterContent/Textures/T_TableRound_N
[2015.03.18-03.59.46:196][  0]LogLinker:Warning: Can't find file '/Game/StarterContent/Materials/M_Glass'
[2015.03.18-03.59.46:196][  0]LogLinker:Warning: Can't find file for asset '/Game/StarterContent/Materials/M_Glass' while loading NULL.
[2015.03.18-03.59.46:196][  0]LogLinker:Warning: Can't find file '/Game/StarterContent/Materials/M_Metal_Burnished_Steel'
[2015.03.18-03.59.46:196][  0]LogLinker:Warning: Can't find file for asset '/Game/StarterContent/Materials/M_Metal_Burnished_Steel' while loading NULL.
[2015.03.18-03.59.46:196][  0]LogLinker:Warning: Can't find file '/Game/StarterContent/Materials/M_Metal_Copper'
[2015.03.18-03.59.46:197][  0]LogLinker:Warning: Can't find file for asset '/Game/StarterContent/Materials/M_Metal_Copper' while loading NULL.
[2015.03.18-03.59.46:197][  0]LogLinker:Warning: Can't find file '/Game/StarterContent/Props/Materials/M_Chair'
[2015.03.18-03.59.46:197][  0]LogLinker:Warning: Can't find file for asset '/Game/StarterContent/Props/Materials/M_Chair' while loading NULL.
[2015.03.18-03.59.46:197][  0]LogLinker:Warning: Can't find file '/Game/StarterContent/Materials/M_Glass'
[2015.03.18-03.59.46:197][  0]LogLinker:Warning: Can't find file for asset '/Game/StarterContent/Materials/M_Glass' while loading NULL.
[2015.03.18-03.59.46:197][  0]LogLinker:Warning: Can't find file '/Game/StarterContent/Materials/M_Metal_Burnished_Steel'
[2015.03.18-03.59.46:197][  0]LogLinker:Warning: Can't find file for asset '/Game/StarterContent/Materials/M_Metal_Burnished_Steel' while loading NULL.
[2015.03.18-03.59.46:197][  0]LogLinker:Warning: Can't find file '/Game/StarterContent/Materials/M_Metal_Copper'
[2015.03.18-03.59.46:197][  0]LogLinker:Warning: Can't find file for asset '/Game/StarterContent/Materials/M_Metal_Copper' while loading NULL.
[2015.03.18-03.59.46:198][  0]LogLinker:Warning: Can't find file '/Game/StarterContent/Props/Materials/M_Chair'
[2015.03.18-03.59.46:198][  0]LogLinker:Warning: Can't find file for asset '/Game/StarterContent/Props/Materials/M_Chair' while loading NULL.
[2015.03.18-03.59.46:198][  0]LogLinker:Warning: Can't find file '/Game/StarterContent/Props/SM_Chair'
[2015.03.18-03.59.46:198][  0]LogLinker:Warning: Can't find file for asset '/Game/StarterContent/Props/SM_Chair' while loading NULL.
[2015.03.18-03.59.46:198][  0]LogLinker:Warning: Can't find file '/Game/StarterContent/Props/SM_Statue'
[2015.03.18-03.59.46:198][  0]LogLinker:Warning: Can't find file for asset '/Game/StarterContent/Props/SM_Statue' while loading NULL.
[2015.03.18-03.59.46:198][  0]LogLinker:Warning: Can't find file '/Game/StarterContent/Props/SM_TableRound'
[2015.03.18-03.59.46:198][  0]LogLinker:Warning: Can't find file for asset '/Game/StarterContent/Props/SM_TableRound' while loading NULL.
[2015.03.18-03.59.46:198][  0]LogLinker:Warning: Can't find file '/Game/StarterContent/Textures/T_Chair_M'
[2015.03.18-03.59.46:199][  0]LogLinker:Warning: Can't find file for asset '/Game/StarterContent/Textures/T_Chair_M' while loading NULL.
[2015.03.18-03.59.46:199][  0]LogLinker:Warning: Can't find file '/Game/StarterContent/Textures/T_Chair_N'
[2015.03.18-03.59.46:199][  0]LogLinker:Warning: Can't find file for asset '/Game/StarterContent/Textures/T_Chair_N' while loading NULL.
[2015.03.18-03.59.46:199][  0]LogLinker:Warning: Can't find file '/Game/StarterContent/Textures/T_MacroVariation'
[2015.03.18-03.59.46:199][  0]LogLinker:Warning: Can't find file for asset '/Game/StarterContent/Textures/T_MacroVariation' while loading NULL.
[2015.03.18-03.59.46:199][  0]LogLinker:Warning: Can't find file '/Game/StarterContent/Textures/T_Metal_Aluminum_D'
[2015.03.18-03.59.46:199][  0]LogLinker:Warning: Can't find file for asset '/Game/StarterContent/Textures/T_Metal_Aluminum_D' while loading NULL.
[2015.03.18-03.59.46:199][  0]LogLinker:Warning: Can't find file '/Game/StarterContent/Textures/T_Metal_Copper_D'
[2015.03.18-03.59.46:199][  0]LogLinker:Warning: Can't find file for asset '/Game/StarterContent/Textures/T_Metal_Copper_D' while loading NULL.
[2015.03.18-03.59.46:200][  0]LogLinker:Warning: Can't find file '/Game/StarterContent/Textures/T_Metal_Gold_N'
[2015.03.18-03.59.46:200][  0]LogLinker:Warning: Can't find file for asset '/Game/StarterContent/Textures/T_Metal_Gold_N' while loading NULL.
[2015.03.18-03.59.46:200][  0]LogLinker:Warning: Can't find file '/Game/StarterContent/Textures/T_TableRound_M'
[2015.03.18-03.59.46:200][  0]LogLinker:Warning: Can't find file for asset '/Game/StarterContent/Textures/T_TableRound_M' while loading NULL.
[2015.03.18-03.59.46:200][  0]LogLinker:Warning: Can't find file '/Game/StarterContent/Textures/T_TableRound_N'
[2015.03.18-03.59.46:200][  0]LogLinker:Warning: Can't find file for asset '/Game/StarterContent/Textures/T_TableRound_N' while loading NULL.
[2015.03.18-03.59.46:200][  0]LogLinker:Warning: Can't find file '/Game/StarterContent/Props/SM_Chair'
[2015.03.18-03.59.46:200][  0]LogLinker:Warning: Can't find file for asset '/Game/StarterContent/Props/SM_Chair' while loading NULL.
[2015.03.18-03.59.46:201][  0]LogLinker:Warning: Can't find file '/Game/StarterContent/Props/SM_Statue'
[2015.03.18-03.59.46:201][  0]LogLinker:Warning: Can't find file for asset '/Game/StarterContent/Props/SM_Statue' while loading NULL.
[2015.03.18-03.59.46:201][  0]LogLinker:Warning: Can't find file '/Game/StarterContent/Props/SM_TableRound'
[2015.03.18-03.59.46:201][  0]LogLinker:Warning: Can't find file for asset '/Game/StarterContent/Props/SM_TableRound' while loading NULL.
[2015.03.18-03.59.46:201][  0]LogLinker:Warning: Can't find file '/Game/StarterContent/Textures/T_Chair_M'
[2015.03.18-03.59.46:201][  0]LogLinker:Warning: Can't find file for asset '/Game/StarterContent/Textures/T_Chair_M' while loading NULL.
[2015.03.18-03.59.46:201][  0]LogLinker:Warning: Can't find file '/Game/StarterContent/Textures/T_Chair_N'
[2015.03.18-03.59.46:201][  0]LogLinker:Warning: Can't find file for asset '/Game/StarterContent/Textures/T_Chair_N' while loading NULL.
[2015.03.18-03.59.46:201][  0]LogLinker:Warning: Can't find file '/Game/StarterContent/Textures/T_MacroVariation'
[2015.03.18-03.59.46:202][  0]LogLinker:Warning: Can't find file for asset '/Game/StarterContent/Textures/T_MacroVariation' while loading NULL.
[2015.03.18-03.59.46:202][  0]LogLinker:Warning: Can't find file '/Game/StarterContent/Textures/T_Metal_Aluminum_D'
[2015.03.18-03.59.46:202][  0]LogLinker:Warning: Can't find file for asset '/Game/StarterContent/Textures/T_Metal_Aluminum_D' while loading NULL.
[2015.03.18-03.59.46:202][  0]LogLinker:Warning: Can't find file '/Game/StarterContent/Textures/T_Metal_Copper_D'
[2015.03.18-03.59.46:202][  0]LogLinker:Warning: Can't find file for asset '/Game/StarterContent/Textures/T_Metal_Copper_D' while loading NULL.
[2015.03.18-03.59.46:202][  0]LogLinker:Warning: Can't find file '/Game/StarterContent/Textures/T_Metal_Gold_N'
[2015.03.18-03.59.46:202][  0]LogLinker:Warning: Can't find file for asset '/Game/StarterContent/Textures/T_Metal_Gold_N' while loading NULL.
[2015.03.18-03.59.46:202][  0]LogLinker:Warning: Can't find file '/Game/StarterContent/Textures/T_TableRound_M'
[2015.03.18-03.59.46:203][  0]LogLinker:Warning: Can't find file for asset '/Game/StarterContent/Textures/T_TableRound_M' while loading NULL.
[2015.03.18-03.59.46:203][  0]LogLinker:Warning: Can't find file '/Game/StarterContent/Textures/T_TableRound_N'
[2015.03.18-03.59.46:203][  0]LogLinker:Warning: Can't find file for asset '/Game/StarterContent/Textures/T_TableRound_N' while loading NULL.
[2015.03.18-03.59.46:230][  0]LogLinker:Warning: Can't find file '/Game/StarterContent/Materials/M_Basic_Floor'
[2015.03.18-03.59.46:230][  0]LoadErrors: Info Failed to load /Game/StarterContent/Materials/M_Basic_Floor.M_Basic_Floor Referenced by Floor_400x400
[2015.03.18-03.59.46:230][  0]LogLinker:Warning: Can't find file for asset '/Game/StarterContent/Materials/M_Basic_Floor' while loading NULL.
[2015.03.18-03.59.46:230][  0]LoadErrors: Info Failed to load /Game/StarterContent/Materials/M_Basic_Floor.M_Basic_Floor Referenced by Floor_400x400
[2015.03.18-03.59.46:230][  0]LogLinker:Warning: Can't find file '/Game/StarterContent/Textures/T_Chair_N'
[2015.03.18-03.59.46:231][  0]LoadErrors: Info Failed to load /Game/StarterContent/Textures/T_Chair_N.T_Chair_N Referenced by PersistentLevel
[2015.03.18-03.59.46:231][  0]LogLinker:Warning: Can't find file for asset '/Game/StarterContent/Textures/T_Chair_N' while loading NULL.
[2015.03.18-03.59.46:231][  0]LoadErrors: Info Failed to load /Game/StarterContent/Textures/T_Chair_N.T_Chair_N Referenced by PersistentLevel
[2015.03.18-03.59.46:231][  0]LogLinker:Warning: Can't find file '/Game/StarterContent/Textures/T_Chair_M'
[2015.03.18-03.59.46:231][  0]LoadErrors: Info Failed to load /Game/StarterContent/Textures/T_Chair_M.T_Chair_M Referenced by PersistentLevel
[2015.03.18-03.59.46:231][  0]LogLinker:Warning: Can't find file for asset '/Game/StarterContent/Textures/T_Chair_M' while loading NULL.
[2015.03.18-03.59.46:231][  0]LoadErrors: Info Failed to load /Game/StarterContent/Textures/T_Chair_M.T_Chair_M Referenced by PersistentLevel
[2015.03.18-03.59.46:231][  0]LogLinker:Warning: Can't find file '/Game/StarterContent/Textures/T_Metal_Gold_N'
[2015.03.18-03.59.46:231][  0]LoadErrors: Info Failed to load /Game/StarterContent/Textures/T_Metal_Gold_N.T_Metal_Gold_N Referenced by PersistentLevel
[2015.03.18-03.59.46:231][  0]LogLinker:Warning: Can't find file for asset '/Game/StarterContent/Textures/T_Metal_Gold_N' while loading NULL.
[2015.03.18-03.59.46:231][  0]LoadErrors: Info Failed to load /Game/StarterContent/Textures/T_Metal_Gold_N.T_Metal_Gold_N Referenced by PersistentLevel
[2015.03.18-03.59.46:232][  0]LogLinker:Warning: Can't find file '/Game/StarterContent/Textures/T_MacroVariation'
[2015.03.18-03.59.46:232][  0]LoadErrors: Info Failed to load /Game/StarterContent/Textures/T_MacroVariation.T_MacroVariation Referenced by PersistentLevel
[2015.03.18-03.59.46:232][  0]LogLinker:Warning: Can't find file for asset '/Game/StarterContent/Textures/T_MacroVariation' while loading NULL.
[2015.03.18-03.59.46:232][  0]LoadErrors: Info Failed to load /Game/StarterContent/Textures/T_MacroVariation.T_MacroVariation Referenced by PersistentLevel
[2015.03.18-03.59.46:232][  0]LogLinker:Warning: Can't find file '/Game/StarterContent/Textures/T_Metal_Copper_D'
[2015.03.18-03.59.46:232][  0]LoadErrors: Info Failed to load /Game/StarterContent/Textures/T_Metal_Copper_D.T_Metal_Copper_D Referenced by PersistentLevel
[2015.03.18-03.59.46:232][  0]LogLinker:Warning: Can't find file for asset '/Game/StarterContent/Textures/T_Metal_Copper_D' while loading NULL.
[2015.03.18-03.59.46:232][  0]LoadErrors: Info Failed to load /Game/StarterContent/Textures/T_Metal_Copper_D.T_Metal_Copper_D Referenced by PersistentLevel
[2015.03.18-03.59.46:232][  0]LogLinker:Warning: Can't find file '/Game/StarterContent/Textures/T_Metal_Aluminum_D'
[2015.03.18-03.59.46:233][  0]LoadErrors: Info Failed to load /Game/StarterContent/Textures/T_Metal_Aluminum_D.T_Metal_Aluminum_D Referenced by PersistentLevel
[2015.03.18-03.59.46:233][  0]LogLinker:Warning: Can't find file for asset '/Game/StarterContent/Textures/T_Metal_Aluminum_D' while loading NULL.
[2015.03.18-03.59.46:233][  0]LoadErrors: Info Failed to load /Game/StarterContent/Textures/T_Metal_Aluminum_D.T_Metal_Aluminum_D Referenced by PersistentLevel
[2015.03.18-03.59.46:233][  0]LogLinker:Warning: Can't find file '/Game/StarterContent/Textures/T_TableRound_N'
[2015.03.18-03.59.46:233][  0]LoadErrors: Info Failed to load /Game/StarterContent/Textures/T_TableRound_N.T_TableRound_N Referenced by PersistentLevel
[2015.03.18-03.59.46:233][  0]LogLinker:Warning: Can't find file for asset '/Game/StarterContent/Textures/T_TableRound_N' while loading NULL.
[2015.03.18-03.59.46:233][  0]LoadErrors: Info Failed to load /Game/StarterContent/Textures/T_TableRound_N.T_TableRound_N Referenced by PersistentLevel
[2015.03.18-03.59.46:233][  0]LogLinker:Warning: Can't find file '/Game/StarterContent/Textures/T_TableRound_M'
[2015.03.18-03.59.46:233][  0]LoadErrors: Info Failed to load /Game/StarterContent/Textures/T_TableRound_M.T_TableRound_M Referenced by PersistentLevel
[2015.03.18-03.59.46:233][  0]LogLinker:Warning: Can't find file for asset '/Game/StarterContent/Textures/T_TableRound_M' while loading NULL.
[2015.03.18-03.59.46:233][  0]LoadErrors: Info Failed to load /Game/StarterContent/Textures/T_TableRound_M.T_TableRound_M Referenced by PersistentLevel
[2015.03.18-03.59.46:234][  0]LogLinker:Warning: Can't find file '/Game/StarterContent/Props/SM_Chair'
[2015.03.18-03.59.46:234][  0]LoadErrors: Info Failed to load /Game/StarterContent/Props/SM_Chair.SM_Chair Referenced by StaticMeshComponent0
[2015.03.18-03.59.46:234][  0]LogLinker:Warning: Can't find file for asset '/Game/StarterContent/Props/SM_Chair' while loading NULL.
[2015.03.18-03.59.46:234][  0]LoadErrors: Info Failed to load /Game/StarterContent/Props/SM_Chair.SM_Chair Referenced by StaticMeshComponent0
[2015.03.18-03.59.46:234][  0]LogLinker:Warning: Can't find file '/Game/StarterContent/Props/Materials/M_Chair'
[2015.03.18-03.59.46:235][  0]LoadErrors: Info Failed to load /Game/StarterContent/Props/Materials/M_Chair.M_Chair Referenced by StaticMeshComponent0
[2015.03.18-03.59.46:235][  0]LogLinker:Warning: Can't find file for asset '/Game/StarterContent/Props/Materials/M_Chair' while loading NULL.
[2015.03.18-03.59.46:235][  0]LoadErrors: Info Failed to load /Game/StarterContent/Props/Materials/M_Chair.M_Chair Referenced by StaticMeshComponent0
[2015.03.18-03.59.46:235][  0]LogLinker:Warning: Can't find file '/Game/StarterContent/Props/SM_Chair'
[2015.03.18-03.59.46:235][  0]LoadErrors: Info Failed to load /Game/StarterContent/Props/SM_Chair.SM_Chair Referenced by StaticMeshComponent0
[2015.03.18-03.59.46:235][  0]LogLinker:Warning: Can't find file for asset '/Game/StarterContent/Props/SM_Chair' while loading NULL.
[2015.03.18-03.59.46:235][  0]LoadErrors: Info Failed to load /Game/StarterContent/Props/SM_Chair.SM_Chair Referenced by StaticMeshComponent0
[2015.03.18-03.59.46:235][  0]LogLinker:Warning: Can't find file '/Game/StarterContent/Props/Materials/M_Chair'
[2015.03.18-03.59.46:235][  0]LoadErrors: Info Failed to load /Game/StarterContent/Props/Materials/M_Chair.M_Chair Referenced by StaticMeshComponent0
[2015.03.18-03.59.46:235][  0]LogLinker:Warning: Can't find file for asset '/Game/StarterContent/Props/Materials/M_Chair' while loading NULL.
[2015.03.18-03.59.46:235][  0]LoadErrors: Info Failed to load /Game/StarterContent/Props/Materials/M_Chair.M_Chair Referenced by StaticMeshComponent0
[2015.03.18-03.59.46:236][  0]LogLinker:Warning: Can't find file '/Game/StarterContent/Materials/M_Metal_Copper'
[2015.03.18-03.59.46:236][  0]LoadErrors: Info Failed to load /Game/StarterContent/Materials/M_Metal_Copper.M_Metal_Copper Referenced by StaticMeshComponent0
[2015.03.18-03.59.46:236][  0]LogLinker:Warning: Can't find file for asset '/Game/StarterContent/Materials/M_Metal_Copper' while loading NULL.
[2015.03.18-03.59.46:236][  0]LoadErrors: Info Failed to load /Game/StarterContent/Materials/M_Metal_Copper.M_Metal_Copper Referenced by StaticMeshComponent0
[2015.03.18-03.59.46:236][  0]LogLinker:Warning: Can't find file '/Game/StarterContent/Props/SM_Statue'
[2015.03.18-03.59.46:236][  0]LoadErrors: Info Failed to load /Game/StarterContent/Props/SM_Statue.SM_Statue Referenced by StaticMeshComponent0
[2015.03.18-03.59.46:236][  0]LogLinker:Warning: Can't find file for asset '/Game/StarterContent/Props/SM_Statue' while loading NULL.
[2015.03.18-03.59.46:236][  0]LoadErrors: Info Failed to load /Game/StarterContent/Props/SM_Statue.SM_Statue Referenced by StaticMeshComponent0
[2015.03.18-03.59.46:236][  0]LogLinker:Warning: Can't find file '/Game/StarterContent/Materials/M_Glass'
[2015.03.18-03.59.46:236][  0]LoadErrors: Info Failed to load /Game/StarterContent/Materials/M_Glass.M_Glass Referenced by StaticMeshComponent0
[2015.03.18-03.59.46:237][  0]LogLinker:Warning: Can't find file for asset '/Game/StarterContent/Materials/M_Glass' while loading NULL.
[2015.03.18-03.59.46:237][  0]LoadErrors: Info Failed to load /Game/StarterContent/Materials/M_Glass.M_Glass Referenced by StaticMeshComponent0
[2015.03.18-03.59.46:237][  0]LogLinker:Warning: Can't find file '/Game/StarterContent/Materials/M_Metal_Burnished_Steel'
[2015.03.18-03.59.46:237][  0]LoadErrors: Info Failed to load /Game/StarterContent/Materials/M_Metal_Burnished_Steel.M_Metal_Burnished_Steel Referenced by StaticMeshComponent0
[2015.03.18-03.59.46:237][  0]LogLinker:Warning: Can't find file for asset '/Game/StarterContent/Materials/M_Metal_Burnished_Steel' while loading NULL.
[2015.03.18-03.59.46:237][  0]LoadErrors: Info Failed to load /Game/StarterContent/Materials/M_Metal_Burnished_Steel.M_Metal_Burnished_Steel Referenced by StaticMeshComponent0
[2015.03.18-03.59.46:237][  0]LogLinker:Warning: Can't find file '/Game/StarterContent/Props/SM_TableRound'
[2015.03.18-03.59.46:237][  0]LoadErrors: Info Failed to load /Game/StarterContent/Props/SM_TableRound.SM_TableRound Referenced by StaticMeshComponent0
[2015.03.18-03.59.46:237][  0]LogLinker:Warning: Can't find file for asset '/Game/StarterContent/Props/SM_TableRound' while loading NULL.
[2015.03.18-03.59.46:237][  0]LoadErrors: Info Failed to load /Game/StarterContent/Props/SM_TableRound.SM_TableRound Referenced by StaticMeshComponent0
[2015.03.18-03.59.46:310][  0]LogEditorServer: Finished looking for orphan Actors (0.000 secs)
[2015.03.18-03.59.46:318][  0]LogAIModule: Creating AISystem for world Minimal_Default
[2015.03.18-03.59.46:318][  0]Cmd: MAP CHECKDEP
[2015.03.18-03.59.46:318][  0]MapCheck: New page: Minimal_Default - Mar 17, 2015, 7:59:46 PM
[2015.03.18-03.59.46:373][  0]MapCheck: Info Map check complete: 0 Error(s), 0 Warning(s), took 54.948ms to complete.
[2015.03.18-03.59.46:373][  0]LogFileHelpers: Loading map 'Minimal_Default' took 0.661
[2015.03.18-03.59.46:478][  0]LogCollectionManager: Loaded 0 collections in 0.001169 seconds
[2015.03.18-03.59.46:485][  0]LogContentBrowser: Native class hierarchy populated in 0.0074 seconds. Added 1697 classes and 263 folders.
[2015.03.18-03.59.46:509][  0]LogContentBrowser: Native class hierarchy updated for 'SceneOutliner' in 0.0023 seconds. Added 1 classes and 2 folders.
[2015.03.18-03.59.46:542][  0]LogCrashTracker: Crashtracker disabled due to settings.
[2015.03.18-03.59.46:543][  0]LogSlate:Warning: Failed to load font data from 'Veranda'
[2015.03.18-03.59.46:547][  0]LogUObjectGlobals:Warning: Failed to find object 'Class None.'
[2015.03.18-03.59.46:571][  0]LogLoad: Full Startup: 10.87 seconds (BP compile: 0.13 seconds)
[2015.03.18-03.59.47:078][  0]LogRenderer:Warning: Reallocating scene render targets to support 32x32 (Frame:2).
[2015.03.18-03.59.47:173][  0]LogRenderer:Warning: Reallocating scene render targets to support 1208x576 (Frame:3).
[2015.03.18-03.59.47:932][  3]LogAssetRegistry: Asset discovery search completed in 3.2699 seconds
[2015.03.18-03.59.57:431][970]LogContentBrowser:Verbose: The content browser source was changed by the sources view to '/Game/StarterContent'
[2015.03.18-04.00.03:709][633]LogSavePackage: Save=80.458221ms
[2015.03.18-04.00.03:709][633]LogSavePackage: Moving '../../../../../../Documents/Andrew/Source/Saved/Minimal_Default2A8648E5417F7641C536FD80CD312B44.tmp' to '../../../../../../Documents/Andrew/Source/Content/StarterContent/Maps/Minimal_Default.umap'
[2015.03.18-04.00.05:641][805]Cmd: QUIT_EDITOR
[2015.03.18-04.00.05:817][805]LogExit: Preparing to exit.
[2015.03.18-04.00.05:939][805]LogExit: Editor shut down
[2015.03.18-04.00.05:939][805]LogExit: Transaction tracking system shut down
[2015.03.18-04.00.05:940][805]LogParticles: Destroying 0 GPU particle simulations for FXSystem 0x000000000CAFD1C0
[2015.03.18-04.00.05:940][805]LogParticles: Destroying 0 GPU particle simulations for FXSystem 0x000000001EE8BEC0
[2015.03.18-04.00.05:940][805]LogParticles: Destroying 0 GPU particle simulations for FXSystem 0x000000001D56F7E0
[2015.03.18-04.00.05:940][805]LogParticles: Destroying 0 GPU particle simulations for FXSystem 0x0000000021347240
[2015.03.18-04.00.05:940][805]LogParticles: Destroying 0 GPU particle simulations for FXSystem 0x00000000211B6F20
[2015.03.18-04.00.05:970][805]LogExit: Object subsystem successfully closed.
[2015.03.18-04.00.06:014][805]LogModuleManager: Shutting down and abandoning module CrashTracker (178)
[2015.03.18-04.00.06:014][805]LogModuleManager: Shutting down and abandoning module SuperSearch (177)
[2015.03.18-04.00.06:014][805]LogModuleManager: Shutting down and abandoning module SceneOutliner (176)
[2015.03.18-04.00.06:014][805]LogModuleManager: Shutting down and abandoning module EditorWidgets (175)
[2015.03.18-04.00.06:014][805]LogModuleManager: Shutting down and abandoning module CollectionManager (174)
[2015.03.18-04.00.06:014][805]LogModuleManager: Shutting down and abandoning module StatsViewer (173)
[2015.03.18-04.00.06:014][805]LogModuleManager: Shutting down and abandoning module FoliageEdit (172)
[2015.03.18-04.00.06:014][805]LogModuleManager: Shutting down and abandoning module LandscapeEditor (171)
[2015.03.18-04.00.06:014][805]LogModuleManager: Shutting down and abandoning module MeshPaint (170)
[2015.03.18-04.00.06:014][805]LogModuleManager: Shutting down and abandoning module ActorPickerMode (169)
[2015.03.18-04.00.06:014][805]LogModuleManager: Shutting down and abandoning module GeometryMode (168)
[2015.03.18-04.00.06:014][805]LogModuleManager: Shutting down and abandoning module TextureAlignMode (167)
[2015.03.18-04.00.06:014][805]LogModuleManager: Shutting down and abandoning module BspMode (166)
[2015.03.18-04.00.06:014][805]LogModuleManager: Shutting down and abandoning module PlacementMode (165)
[2015.03.18-04.00.06:014][805]LogModuleManager: Shutting down and abandoning module AutomationWorker (164)
[2015.03.18-04.00.06:014][805]LogModuleManager: Shutting down and abandoning module CharacterAI (163)
[2015.03.18-04.00.06:014][805]LogModuleManager: Shutting down and abandoning module SmartSnapping (162)
[2015.03.18-04.00.06:014][805]LogModuleManager: Shutting down and abandoning module ViewportSnapping (161)
[2015.03.18-04.00.06:014][805]LogModuleManager: Shutting down and abandoning module LogVisualizer (160)
[2015.03.18-04.00.06:014][805]LogModuleManager: Shutting down and abandoning module GameProjectGeneration (159)
[2015.03.18-04.00.06:014][805]LogModuleManager: Shutting down and abandoning module IntroTutorials (158)
[2015.03.18-04.00.06:014][805]LogModuleManager: Shutting down and abandoning module EditorLiveStreaming (157)
[2015.03.18-04.00.06:014][805]LogModuleManager: Shutting down and abandoning module HardwareTargeting (156)
[2015.03.18-04.00.06:015][805]LogModuleManager: Shutting down and abandoning module DeviceProfileEditor (155)
[2015.03.18-04.00.06:015][805]LogModuleManager: Shutting down and abandoning module UndoHistory (154)
[2015.03.18-04.00.06:015][805]LogModuleManager: Shutting down and abandoning module GameplayTagsEditor (153)
[2015.03.18-04.00.06:015][805]LogModuleManager: Shutting down and abandoning module UserFeedback (152)
[2015.03.18-04.00.06:015][805]LogModuleManager: Shutting down and abandoning module XmlParser (151)
[2015.03.18-04.00.06:015][805]LogModuleManager: Shutting down and abandoning module Blutility (150)
[2015.03.18-04.00.06:015][805]LogModuleManager: Shutting down and abandoning module IOSPlatformEditor (149)
[2015.03.18-04.00.06:015][805]LogModuleManager: Shutting down and abandoning module IOSRuntimeSettings (148)
[2015.03.18-04.00.06:015][805]LogModuleManager: Shutting down and abandoning module AndroidDeviceDetection (147)
[2015.03.18-04.00.06:375][805]LogModuleManager: Shutting down and abandoning module AndroidPlatformEditor (146)
[2015.03.18-04.00.06:375][805]LogModuleManager: Shutting down and abandoning module AndroidRuntimeSettings (145)
[2015.03.18-04.00.06:375][805]LogModuleManager: Shutting down and abandoning module ProjectTargetPlatformEditor (144)
[2015.03.18-04.00.06:375][805]LogModuleManager: Shutting down and abandoning module ProjectSettingsViewer (143)
[2015.03.18-04.00.06:375][805]LogModuleManager: Shutting down and abandoning module InputBindingEditor (142)
[2015.03.18-04.00.06:375][805]LogModuleManager: Shutting down and abandoning module EditorSettingsViewer (141)
[2015.03.18-04.00.06:375][805]LogModuleManager: Shutting down and abandoning module SettingsEditor (140)
[2015.03.18-04.00.06:375][805]LogModuleManager: Shutting down and abandoning module ProjectLauncher (139)
[2015.03.18-04.00.06:375][805]LogModuleManager: Shutting down and abandoning module SessionFrontend (138)
[2015.03.18-04.00.06:375][805]LogModuleManager: Shutting down and abandoning module ProfilerClient (137)
[2015.03.18-04.00.06:375][805]LogModuleManager: Shutting down and abandoning module TargetDeviceServices (136)
[2015.03.18-04.00.06:375][805]LogModuleManager: Shutting down and abandoning module DeviceManager (135)
[2015.03.18-04.00.06:375][805]LogModuleManager: Shutting down and abandoning module AutomationController (134)
[2015.03.18-04.00.06:375][805]LogModuleManager: Shutting down and abandoning module AutomationWindow (133)
[2015.03.18-04.00.06:375][805]LogModuleManager: Shutting down and abandoning module Layers (132)
[2015.03.18-04.00.06:375][805]LogModuleManager: Shutting down and abandoning module ComponentVisualizers (131)
[2015.03.18-04.00.06:375][805]LogModuleManager: Shutting down and abandoning module DetailCustomizations (130)
[2015.03.18-04.00.06:375][805]LogModuleManager: Shutting down and abandoning module PackagesDialog (129)
[2015.03.18-04.00.06:376][805]LogModuleManager: Shutting down and abandoning module AssetRegistry (128)
[2015.03.18-04.00.06:410][805]LogModuleManager: Shutting down and abandoning module Persona (127)
[2015.03.18-04.00.06:410][805]LogModuleManager: Shutting down and abandoning module SlateReflector (126)
[2015.03.18-04.00.06:410][805]LogModuleManager: Shutting down and abandoning module LevelEditor (125)
[2015.03.18-04.00.06:411][805]LogModuleManager: Shutting down and abandoning module Kismet (124)
[2015.03.18-04.00.06:411][805]LogModuleManager: Shutting down and abandoning module GraphEditor (123)
[2015.03.18-04.00.06:411][805]LogModuleManager: Shutting down and abandoning module ClassViewer (122)
[2015.03.18-04.00.06:411][805]LogModuleManager: Shutting down and abandoning module Toolbox (121)
[2015.03.18-04.00.06:411][805]LogModuleManager: Shutting down and abandoning module ModuleUI (120)
[2015.03.18-04.00.06:411][805]LogModuleManager: Shutting down and abandoning module MovieSceneTools (119)
[2015.03.18-04.00.06:411][805]LogModuleManager: Shutting down and abandoning module OutputLog (118)
[2015.03.18-04.00.06:411][805]LogModuleManager: Shutting down and abandoning module GammaUI (117)
[2015.03.18-04.00.06:411][805]LogModuleManager: Shutting down and abandoning module Documentation (116)
[2015.03.18-04.00.06:411][805]LogModuleManager: Shutting down and abandoning module GameLiveStreaming (115)
[2015.03.18-04.00.06:411][805]LogModuleManager: Shutting down and abandoning module StreamingPauseRendering (114)
[2015.03.18-04.00.06:411][805]LogModuleManager: Shutting down and abandoning module HTTP (113)
[2015.03.18-04.00.06:411][805]LogModuleManager: Shutting down and abandoning module AnalyticsET (112)
[2015.03.18-04.00.06:411][805]LogModuleManager: Shutting down and abandoning module Analytics (111)
[2015.03.18-04.00.06:411][805]LogModuleManager: Shutting down and abandoning module AITestSuite (110)
[2015.03.18-04.00.06:411][805]LogModuleManager: Shutting down and abandoning module GameplayDebugger (109)
[2015.03.18-04.00.06:411][805]LogModuleManager: Shutting down and abandoning module AIModule (108)
[2015.03.18-04.00.06:411][805]LogModuleManager: Shutting down and abandoning module ProfilerService (107)
[2015.03.18-04.00.06:487][805]LogModuleManager: Shutting down and abandoning module TaskGraph (106)
[2015.03.18-04.00.06:487][805]LogModuleManager: Shutting down and abandoning module SlateRemote (105)
[2015.03.18-04.00.06:487][805]LogModuleManager: Shutting down and abandoning module ScriptEditorPlugin (104)
[2015.03.18-04.00.06:487][805]LogModuleManager: Shutting down and abandoning module CustomMeshComponent (103)
[2015.03.18-04.00.06:487][805]LogModuleManager: Shutting down and abandoning module CableComponent (102)
[2015.03.18-04.00.06:487][805]LogModuleManager: Shutting down and abandoning module MessagingDebugger (101)
[2015.03.18-04.00.06:487][805]LogModuleManager: Shutting down and abandoning module MediaPlayerEditor (100)
[2015.03.18-04.00.06:487][805]LogModuleManager: Shutting down and abandoning module SpeedTreeImporter (99)
[2015.03.18-04.00.06:487][805]LogModuleManager: Shutting down and abandoning module PluginsEditor (98)
[2015.03.18-04.00.06:487][805]LogModuleManager: Shutting down and abandoning module MainFrame (97)
[2015.03.18-04.00.06:487][805]LogModuleManager: Shutting down and abandoning module EpicSurvey (96)
[2015.03.18-04.00.06:487][805]LogModuleManager: Shutting down and abandoning module DesktopPlatform (95)
[2015.03.18-04.00.06:487][805]LogModuleManager: Shutting down and abandoning module DirectoryWatcher (94)
[2015.03.18-04.00.06:488][805]LogModuleManager: Shutting down and abandoning module HotReload (93)
[2015.03.18-04.00.06:488][805]LogModuleManager: Shutting down and abandoning module VisualStudioSourceCodeAccess (92)
[2015.03.18-04.00.06:488][805]LogModuleManager: Shutting down and abandoning module UObjectPlugin (91)
[2015.03.18-04.00.06:488][805]LogModuleManager: Shutting down and abandoning module SubversionSourceControl (90)
[2015.03.18-04.00.06:488][805]LogModuleManager: Shutting down and abandoning module PerforceSourceControl (89)
[2015.03.18-04.00.06:488][805]LogModuleManager: Shutting down and abandoning module SourceControl (88)
[2015.03.18-04.00.06:488][805]LogModuleManager: Shutting down and abandoning module GitSourceControl (87)
[2015.03.18-04.00.06:488][805]LogModuleManager: Shutting down and abandoning module BlankPlugin (86)
[2015.03.18-04.00.06:488][805]LogModuleManager: Shutting down and abandoning module PaperTiledImporter (85)
[2015.03.18-04.00.06:488][805]LogModuleManager: Shutting down and abandoning module PaperJsonImporter (84)
[2015.03.18-04.00.06:488][805]LogModuleManager: Shutting down and abandoning module ContentBrowser (83)
[2015.03.18-04.00.06:489][805]LogModuleManager: Shutting down and abandoning module Paper2DEditor (82)
[2015.03.18-04.00.06:489][805]LogModuleManager: Shutting down and abandoning module MyProject3 (81)
[2015.03.18-04.00.06:489][805]LogModuleManager: Shutting down and abandoning module ScriptPlugin (80)
[2015.03.18-04.00.06:489][805]LogModuleManager: Shutting down and abandoning module UdpMessaging (79)
[2015.03.18-04.00.06:589][805]LogModuleManager: Shutting down and abandoning module Paper2D (78)
[2015.03.18-04.00.06:589][805]LogModuleManager: Shutting down and abandoning module WindowsMoviePlayer (77)
[2015.03.18-04.00.06:590][805]LogModuleManager: Shutting down and abandoning module Media (76)
[2015.03.18-04.00.06:590][805]LogModuleManager: Shutting down and abandoning module WmfMedia (75)
[2015.03.18-04.00.06:590][805]LogModuleManager: Shutting down and abandoning module OnlineBlueprintSupport (74)
[2015.03.18-04.00.06:590][805]LogModuleManager: Shutting down and abandoning module PropertyEditor (73)
[2015.03.18-04.00.06:590][805]LogModuleManager: Shutting down and abandoning module BehaviorTreeEditor (72)
[2015.03.18-04.00.06:590][805]LogModuleManager: Shutting down and abandoning module FunctionalTesting (71)
[2015.03.18-04.00.06:590][805]LogModuleManager: Shutting down and abandoning module CollisionAnalyzer (70)
[2015.03.18-04.00.06:590][805]LogModuleManager: Shutting down and abandoning module WorkspaceMenuStructure (69)
[2015.03.18-04.00.06:590][805]LogModuleManager: Shutting down and abandoning module MessageLog (68)
[2015.03.18-04.00.06:590][805]LogModuleManager: Shutting down and abandoning module Sequencer (67)
[2015.03.18-04.00.06:590][805]LogModuleManager: Shutting down and abandoning module AssetTools (66)
[2015.03.18-04.00.06:590][805]LogModuleManager: Shutting down and abandoning module UMGEditor (65)
[2015.03.18-04.00.06:590][805]LogModuleManager: Shutting down and abandoning module UMG (64)
[2015.03.18-04.00.06:590][805]LogModuleManager: Shutting down and abandoning module Slate (63)
[2015.03.18-04.00.06:590][805]LogModuleManager: Shutting down and abandoning module EditorStyle (62)
[2015.03.18-04.00.06:593][805]LogModuleManager: Shutting down and abandoning module SessionServices (61)
[2015.03.18-04.00.06:593][805]LogModuleManager: Shutting down and abandoning module SourceCodeAccess (60)
[2015.03.18-04.00.06:593][805]LogModuleManager: Shutting down and abandoning module HeadMountedDisplay (59)
[2015.03.18-04.00.06:593][805]LogModuleManager: Shutting down and abandoning module XAudio2 (58)
[2015.03.18-04.00.06:593][805]LogModuleManager: Shutting down and abandoning module Networking (56)
[2015.03.18-04.00.06:593][805]LogModuleManager: Shutting down and abandoning module Core (55)
[2015.03.18-04.00.06:593][805]LogModuleManager: Shutting down and abandoning module KismetCompiler (54)
[2015.03.18-04.00.06:593][805]LogModuleManager: Shutting down and abandoning module PhysXFormats (53)
[2015.03.18-04.00.06:593][805]LogModuleManager: Shutting down and abandoning module MeshUtilities (52)
[2015.03.18-04.00.06:593][805]LogModuleManager: Shutting down and abandoning module DerivedDataCache (51)
[2015.03.18-04.00.06:842][805]LogDerivedDataCache: Shutdown
[2015.03.18-04.00.06:842][805]LogModuleManager: Shutting down and abandoning module ShaderFormatOpenGL (50)
[2015.03.18-04.00.06:842][805]LogModuleManager: Shutting down and abandoning module ShaderFormatD3D (49)
[2015.03.18-04.00.06:842][805]LogModuleManager: Shutting down and abandoning module MetalShaderFormat (48)
[2015.03.18-04.00.06:842][805]LogModuleManager: Shutting down and abandoning module TextureFormatUncompressed (47)
[2015.03.18-04.00.06:842][805]LogModuleManager: Shutting down and abandoning module TextureFormatPVR (46)
[2015.03.18-04.00.06:842][805]LogModuleManager: Shutting down and abandoning module TextureFormatIntelISPCTexComp (45)
[2015.03.18-04.00.06:842][805]LogModuleManager: Shutting down and abandoning module TextureFormatDXT (44)
[2015.03.18-04.00.06:842][805]LogModuleManager: Shutting down and abandoning module ImageWrapper (43)
[2015.03.18-04.00.06:842][805]LogModuleManager: Shutting down and abandoning module TextureFormatASTC (42)
[2015.03.18-04.00.06:842][805]LogModuleManager: Shutting down and abandoning module TextureFormatAndroid (41)
[2015.03.18-04.00.06:842][805]LogModuleManager: Shutting down and abandoning module AudioFormatOpus (40)
[2015.03.18-04.00.06:842][805]LogModuleManager: Shutting down and abandoning module AudioFormatOgg (39)
[2015.03.18-04.00.06:842][805]LogModuleManager: Shutting down and abandoning module AudioFormatADPCM (38)
[2015.03.18-04.00.06:842][805]LogModuleManager: Shutting down and abandoning module LinuxTargetPlatform (37)
[2015.03.18-04.00.06:842][805]LogModuleManager: Shutting down and abandoning module LinuxServerTargetPlatform (36)
[2015.03.18-04.00.06:842][805]LogModuleManager: Shutting down and abandoning module LinuxNoEditorTargetPlatform (35)
[2015.03.18-04.00.06:842][805]LogModuleManager: Shutting down and abandoning module Messaging (34)
[2015.03.18-04.00.06:842][805]LogModuleManager: Shutting down and abandoning module IOSTargetPlatform (33)
[2015.03.18-04.00.06:842][805]LogModuleManager: Shutting down and abandoning module HTML5TargetPlatform (32)
[2015.03.18-04.00.06:842][805]LogModuleManager: Shutting down and abandoning module Android_PVRTCTargetPlatform (31)
[2015.03.18-04.00.06:842][805]LogModuleManager: Shutting down and abandoning module Android_ETC2TargetPlatform (30)
[2015.03.18-04.00.06:842][805]LogModuleManager: Shutting down and abandoning module Android_ETC1TargetPlatform (29)
[2015.03.18-04.00.06:842][805]LogModuleManager: Shutting down and abandoning module Android_ES31TargetPlatform (28)
[2015.03.18-04.00.06:842][805]LogModuleManager: Shutting down and abandoning module Android_DXTTargetPlatform (27)
[2015.03.18-04.00.06:842][805]LogModuleManager: Shutting down and abandoning module Android_ATCTargetPlatform (26)
[2015.03.18-04.00.06:842][805]LogModuleManager: Shutting down and abandoning module AndroidTargetPlatform (25)
[2015.03.18-04.00.06:842][805]LogModuleManager: Shutting down and abandoning module WindowsTargetPlatform (24)
[2015.03.18-04.00.06:842][805]LogModuleManager: Shutting down and abandoning module WindowsServerTargetPlatform (23)
[2015.03.18-04.00.06:842][805]LogModuleManager: Shutting down and abandoning module WindowsNoEditorTargetPlatform (22)
[2015.03.18-04.00.06:842][805]LogModuleManager: Shutting down and abandoning module WindowsClientTargetPlatform (21)
[2015.03.18-04.00.06:842][805]LogModuleManager: Shutting down and abandoning module TargetPlatform (20)
[2015.03.18-04.00.06:842][805]LogModuleManager: Shutting down and abandoning module InputCore (19)
[2015.03.18-04.00.06:842][805]LogModuleManager: Shutting down and abandoning module Settings (18)
[2015.03.18-04.00.06:842][805]LogModuleManager: Shutting down and abandoning module OnlineSubsystem (16)
[2015.03.18-04.00.06:842][805]LogModuleManager: Shutting down and abandoning module OculusRift (15)
[2015.03.18-04.00.06:842][805]LogModuleManager: Shutting down and abandoning module ExampleDeviceProfileSelector (14)
[2015.03.18-04.00.06:842][805]LogModuleManager: Shutting down and abandoning module TextureCompressor (13)
[2015.03.18-04.00.06:842][805]LogModuleManager: Shutting down and abandoning module ShaderCore (12)
[2015.03.18-04.00.06:842][805]LogModuleManager: Shutting down and abandoning module Landscape (11)
[2015.03.18-04.00.06:842][805]LogModuleManager: Shutting down and abandoning module SlateRHIRenderer (10)
[2015.03.18-04.00.06:844][805]LogModuleManager: Shutting down and abandoning module OpenGLDrv (9)
[2015.03.18-04.00.06:844][805]LogModuleManager: Shutting down and abandoning module D3D11RHI (8)
[2015.03.18-04.00.06:844][805]LogModuleManager: Shutting down and abandoning module Renderer (7)
[2015.03.18-04.00.06:844][805]LogModuleManager: Shutting down and abandoning module Engine (6)
[2015.03.18-04.00.06:844][805]LogModuleManager: Shutting down and abandoning module CoreUObject (5)
[2015.03.18-04.00.06:844][805]LogModuleManager: Shutting down and abandoning module NetworkFile (4)
[2015.03.18-04.00.06:844][805]LogModuleManager: Shutting down and abandoning module StreamingFile (3)
[2015.03.18-04.00.06:844][805]LogModuleManager: Shutting down and abandoning module SandboxFile (2)
[2015.03.18-04.00.06:844][805]LogModuleManager: Shutting down and abandoning module PakFile (1)
[2015.03.18-04.00.06:844][805]LogExit: Exiting.
[2015.03.18-04.00.06:849][805]Log file closed, 03/18/15 00:00:06
