Log file open, 03/07/15 19:31:19
LogInit:Display: Running engine for game: MyProject3
LogInit: Version: 4.7.2-2467323+++depot+UE4-Releases+4.7
LogInit: API Version: 2455222
LogInit: Compiled (64-bit): Mar  2 2015 23:16:34
LogInit: Compiled with Visual C++: 18.00.21005.01
LogInit: Build Configuration: Development
LogInit: Branch Name: ++depot+UE4-Releases+4.7
LogInit: Command line:  /Temp/Autosaves/Game/StarterContent/UEDPCMapGen -game -PIEVIACONSOLE -ResX=1280 -ResY=720  -Multiprocess -featureleveles2 -faketouches 
LogInit: Base directory: C:/Program Files/Epic Games/4.7/Engine/Binaries/Win64/
LogInit: Rocket: 1
[2015.03.08-00.31.19:791][  0]LogTaskGraph: Started task graph with 3 named threads and 6 total threads.
[2015.03.08-00.31.19:844][  0]LogOnline:Warning: No default platform service specified for OnlineSubsystem
[2015.03.08-00.31.19:858][  0]LogInit: Presizing for 0 objects not considered by GC, pre-allocating 0 bytes.
[2015.03.08-00.31.19:868][  0]LogInit: Object subsystem initialized
[2015.03.08-00.31.19:870][  0]LogConsoleResponse:Warning: Skipping Unknown console variable: 'TranslucentSortAxis = (X=0.000000,Y=-1.000000,Z=0.000000)'
[2015.03.08-00.31.19:870][  0]LogConsoleResponse:Warning:   Found in ini file 'E:/Unreal/Source/Saved/Config/Windows/Engine.ini', in section '[/Script/Engine.RendererSettings]'
[2015.03.08-00.31.19:870][  0]LogConsoleResponse:Warning: Skipping Unknown console variable: 'UIScaleRule = ShortestSide'
[2015.03.08-00.31.19:870][  0]LogConsoleResponse:Warning:   Found in ini file 'E:/Unreal/Source/Saved/Config/Windows/Engine.ini', in section '[/Script/Engine.RendererSettings]'
[2015.03.08-00.31.19:870][  0]LogConsoleResponse:Warning: Skipping Unknown console variable: 'UIScaleCurve = (EditorCurveData=(Keys=),ExternalCurve=None)'
[2015.03.08-00.31.19:870][  0]LogConsoleResponse:Warning:   Found in ini file 'E:/Unreal/Source/Saved/Config/Windows/Engine.ini', in section '[/Script/Engine.RendererSettings]'
[2015.03.08-00.31.19:871][  0]LogInit: Selected Device Profile: [Windows]
[2015.03.08-00.31.19:871][  0]LogInit: Applying CVar settings loaded from the selected device profile: [Windows]
[2015.03.08-00.31.19:876][  0]LogInit: Computer: TJO-PC
[2015.03.08-00.31.19:876][  0]LogInit: User: TJO
[2015.03.08-00.31.19:876][  0]LogInit: CPU Page size=4096, Cores=4
[2015.03.08-00.31.19:876][  0]LogInit: High frequency timer resolution =3.215400 MHz
[2015.03.08-00.31.19:876][  0]LogMemory: Memory total: Physical=7.9GB (8GB approx) Virtual=8192.0GB
[2015.03.08-00.31.19:876][  0]LogMemory: Platform Memory Stats for Windows
[2015.03.08-00.31.19:876][  0]LogMemory: Process Physical Memory: 47.03 MB used, 47.03 MB peak
[2015.03.08-00.31.19:876][  0]LogMemory: Process Virtual Memory: 23.54 MB used, 23.54 MB peak
[2015.03.08-00.31.19:876][  0]LogMemory: Physical Memory: 3841.23 MB used, 8109.12 MB total
[2015.03.08-00.31.19:876][  0]LogMemory: Virtual Memory: 277.50 MB used, 8388608.00 MB total
[2015.03.08-00.31.19:969][  0]LogD3D11RHI: Found D3D11 adapter 0: NVIDIA GeForce GTX 550 Ti (Feature Level 11_0)
[2015.03.08-00.31.19:969][  0]LogD3D11RHI: Adapter has 977MB of dedicated video memory, 0MB of dedicated system memory, and 3071MB of shared system memory, 2 output[s]
[2015.03.08-00.31.19:970][  0]LogD3D11RHI: Chosen D3D11 Adapter Id = 0
[2015.03.08-00.31.19:974][  0]LogRHI: Texture pool is 684 MB (70% of 977 MB)
[2015.03.08-00.31.19:981][  0]LogD3D11RHI: Async texture creation enabled
[2015.03.08-00.31.20:045][  0]LogTextLocalizationManager: The requested culture ('en_US') has no localization data; parent culture's ('en') localization data will be used.
[2015.03.08-00.31.20:188][  0]LogContentStreaming: Texture pool size is 1000.000000MB
[2015.03.08-00.31.22:346][  0]LogTargetPlatformManager:Display: Building Assets For Windows
[2015.03.08-00.31.22:834][  0]LogTargetPlatformManager:Display: Building Assets For Windows
[2015.03.08-00.31.22:891][  0]LogDerivedDataCache:Display: Max Cache Size: 512 MB
[2015.03.08-00.31.22:929][  0]LogDerivedDataCache: Loaded boot cache 0.04s 39MB C:/Users/TJO/AppData/Local/UnrealEngine/4.7/DerivedDataCache/Boot.ddc.
[2015.03.08-00.31.22:929][  0]LogDerivedDataCache:Display: Loaded Boot cache: C:/Users/TJO/AppData/Local/UnrealEngine/4.7/DerivedDataCache/Boot.ddc
[2015.03.08-00.31.22:929][  0]LogDerivedDataCache: FDerivedDataBackendGraph:  Pak pak cache file E:/Unreal/Source/DerivedDataCache/DDC.ddp not found, will not use a pak cache.
[2015.03.08-00.31.22:929][  0]LogDerivedDataCache: Unable to find inner node Pak for hierarchical cache Hierarchy.
[2015.03.08-00.31.23:054][  0]LogDerivedDataCache:Display: Pak cache opened for reading ../../../Engine/DerivedDataCache/Compressed.ddp.
[2015.03.08-00.31.23:065][  0]LogDerivedDataCache: Using Local data cache path C:/Users/TJO/AppData/Local/UnrealEngine/Common/DerivedDataCache: Writable
[2015.03.08-00.31.23:308][  0]LogMeshUtilities: No automatic mesh reduction module available
[2015.03.08-00.31.23:308][  0]LogMeshUtilities: No automatic mesh merging module available
[2015.03.08-00.31.23:577][  0]LogInit: WinSock: version 1.1 (2.2), MaxSocks=32767, MaxUdp=65467
[2015.03.08-00.31.23:920][  0]LogWindowsMoviePlayer: Unable to load movie: E:/Unreal/Source/Content/Movies/Default_Startup.mp4
[2015.03.08-00.31.24:069][  0]LogSourceControl: RunCommandInternalRaw: 'git version'
[2015.03.08-00.31.24:077][  0]LogSourceControl: RunCommandInternalRaw: ExecProcess ReturnCode=0 OutResults='git version 1.9.5.github.0
'
[2015.03.08-00.31.24:077][  0]LogSourceControl: RunCommandInternalRaw: 'git version'
[2015.03.08-00.31.24:084][  0]LogSourceControl: RunCommandInternalRaw: ExecProcess ReturnCode=0 OutResults='git version 1.9.5.github.0
'
[2015.03.08-00.31.24:084][  0]LogSourceControl: RunCommandInternalRaw: 'git version'
[2015.03.08-00.31.24:091][  0]LogSourceControl: RunCommandInternalRaw: ExecProcess ReturnCode=0 OutResults='git version 1.9.5.github.0
'
[2015.03.08-00.31.24:101][  0]LogSourceControl: RunCommandInternalRaw: 'git version'
[2015.03.08-00.31.24:108][  0]LogSourceControl: RunCommandInternalRaw: ExecProcess ReturnCode=0 OutResults='git version 1.9.5.github.0
'
[2015.03.08-00.31.24:195][  0]LogObj: 23970 objects as part of root set at end of initial load.
[2015.03.08-00.31.24:195][  0]LogUObjectAllocator: 4988200 out of 0 bytes used by permanent object pool.
[2015.03.08-00.31.24:270][  0]LogAutomationTest:Warning: ERR: Transient text cannot be serialized "Testing Transient serialization detection".
[2015.03.08-00.31.24:270][  0]LogEngine: Initializing Engine...
[2015.03.08-00.31.27:315][  0]LogMaterial: Missing cached shader map for material MAT_LevelColorationLitLightmapUV, compiling. Is special engine material.
[2015.03.08-00.31.27:316][  0]LogMaterial:Warning: Failed to compile Material /Engine/EngineDebugMaterials/MAT_LevelColorationLitLightmapUV.MAT_LevelColorationLitLightmapUV for platform PCD3D_ES2, Default Material will be used in game.
[2015.03.08-00.31.27:316][  0]LogMaterial:Warning: 	(Node LightmapUVs) Node not supported in feature level ES2
[2015.03.08-00.31.27:368][  0]LogInit: XAudio2 using 'Speakers (Realtek High Definition Audio)' : 2 channels at 48 kHz using 32 bits per sample (channel mask 0x3)
[2015.03.08-00.31.27:378][  0]LogInit: FAudioDevice initialized.
[2015.03.08-00.31.27:384][  0]LogInit: Texture streaming: Enabled
[2015.03.08-00.31.27:457][  0]LogAnalytics: Creating configured Analytics provider AnalyticsET
[2015.03.08-00.31.27:457][  0]LogAnalytics: ET APIKey = Rocket.Release. APIServer = http://et2.epicgames.com/ET2/. AppVersion = 4.7.2-2467323+++depot+UE4-Releases+4.7
[2015.03.08-00.31.27:457][  0]LogAnalytics: ET APIKey = Rocket.Release. DataRouterUploadURL = https://datarouter-public-service-gamedev.ol.epicgames.net/datarouter/api/v1/public/data. AppVersion = 4.7.2-2467323+++depot+UE4-Releases+4.7
[2015.03.08-00.31.27:457][  0]LogAnalytics: SetUserId fe9bdd8943aed3d7e8835eb833a44fc2|67e49cb91ec7442c8762522d90644534|59b6476c-362d-4607-836f-11cf0e82b1db
[2015.03.08-00.31.27:457][  0]LogAnalytics: AnalyticsET::StartSession [Rocket.Release]
[2015.03.08-00.31.27:482][  0]LogNet: Browse: /Temp/Autosaves/Game/StarterContent/UEDPCMapGen?Name=Player
[2015.03.08-00.31.27:482][  0]LogLoad: LoadMap: /Temp/Autosaves/Game/StarterContent/UEDPCMapGen?Name=Player
[2015.03.08-00.31.27:492][  0]LogMemory: Platform Memory Stats for Windows
[2015.03.08-00.31.27:492][  0]LogMemory: Process Physical Memory: 274.78 MB used, 289.27 MB peak
[2015.03.08-00.31.27:492][  0]LogMemory: Process Virtual Memory: 227.05 MB used, 251.00 MB peak
[2015.03.08-00.31.27:492][  0]LogMemory: Physical Memory: 4034.54 MB used, 8109.12 MB total
[2015.03.08-00.31.27:492][  0]LogMemory: Virtual Memory: 665.54 MB used, 8388608.00 MB total
[2015.03.08-00.31.27:492][  0]LogMemory: 
[2015.03.08-00.31.27:492][  0]Allocator Stats for TBB: (not implemented)
[2015.03.08-00.31.27:552][  0]LogWorld: Game class is 'GameMode'
[2015.03.08-00.31.27:589][  0]LogAIModule: Creating AISystem for world MapGen
[2015.03.08-00.31.27:590][  0]LogWorld: Bringing World /Temp/Autosaves/Game/StarterContent/UEDPCMapGen.MapGen up for play (max tick rate 0) at 2015.03.07-19.31.27
[2015.03.08-00.31.27:590][  0]LogWorld: Bringing up level for play took: 0.000491
[2015.03.08-00.31.27:595][  0]LogInit:Display: Game Engine Initialized.
[2015.03.08-00.31.27:818][  0]LogLoad: Full Startup: 9.70 seconds (BP compile: 0.03 seconds)
[2015.03.08-00.31.27:874][  1]LogRenderer:Warning: Reallocating scene render targets to support 1280x720 (Frame:2).
[2015.03.08-00.48.52:487][764]Closing by request
[2015.03.08-00.48.52:487][764]LogWindows: FPlatformMisc::RequestExit(0)
[2015.03.08-00.48.52:517][765]LogExit: Preparing to exit.
[2015.03.08-00.48.52:600][765]LogParticles: Destroying 0 GPU particle simulations for FXSystem 0x000000000E868720
[2015.03.08-00.48.52:600][765]LogExit: Game engine shut down
[2015.03.08-00.48.52:633][765]LogExit: Object subsystem successfully closed.
[2015.03.08-00.48.52:666][765]LogModuleManager: Shutting down and abandoning module AndroidDeviceDetection (106)
[2015.03.08-00.48.52:897][765]LogModuleManager: Shutting down and abandoning module AutomationWorker (105)
[2015.03.08-00.48.52:897][765]LogModuleManager: Shutting down and abandoning module CharacterAI (104)
[2015.03.08-00.48.52:897][765]LogModuleManager: Shutting down and abandoning module AITestSuite (103)
[2015.03.08-00.48.52:897][765]LogModuleManager: Shutting down and abandoning module GameplayDebugger (102)
[2015.03.08-00.48.52:897][765]LogModuleManager: Shutting down and abandoning module AIModule (101)
[2015.03.08-00.48.52:897][765]LogModuleManager: Shutting down and abandoning module GameLiveStreaming (100)
[2015.03.08-00.48.52:897][765]LogModuleManager: Shutting down and abandoning module StreamingPauseRendering (99)
[2015.03.08-00.48.52:897][765]LogModuleManager: Shutting down and abandoning module HTTP (98)
[2015.03.08-00.48.52:897][765]LogModuleManager: Shutting down and abandoning module AnalyticsET (97)
[2015.03.08-00.48.52:897][765]LogModuleManager: Shutting down and abandoning module Analytics (96)
[2015.03.08-00.48.52:897][765]LogModuleManager: Shutting down and abandoning module ProfilerService (95)
[2015.03.08-00.48.53:030][765]LogModuleManager: Shutting down and abandoning module TaskGraph (94)
[2015.03.08-00.48.53:030][765]LogModuleManager: Shutting down and abandoning module SlateRemote (93)
[2015.03.08-00.48.53:030][765]LogModuleManager: Shutting down and abandoning module CustomMeshComponent (92)
[2015.03.08-00.48.53:030][765]LogModuleManager: Shutting down and abandoning module CableComponent (91)
[2015.03.08-00.48.53:030][765]LogModuleManager: Shutting down and abandoning module DesktopPlatform (90)
[2015.03.08-00.48.53:030][765]LogModuleManager: Shutting down and abandoning module DirectoryWatcher (89)
[2015.03.08-00.48.53:030][765]LogModuleManager: Shutting down and abandoning module HotReload (88)
[2015.03.08-00.48.53:030][765]LogModuleManager: Shutting down and abandoning module VisualStudioSourceCodeAccess (87)
[2015.03.08-00.48.53:030][765]LogModuleManager: Shutting down and abandoning module UObjectPlugin (86)
[2015.03.08-00.48.53:030][765]LogModuleManager: Shutting down and abandoning module SubversionSourceControl (85)
[2015.03.08-00.48.53:030][765]LogModuleManager: Shutting down and abandoning module GitSourceControl (84)
[2015.03.08-00.48.53:030][765]LogModuleManager: Shutting down and abandoning module SourceControl (83)
[2015.03.08-00.48.53:030][765]LogModuleManager: Shutting down and abandoning module PerforceSourceControl (82)
[2015.03.08-00.48.53:030][765]LogModuleManager: Shutting down and abandoning module BlankPlugin (81)
[2015.03.08-00.48.53:030][765]LogModuleManager: Shutting down and abandoning module ScriptPlugin (80)
[2015.03.08-00.48.53:030][765]LogModuleManager: Shutting down and abandoning module UdpMessaging (79)
[2015.03.08-00.48.53:030][765]LogModuleManager: Shutting down and abandoning module Paper2D (78)
[2015.03.08-00.48.53:030][765]LogModuleManager: Shutting down and abandoning module WindowsMoviePlayer (77)
[2015.03.08-00.48.53:031][765]LogModuleManager: Shutting down and abandoning module Media (76)
[2015.03.08-00.48.53:031][765]LogModuleManager: Shutting down and abandoning module WmfMedia (75)
[2015.03.08-00.48.53:031][765]LogModuleManager: Shutting down and abandoning module OnlineBlueprintSupport (74)
[2015.03.08-00.48.53:031][765]LogModuleManager: Shutting down and abandoning module PropertyEditor (73)
[2015.03.08-00.48.53:031][765]LogModuleManager: Shutting down and abandoning module BehaviorTreeEditor (72)
[2015.03.08-00.48.53:031][765]LogModuleManager: Shutting down and abandoning module FunctionalTesting (71)
[2015.03.08-00.48.53:031][765]LogModuleManager: Shutting down and abandoning module CollisionAnalyzer (70)
[2015.03.08-00.48.53:031][765]LogModuleManager: Shutting down and abandoning module WorkspaceMenuStructure (69)
[2015.03.08-00.48.53:031][765]LogModuleManager: Shutting down and abandoning module MessageLog (68)
[2015.03.08-00.48.53:031][765]LogModuleManager: Shutting down and abandoning module Sequencer (67)
[2015.03.08-00.48.53:031][765]LogModuleManager: Shutting down and abandoning module AssetTools (66)
[2015.03.08-00.48.53:031][765]LogModuleManager: Shutting down and abandoning module UMGEditor (65)
[2015.03.08-00.48.53:031][765]LogModuleManager: Shutting down and abandoning module UMG (64)
[2015.03.08-00.48.53:031][765]LogModuleManager: Shutting down and abandoning module Slate (63)
[2015.03.08-00.48.53:031][765]LogModuleManager: Shutting down and abandoning module EditorStyle (62)
[2015.03.08-00.48.53:035][765]LogModuleManager: Shutting down and abandoning module SessionServices (61)
[2015.03.08-00.48.53:035][765]LogModuleManager: Shutting down and abandoning module SourceCodeAccess (60)
[2015.03.08-00.48.53:035][765]LogModuleManager: Shutting down and abandoning module HeadMountedDisplay (59)
[2015.03.08-00.48.53:035][765]LogModuleManager: Shutting down and abandoning module XAudio2 (58)
[2015.03.08-00.48.53:035][765]LogModuleManager: Shutting down and abandoning module Networking (56)
[2015.03.08-00.48.53:035][765]LogModuleManager: Shutting down and abandoning module Core (55)
[2015.03.08-00.48.53:035][765]LogModuleManager: Shutting down and abandoning module KismetCompiler (54)
[2015.03.08-00.48.53:035][765]LogModuleManager: Shutting down and abandoning module PhysXFormats (53)
[2015.03.08-00.48.53:035][765]LogModuleManager: Shutting down and abandoning module MeshUtilities (52)
[2015.03.08-00.48.53:035][765]LogModuleManager: Shutting down and abandoning module DerivedDataCache (51)
[2015.03.08-00.48.53:105][765]LogDerivedDataCache: Shutdown
[2015.03.08-00.48.53:105][765]LogModuleManager: Shutting down and abandoning module ShaderFormatOpenGL (50)
[2015.03.08-00.48.53:105][765]LogModuleManager: Shutting down and abandoning module ShaderFormatD3D (49)
[2015.03.08-00.48.53:105][765]LogModuleManager: Shutting down and abandoning module MetalShaderFormat (48)
[2015.03.08-00.48.53:105][765]LogModuleManager: Shutting down and abandoning module TextureFormatUncompressed (47)
[2015.03.08-00.48.53:105][765]LogModuleManager: Shutting down and abandoning module TextureFormatPVR (46)
[2015.03.08-00.48.53:105][765]LogModuleManager: Shutting down and abandoning module TextureFormatIntelISPCTexComp (45)
[2015.03.08-00.48.53:105][765]LogModuleManager: Shutting down and abandoning module TextureFormatDXT (44)
[2015.03.08-00.48.53:105][765]LogModuleManager: Shutting down and abandoning module ImageWrapper (43)
[2015.03.08-00.48.53:105][765]LogModuleManager: Shutting down and abandoning module TextureFormatASTC (42)
[2015.03.08-00.48.53:105][765]LogModuleManager: Shutting down and abandoning module TextureFormatAndroid (41)
[2015.03.08-00.48.53:105][765]LogModuleManager: Shutting down and abandoning module AudioFormatOpus (40)
[2015.03.08-00.48.53:105][765]LogModuleManager: Shutting down and abandoning module AudioFormatOgg (39)
[2015.03.08-00.48.53:105][765]LogModuleManager: Shutting down and abandoning module AudioFormatADPCM (38)
[2015.03.08-00.48.53:105][765]LogModuleManager: Shutting down and abandoning module LinuxTargetPlatform (37)
[2015.03.08-00.48.53:105][765]LogModuleManager: Shutting down and abandoning module LinuxServerTargetPlatform (36)
[2015.03.08-00.48.53:105][765]LogModuleManager: Shutting down and abandoning module LinuxNoEditorTargetPlatform (35)
[2015.03.08-00.48.53:105][765]LogModuleManager: Shutting down and abandoning module Messaging (34)
[2015.03.08-00.48.53:105][765]LogModuleManager: Shutting down and abandoning module IOSTargetPlatform (33)
[2015.03.08-00.48.53:105][765]LogModuleManager: Shutting down and abandoning module HTML5TargetPlatform (32)
[2015.03.08-00.48.53:105][765]LogModuleManager: Shutting down and abandoning module Android_PVRTCTargetPlatform (31)
[2015.03.08-00.48.53:105][765]LogModuleManager: Shutting down and abandoning module Android_ETC2TargetPlatform (30)
[2015.03.08-00.48.53:105][765]LogModuleManager: Shutting down and abandoning module Android_ETC1TargetPlatform (29)
[2015.03.08-00.48.53:105][765]LogModuleManager: Shutting down and abandoning module Android_ES31TargetPlatform (28)
[2015.03.08-00.48.53:105][765]LogModuleManager: Shutting down and abandoning module Android_DXTTargetPlatform (27)
[2015.03.08-00.48.53:105][765]LogModuleManager: Shutting down and abandoning module Android_ATCTargetPlatform (26)
[2015.03.08-00.48.53:105][765]LogModuleManager: Shutting down and abandoning module AndroidTargetPlatform (25)
[2015.03.08-00.48.53:105][765]LogModuleManager: Shutting down and abandoning module WindowsTargetPlatform (24)
[2015.03.08-00.48.53:105][765]LogModuleManager: Shutting down and abandoning module WindowsServerTargetPlatform (23)
[2015.03.08-00.48.53:105][765]LogModuleManager: Shutting down and abandoning module WindowsNoEditorTargetPlatform (22)
[2015.03.08-00.48.53:105][765]LogModuleManager: Shutting down and abandoning module WindowsClientTargetPlatform (21)
[2015.03.08-00.48.53:105][765]LogModuleManager: Shutting down and abandoning module TargetPlatform (20)
[2015.03.08-00.48.53:105][765]LogModuleManager: Shutting down and abandoning module InputCore (19)
[2015.03.08-00.48.53:105][765]LogModuleManager: Shutting down and abandoning module Settings (18)
[2015.03.08-00.48.53:105][765]LogModuleManager: Shutting down and abandoning module OnlineSubsystem (16)
[2015.03.08-00.48.53:105][765]LogModuleManager: Shutting down and abandoning module OculusRift (15)
[2015.03.08-00.48.53:105][765]LogModuleManager: Shutting down and abandoning module ExampleDeviceProfileSelector (14)
[2015.03.08-00.48.53:105][765]LogModuleManager: Shutting down and abandoning module TextureCompressor (13)
[2015.03.08-00.48.53:105][765]LogModuleManager: Shutting down and abandoning module ShaderCore (12)
[2015.03.08-00.48.53:105][765]LogModuleManager: Shutting down and abandoning module Landscape (11)
[2015.03.08-00.48.53:105][765]LogModuleManager: Shutting down and abandoning module SlateRHIRenderer (10)
[2015.03.08-00.48.53:105][765]LogModuleManager: Shutting down and abandoning module OpenGLDrv (9)
[2015.03.08-00.48.53:105][765]LogModuleManager: Shutting down and abandoning module D3D11RHI (8)
[2015.03.08-00.48.53:106][765]LogModuleManager: Shutting down and abandoning module Renderer (7)
[2015.03.08-00.48.53:106][765]LogModuleManager: Shutting down and abandoning module Engine (6)
[2015.03.08-00.48.53:106][765]LogModuleManager: Shutting down and abandoning module CoreUObject (5)
[2015.03.08-00.48.53:106][765]LogModuleManager: Shutting down and abandoning module NetworkFile (4)
[2015.03.08-00.48.53:106][765]LogModuleManager: Shutting down and abandoning module StreamingFile (3)
[2015.03.08-00.48.53:106][765]LogModuleManager: Shutting down and abandoning module SandboxFile (2)
[2015.03.08-00.48.53:106][765]LogModuleManager: Shutting down and abandoning module PakFile (1)
[2015.03.08-00.48.53:106][765]LogExit: Exiting.
[2015.03.08-00.48.53:107][765]Log file closed, 03/07/15 19:48:53
