Log file open, 03/21/15 23:00:26
LogInit:Display: Running engine for game: MyProject3
LogInit: Version: 4.7.3-2479750+++depot+UE4-Releases+4.7
LogInit: API Version: 2455222
LogInit: Compiled (64-bit): Mar 15 2015 23:20:45
LogInit: Compiled with Visual C++: 18.00.21005.01
LogInit: Build Configuration: Development
LogInit: Branch Name: ++depot+UE4-Releases+4.7
LogInit: Command line:  
LogInit: Base directory: D:/Program Files/Epic Games/4.7/Engine/Binaries/Win64/
LogInit: Rocket: 1
[2015.03.22-03.00.26:994][  0]LogTaskGraph: Started task graph with 3 named threads and 6 total threads.
[2015.03.22-03.00.27:044][  0]LogOnline:Warning: No default platform service specified for OnlineSubsystem
[2015.03.22-03.00.27:206][  0]LogInit: Presizing for 0 objects not considered by GC, pre-allocating 0 bytes.
[2015.03.22-03.00.27:354][  0]LogInit: Object subsystem initialized
[2015.03.22-03.00.27:462][  0]LogConsoleResponse:Warning: Skipping Unknown console variable: 'TranslucentSortAxis = (X=0.000000,Y=-1.000000,Z=0.000000)'
[2015.03.22-03.00.27:462][  0]LogConsoleResponse:Warning:   Found in ini file 'D:/Documents/Andrew/Source/Saved/Config/Windows/Engine.ini', in section '[/Script/Engine.RendererSettings]'
[2015.03.22-03.00.27:462][  0]LogConsoleResponse:Warning: Skipping Unknown console variable: 'UIScaleRule = ShortestSide'
[2015.03.22-03.00.27:462][  0]LogConsoleResponse:Warning:   Found in ini file 'D:/Documents/Andrew/Source/Saved/Config/Windows/Engine.ini', in section '[/Script/Engine.RendererSettings]'
[2015.03.22-03.00.27:462][  0]LogConsoleResponse:Warning: Skipping Unknown console variable: 'UIScaleCurve = (EditorCurveData=(Keys=),ExternalCurve=None)'
[2015.03.22-03.00.27:462][  0]LogConsoleResponse:Warning:   Found in ini file 'D:/Documents/Andrew/Source/Saved/Config/Windows/Engine.ini', in section '[/Script/Engine.RendererSettings]'
[2015.03.22-03.00.27:518][  0]LogInit: Selected Device Profile: [Windows]
[2015.03.22-03.00.27:524][  0]LogInit: Applying CVar settings loaded from the selected device profile: [Windows]
[2015.03.22-03.00.27:622][  0]LogInit: Computer: TESLA
[2015.03.22-03.00.27:622][  0]LogInit: User: Andrew
[2015.03.22-03.00.27:622][  0]LogInit: CPU Page size=4096, Cores=4
[2015.03.22-03.00.27:622][  0]LogInit: High frequency timer resolution =3.320351 MHz
[2015.03.22-03.00.27:622][  0]LogMemory: Memory total: Physical=7.9GB (8GB approx) Virtual=8192.0GB
[2015.03.22-03.00.27:622][  0]LogMemory: Platform Memory Stats for Windows
[2015.03.22-03.00.27:622][  0]LogMemory: Process Physical Memory: 48.08 MB used, 48.08 MB peak
[2015.03.22-03.00.27:622][  0]LogMemory: Process Virtual Memory: 28.44 MB used, 28.44 MB peak
[2015.03.22-03.00.27:622][  0]LogMemory: Physical Memory: 3106.89 MB used, 8133.13 MB total
[2015.03.22-03.00.27:622][  0]LogMemory: Virtual Memory: 294.29 MB used, 8388608.00 MB total
[2015.03.22-03.00.27:695][  0]LogD3D11RHI: Found D3D11 adapter 0: NVIDIA GeForce GTX 760 (Feature Level 11_0)
[2015.03.22-03.00.27:695][  0]LogD3D11RHI: Adapter has 1990MB of dedicated video memory, 0MB of dedicated system memory, and 2048MB of shared system memory, 1 output[s]
[2015.03.22-03.00.27:695][  0]LogD3D11RHI: Chosen D3D11 Adapter Id = 0
[2015.03.22-03.00.27:700][  0]LogRHI: Texture pool is 1361 MB (70% of 1945 MB)
[2015.03.22-03.00.27:710][  0]LogD3D11RHI: Async texture creation enabled
[2015.03.22-03.00.29:119][  0]LogTextLocalizationManager: The requested culture ('en_US') has no localization data; parent culture's ('en') localization data will be used.
[2015.03.22-03.00.29:328][  0]LogTextLocalizationManager:Warning: Loading localization resources contain conflicting entries for (Namespace:UICommands, Key:Save_ToolTip):
Resource: (D:/Program Files/Epic Games/4.7/Engine/Content/Localization/Editor/en/Editor.locres) Hash: (-29098895) String: (Saves the current level to disk)
Resource: (D:/Program Files/Epic Games/4.7/Engine/Content/Localization/Engine/en/Engine.locres) Hash: (-1280300587) String: (Save selected data to vlog file)
[2015.03.22-03.00.29:328][  0]LogTextLocalizationManager:Warning: Loading localization resources contain conflicting entries for (Namespace:ContentBrowser, Key:ImportAssetToolTip):
Resource: (D:/Program Files/Epic Games/4.7/Engine/Content/Localization/Editor/en/Editor.locres) Hash: (-630476809) String: (Import to {0}...)
Resource: (D:/Program Files/Epic Games/4.7/Engine/Content/Localization/Editor/en/Editor.locres) Hash: (1271782899) String: (Imports an asset from file to this folder.)
[2015.03.22-03.00.29:417][  0]LogContentStreaming: Texture pool size is 0.000000MB
[2015.03.22-03.00.34:043][  0]LogTargetPlatformManager:Display: Building Assets For Windows
[2015.03.22-03.00.35:084][  0]LogTargetPlatformManager:Display: Building Assets For Windows
[2015.03.22-03.00.35:172][  0]LogDerivedDataCache:Display: Max Cache Size: 512 MB
[2015.03.22-03.00.35:300][  0]LogDerivedDataCache: Loaded boot cache 0.12s 39MB C:/Users/Andrew/AppData/Local/UnrealEngine/4.7/DerivedDataCache/Boot.ddc.
[2015.03.22-03.00.35:300][  0]LogDerivedDataCache:Display: Loaded Boot cache: C:/Users/Andrew/AppData/Local/UnrealEngine/4.7/DerivedDataCache/Boot.ddc
[2015.03.22-03.00.35:300][  0]LogDerivedDataCache: FDerivedDataBackendGraph:  Pak pak cache file ../../../../../../Documents/Andrew/Source/DerivedDataCache/DDC.ddp not found, will not use a pak cache.
[2015.03.22-03.00.35:300][  0]LogDerivedDataCache: Unable to find inner node Pak for hierarchical cache Hierarchy.
[2015.03.22-03.00.35:452][  0]LogDerivedDataCache:Display: Pak cache opened for reading ../../../Engine/DerivedDataCache/Compressed.ddp.
[2015.03.22-03.00.35:465][  0]LogDerivedDataCache: Using Local data cache path C:/Users/Andrew/AppData/Local/UnrealEngine/Common/DerivedDataCache: Writable
[2015.03.22-03.00.42:986][  0]LogMeshUtilities: No automatic mesh reduction module available
[2015.03.22-03.00.42:986][  0]LogMeshUtilities: No automatic mesh merging module available
[2015.03.22-03.00.46:296][  0]LogInit: WinSock: version 1.1 (2.2), MaxSocks=32767, MaxUdp=65467
[2015.03.22-03.00.46:654][  0]LogSlate:Warning: Failed to load font data from '../../../Engine/Content/Slate/Fonts/Roboto-Italic.ttf'
[2015.03.22-03.00.58:587][  0]UdpMessaging: Initializing bridge on interface 0.0.0.0:0 to multicast group 230.0.0.1:6666.
[2015.03.22-03.00.59:745][  0]SourceControl: Info Source control is disabled
[2015.03.22-03.00.59:754][  0]SourceControl: Info Source control is disabled
[2015.03.22-03.00.59:754][  0]SourceControl: Info Source control is disabled
[2015.03.22-03.00.59:769][  0]SourceControl: Info Source control is disabled
[2015.03.22-03.01.00:767][  0]LogObj: 24235 objects as part of root set at end of initial load.
[2015.03.22-03.01.00:767][  0]LogUObjectAllocator: 5138584 out of 0 bytes used by permanent object pool.
[2015.03.22-03.01.01:400][  0]LogEngine: Initializing Engine...
[2015.03.22-03.01.04:800][  0]LogInit: XAudio2 using 'Speakers (Realtek High Definition Audio)' : 2 channels at 48 kHz using 32 bits per sample (channel mask 0x3)
[2015.03.22-03.01.04:877][  0]LogInit: FAudioDevice initialized.
[2015.03.22-03.01.05:368][  0]LogAIModule: Creating AISystem for world NewWorld
[2015.03.22-03.01.05:498][  0]LogDerivedDataCache: Saved boot cache 0.04s 39MB C:/Users/Andrew/AppData/Local/UnrealEngine/4.7/DerivedDataCache/Boot.ddc.
[2015.03.22-03.01.05:502][  0]LogInit: Texture streaming: Enabled
[2015.03.22-03.01.05:840][  0]LogAnalytics: Creating configured Analytics provider AnalyticsET
[2015.03.22-03.01.05:840][  0]LogAnalytics: ET APIKey = Rocket.Release. APIServer = http://et2.epicgames.com/ET2/. AppVersion = 4.7.3-2479750+++depot+UE4-Releases+4.7
[2015.03.22-03.01.05:840][  0]LogAnalytics: ET APIKey = Rocket.Release. DataRouterUploadURL = https://datarouter-public-service-gamedev.ol.epicgames.net/datarouter/api/v1/public/data. AppVersion = 4.7.3-2479750+++depot+UE4-Releases+4.7
[2015.03.22-03.01.05:840][  0]LogAnalytics: SetUserId df262715488e56d2e7347cb3ad0128ff|b0893ed39cec4f539351ecc697cb62a7|57ad8c8d-cd07-4540-886c-ce663a9fb0f1
[2015.03.22-03.01.05:866][  0]LogAnalytics: AnalyticsET::StartSession [Rocket.Release]
[2015.03.22-03.01.06:014][  0]LogInit: Transaction tracking system initialized
[2015.03.22-03.01.07:106][  0]BlueprintLog: New page: Editor Load
[2015.03.22-03.01.07:312][  0]LogAssetRegistry: FAssetRegistry took 0.0128 seconds to start up
[2015.03.22-03.01.07:313][  0]LogDirectoryWatcher:Warning: Failed to begin reading directory changes for ../../../Engine/Plugins/Experimental/CharacterAI/Content/. Error: 0
[2015.03.22-03.01.09:162][  0]LogTargetPlatformManager:Display: Building Assets For Windows
[2015.03.22-03.01.09:433][  0]LogTargetPlatformManager:Display: Building Assets For Windows
[2015.03.22-03.01.10:385][  0]LogSlate:Warning: Failed to load font data from '../../../Engine/Content/Editor/Slate/Fonts/Roboto-Regular.ttf'
[2015.03.22-03.01.10:386][  0]LogSlate:Warning: Failed to load font data from '../../../Engine/Content/Editor/Slate/Fonts/Roboto-Bold.ttf'
[2015.03.22-03.01.10:460][  0]LogConsoleResponse:Display: 
[2015.03.22-03.01.11:739][  0]LogCook:Display: Done creating registry. It took  0.00s.
[2015.03.22-03.01.12:580][  0]SourceControl: Info Source control is disabled
[2015.03.22-03.01.12:632][  0]Cmd: MAP LOAD FILE="../../../../../../Documents/Andrew/Source/Content/StarterContent/Maps/Minimal_Default.umap" TEMPLATE=0 SHOWPROGRESS=1 FEATURELEVEL=3
[2015.03.22-03.01.12:696][  0]LightingResults: New page: Lighting Build
[2015.03.22-03.01.12:848][  0]MapCheck: New page: Map Check
[2015.03.22-03.01.12:848][  0]LightingResults: New page: Lighting Build
[2015.03.22-03.01.13:058][  0]LogParticles: Destroying 0 GPU particle simulations for FXSystem 0x000000001701A520
[2015.03.22-03.01.15:488][  0]LogEditorServer: Finished looking for orphan Actors (0.000 secs)
[2015.03.22-03.01.15:519][  0]LogAIModule: Creating AISystem for world Minimal_Default
[2015.03.22-03.01.15:557][  0]Cmd: MAP CHECKDEP
[2015.03.22-03.01.15:563][  0]MapCheck: New page: Minimal_Default - Mar 21, 2015, 7:01:15 PM
[2015.03.22-03.01.15:639][  0]MapCheck: Info Map check complete: 0 Error(s), 0 Warning(s), took 81.069ms to complete.
[2015.03.22-03.01.15:639][  0]LogFileHelpers: Loading map 'Minimal_Default' took 3.039
[2015.03.22-03.01.17:058][  0]LogCollectionManager: Loaded 0 collections in 0.001310 seconds
[2015.03.22-03.01.17:106][  0]LogContentBrowser: Native class hierarchy populated in 0.0476 seconds. Added 1697 classes and 263 folders.
[2015.03.22-03.01.17:286][  0]LogContentBrowser: Native class hierarchy updated for 'SceneOutliner' in 0.0030 seconds. Added 1 classes and 2 folders.
[2015.03.22-03.01.17:908][  0]LogCrashTracker: Crashtracker disabled due to settings.
[2015.03.22-03.01.17:973][  0]LogSlate:Warning: Failed to load font data from 'Veranda'
[2015.03.22-03.01.18:049][  0]LogUObjectGlobals:Warning: Failed to find object 'Class None.'
[2015.03.22-03.01.18:151][  0]LogLoad: Full Startup: 59.19 seconds (BP compile: 0.66 seconds)
[2015.03.22-03.01.19:074][  0]LogRenderer:Warning: Reallocating scene render targets to support 32x32 (Frame:2).
[2015.03.22-03.01.19:487][  0]LogRenderer:Warning: Reallocating scene render targets to support 1208x576 (Frame:3).
[2015.03.22-03.01.20:900][  5]LogAssetRegistry: Asset discovery search completed in 13.6011 seconds
[2015.03.22-03.04.25:509][421]LogEditorTransaction: Undo Collapses selected nodes into a single node
[2015.03.22-03.11.19:912][133]LogSavePackage: Save=466.974426ms
[2015.03.22-03.11.19:912][133]LogSavePackage: Moving '../../../../../../Documents/Andrew/Source/Saved/Minimal_Default_Auto16BD5618C430AB578672F29BC1D41EFA2.tmp' to '../../../../../../Documents/Andrew/Source/Saved/Autosaves/Game/StarterContent/Maps/Minimal_Default_Auto1.umap'
[2015.03.22-03.11.19:919][133]LogFileHelpers: Editor autosave (incl. sublevels) for '/Game/StarterContent/Maps/Minimal_Default' took 1.010
[2015.03.22-03.11.19:919][133]LogFileHelpers: Editor autosave (incl. sublevels) for all levels took 1.010
[2015.03.22-03.18.49:840][621]LogUObjectGlobals:Warning: Failed to find object 'Object None.'
[2015.03.22-03.21.26:215][156]LogSavePackage: Save=317.249603ms
[2015.03.22-03.21.26:216][156]LogSavePackage: Moving '../../../../../../Documents/Andrew/Source/Saved/Minimal_Default_Auto2A2EAF1894E0C6D557A1B9488CDB9C5E9.tmp' to '../../../../../../Documents/Andrew/Source/Saved/Autosaves/Game/StarterContent/Maps/Minimal_Default_Auto2.umap'
[2015.03.22-03.21.26:219][156]LogFileHelpers: Editor autosave (incl. sublevels) for '/Game/StarterContent/Maps/Minimal_Default' took 0.425
[2015.03.22-03.21.26:219][156]LogFileHelpers: Editor autosave (incl. sublevels) for all levels took 0.425
[2015.03.22-03.31.27:048][208]LogSavePackage: Save=338.028717ms
[2015.03.22-03.31.27:048][208]LogSavePackage: Moving '../../../../../../Documents/Andrew/Source/Saved/Minimal_Default_Auto3C03F61B345A6F46DB8007686B07DBFC7.tmp' to '../../../../../../Documents/Andrew/Source/Saved/Autosaves/Game/StarterContent/Maps/Minimal_Default_Auto3.umap'
[2015.03.22-03.31.27:052][208]LogFileHelpers: Editor autosave (incl. sublevels) for '/Game/StarterContent/Maps/Minimal_Default' took 0.902
[2015.03.22-03.31.27:052][208]LogFileHelpers: Editor autosave (incl. sublevels) for all levels took 0.902
[2015.03.22-03.36.04:729][293]BlueprintLog: New page: Compile Minimal_Default
[2015.03.22-03.36.04:850][293]BlueprintEditorCompileResults: Info [2145.86] Compile of Minimal_Default successful! [in 120 ms]
[2015.03.22-03.39.18:538][484]LogUObjectGlobals:Warning: Failed to find object 'Object None.'
[2015.03.22-03.41.31:436][997]LogUObjectGlobals:Warning: Failed to find object 'Object None.'
[2015.03.22-03.41.31:436][997]LogUObjectGlobals:Warning: Failed to find object 'Object None.'
[2015.03.22-03.41.31:437][997]LogProperty:Warning: ObjectProperty /Script/Engine.EdGraphPin:LinkedTo.LinkedTo: unresolved reference to 'EdGraphPin'K2Node_CallArrayFunction_18.EdGraphPin_16146''
[2015.03.22-03.41.34:873][290]LogSavePackage: Save=345.313202ms
[2015.03.22-03.41.34:874][290]LogSavePackage: Moving '../../../../../../Documents/Andrew/Source/Saved/Minimal_Default_Auto40AFCB626404CE2DB133BEFA4629416A9.tmp' to '../../../../../../Documents/Andrew/Source/Saved/Autosaves/Game/StarterContent/Maps/Minimal_Default_Auto4.umap'
[2015.03.22-03.41.34:877][290]LogFileHelpers: Editor autosave (incl. sublevels) for '/Game/StarterContent/Maps/Minimal_Default' took 0.892
[2015.03.22-03.41.34:877][290]LogFileHelpers: Editor autosave (incl. sublevels) for all levels took 0.892
[2015.03.22-03.41.37:761][630]LogEditorTransaction: Undo Delete current selection
[2015.03.22-03.43.10:495][326]LogEditorViewport: Clicking on Actor (LMB): Actor (GameBoard)
[2015.03.22-03.43.48:173][511]LogUObjectGlobals:Warning: Failed to find object 'Object None.'
[2015.03.22-03.45.12:525][577]BlueprintLog: New page: Compile Minimal_Default
[2015.03.22-03.45.12:644][577]BlueprintEditorCompileResults: Info [2693.65] Compile of Minimal_Default successful! [in 119 ms]
[2015.03.22-03.51.54:253][638]LogSavePackage: Save=340.395935ms
[2015.03.22-03.51.54:253][638]LogSavePackage: Moving '../../../../../../Documents/Andrew/Source/Saved/Minimal_Default_Auto5A31863784ADCB130F38FFABBF4C11577.tmp' to '../../../../../../Documents/Andrew/Source/Saved/Autosaves/Game/StarterContent/Maps/Minimal_Default_Auto5.umap'
[2015.03.22-03.51.54:257][638]LogFileHelpers: Editor autosave (incl. sublevels) for '/Game/StarterContent/Maps/Minimal_Default' took 0.422
[2015.03.22-03.51.54:257][638]LogFileHelpers: Editor autosave (incl. sublevels) for all levels took 0.422
[2015.03.22-03.54.46:615][857]LogUObjectGlobals:Warning: Failed to find object 'Object None.'
[2015.03.22-03.54.50:290][270]LogUObjectGlobals:Warning: Failed to find object 'Object None.'
[2015.03.22-03.54.53:615][640]LogUObjectGlobals:Warning: Failed to find object 'Object None.'
[2015.03.22-03.54.57:102][ 34]LogUObjectGlobals:Warning: Failed to find object 'Object None.'
[2015.03.22-03.55.13:980][928]LogUObjectGlobals:Warning: Failed to find object 'Object None.'
[2015.03.22-03.57.00:956][352]BlueprintLog: New page: Compile Minimal_Default
[2015.03.22-03.57.01:083][352]BlueprintEditorCompileResults: Info [3402.08] Compile of Minimal_Default successful! [in 126 ms]
[2015.03.22-03.57.04:055][629]LogSavePackage: Save=377.716980ms
[2015.03.22-03.57.04:055][629]LogSavePackage: Moving '../../../../../../Documents/Andrew/Source/Saved/Minimal_DefaultF5C026B74A77984631E4FDB7BD7A23A9.tmp' to '../../../../../../Documents/Andrew/Source/Content/StarterContent/Maps/Minimal_Default.umap'
[2015.03.22-03.57.04:098][629]LogFileHelpers: Saving map 'Minimal_Default' took 0.515
[2015.03.22-03.57.05:503][742]Cmd: QUIT_EDITOR
[2015.03.22-03.57.05:688][742]LogExit: Preparing to exit.
[2015.03.22-03.57.06:814][742]LogExit: Editor shut down
[2015.03.22-03.57.06:814][742]LogExit: Transaction tracking system shut down
[2015.03.22-03.57.06:815][742]LogParticles: Destroying 0 GPU particle simulations for FXSystem 0x000000000D3CBA60
[2015.03.22-03.57.06:815][742]LogParticles: Destroying 0 GPU particle simulations for FXSystem 0x000000003705BA60
[2015.03.22-03.57.06:815][742]LogParticles: Destroying 0 GPU particle simulations for FXSystem 0x0000000016C5CCC0
[2015.03.22-03.57.06:815][742]LogParticles: Destroying 0 GPU particle simulations for FXSystem 0x000000001DE88C20
[2015.03.22-03.57.06:815][742]LogParticles: Destroying 0 GPU particle simulations for FXSystem 0x0000000012655800
[2015.03.22-03.57.06:817][742]LogParticles: Destroying 0 GPU particle simulations for FXSystem 0x0000000006590E00
[2015.03.22-03.57.06:871][742]LogExit: Object subsystem successfully closed.
[2015.03.22-03.57.06:913][742]LogModuleManager: Shutting down and abandoning module CrashTracker (178)
[2015.03.22-03.57.06:913][742]LogModuleManager: Shutting down and abandoning module SuperSearch (177)
[2015.03.22-03.57.06:913][742]LogModuleManager: Shutting down and abandoning module SceneOutliner (176)
[2015.03.22-03.57.06:913][742]LogModuleManager: Shutting down and abandoning module EditorWidgets (175)
[2015.03.22-03.57.06:913][742]LogModuleManager: Shutting down and abandoning module CollectionManager (174)
[2015.03.22-03.57.06:913][742]LogModuleManager: Shutting down and abandoning module StatsViewer (173)
[2015.03.22-03.57.06:913][742]LogModuleManager: Shutting down and abandoning module FoliageEdit (172)
[2015.03.22-03.57.06:913][742]LogModuleManager: Shutting down and abandoning module LandscapeEditor (171)
[2015.03.22-03.57.06:913][742]LogModuleManager: Shutting down and abandoning module MeshPaint (170)
[2015.03.22-03.57.06:913][742]LogModuleManager: Shutting down and abandoning module ActorPickerMode (169)
[2015.03.22-03.57.06:913][742]LogModuleManager: Shutting down and abandoning module GeometryMode (168)
[2015.03.22-03.57.06:913][742]LogModuleManager: Shutting down and abandoning module TextureAlignMode (167)
[2015.03.22-03.57.06:913][742]LogModuleManager: Shutting down and abandoning module BspMode (166)
[2015.03.22-03.57.06:913][742]LogModuleManager: Shutting down and abandoning module PlacementMode (165)
[2015.03.22-03.57.06:913][742]LogModuleManager: Shutting down and abandoning module AutomationWorker (164)
[2015.03.22-03.57.06:913][742]LogModuleManager: Shutting down and abandoning module CharacterAI (163)
[2015.03.22-03.57.06:913][742]LogModuleManager: Shutting down and abandoning module SmartSnapping (162)
[2015.03.22-03.57.06:913][742]LogModuleManager: Shutting down and abandoning module ViewportSnapping (161)
[2015.03.22-03.57.06:913][742]LogModuleManager: Shutting down and abandoning module LogVisualizer (160)
[2015.03.22-03.57.06:913][742]LogModuleManager: Shutting down and abandoning module GameProjectGeneration (159)
[2015.03.22-03.57.06:913][742]LogModuleManager: Shutting down and abandoning module IntroTutorials (158)
[2015.03.22-03.57.06:913][742]LogModuleManager: Shutting down and abandoning module EditorLiveStreaming (157)
[2015.03.22-03.57.06:913][742]LogModuleManager: Shutting down and abandoning module HardwareTargeting (156)
[2015.03.22-03.57.06:913][742]LogModuleManager: Shutting down and abandoning module DeviceProfileEditor (155)
[2015.03.22-03.57.06:913][742]LogModuleManager: Shutting down and abandoning module UndoHistory (154)
[2015.03.22-03.57.06:914][742]LogModuleManager: Shutting down and abandoning module GameplayTagsEditor (153)
[2015.03.22-03.57.06:914][742]LogModuleManager: Shutting down and abandoning module UserFeedback (152)
[2015.03.22-03.57.06:914][742]LogModuleManager: Shutting down and abandoning module XmlParser (151)
[2015.03.22-03.57.06:914][742]LogModuleManager: Shutting down and abandoning module Blutility (150)
[2015.03.22-03.57.06:914][742]LogModuleManager: Shutting down and abandoning module IOSPlatformEditor (149)
[2015.03.22-03.57.06:914][742]LogModuleManager: Shutting down and abandoning module IOSRuntimeSettings (148)
[2015.03.22-03.57.06:914][742]LogModuleManager: Shutting down and abandoning module AndroidDeviceDetection (147)
[2015.03.22-03.57.07:727][742]LogModuleManager: Shutting down and abandoning module AndroidPlatformEditor (146)
[2015.03.22-03.57.07:727][742]LogModuleManager: Shutting down and abandoning module AndroidRuntimeSettings (145)
[2015.03.22-03.57.07:727][742]LogModuleManager: Shutting down and abandoning module ProjectTargetPlatformEditor (144)
[2015.03.22-03.57.07:727][742]LogModuleManager: Shutting down and abandoning module ProjectSettingsViewer (143)
[2015.03.22-03.57.07:727][742]LogModuleManager: Shutting down and abandoning module InputBindingEditor (142)
[2015.03.22-03.57.07:727][742]LogModuleManager: Shutting down and abandoning module EditorSettingsViewer (141)
[2015.03.22-03.57.07:727][742]LogModuleManager: Shutting down and abandoning module SettingsEditor (140)
[2015.03.22-03.57.07:727][742]LogModuleManager: Shutting down and abandoning module ProjectLauncher (139)
[2015.03.22-03.57.07:727][742]LogModuleManager: Shutting down and abandoning module SessionFrontend (138)
[2015.03.22-03.57.07:727][742]LogModuleManager: Shutting down and abandoning module ProfilerClient (137)
[2015.03.22-03.57.07:727][742]LogModuleManager: Shutting down and abandoning module TargetDeviceServices (136)
[2015.03.22-03.57.07:727][742]LogModuleManager: Shutting down and abandoning module DeviceManager (135)
[2015.03.22-03.57.07:727][742]LogModuleManager: Shutting down and abandoning module AutomationController (134)
[2015.03.22-03.57.07:727][742]LogModuleManager: Shutting down and abandoning module AutomationWindow (133)
[2015.03.22-03.57.07:727][742]LogModuleManager: Shutting down and abandoning module Layers (132)
[2015.03.22-03.57.07:727][742]LogModuleManager: Shutting down and abandoning module ComponentVisualizers (131)
[2015.03.22-03.57.07:727][742]LogModuleManager: Shutting down and abandoning module DetailCustomizations (130)
[2015.03.22-03.57.07:727][742]LogModuleManager: Shutting down and abandoning module PackagesDialog (129)
[2015.03.22-03.57.07:727][742]LogModuleManager: Shutting down and abandoning module AssetRegistry (128)
[2015.03.22-03.57.07:740][742]LogModuleManager: Shutting down and abandoning module Persona (127)
[2015.03.22-03.57.07:740][742]LogModuleManager: Shutting down and abandoning module SlateReflector (126)
[2015.03.22-03.57.07:740][742]LogModuleManager: Shutting down and abandoning module LevelEditor (125)
[2015.03.22-03.57.07:741][742]LogModuleManager: Shutting down and abandoning module Kismet (124)
[2015.03.22-03.57.07:741][742]LogModuleManager: Shutting down and abandoning module GraphEditor (123)
[2015.03.22-03.57.07:741][742]LogModuleManager: Shutting down and abandoning module ClassViewer (122)
[2015.03.22-03.57.07:741][742]LogModuleManager: Shutting down and abandoning module Toolbox (121)
[2015.03.22-03.57.07:741][742]LogModuleManager: Shutting down and abandoning module ModuleUI (120)
[2015.03.22-03.57.07:741][742]LogModuleManager: Shutting down and abandoning module MovieSceneTools (119)
[2015.03.22-03.57.07:741][742]LogModuleManager: Shutting down and abandoning module OutputLog (118)
[2015.03.22-03.57.07:741][742]LogModuleManager: Shutting down and abandoning module GammaUI (117)
[2015.03.22-03.57.07:741][742]LogModuleManager: Shutting down and abandoning module Documentation (116)
[2015.03.22-03.57.07:741][742]LogModuleManager: Shutting down and abandoning module GameLiveStreaming (115)
[2015.03.22-03.57.07:741][742]LogModuleManager: Shutting down and abandoning module StreamingPauseRendering (114)
[2015.03.22-03.57.07:741][742]LogModuleManager: Shutting down and abandoning module HTTP (113)
[2015.03.22-03.57.07:741][742]LogModuleManager: Shutting down and abandoning module AnalyticsET (112)
[2015.03.22-03.57.07:741][742]LogModuleManager: Shutting down and abandoning module Analytics (111)
[2015.03.22-03.57.07:741][742]LogModuleManager: Shutting down and abandoning module AITestSuite (110)
[2015.03.22-03.57.07:741][742]LogModuleManager: Shutting down and abandoning module GameplayDebugger (109)
[2015.03.22-03.57.07:741][742]LogModuleManager: Shutting down and abandoning module AIModule (108)
[2015.03.22-03.57.07:741][742]LogModuleManager: Shutting down and abandoning module ProfilerService (107)
[2015.03.22-03.57.07:821][742]LogModuleManager: Shutting down and abandoning module TaskGraph (106)
[2015.03.22-03.57.07:821][742]LogModuleManager: Shutting down and abandoning module SlateRemote (105)
[2015.03.22-03.57.07:821][742]LogModuleManager: Shutting down and abandoning module ScriptEditorPlugin (104)
[2015.03.22-03.57.07:821][742]LogModuleManager: Shutting down and abandoning module CustomMeshComponent (103)
[2015.03.22-03.57.07:821][742]LogModuleManager: Shutting down and abandoning module CableComponent (102)
[2015.03.22-03.57.07:821][742]LogModuleManager: Shutting down and abandoning module MessagingDebugger (101)
[2015.03.22-03.57.07:821][742]LogModuleManager: Shutting down and abandoning module MediaPlayerEditor (100)
[2015.03.22-03.57.07:821][742]LogModuleManager: Shutting down and abandoning module SpeedTreeImporter (99)
[2015.03.22-03.57.07:821][742]LogModuleManager: Shutting down and abandoning module PluginsEditor (98)
[2015.03.22-03.57.07:821][742]LogModuleManager: Shutting down and abandoning module MainFrame (97)
[2015.03.22-03.57.07:822][742]LogModuleManager: Shutting down and abandoning module EpicSurvey (96)
[2015.03.22-03.57.07:822][742]LogModuleManager: Shutting down and abandoning module DesktopPlatform (95)
[2015.03.22-03.57.07:822][742]LogModuleManager: Shutting down and abandoning module DirectoryWatcher (94)
[2015.03.22-03.57.07:823][742]LogModuleManager: Shutting down and abandoning module HotReload (93)
[2015.03.22-03.57.07:823][742]LogModuleManager: Shutting down and abandoning module VisualStudioSourceCodeAccess (92)
[2015.03.22-03.57.07:823][742]LogModuleManager: Shutting down and abandoning module UObjectPlugin (91)
[2015.03.22-03.57.07:823][742]LogModuleManager: Shutting down and abandoning module SubversionSourceControl (90)
[2015.03.22-03.57.07:823][742]LogModuleManager: Shutting down and abandoning module PerforceSourceControl (89)
[2015.03.22-03.57.07:823][742]LogModuleManager: Shutting down and abandoning module SourceControl (88)
[2015.03.22-03.57.07:823][742]LogModuleManager: Shutting down and abandoning module GitSourceControl (87)
[2015.03.22-03.57.07:823][742]LogModuleManager: Shutting down and abandoning module BlankPlugin (86)
[2015.03.22-03.57.07:823][742]LogModuleManager: Shutting down and abandoning module PaperTiledImporter (85)
[2015.03.22-03.57.07:823][742]LogModuleManager: Shutting down and abandoning module PaperJsonImporter (84)
[2015.03.22-03.57.07:823][742]LogModuleManager: Shutting down and abandoning module ContentBrowser (83)
[2015.03.22-03.57.07:825][742]LogModuleManager: Shutting down and abandoning module Paper2DEditor (82)
[2015.03.22-03.57.07:825][742]LogModuleManager: Shutting down and abandoning module MyProject3 (81)
[2015.03.22-03.57.07:825][742]LogModuleManager: Shutting down and abandoning module ScriptPlugin (80)
[2015.03.22-03.57.07:825][742]LogModuleManager: Shutting down and abandoning module UdpMessaging (79)
[2015.03.22-03.57.07:925][742]LogModuleManager: Shutting down and abandoning module Paper2D (78)
[2015.03.22-03.57.07:925][742]LogModuleManager: Shutting down and abandoning module WindowsMoviePlayer (77)
[2015.03.22-03.57.07:926][742]LogModuleManager: Shutting down and abandoning module Media (76)
[2015.03.22-03.57.07:926][742]LogModuleManager: Shutting down and abandoning module WmfMedia (75)
[2015.03.22-03.57.07:927][742]LogModuleManager: Shutting down and abandoning module OnlineBlueprintSupport (74)
[2015.03.22-03.57.07:927][742]LogModuleManager: Shutting down and abandoning module PropertyEditor (73)
[2015.03.22-03.57.07:927][742]LogModuleManager: Shutting down and abandoning module BehaviorTreeEditor (72)
[2015.03.22-03.57.07:927][742]LogModuleManager: Shutting down and abandoning module FunctionalTesting (71)
[2015.03.22-03.57.07:927][742]LogModuleManager: Shutting down and abandoning module CollisionAnalyzer (70)
[2015.03.22-03.57.07:927][742]LogModuleManager: Shutting down and abandoning module WorkspaceMenuStructure (69)
[2015.03.22-03.57.07:927][742]LogModuleManager: Shutting down and abandoning module MessageLog (68)
[2015.03.22-03.57.07:927][742]LogModuleManager: Shutting down and abandoning module Sequencer (67)
[2015.03.22-03.57.07:927][742]LogModuleManager: Shutting down and abandoning module AssetTools (66)
[2015.03.22-03.57.07:927][742]LogModuleManager: Shutting down and abandoning module UMGEditor (65)
[2015.03.22-03.57.07:927][742]LogModuleManager: Shutting down and abandoning module UMG (64)
[2015.03.22-03.57.07:927][742]LogModuleManager: Shutting down and abandoning module Slate (63)
[2015.03.22-03.57.07:927][742]LogModuleManager: Shutting down and abandoning module EditorStyle (62)
[2015.03.22-03.57.07:930][742]LogModuleManager: Shutting down and abandoning module SessionServices (61)
[2015.03.22-03.57.07:930][742]LogModuleManager: Shutting down and abandoning module SourceCodeAccess (60)
[2015.03.22-03.57.07:930][742]LogModuleManager: Shutting down and abandoning module HeadMountedDisplay (59)
[2015.03.22-03.57.07:930][742]LogModuleManager: Shutting down and abandoning module XAudio2 (58)
[2015.03.22-03.57.07:930][742]LogModuleManager: Shutting down and abandoning module Networking (56)
[2015.03.22-03.57.07:930][742]LogModuleManager: Shutting down and abandoning module Core (55)
[2015.03.22-03.57.07:930][742]LogModuleManager: Shutting down and abandoning module KismetCompiler (54)
[2015.03.22-03.57.07:930][742]LogModuleManager: Shutting down and abandoning module PhysXFormats (53)
[2015.03.22-03.57.07:930][742]LogModuleManager: Shutting down and abandoning module MeshUtilities (52)
[2015.03.22-03.57.07:930][742]LogModuleManager: Shutting down and abandoning module DerivedDataCache (51)
[2015.03.22-03.57.07:993][742]LogDerivedDataCache: Shutdown
[2015.03.22-03.57.07:993][742]LogModuleManager: Shutting down and abandoning module ShaderFormatOpenGL (50)
[2015.03.22-03.57.07:993][742]LogModuleManager: Shutting down and abandoning module ShaderFormatD3D (49)
[2015.03.22-03.57.07:993][742]LogModuleManager: Shutting down and abandoning module MetalShaderFormat (48)
[2015.03.22-03.57.07:993][742]LogModuleManager: Shutting down and abandoning module TextureFormatUncompressed (47)
[2015.03.22-03.57.07:993][742]LogModuleManager: Shutting down and abandoning module TextureFormatPVR (46)
[2015.03.22-03.57.07:993][742]LogModuleManager: Shutting down and abandoning module TextureFormatIntelISPCTexComp (45)
[2015.03.22-03.57.07:993][742]LogModuleManager: Shutting down and abandoning module TextureFormatDXT (44)
[2015.03.22-03.57.07:993][742]LogModuleManager: Shutting down and abandoning module ImageWrapper (43)
[2015.03.22-03.57.07:993][742]LogModuleManager: Shutting down and abandoning module TextureFormatASTC (42)
[2015.03.22-03.57.07:993][742]LogModuleManager: Shutting down and abandoning module TextureFormatAndroid (41)
[2015.03.22-03.57.07:993][742]LogModuleManager: Shutting down and abandoning module AudioFormatOpus (40)
[2015.03.22-03.57.07:993][742]LogModuleManager: Shutting down and abandoning module AudioFormatOgg (39)
[2015.03.22-03.57.07:993][742]LogModuleManager: Shutting down and abandoning module AudioFormatADPCM (38)
[2015.03.22-03.57.07:993][742]LogModuleManager: Shutting down and abandoning module LinuxTargetPlatform (37)
[2015.03.22-03.57.07:993][742]LogModuleManager: Shutting down and abandoning module LinuxServerTargetPlatform (36)
[2015.03.22-03.57.07:993][742]LogModuleManager: Shutting down and abandoning module LinuxNoEditorTargetPlatform (35)
[2015.03.22-03.57.07:993][742]LogModuleManager: Shutting down and abandoning module Messaging (34)
[2015.03.22-03.57.07:993][742]LogModuleManager: Shutting down and abandoning module IOSTargetPlatform (33)
[2015.03.22-03.57.07:993][742]LogModuleManager: Shutting down and abandoning module HTML5TargetPlatform (32)
[2015.03.22-03.57.07:993][742]LogModuleManager: Shutting down and abandoning module Android_PVRTCTargetPlatform (31)
[2015.03.22-03.57.07:993][742]LogModuleManager: Shutting down and abandoning module Android_ETC2TargetPlatform (30)
[2015.03.22-03.57.07:993][742]LogModuleManager: Shutting down and abandoning module Android_ETC1TargetPlatform (29)
[2015.03.22-03.57.07:993][742]LogModuleManager: Shutting down and abandoning module Android_ES31TargetPlatform (28)
[2015.03.22-03.57.07:993][742]LogModuleManager: Shutting down and abandoning module Android_DXTTargetPlatform (27)
[2015.03.22-03.57.07:993][742]LogModuleManager: Shutting down and abandoning module Android_ATCTargetPlatform (26)
[2015.03.22-03.57.07:993][742]LogModuleManager: Shutting down and abandoning module AndroidTargetPlatform (25)
[2015.03.22-03.57.07:993][742]LogModuleManager: Shutting down and abandoning module WindowsTargetPlatform (24)
[2015.03.22-03.57.07:993][742]LogModuleManager: Shutting down and abandoning module WindowsServerTargetPlatform (23)
[2015.03.22-03.57.07:993][742]LogModuleManager: Shutting down and abandoning module WindowsNoEditorTargetPlatform (22)
[2015.03.22-03.57.07:993][742]LogModuleManager: Shutting down and abandoning module WindowsClientTargetPlatform (21)
[2015.03.22-03.57.07:993][742]LogModuleManager: Shutting down and abandoning module TargetPlatform (20)
[2015.03.22-03.57.07:993][742]LogModuleManager: Shutting down and abandoning module InputCore (19)
[2015.03.22-03.57.07:993][742]LogModuleManager: Shutting down and abandoning module Settings (18)
[2015.03.22-03.57.07:993][742]LogModuleManager: Shutting down and abandoning module OnlineSubsystem (16)
[2015.03.22-03.57.07:993][742]LogModuleManager: Shutting down and abandoning module OculusRift (15)
[2015.03.22-03.57.07:993][742]LogModuleManager: Shutting down and abandoning module ExampleDeviceProfileSelector (14)
[2015.03.22-03.57.07:993][742]LogModuleManager: Shutting down and abandoning module TextureCompressor (13)
[2015.03.22-03.57.07:993][742]LogModuleManager: Shutting down and abandoning module ShaderCore (12)
[2015.03.22-03.57.07:993][742]LogModuleManager: Shutting down and abandoning module Landscape (11)
[2015.03.22-03.57.07:993][742]LogModuleManager: Shutting down and abandoning module SlateRHIRenderer (10)
[2015.03.22-03.57.07:994][742]LogModuleManager: Shutting down and abandoning module OpenGLDrv (9)
[2015.03.22-03.57.07:994][742]LogModuleManager: Shutting down and abandoning module D3D11RHI (8)
[2015.03.22-03.57.07:994][742]LogModuleManager: Shutting down and abandoning module Renderer (7)
[2015.03.22-03.57.07:994][742]LogModuleManager: Shutting down and abandoning module Engine (6)
[2015.03.22-03.57.07:994][742]LogModuleManager: Shutting down and abandoning module CoreUObject (5)
[2015.03.22-03.57.07:994][742]LogModuleManager: Shutting down and abandoning module NetworkFile (4)
[2015.03.22-03.57.07:994][742]LogModuleManager: Shutting down and abandoning module StreamingFile (3)
[2015.03.22-03.57.07:994][742]LogModuleManager: Shutting down and abandoning module SandboxFile (2)
[2015.03.22-03.57.07:994][742]LogModuleManager: Shutting down and abandoning module PakFile (1)
[2015.03.22-03.57.07:995][742]LogExit: Exiting.
[2015.03.22-03.57.07:998][742]Log file closed, 03/21/15 23:57:07
