Log file open, 03/19/15 10:04:59
LogInit:Display: Running engine for game: MyProject3
LogInit: Version: 4.7.3-2479750+++depot+UE4-Releases+4.7
LogInit: API Version: 2455222
LogInit: Compiled (64-bit): Mar 15 2015 23:20:45
LogInit: Compiled with Visual C++: 18.00.21005.01
LogInit: Build Configuration: Development
LogInit: Branch Name: ++depot+UE4-Releases+4.7
LogInit: Command line:  
LogInit: Base directory: D:/Program Files/Epic Games/4.7/Engine/Binaries/Win64/
LogInit: Rocket: 1
[2015.03.19-14.04.59:913][  0]LogTaskGraph: Started task graph with 3 named threads and 6 total threads.
[2015.03.19-14.04.59:988][  0]LogOnline:Warning: No default platform service specified for OnlineSubsystem
[2015.03.19-14.05.00:161][  0]LogInit: Presizing for 0 objects not considered by GC, pre-allocating 0 bytes.
[2015.03.19-14.05.00:361][  0]LogInit: Object subsystem initialized
[2015.03.19-14.05.00:472][  0]LogConsoleResponse:Warning: Skipping Unknown console variable: 'TranslucentSortAxis = (X=0.000000,Y=-1.000000,Z=0.000000)'
[2015.03.19-14.05.00:472][  0]LogConsoleResponse:Warning:   Found in ini file 'D:/Documents/Andrew/Source/Saved/Config/Windows/Engine.ini', in section '[/Script/Engine.RendererSettings]'
[2015.03.19-14.05.00:473][  0]LogConsoleResponse:Warning: Skipping Unknown console variable: 'UIScaleRule = ShortestSide'
[2015.03.19-14.05.00:473][  0]LogConsoleResponse:Warning:   Found in ini file 'D:/Documents/Andrew/Source/Saved/Config/Windows/Engine.ini', in section '[/Script/Engine.RendererSettings]'
[2015.03.19-14.05.00:473][  0]LogConsoleResponse:Warning: Skipping Unknown console variable: 'UIScaleCurve = (EditorCurveData=(Keys=),ExternalCurve=None)'
[2015.03.19-14.05.00:473][  0]LogConsoleResponse:Warning:   Found in ini file 'D:/Documents/Andrew/Source/Saved/Config/Windows/Engine.ini', in section '[/Script/Engine.RendererSettings]'
[2015.03.19-14.05.00:518][  0]LogInit: Selected Device Profile: [Windows]
[2015.03.19-14.05.00:523][  0]LogInit: Applying CVar settings loaded from the selected device profile: [Windows]
[2015.03.19-14.05.00:621][  0]LogInit: Computer: TESLA
[2015.03.19-14.05.00:621][  0]LogInit: User: Andrew
[2015.03.19-14.05.00:621][  0]LogInit: CPU Page size=4096, Cores=4
[2015.03.19-14.05.00:621][  0]LogInit: High frequency timer resolution =3.320361 MHz
[2015.03.19-14.05.00:622][  0]LogMemory: Memory total: Physical=7.9GB (8GB approx) Virtual=8192.0GB
[2015.03.19-14.05.00:622][  0]LogMemory: Platform Memory Stats for Windows
[2015.03.19-14.05.00:622][  0]LogMemory: Process Physical Memory: 48.00 MB used, 48.00 MB peak
[2015.03.19-14.05.00:622][  0]LogMemory: Process Virtual Memory: 28.42 MB used, 28.42 MB peak
[2015.03.19-14.05.00:622][  0]LogMemory: Physical Memory: 3404.27 MB used, 8133.13 MB total
[2015.03.19-14.05.00:622][  0]LogMemory: Virtual Memory: 294.29 MB used, 8388608.00 MB total
[2015.03.19-14.05.00:692][  0]LogD3D11RHI: Found D3D11 adapter 0: NVIDIA GeForce GTX 760 (Feature Level 11_0)
[2015.03.19-14.05.00:692][  0]LogD3D11RHI: Adapter has 1990MB of dedicated video memory, 0MB of dedicated system memory, and 2048MB of shared system memory, 1 output[s]
[2015.03.19-14.05.00:692][  0]LogD3D11RHI: Chosen D3D11 Adapter Id = 0
[2015.03.19-14.05.00:712][  0]LogRHI: Texture pool is 1361 MB (70% of 1945 MB)
[2015.03.19-14.05.00:722][  0]LogD3D11RHI: Async texture creation enabled
[2015.03.19-14.05.02:230][  0]LogTextLocalizationManager: The requested culture ('en_US') has no localization data; parent culture's ('en') localization data will be used.
[2015.03.19-14.05.02:427][  0]LogTextLocalizationManager:Warning: Loading localization resources contain conflicting entries for (Namespace:UICommands, Key:Save_ToolTip):
Resource: (D:/Program Files/Epic Games/4.7/Engine/Content/Localization/Editor/en/Editor.locres) Hash: (-29098895) String: (Saves the current level to disk)
Resource: (D:/Program Files/Epic Games/4.7/Engine/Content/Localization/Engine/en/Engine.locres) Hash: (-1280300587) String: (Save selected data to vlog file)
[2015.03.19-14.05.02:427][  0]LogTextLocalizationManager:Warning: Loading localization resources contain conflicting entries for (Namespace:ContentBrowser, Key:ImportAssetToolTip):
Resource: (D:/Program Files/Epic Games/4.7/Engine/Content/Localization/Editor/en/Editor.locres) Hash: (-630476809) String: (Import to {0}...)
Resource: (D:/Program Files/Epic Games/4.7/Engine/Content/Localization/Editor/en/Editor.locres) Hash: (1271782899) String: (Imports an asset from file to this folder.)
[2015.03.19-14.05.02:506][  0]LogContentStreaming: Texture pool size is 0.000000MB
[2015.03.19-14.05.07:300][  0]LogTargetPlatformManager:Display: Building Assets For Windows
[2015.03.19-14.05.08:129][  0]LogTargetPlatformManager:Display: Building Assets For Windows
[2015.03.19-14.05.08:238][  0]LogDerivedDataCache:Display: Max Cache Size: 512 MB
[2015.03.19-14.05.08:339][  0]LogDerivedDataCache: Loaded boot cache 0.10s 39MB C:/Users/Andrew/AppData/Local/UnrealEngine/4.7/DerivedDataCache/Boot.ddc.
[2015.03.19-14.05.08:339][  0]LogDerivedDataCache:Display: Loaded Boot cache: C:/Users/Andrew/AppData/Local/UnrealEngine/4.7/DerivedDataCache/Boot.ddc
[2015.03.19-14.05.08:339][  0]LogDerivedDataCache: FDerivedDataBackendGraph:  Pak pak cache file ../../../../../../Documents/Andrew/Source/DerivedDataCache/DDC.ddp not found, will not use a pak cache.
[2015.03.19-14.05.08:339][  0]LogDerivedDataCache: Unable to find inner node Pak for hierarchical cache Hierarchy.
[2015.03.19-14.05.08:535][  0]LogDerivedDataCache:Display: Pak cache opened for reading ../../../Engine/DerivedDataCache/Compressed.ddp.
[2015.03.19-14.05.08:547][  0]LogDerivedDataCache: Using Local data cache path C:/Users/Andrew/AppData/Local/UnrealEngine/Common/DerivedDataCache: Writable
[2015.03.19-14.05.14:351][  0]LogMeshUtilities: No automatic mesh reduction module available
[2015.03.19-14.05.14:351][  0]LogMeshUtilities: No automatic mesh merging module available
[2015.03.19-14.05.18:229][  0]LogInit: WinSock: version 1.1 (2.2), MaxSocks=32767, MaxUdp=65467
[2015.03.19-14.05.18:609][  0]LogSlate:Warning: Failed to load font data from '../../../Engine/Content/Slate/Fonts/Roboto-Italic.ttf'
[2015.03.19-14.05.32:720][  0]UdpMessaging: Initializing bridge on interface 0.0.0.0:0 to multicast group 230.0.0.1:6666.
[2015.03.19-14.05.33:802][  0]SourceControl: Info Source control is disabled
[2015.03.19-14.05.33:809][  0]SourceControl: Info Source control is disabled
[2015.03.19-14.05.33:809][  0]SourceControl: Info Source control is disabled
[2015.03.19-14.05.33:826][  0]SourceControl: Info Source control is disabled
[2015.03.19-14.05.34:913][  0]LogObj: 24235 objects as part of root set at end of initial load.
[2015.03.19-14.05.34:913][  0]LogUObjectAllocator: 5138584 out of 0 bytes used by permanent object pool.
[2015.03.19-14.05.35:566][  0]LogEngine: Initializing Engine...
[2015.03.19-14.05.39:176][  0]LogInit: XAudio2 using 'Speakers (Realtek High Definition Audio)' : 2 channels at 48 kHz using 32 bits per sample (channel mask 0x3)
[2015.03.19-14.05.39:257][  0]LogInit: FAudioDevice initialized.
[2015.03.19-14.05.39:744][  0]LogAIModule: Creating AISystem for world NewWorld
[2015.03.19-14.05.39:881][  0]LogDerivedDataCache: Saved boot cache 0.04s 39MB C:/Users/Andrew/AppData/Local/UnrealEngine/4.7/DerivedDataCache/Boot.ddc.
[2015.03.19-14.05.39:885][  0]LogInit: Texture streaming: Enabled
[2015.03.19-14.05.40:239][  0]LogAnalytics: Creating configured Analytics provider AnalyticsET
[2015.03.19-14.05.40:239][  0]LogAnalytics: ET APIKey = Rocket.Release. APIServer = http://et2.epicgames.com/ET2/. AppVersion = 4.7.3-2479750+++depot+UE4-Releases+4.7
[2015.03.19-14.05.40:239][  0]LogAnalytics: ET APIKey = Rocket.Release. DataRouterUploadURL = https://datarouter-public-service-gamedev.ol.epicgames.net/datarouter/api/v1/public/data. AppVersion = 4.7.3-2479750+++depot+UE4-Releases+4.7
[2015.03.19-14.05.40:240][  0]LogAnalytics: SetUserId df262715488e56d2e7347cb3ad0128ff|b0893ed39cec4f539351ecc697cb62a7|57ad8c8d-cd07-4540-886c-ce663a9fb0f1
[2015.03.19-14.05.40:265][  0]LogAnalytics: AnalyticsET::StartSession [Rocket.Release]
[2015.03.19-14.05.40:391][  0]LogInit: Transaction tracking system initialized
[2015.03.19-14.05.41:391][  0]BlueprintLog: New page: Editor Load
[2015.03.19-14.05.41:555][  0]LogAssetRegistry: FAssetRegistry took 0.0120 seconds to start up
[2015.03.19-14.05.41:557][  0]LogDirectoryWatcher:Warning: Failed to begin reading directory changes for ../../../Engine/Plugins/Experimental/CharacterAI/Content/. Error: 0
[2015.03.19-14.05.44:479][  0]LogTargetPlatformManager:Display: Building Assets For Windows
[2015.03.19-14.05.44:818][  0]LogTargetPlatformManager:Display: Building Assets For Windows
[2015.03.19-14.05.45:998][  0]LogSlate:Warning: Failed to load font data from '../../../Engine/Content/Editor/Slate/Fonts/Roboto-Regular.ttf'
[2015.03.19-14.05.46:000][  0]LogSlate:Warning: Failed to load font data from '../../../Engine/Content/Editor/Slate/Fonts/Roboto-Bold.ttf'
[2015.03.19-14.05.46:097][  0]LogConsoleResponse:Display: 
[2015.03.19-14.05.49:216][  0]LogCook:Display: Done creating registry. It took  0.00s.
[2015.03.19-14.05.50:124][  0]SourceControl: Info Source control is disabled
[2015.03.19-14.05.50:176][  0]Cmd: MAP LOAD FILE="../../../../../../Documents/Andrew/Source/Content/StarterContent/Maps/Minimal_Default.umap" TEMPLATE=0 SHOWPROGRESS=1 FEATURELEVEL=3
[2015.03.19-14.05.50:233][  0]LightingResults: New page: Lighting Build
[2015.03.19-14.05.50:392][  0]MapCheck: New page: Map Check
[2015.03.19-14.05.50:392][  0]LightingResults: New page: Lighting Build
[2015.03.19-14.05.50:579][  0]LogParticles: Destroying 0 GPU particle simulations for FXSystem 0x000000001133E520
[2015.03.19-14.05.52:831][  0]LogEditorServer: Finished looking for orphan Actors (0.000 secs)
[2015.03.19-14.05.52:863][  0]LogAIModule: Creating AISystem for world Minimal_Default
[2015.03.19-14.05.52:901][  0]Cmd: MAP CHECKDEP
[2015.03.19-14.05.52:907][  0]MapCheck: New page: Minimal_Default - Mar 19, 2015, 6:05:52 AM
[2015.03.19-14.05.53:021][  0]MapCheck: Info Map check complete: 0 Error(s), 0 Warning(s), took 119.84ms to complete.
[2015.03.19-14.05.53:021][  0]LogFileHelpers: Loading map 'Minimal_Default' took 2.878
[2015.03.19-14.05.54:623][  0]LogCollectionManager: Loaded 0 collections in 0.001842 seconds
[2015.03.19-14.05.54:688][  0]LogContentBrowser: Native class hierarchy populated in 0.0646 seconds. Added 1697 classes and 263 folders.
[2015.03.19-14.05.54:894][  0]LogContentBrowser: Native class hierarchy updated for 'SceneOutliner' in 0.0113 seconds. Added 1 classes and 2 folders.
[2015.03.19-14.05.55:596][  0]LogCrashTracker: Crashtracker disabled due to settings.
[2015.03.19-14.05.55:661][  0]LogSlate:Warning: Failed to load font data from 'Veranda'
[2015.03.19-14.05.55:760][  0]LogUObjectGlobals:Warning: Failed to find object 'Class None.'
[2015.03.19-14.05.55:862][  0]LogLoad: Full Startup: 64.27 seconds (BP compile: 0.64 seconds)
[2015.03.19-14.05.56:306][  0]LogContentBrowser:Verbose: The content browser source was changed by the sources view to '/Game/GraphicalDesign'
[2015.03.19-14.05.56:973][  0]LogRenderer:Warning: Reallocating scene render targets to support 32x32 (Frame:2).
[2015.03.19-14.05.57:381][  0]LogRenderer:Warning: Reallocating scene render targets to support 1208x576 (Frame:3).
[2015.03.19-14.05.58:472][  4]LogAssetRegistry: Asset discovery search completed in 16.9284 seconds
[2015.03.19-14.06.05:484][162]LogContentBrowser:Verbose: The content browser source was changed by the sources view to '/Classes_Game'
[2015.03.19-14.06.08:422][512]LogContentBrowser:Verbose: The content browser source was changed by the sources view to '/Classes_Game/MyProject3'
[2015.03.19-14.06.16:500][444]LogContentBrowser:Verbose: The content browser source was changed by the sources view to '/Classes_Game'
[2015.03.19-14.07.01:139][507]LogContentBrowser:Verbose: The content browser source was changed by the sources view to '/Classes_Game/MyProject3'
[2015.03.19-14.07.02:114][624]LogContentBrowser:Verbose: The content browser source was changed by the sources view to '/Classes_Game'
[2015.03.19-14.15.56:631][637]LogBlueprint:Warning: [compiler] Warning ReturnNode Exec pin has no connections on  EdGraphPin_13948 
[2015.03.19-14.15.56:634][637]LogBlueprint:Warning: [compiler] Warning [0665.04] Compile of Minimal_Default successful, but with 1 Warning(s) [in 25 ms]
[2015.03.19-14.15.56:635][637]LogBlueprint:Warning: [compiler] Warning [0665.04] Compile of Minimal_Default successful, but with 2 Warning(s) [in 0 ms]
[2015.03.19-14.15.56:719][637]LogBlueprint:Warning: [compiler] Warning [0665.12] Compile of Minimal_Default successful, but with 3 Warning(s) [in 84 ms]
[2015.03.19-14.15.56:726][637]LogBlueprint:Warning: [compiler] Warning [0665.13] Compile of Minimal_Default successful, but with 4 Warning(s) [in 6 ms]
[2015.03.19-14.15.56:726][637]LogBlueprint:Warning: [compiler] Warning [0665.13] Compile of Minimal_Default successful, but with 5 Warning(s) [in 0 ms]
[2015.03.19-14.15.56:727][637]LogBlueprint:Warning: [compiler] Warning [0665.13] Compile of Minimal_Default successful, but with 6 Warning(s) [in 0 ms]
[2015.03.19-14.15.56:818][637]LogSavePackage: Save=218.252777ms
[2015.03.19-14.15.56:818][637]LogSavePackage: Moving '../../../../../../Documents/Andrew/Source/Saved/Minimal_Default_Auto162BA277E4D230BDF3712B1802AC838F6.tmp' to '../../../../../../Documents/Andrew/Source/Saved/Autosaves/Game/StarterContent/Maps/Minimal_Default_Auto1.umap'
[2015.03.19-14.15.56:826][637]LogFileHelpers: Editor autosave (incl. sublevels) for '/Game/StarterContent/Maps/Minimal_Default' took 1.046
[2015.03.19-14.15.56:826][637]LogFileHelpers: Editor autosave (incl. sublevels) for all levels took 1.046
[2015.03.19-14.18.08:228][849]LogBlueprint:Warning: [compiler] Warning ReturnNode Exec pin has no connections on  EdGraphPin_13948 
[2015.03.19-14.18.08:230][849]LogBlueprint:Warning: [compiler] Warning [0796.63] Compile of Minimal_Default successful, but with 1 Warning(s) [in 11 ms]
[2015.03.19-14.18.08:231][849]LogBlueprint:Warning: [compiler] Warning [0796.63] Compile of Minimal_Default successful, but with 2 Warning(s) [in 0 ms]
[2015.03.19-14.18.08:271][849]LogBlueprint:Warning: [compiler] Warning [0796.67] Compile of Minimal_Default successful, but with 3 Warning(s) [in 40 ms]
[2015.03.19-14.18.08:275][849]LogBlueprint:Warning: [compiler] Warning [0796.68] Compile of Minimal_Default successful, but with 4 Warning(s) [in 4 ms]
[2015.03.19-14.18.08:275][849]LogBlueprint:Warning: [compiler] Warning [0796.68] Compile of Minimal_Default successful, but with 5 Warning(s) [in 0 ms]
[2015.03.19-14.18.08:275][849]LogBlueprint:Warning: [compiler] Warning [0796.68] Compile of Minimal_Default successful, but with 6 Warning(s) [in 0 ms]
[2015.03.19-14.19.50:400][961]BlueprintLog: New page: Compile Minimal_Default
[2015.03.19-14.19.50:412][961]LogBlueprint:Warning: [compiler] Warning ReturnNode Exec pin has no connections on  EdGraphPin_13948 
[2015.03.19-14.19.50:455][961]LogBlueprint:Warning: [compiler] Warning [0898.85] Compile of Minimal_Default successful, but with 1 Warning(s) [in 54 ms]
[2015.03.19-14.19.50:455][961]BlueprintEditorCompileResults:Warning: Warning ReturnNode Exec pin has no connections on  EdGraphPin_13948 
[2015.03.19-14.19.50:455][961]BlueprintEditorCompileResults:Warning: Warning [0898.85] Compile of Minimal_Default successful, but with 1 Warning(s) [in 54 ms]
[2015.03.19-14.25.59:484][966]LogBlueprint:Warning: [compiler] Warning ReturnNode Exec pin has no connections on  EdGraphPin_13948 
[2015.03.19-14.25.59:486][966]LogBlueprint:Warning: [compiler] Warning [1267.88] Compile of Minimal_Default successful, but with 1 Warning(s) [in 11 ms]
[2015.03.19-14.25.59:486][966]LogBlueprint:Warning: [compiler] Warning [1267.88] Compile of Minimal_Default successful, but with 2 Warning(s) [in 0 ms]
[2015.03.19-14.25.59:508][966]LogBlueprint:Warning: [compiler] Warning [1267.90] Compile of Minimal_Default successful, but with 3 Warning(s) [in 21 ms]
[2015.03.19-14.25.59:511][966]LogBlueprint:Warning: [compiler] Warning [1267.90] Compile of Minimal_Default successful, but with 4 Warning(s) [in 3 ms]
[2015.03.19-14.25.59:512][966]LogBlueprint:Warning: [compiler] Warning [1267.91] Compile of Minimal_Default successful, but with 5 Warning(s) [in 0 ms]
[2015.03.19-14.25.59:512][966]LogBlueprint:Warning: [compiler] Warning [1267.91] Compile of Minimal_Default successful, but with 6 Warning(s) [in 0 ms]
[2015.03.19-14.25.59:577][966]LogSavePackage: Save=107.179909ms
[2015.03.19-14.25.59:577][966]LogSavePackage: Moving '../../../../../../Documents/Andrew/Source/Saved/Minimal_Default_Auto2A2FE499B42C28E82A137F2AEB908F123.tmp' to '../../../../../../Documents/Andrew/Source/Saved/Autosaves/Game/StarterContent/Maps/Minimal_Default_Auto2.umap'
[2015.03.19-14.25.59:581][966]LogFileHelpers: Editor autosave (incl. sublevels) for '/Game/StarterContent/Maps/Minimal_Default' took 0.637
[2015.03.19-14.25.59:581][966]LogFileHelpers: Editor autosave (incl. sublevels) for all levels took 0.637
[2015.03.19-14.26.48:801][ 42]LogUObjectGlobals:Warning: Failed to find object 'Object None.'
[2015.03.19-14.29.44:835][527]BlueprintLog: New page: Compile Minimal_Default
[2015.03.19-14.29.44:889][527]BlueprintEditorCompileResults: Info [1493.28] Compile of Minimal_Default successful! [in 54 ms]
[2015.03.19-14.32.28:928][187]LogUObjectGlobals:Warning: Failed to find object 'Object None.'
[2015.03.19-14.33.42:521][998]BlueprintLog: New page: Compile Minimal_Default
[2015.03.19-14.33.42:576][998]BlueprintEditorCompileResults: Info [1730.96] Compile of Minimal_Default successful! [in 54 ms]
[2015.03.19-14.33.46:580][461]BlueprintLog: New page: Compile Minimal_Default
[2015.03.19-14.33.46:635][461]BlueprintEditorCompileResults: Info [1735.02] Compile of Minimal_Default successful! [in 54 ms]
[2015.03.19-14.33.55:499][471]LogSavePackage: Save=114.676384ms
[2015.03.19-14.33.55:499][471]LogSavePackage: Moving '../../../../../../Documents/Andrew/Source/Saved/Minimal_DefaultFB795C3149C1C17B2312099A51FFB5D8.tmp' to '../../../../../../Documents/Andrew/Source/Content/StarterContent/Maps/Minimal_Default.umap'
[2015.03.19-14.33.55:536][471]LogFileHelpers: Saving map 'Minimal_Default' took 0.235
[2015.03.19-14.36.02:555][215]LogTemp: Dropped RegionDiameter on Category Coordinates
[2015.03.19-14.43.55:848][661]LogSavePackage: Save=117.137260ms
[2015.03.19-14.43.55:848][661]LogSavePackage: Moving '../../../../../../Documents/Andrew/Source/Saved/Minimal_Default_Auto30EC478794A96832F754EB6B55409671D.tmp' to '../../../../../../Documents/Andrew/Source/Saved/Autosaves/Game/StarterContent/Maps/Minimal_Default_Auto3.umap'
[2015.03.19-14.43.55:852][661]LogFileHelpers: Editor autosave (incl. sublevels) for '/Game/StarterContent/Maps/Minimal_Default' took 0.187
[2015.03.19-14.43.55:852][661]LogFileHelpers: Editor autosave (incl. sublevels) for all levels took 0.187
[2015.03.19-14.53.58:972][745]LogSavePackage: Save=123.699203ms
[2015.03.19-14.53.58:972][745]LogSavePackage: Moving '../../../../../../Documents/Andrew/Source/Saved/Minimal_Default_Auto48C61F72E4FEC465FDE20159D233AEC65.tmp' to '../../../../../../Documents/Andrew/Source/Saved/Autosaves/Game/StarterContent/Maps/Minimal_Default_Auto4.umap'
[2015.03.19-14.53.58:976][745]LogFileHelpers: Editor autosave (incl. sublevels) for '/Game/StarterContent/Maps/Minimal_Default' took 0.208
[2015.03.19-14.53.58:976][745]LogFileHelpers: Editor autosave (incl. sublevels) for all levels took 0.208
[2015.03.19-15.01.34:048][100]LogUObjectGlobals:Warning: Failed to find object 'Object None.'
[2015.03.19-15.04.09:772][589]LogSavePackage: Save=265.494019ms
[2015.03.19-15.04.09:774][589]LogSavePackage: Moving '../../../../../../Documents/Andrew/Source/Saved/Minimal_Default_Auto58258F2E247BD2DE24C4743AA65371DCC.tmp' to '../../../../../../Documents/Andrew/Source/Saved/Autosaves/Game/StarterContent/Maps/Minimal_Default_Auto5.umap'
[2015.03.19-15.04.09:803][589]LogFileHelpers: Editor autosave (incl. sublevels) for '/Game/StarterContent/Maps/Minimal_Default' took 0.855
[2015.03.19-15.04.09:803][589]LogFileHelpers: Editor autosave (incl. sublevels) for all levels took 0.855
[2015.03.19-15.07.14:230][920]LogUObjectGlobals:Warning: Failed to find object 'Object None.'
[2015.03.19-15.07.44:035][469]BlueprintLog: New page: Compile Minimal_Default
[2015.03.19-15.07.44:101][469]BlueprintEditorCompileResults: Info [3772.46] Compile of Minimal_Default successful! [in 65 ms]
[2015.03.19-15.10.15:574][255]BlueprintLog: New page: Compile Minimal_Default
[2015.03.19-15.10.15:595][255]LogBlueprint:Warning: [compiler] Warning ReturnNode Exec pin has no connections on  EdGraphPin_15171 
[2015.03.19-15.10.15:643][255]LogBlueprint:Warning: [compiler] Warning [3924.00] Compile of Minimal_Default successful, but with 1 Warning(s) [in 69 ms]
[2015.03.19-15.10.15:643][255]BlueprintEditorCompileResults:Warning: Warning ReturnNode Exec pin has no connections on  EdGraphPin_15171 
[2015.03.19-15.10.15:643][255]BlueprintEditorCompileResults:Warning: Warning [3924.00] Compile of Minimal_Default successful, but with 1 Warning(s) [in 69 ms]
[2015.03.19-15.11.03:657][351]LogUObjectGlobals:Warning: Failed to find object 'Object None.'
[2015.03.19-15.11.06:266][658]LogUObjectGlobals:Warning: Failed to find object 'Object None.'
[2015.03.19-15.11.46:647][346]LogUObjectGlobals:Warning: Failed to find object 'Object None.'
[2015.03.19-15.11.48:272][534]LogUObjectGlobals:Warning: Failed to find object 'Object None.'
[2015.03.19-15.12.40:613][701]LogUObjectGlobals:Warning: Failed to find object 'Object None.'
[2015.03.19-15.12.42:281][895]LogUObjectGlobals:Warning: Failed to find object 'Object None.'
[2015.03.19-15.14.10:706][455]LogBlueprint:Warning: [compiler] Warning ReturnNode Exec pin has no connections on  EdGraphPin_15171 
[2015.03.19-15.14.10:709][455]LogBlueprint:Warning: [compiler] Warning [4159.06] Compile of Minimal_Default successful, but with 1 Warning(s) [in 20 ms]
[2015.03.19-15.14.10:709][455]LogBlueprint:Warning: [compiler] Warning [4159.06] Compile of Minimal_Default successful, but with 2 Warning(s) [in 0 ms]
[2015.03.19-15.14.10:733][455]LogBlueprint:Warning: [compiler] Warning [4159.08] Compile of Minimal_Default successful, but with 3 Warning(s) [in 23 ms]
[2015.03.19-15.14.10:738][455]LogBlueprint:Warning: [compiler] Warning [4159.09] Compile of Minimal_Default successful, but with 4 Warning(s) [in 4 ms]
[2015.03.19-15.14.10:738][455]LogBlueprint:Warning: [compiler] Warning [4159.09] Compile of Minimal_Default successful, but with 5 Warning(s) [in 0 ms]
[2015.03.19-15.14.10:738][455]LogBlueprint:Warning: [compiler] Warning [4159.09] Compile of Minimal_Default successful, but with 6 Warning(s) [in 0 ms]
[2015.03.19-15.14.10:923][455]LogSavePackage: Save=245.673889ms
[2015.03.19-15.14.10:923][455]LogSavePackage: Moving '../../../../../../Documents/Andrew/Source/Saved/Minimal_Default_Auto69E7348764392D7610F634B810419DC2E.tmp' to '../../../../../../Documents/Andrew/Source/Saved/Autosaves/Game/StarterContent/Maps/Minimal_Default_Auto6.umap'
[2015.03.19-15.14.10:937][455]LogFileHelpers: Editor autosave (incl. sublevels) for '/Game/StarterContent/Maps/Minimal_Default' took 0.385
[2015.03.19-15.14.10:937][455]LogFileHelpers: Editor autosave (incl. sublevels) for all levels took 0.385
[2015.03.19-15.17.32:947][717]LogUObjectGlobals:Warning: Failed to find object 'Object None.'
[2015.03.19-15.17.41:806][756]LogUObjectGlobals:Warning: Failed to find object 'Object None.'
[2015.03.19-15.18.22:346][566]LogUObjectGlobals:Warning: Failed to find object 'Object None.'
[2015.03.19-15.24.11:713][578]LogBlueprint:Warning: [compiler] Warning ReturnNode Exec pin has no connections on  EdGraphPin_15171 
[2015.03.19-15.24.11:716][578]LogBlueprint:Warning: [compiler] Warning [4760.06] Compile of Minimal_Default successful, but with 1 Warning(s) [in 20 ms]
[2015.03.19-15.24.11:717][578]LogBlueprint:Warning: [compiler] Warning [4760.06] Compile of Minimal_Default successful, but with 2 Warning(s) [in 0 ms]
[2015.03.19-15.24.11:741][578]LogBlueprint:Warning: [compiler] Warning [4760.08] Compile of Minimal_Default successful, but with 3 Warning(s) [in 24 ms]
[2015.03.19-15.24.11:745][578]LogBlueprint:Warning: [compiler] Warning [4760.08] Compile of Minimal_Default successful, but with 4 Warning(s) [in 4 ms]
[2015.03.19-15.24.11:746][578]LogBlueprint:Warning: [compiler] Warning [4760.09] Compile of Minimal_Default successful, but with 5 Warning(s) [in 0 ms]
[2015.03.19-15.24.11:746][578]LogBlueprint:Warning: [compiler] Warning [4760.09] Compile of Minimal_Default successful, but with 6 Warning(s) [in 0 ms]
[2015.03.19-15.24.11:893][578]LogSavePackage: Save=205.828217ms
[2015.03.19-15.24.11:894][578]LogSavePackage: Moving '../../../../../../Documents/Andrew/Source/Saved/Minimal_Default_Auto75B29EF8941BD33E1DDCE319CC89F1F8D.tmp' to '../../../../../../Documents/Andrew/Source/Saved/Autosaves/Game/StarterContent/Maps/Minimal_Default_Auto7.umap'
[2015.03.19-15.24.11:897][578]LogFileHelpers: Editor autosave (incl. sublevels) for '/Game/StarterContent/Maps/Minimal_Default' took 0.290
[2015.03.19-15.24.11:897][578]LogFileHelpers: Editor autosave (incl. sublevels) for all levels took 0.290
[2015.03.19-15.28.52:879][144]LogUObjectGlobals:Warning: Failed to find object 'Object None.'
[2015.03.19-15.29.36:453][344]LogUObjectGlobals:Warning: Failed to find object 'Object None.'
[2015.03.19-15.32.56:325][764]LogUObjectGlobals:Warning: Failed to find object 'Object None.'
[2015.03.19-15.33.00:633][273]LogUObjectGlobals:Warning: Failed to find object 'Object None.'
[2015.03.19-15.33.19:069][194]LogBlueprint:Warning: [compiler] Warning ReturnNode Exec pin has no connections on  EdGraphPin_15171 
[2015.03.19-15.33.19:081][194]LogBlueprint:Error: [compiler] Error  Xn  of type Float doesn't match the property Xn of type Array of FloatProperty
[2015.03.19-15.33.19:184][194]LogBlueprint:Warning: [compiler] Warning [5307.52] Compile of Minimal_Default failed. 1 Fatal Issue(s) 1 Warning(s) [in 134 ms]
[2015.03.19-15.33.19:185][194]LogBlueprint:Warning: [compiler] Warning [5307.52] Compile of Minimal_Default failed. 1 Fatal Issue(s) 2 Warning(s) [in 0 ms]
[2015.03.19-15.33.19:185][194]LogBlueprint:Warning: [compiler] Warning [5307.52] Compile of Minimal_Default failed. 1 Fatal Issue(s) 3 Warning(s) [in 0 ms]
[2015.03.19-15.33.19:190][194]LogBlueprint:Warning: [compiler] Warning [5307.52] Compile of Minimal_Default failed. 1 Fatal Issue(s) 4 Warning(s) [in 5 ms]
[2015.03.19-15.33.19:190][194]LogBlueprint:Warning: [compiler] Warning [5307.52] Compile of Minimal_Default failed. 1 Fatal Issue(s) 5 Warning(s) [in 0 ms]
[2015.03.19-15.33.19:190][194]LogBlueprint:Warning: [compiler] Warning [5307.52] Compile of Minimal_Default failed. 1 Fatal Issue(s) 6 Warning(s) [in 0 ms]
[2015.03.19-15.33.44:438][ 61]LogBlueprint:Warning: [compiler] Warning ReturnNode Exec pin has no connections on  EdGraphPin_15171 
[2015.03.19-15.33.44:441][ 61]LogBlueprint:Warning: [compiler] Warning [5332.77] Compile of Minimal_Default successful, but with 1 Warning(s) [in 20 ms]
[2015.03.19-15.33.44:442][ 61]LogBlueprint:Warning: [compiler] Warning [5332.77] Compile of Minimal_Default successful, but with 2 Warning(s) [in 0 ms]
[2015.03.19-15.33.44:469][ 61]LogBlueprint:Warning: [compiler] Warning [5332.80] Compile of Minimal_Default successful, but with 3 Warning(s) [in 27 ms]
[2015.03.19-15.33.44:474][ 61]LogBlueprint:Warning: [compiler] Warning [5332.80] Compile of Minimal_Default successful, but with 4 Warning(s) [in 5 ms]
[2015.03.19-15.33.44:475][ 61]LogBlueprint:Warning: [compiler] Warning [5332.81] Compile of Minimal_Default successful, but with 5 Warning(s) [in 0 ms]
[2015.03.19-15.33.44:475][ 61]LogBlueprint:Warning: [compiler] Warning [5332.81] Compile of Minimal_Default successful, but with 6 Warning(s) [in 0 ms]
[2015.03.19-15.33.47:329][384]LogBlueprint:Warning: [compiler] Warning ReturnNode Exec pin has no connections on  EdGraphPin_15171 
[2015.03.19-15.33.47:333][384]LogBlueprint:Warning: [compiler] Warning [5335.66] Compile of Minimal_Default successful, but with 1 Warning(s) [in 22 ms]
[2015.03.19-15.33.47:333][384]LogBlueprint:Warning: [compiler] Warning [5335.66] Compile of Minimal_Default successful, but with 2 Warning(s) [in 0 ms]
[2015.03.19-15.33.47:362][384]LogBlueprint:Warning: [compiler] Warning [5335.69] Compile of Minimal_Default successful, but with 3 Warning(s) [in 28 ms]
[2015.03.19-15.33.47:367][384]LogBlueprint:Warning: [compiler] Warning [5335.70] Compile of Minimal_Default successful, but with 4 Warning(s) [in 5 ms]
[2015.03.19-15.33.47:367][384]LogBlueprint:Warning: [compiler] Warning [5335.70] Compile of Minimal_Default successful, but with 5 Warning(s) [in 0 ms]
[2015.03.19-15.33.47:367][384]LogBlueprint:Warning: [compiler] Warning [5335.70] Compile of Minimal_Default successful, but with 6 Warning(s) [in 0 ms]
[2015.03.19-15.34.12:298][134]LogBlueprint:Warning: [compiler] Warning ReturnNode Exec pin has no connections on  EdGraphPin_15171 
[2015.03.19-15.34.12:301][134]LogBlueprint:Warning: [compiler] Warning [5360.63] Compile of Minimal_Default successful, but with 1 Warning(s) [in 20 ms]
[2015.03.19-15.34.12:302][134]LogBlueprint:Warning: [compiler] Warning [5360.63] Compile of Minimal_Default successful, but with 2 Warning(s) [in 0 ms]
[2015.03.19-15.34.12:329][134]LogBlueprint:Warning: [compiler] Warning [5360.66] Compile of Minimal_Default successful, but with 3 Warning(s) [in 27 ms]
[2015.03.19-15.34.12:334][134]LogBlueprint:Warning: [compiler] Warning [5360.66] Compile of Minimal_Default successful, but with 4 Warning(s) [in 4 ms]
[2015.03.19-15.34.12:334][134]LogBlueprint:Warning: [compiler] Warning [5360.66] Compile of Minimal_Default successful, but with 5 Warning(s) [in 0 ms]
[2015.03.19-15.34.12:334][134]LogBlueprint:Warning: [compiler] Warning [5360.66] Compile of Minimal_Default successful, but with 6 Warning(s) [in 0 ms]
[2015.03.19-15.34.12:938][134]LogSavePackage: Save=666.692261ms
[2015.03.19-15.34.12:940][134]LogSavePackage: Moving '../../../../../../Documents/Andrew/Source/Saved/Minimal_Default_Auto8FED660584227226C08BD5F93FC60A315.tmp' to '../../../../../../Documents/Andrew/Source/Saved/Autosaves/Game/StarterContent/Maps/Minimal_Default_Auto8.umap'
[2015.03.19-15.34.12:987][134]LogFileHelpers: Editor autosave (incl. sublevels) for '/Game/StarterContent/Maps/Minimal_Default' took 0.816
[2015.03.19-15.34.12:987][134]LogFileHelpers: Editor autosave (incl. sublevels) for all levels took 0.816
[2015.03.19-15.38.17:851][453]LogUObjectGlobals:Warning: Failed to find object 'Object None.'
[2015.03.19-15.38.29:967][889]LogUObjectGlobals:Warning: Failed to find object 'Object None.'
[2015.03.19-15.38.38:249][854]LogUObjectGlobals:Warning: Failed to find object 'Object None.'
[2015.03.19-15.38.49:788][209]LogUObjectGlobals:Warning: Failed to find object 'Object None.'
[2015.03.19-15.44.14:019][354]LogBlueprint:Warning: [compiler] Warning ReturnNode Exec pin has no connections on  EdGraphPin_15171 
[2015.03.19-15.44.14:022][354]LogBlueprint:Warning: [compiler] Warning [5962.34] Compile of Minimal_Default successful, but with 1 Warning(s) [in 21 ms]
[2015.03.19-15.44.14:023][354]LogBlueprint:Warning: [compiler] Warning [5962.34] Compile of Minimal_Default successful, but with 2 Warning(s) [in 0 ms]
[2015.03.19-15.44.14:051][354]LogBlueprint:Warning: [compiler] Warning [5962.37] Compile of Minimal_Default successful, but with 3 Warning(s) [in 28 ms]
[2015.03.19-15.44.14:055][354]LogBlueprint:Warning: [compiler] Warning [5962.38] Compile of Minimal_Default successful, but with 4 Warning(s) [in 4 ms]
[2015.03.19-15.44.14:055][354]LogBlueprint:Warning: [compiler] Warning [5962.38] Compile of Minimal_Default successful, but with 5 Warning(s) [in 0 ms]
[2015.03.19-15.44.14:055][354]LogBlueprint:Warning: [compiler] Warning [5962.38] Compile of Minimal_Default successful, but with 6 Warning(s) [in 0 ms]
[2015.03.19-15.44.14:656][354]LogSavePackage: Save=665.055725ms
[2015.03.19-15.44.14:658][354]LogSavePackage: Moving '../../../../../../Documents/Andrew/Source/Saved/Minimal_Default_Auto9B908F8A649A2298B88B32E96F07B41E5.tmp' to '../../../../../../Documents/Andrew/Source/Saved/Autosaves/Game/StarterContent/Maps/Minimal_Default_Auto9.umap'
[2015.03.19-15.44.14:706][354]LogFileHelpers: Editor autosave (incl. sublevels) for '/Game/StarterContent/Maps/Minimal_Default' took 0.792
[2015.03.19-15.44.14:706][354]LogFileHelpers: Editor autosave (incl. sublevels) for all levels took 0.792
[2015.03.19-15.45.11:193][584]LogUObjectGlobals:Warning: Failed to find object 'Object None.'
[2015.03.19-15.46.24:233][274]LogUObjectGlobals:Warning: Failed to find object 'Object None.'
[2015.03.19-15.46.24:234][274]LogUObjectGlobals:Warning: Failed to find object 'Object None.'
[2015.03.19-15.46.24:235][274]LogProperty:Warning: ObjectProperty /Script/Engine.EdGraphPin:LinkedTo.LinkedTo: unresolved reference to 'EdGraphPin'K2Node_CallFunction_2434.EdGraphPin_16335''
[2015.03.19-15.46.30:387][989]LogUObjectGlobals:Warning: Failed to find object 'Object None.'
[2015.03.19-15.46.30:387][989]LogUObjectGlobals:Warning: Failed to find object 'Object None.'
[2015.03.19-15.46.30:389][989]LogProperty:Warning: ObjectProperty /Script/Engine.EdGraphPin:LinkedTo.LinkedTo: unresolved reference to 'EdGraphPin'K2Node_CallFunction_2434.EdGraphPin_16359''
[2015.03.19-15.48.50:671][627]BlueprintLog: New page: Compile Minimal_Default
[2015.03.19-15.48.50:756][627]BlueprintEditorCompileResults: Info [6239.07] Compile of Minimal_Default successful! [in 84 ms]
[2015.03.19-15.51.08:085][ 86]BlueprintLog: New page: Compile Minimal_Default
[2015.03.19-15.51.08:171][ 86]BlueprintEditorCompileResults: Info [6376.49] Compile of Minimal_Default successful! [in 85 ms]
[2015.03.19-15.53.12:152][801]LogUObjectGlobals:Warning: Failed to find object 'Object None.'
[2015.03.19-15.54.15:501][151]LogSavePackage: Save=721.258911ms
[2015.03.19-15.54.15:503][151]LogSavePackage: Moving '../../../../../../Documents/Andrew/Source/Saved/Minimal_Default_Auto0DF009CF04A6D6178A2B684B0CFDDBE0D.tmp' to '../../../../../../Documents/Andrew/Source/Saved/Autosaves/Game/StarterContent/Maps/Minimal_Default_Auto0.umap'
[2015.03.19-15.54.15:556][151]LogFileHelpers: Editor autosave (incl. sublevels) for '/Game/StarterContent/Maps/Minimal_Default' took 0.898
[2015.03.19-15.54.15:556][151]LogFileHelpers: Editor autosave (incl. sublevels) for all levels took 0.898
[2015.03.19-15.56.07:628][556]BlueprintLog: New page: Compile Minimal_Default
[2015.03.19-15.56.07:716][556]BlueprintEditorCompileResults: Info [6676.03] Compile of Minimal_Default successful! [in 88 ms]
[2015.03.19-15.56.54:361][675]LogSavePackage: Save=272.211365ms
[2015.03.19-15.56.54:361][675]LogSavePackage: Moving '../../../../../../Documents/Andrew/Source/Saved/Minimal_Default7E87B4624236E4DE9E69D384C0F4C063.tmp' to '../../../../../../Documents/Andrew/Source/Content/StarterContent/Maps/Minimal_Default.umap'
[2015.03.19-15.57.24:407][803]LogEditorViewport: Clicking on Actor (LMB): BP_Sky_Sphere_C (BP_Sky_Sphere)
[2015.03.19-16.04.36:544][ 64]LogUObjectGlobals:Warning: Failed to find object 'Object None.'
[2015.03.19-16.04.44:618][ 12]LogUObjectGlobals:Warning: Failed to find object 'Object None.'
[2015.03.19-16.05.35:175][910]BlueprintLog: New page: Compile Minimal_Default
[2015.03.19-16.05.35:270][910]BlueprintEditorCompileResults: Info [7243.57] Compile of Minimal_Default successful! [in 95 ms]
[2015.03.19-16.06.54:979][907]LogSavePackage: Save=257.304840ms
[2015.03.19-16.06.54:979][907]LogSavePackage: Moving '../../../../../../Documents/Andrew/Source/Saved/Minimal_Default_Auto1FD607FBB4E93885E6FADD88B3D2B5823.tmp' to '../../../../../../Documents/Andrew/Source/Saved/Autosaves/Game/StarterContent/Maps/Minimal_Default_Auto1.umap'
[2015.03.19-16.06.54:983][907]LogFileHelpers: Editor autosave (incl. sublevels) for '/Game/StarterContent/Maps/Minimal_Default' took 0.351
[2015.03.19-16.06.54:983][907]LogFileHelpers: Editor autosave (incl. sublevels) for all levels took 0.351
[2015.03.19-16.22.21:208][ 28]LogSavePackage: Save=232.762650ms
[2015.03.19-16.22.21:209][ 28]LogSavePackage: Moving '../../../../../../Documents/Andrew/Source/Saved/Minimal_DefaultB9A2644B45E9CF25509481AEFB59CDEE.tmp' to '../../../../../../Documents/Andrew/Source/Content/StarterContent/Maps/Minimal_Default.umap'
[2015.03.19-16.22.21:231][ 28]LogFileHelpers: Saving map 'Minimal_Default' took 0.423
[2015.03.19-16.22.22:715][133]Cmd: QUIT_EDITOR
[2015.03.19-16.22.23:025][133]LogExit: Preparing to exit.
[2015.03.19-16.22.23:393][133]LogExit: Editor shut down
[2015.03.19-16.22.23:393][133]LogExit: Transaction tracking system shut down
[2015.03.19-16.22.23:394][133]LogParticles: Destroying 0 GPU particle simulations for FXSystem 0x000000000CC81440
[2015.03.19-16.22.23:394][133]LogParticles: Destroying 0 GPU particle simulations for FXSystem 0x000000001A1AB060
[2015.03.19-16.22.23:394][133]LogParticles: Destroying 0 GPU particle simulations for FXSystem 0x0000000019F67060
[2015.03.19-16.22.23:394][133]LogParticles: Destroying 0 GPU particle simulations for FXSystem 0x000000002066F100
[2015.03.19-16.22.23:394][133]LogParticles: Destroying 0 GPU particle simulations for FXSystem 0x000000001685AF20
[2015.03.19-16.22.23:396][133]LogParticles: Destroying 0 GPU particle simulations for FXSystem 0x000000001B5FA020
[2015.03.19-16.22.23:667][133]LogExit: Object subsystem successfully closed.
[2015.03.19-16.22.23:839][133]LogModuleManager: Shutting down and abandoning module CrashTracker (178)
[2015.03.19-16.22.23:839][133]LogModuleManager: Shutting down and abandoning module SuperSearch (177)
[2015.03.19-16.22.23:839][133]LogModuleManager: Shutting down and abandoning module SceneOutliner (176)
[2015.03.19-16.22.23:850][133]LogModuleManager: Shutting down and abandoning module EditorWidgets (175)
[2015.03.19-16.22.23:850][133]LogModuleManager: Shutting down and abandoning module CollectionManager (174)
[2015.03.19-16.22.23:850][133]LogModuleManager: Shutting down and abandoning module StatsViewer (173)
[2015.03.19-16.22.23:864][133]LogModuleManager: Shutting down and abandoning module FoliageEdit (172)
[2015.03.19-16.22.23:864][133]LogModuleManager: Shutting down and abandoning module LandscapeEditor (171)
[2015.03.19-16.22.23:876][133]LogModuleManager: Shutting down and abandoning module MeshPaint (170)
[2015.03.19-16.22.23:876][133]LogModuleManager: Shutting down and abandoning module ActorPickerMode (169)
[2015.03.19-16.22.23:876][133]LogModuleManager: Shutting down and abandoning module GeometryMode (168)
[2015.03.19-16.22.23:876][133]LogModuleManager: Shutting down and abandoning module TextureAlignMode (167)
[2015.03.19-16.22.23:876][133]LogModuleManager: Shutting down and abandoning module BspMode (166)
[2015.03.19-16.22.23:876][133]LogModuleManager: Shutting down and abandoning module PlacementMode (165)
[2015.03.19-16.22.23:876][133]LogModuleManager: Shutting down and abandoning module AutomationWorker (164)
[2015.03.19-16.22.23:876][133]LogModuleManager: Shutting down and abandoning module CharacterAI (163)
[2015.03.19-16.22.23:876][133]LogModuleManager: Shutting down and abandoning module SmartSnapping (162)
[2015.03.19-16.22.23:876][133]LogModuleManager: Shutting down and abandoning module ViewportSnapping (161)
[2015.03.19-16.22.23:876][133]LogModuleManager: Shutting down and abandoning module LogVisualizer (160)
[2015.03.19-16.22.23:876][133]LogModuleManager: Shutting down and abandoning module GameProjectGeneration (159)
[2015.03.19-16.22.23:887][133]LogModuleManager: Shutting down and abandoning module IntroTutorials (158)
[2015.03.19-16.22.23:903][133]LogModuleManager: Shutting down and abandoning module EditorLiveStreaming (157)
[2015.03.19-16.22.23:903][133]LogModuleManager: Shutting down and abandoning module HardwareTargeting (156)
[2015.03.19-16.22.23:903][133]LogModuleManager: Shutting down and abandoning module DeviceProfileEditor (155)
[2015.03.19-16.22.23:903][133]LogModuleManager: Shutting down and abandoning module UndoHistory (154)
[2015.03.19-16.22.23:903][133]LogModuleManager: Shutting down and abandoning module GameplayTagsEditor (153)
[2015.03.19-16.22.23:904][133]LogModuleManager: Shutting down and abandoning module UserFeedback (152)
[2015.03.19-16.22.23:904][133]LogModuleManager: Shutting down and abandoning module XmlParser (151)
[2015.03.19-16.22.23:904][133]LogModuleManager: Shutting down and abandoning module Blutility (150)
[2015.03.19-16.22.23:904][133]LogModuleManager: Shutting down and abandoning module IOSPlatformEditor (149)
[2015.03.19-16.22.23:904][133]LogModuleManager: Shutting down and abandoning module IOSRuntimeSettings (148)
[2015.03.19-16.22.23:904][133]LogModuleManager: Shutting down and abandoning module AndroidDeviceDetection (147)
[2015.03.19-16.22.24:482][133]LogModuleManager: Shutting down and abandoning module AndroidPlatformEditor (146)
[2015.03.19-16.22.24:482][133]LogModuleManager: Shutting down and abandoning module AndroidRuntimeSettings (145)
[2015.03.19-16.22.24:482][133]LogModuleManager: Shutting down and abandoning module ProjectTargetPlatformEditor (144)
[2015.03.19-16.22.24:482][133]LogModuleManager: Shutting down and abandoning module ProjectSettingsViewer (143)
[2015.03.19-16.22.24:482][133]LogModuleManager: Shutting down and abandoning module InputBindingEditor (142)
[2015.03.19-16.22.24:482][133]LogModuleManager: Shutting down and abandoning module EditorSettingsViewer (141)
[2015.03.19-16.22.24:482][133]LogModuleManager: Shutting down and abandoning module SettingsEditor (140)
[2015.03.19-16.22.24:498][133]LogModuleManager: Shutting down and abandoning module ProjectLauncher (139)
[2015.03.19-16.22.24:499][133]LogModuleManager: Shutting down and abandoning module SessionFrontend (138)
[2015.03.19-16.22.24:499][133]LogModuleManager: Shutting down and abandoning module ProfilerClient (137)
[2015.03.19-16.22.24:505][133]LogModuleManager: Shutting down and abandoning module TargetDeviceServices (136)
[2015.03.19-16.22.24:505][133]LogModuleManager: Shutting down and abandoning module DeviceManager (135)
[2015.03.19-16.22.24:505][133]LogModuleManager: Shutting down and abandoning module AutomationController (134)
[2015.03.19-16.22.24:505][133]LogModuleManager: Shutting down and abandoning module AutomationWindow (133)
[2015.03.19-16.22.24:511][133]LogModuleManager: Shutting down and abandoning module Layers (132)
[2015.03.19-16.22.24:525][133]LogModuleManager: Shutting down and abandoning module ComponentVisualizers (131)
[2015.03.19-16.22.24:526][133]LogModuleManager: Shutting down and abandoning module DetailCustomizations (130)
[2015.03.19-16.22.24:526][133]LogModuleManager: Shutting down and abandoning module PackagesDialog (129)
[2015.03.19-16.22.24:526][133]LogModuleManager: Shutting down and abandoning module AssetRegistry (128)
[2015.03.19-16.22.24:593][133]LogModuleManager: Shutting down and abandoning module Persona (127)
[2015.03.19-16.22.24:604][133]LogModuleManager: Shutting down and abandoning module SlateReflector (126)
[2015.03.19-16.22.24:618][133]LogModuleManager: Shutting down and abandoning module LevelEditor (125)
[2015.03.19-16.22.24:619][133]LogModuleManager: Shutting down and abandoning module Kismet (124)
[2015.03.19-16.22.24:619][133]LogModuleManager: Shutting down and abandoning module GraphEditor (123)
[2015.03.19-16.22.24:619][133]LogModuleManager: Shutting down and abandoning module ClassViewer (122)
[2015.03.19-16.22.24:619][133]LogModuleManager: Shutting down and abandoning module Toolbox (121)
[2015.03.19-16.22.24:619][133]LogModuleManager: Shutting down and abandoning module ModuleUI (120)
[2015.03.19-16.22.24:631][133]LogModuleManager: Shutting down and abandoning module MovieSceneTools (119)
[2015.03.19-16.22.24:648][133]LogModuleManager: Shutting down and abandoning module OutputLog (118)
[2015.03.19-16.22.24:648][133]LogModuleManager: Shutting down and abandoning module GammaUI (117)
[2015.03.19-16.22.24:665][133]LogModuleManager: Shutting down and abandoning module Documentation (116)
[2015.03.19-16.22.24:665][133]LogModuleManager: Shutting down and abandoning module GameLiveStreaming (115)
[2015.03.19-16.22.24:666][133]LogModuleManager: Shutting down and abandoning module StreamingPauseRendering (114)
[2015.03.19-16.22.24:666][133]LogModuleManager: Shutting down and abandoning module HTTP (113)
[2015.03.19-16.22.24:666][133]LogModuleManager: Shutting down and abandoning module AnalyticsET (112)
[2015.03.19-16.22.24:666][133]LogModuleManager: Shutting down and abandoning module Analytics (111)
[2015.03.19-16.22.24:666][133]LogModuleManager: Shutting down and abandoning module AITestSuite (110)
[2015.03.19-16.22.24:666][133]LogModuleManager: Shutting down and abandoning module GameplayDebugger (109)
[2015.03.19-16.22.24:666][133]LogModuleManager: Shutting down and abandoning module AIModule (108)
[2015.03.19-16.22.24:666][133]LogModuleManager: Shutting down and abandoning module ProfilerService (107)
[2015.03.19-16.22.24:777][133]LogModuleManager: Shutting down and abandoning module TaskGraph (106)
[2015.03.19-16.22.24:788][133]LogModuleManager: Shutting down and abandoning module SlateRemote (105)
[2015.03.19-16.22.24:788][133]LogModuleManager: Shutting down and abandoning module ScriptEditorPlugin (104)
[2015.03.19-16.22.24:788][133]LogModuleManager: Shutting down and abandoning module CustomMeshComponent (103)
[2015.03.19-16.22.24:788][133]LogModuleManager: Shutting down and abandoning module CableComponent (102)
[2015.03.19-16.22.24:788][133]LogModuleManager: Shutting down and abandoning module MessagingDebugger (101)
[2015.03.19-16.22.24:803][133]LogModuleManager: Shutting down and abandoning module MediaPlayerEditor (100)
[2015.03.19-16.22.24:811][133]LogModuleManager: Shutting down and abandoning module SpeedTreeImporter (99)
[2015.03.19-16.22.24:811][133]LogModuleManager: Shutting down and abandoning module PluginsEditor (98)
[2015.03.19-16.22.24:811][133]LogModuleManager: Shutting down and abandoning module MainFrame (97)
[2015.03.19-16.22.24:811][133]LogModuleManager: Shutting down and abandoning module EpicSurvey (96)
[2015.03.19-16.22.24:811][133]LogModuleManager: Shutting down and abandoning module DesktopPlatform (95)
[2015.03.19-16.22.24:811][133]LogModuleManager: Shutting down and abandoning module DirectoryWatcher (94)
[2015.03.19-16.22.24:812][133]LogModuleManager: Shutting down and abandoning module HotReload (93)
[2015.03.19-16.22.24:812][133]LogModuleManager: Shutting down and abandoning module VisualStudioSourceCodeAccess (92)
[2015.03.19-16.22.24:813][133]LogModuleManager: Shutting down and abandoning module UObjectPlugin (91)
[2015.03.19-16.22.24:813][133]LogModuleManager: Shutting down and abandoning module SubversionSourceControl (90)
[2015.03.19-16.22.24:813][133]LogModuleManager: Shutting down and abandoning module PerforceSourceControl (89)
[2015.03.19-16.22.24:848][133]LogModuleManager: Shutting down and abandoning module SourceControl (88)
[2015.03.19-16.22.24:848][133]LogModuleManager: Shutting down and abandoning module GitSourceControl (87)
[2015.03.19-16.22.24:848][133]LogModuleManager: Shutting down and abandoning module BlankPlugin (86)
[2015.03.19-16.22.24:848][133]LogModuleManager: Shutting down and abandoning module PaperTiledImporter (85)
[2015.03.19-16.22.24:848][133]LogModuleManager: Shutting down and abandoning module PaperJsonImporter (84)
[2015.03.19-16.22.24:848][133]LogModuleManager: Shutting down and abandoning module ContentBrowser (83)
[2015.03.19-16.22.24:849][133]LogModuleManager: Shutting down and abandoning module Paper2DEditor (82)
[2015.03.19-16.22.24:849][133]LogModuleManager: Shutting down and abandoning module MyProject3 (81)
[2015.03.19-16.22.24:849][133]LogModuleManager: Shutting down and abandoning module ScriptPlugin (80)
[2015.03.19-16.22.24:858][133]LogModuleManager: Shutting down and abandoning module UdpMessaging (79)
[2015.03.19-16.22.24:958][133]LogModuleManager: Shutting down and abandoning module Paper2D (78)
[2015.03.19-16.22.24:958][133]LogModuleManager: Shutting down and abandoning module WindowsMoviePlayer (77)
[2015.03.19-16.22.24:959][133]LogModuleManager: Shutting down and abandoning module Media (76)
[2015.03.19-16.22.24:959][133]LogModuleManager: Shutting down and abandoning module WmfMedia (75)
[2015.03.19-16.22.24:959][133]LogModuleManager: Shutting down and abandoning module OnlineBlueprintSupport (74)
[2015.03.19-16.22.24:959][133]LogModuleManager: Shutting down and abandoning module PropertyEditor (73)
[2015.03.19-16.22.24:959][133]LogModuleManager: Shutting down and abandoning module BehaviorTreeEditor (72)
[2015.03.19-16.22.24:974][133]LogModuleManager: Shutting down and abandoning module FunctionalTesting (71)
[2015.03.19-16.22.24:974][133]LogModuleManager: Shutting down and abandoning module CollisionAnalyzer (70)
[2015.03.19-16.22.24:989][133]LogModuleManager: Shutting down and abandoning module WorkspaceMenuStructure (69)
[2015.03.19-16.22.24:989][133]LogModuleManager: Shutting down and abandoning module MessageLog (68)
[2015.03.19-16.22.24:989][133]LogModuleManager: Shutting down and abandoning module Sequencer (67)
[2015.03.19-16.22.25:005][133]LogModuleManager: Shutting down and abandoning module AssetTools (66)
[2015.03.19-16.22.25:026][133]LogModuleManager: Shutting down and abandoning module UMGEditor (65)
[2015.03.19-16.22.25:037][133]LogModuleManager: Shutting down and abandoning module UMG (64)
[2015.03.19-16.22.25:054][133]LogModuleManager: Shutting down and abandoning module Slate (63)
[2015.03.19-16.22.25:054][133]LogModuleManager: Shutting down and abandoning module EditorStyle (62)
[2015.03.19-16.22.25:056][133]LogModuleManager: Shutting down and abandoning module SessionServices (61)
[2015.03.19-16.22.25:056][133]LogModuleManager: Shutting down and abandoning module SourceCodeAccess (60)
[2015.03.19-16.22.25:056][133]LogModuleManager: Shutting down and abandoning module HeadMountedDisplay (59)
[2015.03.19-16.22.25:056][133]LogModuleManager: Shutting down and abandoning module XAudio2 (58)
[2015.03.19-16.22.25:056][133]LogModuleManager: Shutting down and abandoning module Networking (56)
[2015.03.19-16.22.25:056][133]LogModuleManager: Shutting down and abandoning module Core (55)
[2015.03.19-16.22.25:056][133]LogModuleManager: Shutting down and abandoning module KismetCompiler (54)
[2015.03.19-16.22.25:056][133]LogModuleManager: Shutting down and abandoning module PhysXFormats (53)
[2015.03.19-16.22.25:056][133]LogModuleManager: Shutting down and abandoning module MeshUtilities (52)
[2015.03.19-16.22.25:070][133]LogModuleManager: Shutting down and abandoning module DerivedDataCache (51)
[2015.03.19-16.22.25:084][133]LogDerivedDataCache: Shutdown
[2015.03.19-16.22.25:084][133]LogModuleManager: Shutting down and abandoning module ShaderFormatOpenGL (50)
[2015.03.19-16.22.25:096][133]LogModuleManager: Shutting down and abandoning module ShaderFormatD3D (49)
[2015.03.19-16.22.25:096][133]LogModuleManager: Shutting down and abandoning module MetalShaderFormat (48)
[2015.03.19-16.22.25:106][133]LogModuleManager: Shutting down and abandoning module TextureFormatUncompressed (47)
[2015.03.19-16.22.25:106][133]LogModuleManager: Shutting down and abandoning module TextureFormatPVR (46)
[2015.03.19-16.22.25:106][133]LogModuleManager: Shutting down and abandoning module TextureFormatIntelISPCTexComp (45)
[2015.03.19-16.22.25:106][133]LogModuleManager: Shutting down and abandoning module TextureFormatDXT (44)
[2015.03.19-16.22.25:106][133]LogModuleManager: Shutting down and abandoning module ImageWrapper (43)
[2015.03.19-16.22.25:106][133]LogModuleManager: Shutting down and abandoning module TextureFormatASTC (42)
[2015.03.19-16.22.25:106][133]LogModuleManager: Shutting down and abandoning module TextureFormatAndroid (41)
[2015.03.19-16.22.25:106][133]LogModuleManager: Shutting down and abandoning module AudioFormatOpus (40)
[2015.03.19-16.22.25:106][133]LogModuleManager: Shutting down and abandoning module AudioFormatOgg (39)
[2015.03.19-16.22.25:106][133]LogModuleManager: Shutting down and abandoning module AudioFormatADPCM (38)
[2015.03.19-16.22.25:106][133]LogModuleManager: Shutting down and abandoning module LinuxTargetPlatform (37)
[2015.03.19-16.22.25:106][133]LogModuleManager: Shutting down and abandoning module LinuxServerTargetPlatform (36)
[2015.03.19-16.22.25:106][133]LogModuleManager: Shutting down and abandoning module LinuxNoEditorTargetPlatform (35)
[2015.03.19-16.22.25:106][133]LogModuleManager: Shutting down and abandoning module Messaging (34)
[2015.03.19-16.22.25:106][133]LogModuleManager: Shutting down and abandoning module IOSTargetPlatform (33)
[2015.03.19-16.22.25:106][133]LogModuleManager: Shutting down and abandoning module HTML5TargetPlatform (32)
[2015.03.19-16.22.25:106][133]LogModuleManager: Shutting down and abandoning module Android_PVRTCTargetPlatform (31)
[2015.03.19-16.22.25:106][133]LogModuleManager: Shutting down and abandoning module Android_ETC2TargetPlatform (30)
[2015.03.19-16.22.25:106][133]LogModuleManager: Shutting down and abandoning module Android_ETC1TargetPlatform (29)
[2015.03.19-16.22.25:106][133]LogModuleManager: Shutting down and abandoning module Android_ES31TargetPlatform (28)
[2015.03.19-16.22.25:106][133]LogModuleManager: Shutting down and abandoning module Android_DXTTargetPlatform (27)
[2015.03.19-16.22.25:106][133]LogModuleManager: Shutting down and abandoning module Android_ATCTargetPlatform (26)
[2015.03.19-16.22.25:106][133]LogModuleManager: Shutting down and abandoning module AndroidTargetPlatform (25)
[2015.03.19-16.22.25:106][133]LogModuleManager: Shutting down and abandoning module WindowsTargetPlatform (24)
[2015.03.19-16.22.25:106][133]LogModuleManager: Shutting down and abandoning module WindowsServerTargetPlatform (23)
[2015.03.19-16.22.25:106][133]LogModuleManager: Shutting down and abandoning module WindowsNoEditorTargetPlatform (22)
[2015.03.19-16.22.25:106][133]LogModuleManager: Shutting down and abandoning module WindowsClientTargetPlatform (21)
[2015.03.19-16.22.25:106][133]LogModuleManager: Shutting down and abandoning module TargetPlatform (20)
[2015.03.19-16.22.25:106][133]LogModuleManager: Shutting down and abandoning module InputCore (19)
[2015.03.19-16.22.25:106][133]LogModuleManager: Shutting down and abandoning module Settings (18)
[2015.03.19-16.22.25:106][133]LogModuleManager: Shutting down and abandoning module OnlineSubsystem (16)
[2015.03.19-16.22.25:106][133]LogModuleManager: Shutting down and abandoning module OculusRift (15)
[2015.03.19-16.22.25:106][133]LogModuleManager: Shutting down and abandoning module ExampleDeviceProfileSelector (14)
[2015.03.19-16.22.25:106][133]LogModuleManager: Shutting down and abandoning module TextureCompressor (13)
[2015.03.19-16.22.25:106][133]LogModuleManager: Shutting down and abandoning module ShaderCore (12)
[2015.03.19-16.22.25:106][133]LogModuleManager: Shutting down and abandoning module Landscape (11)
[2015.03.19-16.22.25:106][133]LogModuleManager: Shutting down and abandoning module SlateRHIRenderer (10)
[2015.03.19-16.22.25:108][133]LogModuleManager: Shutting down and abandoning module OpenGLDrv (9)
[2015.03.19-16.22.25:108][133]LogModuleManager: Shutting down and abandoning module D3D11RHI (8)
[2015.03.19-16.22.25:108][133]LogModuleManager: Shutting down and abandoning module Renderer (7)
[2015.03.19-16.22.25:108][133]LogModuleManager: Shutting down and abandoning module Engine (6)
[2015.03.19-16.22.25:108][133]LogModuleManager: Shutting down and abandoning module CoreUObject (5)
[2015.03.19-16.22.25:108][133]LogModuleManager: Shutting down and abandoning module NetworkFile (4)
[2015.03.19-16.22.25:108][133]LogModuleManager: Shutting down and abandoning module StreamingFile (3)
[2015.03.19-16.22.25:108][133]LogModuleManager: Shutting down and abandoning module SandboxFile (2)
[2015.03.19-16.22.25:108][133]LogModuleManager: Shutting down and abandoning module PakFile (1)
[2015.03.19-16.22.25:123][133]LogExit: Exiting.
[2015.03.19-16.22.25:127][133]Log file closed, 03/19/15 12:22:25
