Log file open, 03/18/15 19:59:06
LogInit:Display: Running engine for game: MyProject3
LogInit: Version: 4.7.3-2479750+++depot+UE4-Releases+4.7
LogInit: API Version: 2455222
LogInit: Compiled (64-bit): Mar 15 2015 23:20:45
LogInit: Compiled with Visual C++: 18.00.21005.01
LogInit: Build Configuration: Development
LogInit: Branch Name: ++depot+UE4-Releases+4.7
LogInit: Command line:  
LogInit: Base directory: D:/Program Files/Epic Games/4.7/Engine/Binaries/Win64/
LogInit: Rocket: 1
[2015.03.18-23.59.06:963][  0]LogTaskGraph: Started task graph with 3 named threads and 6 total threads.
[2015.03.18-23.59.07:034][  0]LogOnline:Warning: No default platform service specified for OnlineSubsystem
[2015.03.18-23.59.07:217][  0]LogInit: Presizing for 0 objects not considered by GC, pre-allocating 0 bytes.
[2015.03.18-23.59.07:416][  0]LogInit: Object subsystem initialized
[2015.03.18-23.59.07:541][  0]LogConsoleResponse:Warning: Skipping Unknown console variable: 'TranslucentSortAxis = (X=0.000000,Y=-1.000000,Z=0.000000)'
[2015.03.18-23.59.07:541][  0]LogConsoleResponse:Warning:   Found in ini file 'D:/Documents/Andrew/Source/Saved/Config/Windows/Engine.ini', in section '[/Script/Engine.RendererSettings]'
[2015.03.18-23.59.07:542][  0]LogConsoleResponse:Warning: Skipping Unknown console variable: 'UIScaleRule = ShortestSide'
[2015.03.18-23.59.07:542][  0]LogConsoleResponse:Warning:   Found in ini file 'D:/Documents/Andrew/Source/Saved/Config/Windows/Engine.ini', in section '[/Script/Engine.RendererSettings]'
[2015.03.18-23.59.07:542][  0]LogConsoleResponse:Warning: Skipping Unknown console variable: 'UIScaleCurve = (EditorCurveData=(Keys=),ExternalCurve=None)'
[2015.03.18-23.59.07:542][  0]LogConsoleResponse:Warning:   Found in ini file 'D:/Documents/Andrew/Source/Saved/Config/Windows/Engine.ini', in section '[/Script/Engine.RendererSettings]'
[2015.03.18-23.59.07:585][  0]LogInit: Selected Device Profile: [Windows]
[2015.03.18-23.59.07:590][  0]LogInit: Applying CVar settings loaded from the selected device profile: [Windows]
[2015.03.18-23.59.07:711][  0]LogInit: Computer: TESLA
[2015.03.18-23.59.07:711][  0]LogInit: User: Andrew
[2015.03.18-23.59.07:711][  0]LogInit: CPU Page size=4096, Cores=4
[2015.03.18-23.59.07:711][  0]LogInit: High frequency timer resolution =3.320390 MHz
[2015.03.18-23.59.07:711][  0]LogMemory: Memory total: Physical=7.9GB (8GB approx) Virtual=8192.0GB
[2015.03.18-23.59.07:712][  0]LogMemory: Platform Memory Stats for Windows
[2015.03.18-23.59.07:712][  0]LogMemory: Process Physical Memory: 48.04 MB used, 48.04 MB peak
[2015.03.18-23.59.07:712][  0]LogMemory: Process Virtual Memory: 28.42 MB used, 28.42 MB peak
[2015.03.18-23.59.07:712][  0]LogMemory: Physical Memory: 3306.15 MB used, 8133.13 MB total
[2015.03.18-23.59.07:712][  0]LogMemory: Virtual Memory: 294.29 MB used, 8388608.00 MB total
[2015.03.18-23.59.07:803][  0]LogD3D11RHI: Found D3D11 adapter 0: NVIDIA GeForce GTX 760 (Feature Level 11_0)
[2015.03.18-23.59.07:803][  0]LogD3D11RHI: Adapter has 1990MB of dedicated video memory, 0MB of dedicated system memory, and 2048MB of shared system memory, 1 output[s]
[2015.03.18-23.59.07:803][  0]LogD3D11RHI: Chosen D3D11 Adapter Id = 0
[2015.03.18-23.59.07:808][  0]LogRHI: Texture pool is 1361 MB (70% of 1945 MB)
[2015.03.18-23.59.07:819][  0]LogD3D11RHI: Async texture creation enabled
[2015.03.18-23.59.09:365][  0]LogTextLocalizationManager: The requested culture ('en_US') has no localization data; parent culture's ('en') localization data will be used.
[2015.03.18-23.59.09:539][  0]LogTextLocalizationManager:Warning: Loading localization resources contain conflicting entries for (Namespace:UICommands, Key:Save_ToolTip):
Resource: (D:/Program Files/Epic Games/4.7/Engine/Content/Localization/Editor/en/Editor.locres) Hash: (-29098895) String: (Saves the current level to disk)
Resource: (D:/Program Files/Epic Games/4.7/Engine/Content/Localization/Engine/en/Engine.locres) Hash: (-1280300587) String: (Save selected data to vlog file)
[2015.03.18-23.59.09:539][  0]LogTextLocalizationManager:Warning: Loading localization resources contain conflicting entries for (Namespace:ContentBrowser, Key:ImportAssetToolTip):
Resource: (D:/Program Files/Epic Games/4.7/Engine/Content/Localization/Editor/en/Editor.locres) Hash: (-630476809) String: (Import to {0}...)
Resource: (D:/Program Files/Epic Games/4.7/Engine/Content/Localization/Editor/en/Editor.locres) Hash: (1271782899) String: (Imports an asset from file to this folder.)
[2015.03.18-23.59.09:640][  0]LogContentStreaming: Texture pool size is 0.000000MB
[2015.03.18-23.59.14:909][  0]LogTargetPlatformManager:Display: Building Assets For Windows
[2015.03.18-23.59.15:978][  0]LogTargetPlatformManager:Display: Building Assets For Windows
[2015.03.18-23.59.16:073][  0]LogDerivedDataCache:Display: Max Cache Size: 512 MB
[2015.03.18-23.59.16:185][  0]LogDerivedDataCache: Loaded boot cache 0.11s 39MB C:/Users/Andrew/AppData/Local/UnrealEngine/4.7/DerivedDataCache/Boot.ddc.
[2015.03.18-23.59.16:185][  0]LogDerivedDataCache:Display: Loaded Boot cache: C:/Users/Andrew/AppData/Local/UnrealEngine/4.7/DerivedDataCache/Boot.ddc
[2015.03.18-23.59.16:185][  0]LogDerivedDataCache: FDerivedDataBackendGraph:  Pak pak cache file ../../../../../../Documents/Andrew/Source/DerivedDataCache/DDC.ddp not found, will not use a pak cache.
[2015.03.18-23.59.16:185][  0]LogDerivedDataCache: Unable to find inner node Pak for hierarchical cache Hierarchy.
[2015.03.18-23.59.16:397][  0]LogDerivedDataCache:Display: Pak cache opened for reading ../../../Engine/DerivedDataCache/Compressed.ddp.
[2015.03.18-23.59.16:409][  0]LogDerivedDataCache: Using Local data cache path C:/Users/Andrew/AppData/Local/UnrealEngine/Common/DerivedDataCache: Writable
[2015.03.18-23.59.23:987][  0]LogMeshUtilities: No automatic mesh reduction module available
[2015.03.18-23.59.23:987][  0]LogMeshUtilities: No automatic mesh merging module available
[2015.03.18-23.59.27:810][  0]LogInit: WinSock: version 1.1 (2.2), MaxSocks=32767, MaxUdp=65467
[2015.03.18-23.59.28:199][  0]LogSlate:Warning: Failed to load font data from '../../../Engine/Content/Slate/Fonts/Roboto-Italic.ttf'
[2015.03.18-23.59.42:465][  0]UdpMessaging: Initializing bridge on interface 0.0.0.0:0 to multicast group 230.0.0.1:6666.
[2015.03.18-23.59.43:514][  0]SourceControl: Info Source control is disabled
[2015.03.18-23.59.43:532][  0]SourceControl: Info Source control is disabled
[2015.03.18-23.59.43:532][  0]SourceControl: Info Source control is disabled
[2015.03.18-23.59.43:542][  0]SourceControl: Info Source control is disabled
[2015.03.18-23.59.44:723][  0]LogObj: 24235 objects as part of root set at end of initial load.
[2015.03.18-23.59.44:723][  0]LogUObjectAllocator: 5138584 out of 0 bytes used by permanent object pool.
[2015.03.18-23.59.45:399][  0]LogEngine: Initializing Engine...
[2015.03.18-23.59.48:946][  0]LogInit: XAudio2 using 'Speakers (Realtek High Definition Audio)' : 2 channels at 48 kHz using 32 bits per sample (channel mask 0x3)
[2015.03.18-23.59.49:000][  0]LogInit: FAudioDevice initialized.
[2015.03.18-23.59.49:523][  0]LogAIModule: Creating AISystem for world NewWorld
[2015.03.18-23.59.49:666][  0]LogDerivedDataCache: Saved boot cache 0.04s 39MB C:/Users/Andrew/AppData/Local/UnrealEngine/4.7/DerivedDataCache/Boot.ddc.
[2015.03.18-23.59.49:671][  0]LogInit: Texture streaming: Enabled
[2015.03.18-23.59.50:107][  0]LogAnalytics: Creating configured Analytics provider AnalyticsET
[2015.03.18-23.59.50:107][  0]LogAnalytics: ET APIKey = Rocket.Release. APIServer = http://et2.epicgames.com/ET2/. AppVersion = 4.7.3-2479750+++depot+UE4-Releases+4.7
[2015.03.18-23.59.50:107][  0]LogAnalytics: ET APIKey = Rocket.Release. DataRouterUploadURL = https://datarouter-public-service-gamedev.ol.epicgames.net/datarouter/api/v1/public/data. AppVersion = 4.7.3-2479750+++depot+UE4-Releases+4.7
[2015.03.18-23.59.50:108][  0]LogAnalytics: SetUserId df262715488e56d2e7347cb3ad0128ff|b0893ed39cec4f539351ecc697cb62a7|57ad8c8d-cd07-4540-886c-ce663a9fb0f1
[2015.03.18-23.59.50:133][  0]LogAnalytics: AnalyticsET::StartSession [Rocket.Release]
[2015.03.18-23.59.50:303][  0]LogInit: Transaction tracking system initialized
[2015.03.18-23.59.51:403][  0]BlueprintLog: New page: Editor Load
[2015.03.18-23.59.51:595][  0]LogAssetRegistry: FAssetRegistry took 0.0175 seconds to start up
[2015.03.18-23.59.51:596][  0]LogDirectoryWatcher:Warning: Failed to begin reading directory changes for ../../../Engine/Plugins/Experimental/CharacterAI/Content/. Error: 0
[2015.03.18-23.59.54:624][  0]LogTargetPlatformManager:Display: Building Assets For Windows
[2015.03.18-23.59.54:952][  0]LogTargetPlatformManager:Display: Building Assets For Windows
[2015.03.18-23.59.56:079][  0]LogSlate:Warning: Failed to load font data from '../../../Engine/Content/Editor/Slate/Fonts/Roboto-Regular.ttf'
[2015.03.18-23.59.56:080][  0]LogSlate:Warning: Failed to load font data from '../../../Engine/Content/Editor/Slate/Fonts/Roboto-Bold.ttf'
[2015.03.18-23.59.56:180][  0]LogConsoleResponse:Display: 
[2015.03.18-23.59.58:739][  0]LogCook:Display: Done creating registry. It took  0.00s.
[2015.03.19-00.00.00:357][  0]SourceControl: Info Source control is disabled
[2015.03.19-00.00.00:409][  0]Cmd: MAP LOAD FILE="../../../../../../Documents/Andrew/Source/Content/StarterContent/Maps/Minimal_Default.umap" TEMPLATE=0 SHOWPROGRESS=1 FEATURELEVEL=3
[2015.03.19-00.00.00:430][  0]LightingResults: New page: Lighting Build
[2015.03.19-00.00.00:592][  0]MapCheck: New page: Map Check
[2015.03.19-00.00.00:592][  0]LightingResults: New page: Lighting Build
[2015.03.19-00.00.00:802][  0]LogParticles: Destroying 0 GPU particle simulations for FXSystem 0x000000001718A520
[2015.03.19-00.00.01:799][  0]LogLinker:Warning: Can't find file '/Game/StarterContent/Materials/M_Basic_Floor'
[2015.03.19-00.00.01:800][  0]LogLinker:Warning: Can't find file for asset '/Game/StarterContent/Materials/M_Basic_Floor' while loading ../../../../../../Documents/Andrew/Source/Content/StarterContent/Architecture/Floor_400x400.uasset.
[2015.03.19-00.00.01:800][  0]LoadErrors:Error: Error /Game/StarterContent/Architecture/Floor_400x400 : Can't find file for asset. /Game/StarterContent/Materials/M_Basic_Floor
[2015.03.19-00.00.01:801][  0]LogLinker:Warning: Can't find file '/Game/StarterContent/Materials/M_Basic_Floor'
[2015.03.19-00.00.01:801][  0]LogLinker:Warning: Can't find file for asset '/Game/StarterContent/Materials/M_Basic_Floor' while loading ../../../../../../Documents/Andrew/Source/Content/StarterContent/Architecture/Floor_400x400.uasset.
[2015.03.19-00.00.01:802][  0]LoadErrors:Error: Error /Game/StarterContent/Architecture/Floor_400x400 : Can't find file for asset. /Game/StarterContent/Materials/M_Basic_Floor
[2015.03.19-00.00.02:302][  0]LogLinker:Warning: Can't find file '/Game/StarterContent/Materials/M_Basic_Floor'
[2015.03.19-00.00.02:302][  0]LoadErrors: Info Failed to load /Game/StarterContent/Materials/M_Basic_Floor.M_Basic_Floor Referenced by Floor_400x400
[2015.03.19-00.00.02:303][  0]LogLinker:Warning: Can't find file for asset '/Game/StarterContent/Materials/M_Basic_Floor' while loading NULL.
[2015.03.19-00.00.02:303][  0]LoadErrors: Info Failed to load /Game/StarterContent/Materials/M_Basic_Floor.M_Basic_Floor Referenced by Floor_400x400
[2015.03.19-00.00.03:087][  0]LogEditorServer: Finished looking for orphan Actors (0.000 secs)
[2015.03.19-00.00.03:141][  0]LogAIModule: Creating AISystem for world Minimal_Default
[2015.03.19-00.00.03:179][  0]Cmd: MAP CHECKDEP
[2015.03.19-00.00.03:185][  0]MapCheck: New page: Minimal_Default - Mar 18, 2015, 4:00:03 PM
[2015.03.19-00.00.03:313][  0]MapCheck: Info Map check complete: 0 Error(s), 0 Warning(s), took 133.879ms to complete.
[2015.03.19-00.00.03:313][  0]LogFileHelpers: Loading map 'Minimal_Default' took 2.937
[2015.03.19-00.00.04:961][  0]LogCollectionManager: Loaded 0 collections in 0.003561 seconds
[2015.03.19-00.00.05:024][  0]LogContentBrowser: Native class hierarchy populated in 0.0626 seconds. Added 1697 classes and 263 folders.
[2015.03.19-00.00.05:262][  0]LogContentBrowser: Native class hierarchy updated for 'SceneOutliner' in 0.0116 seconds. Added 1 classes and 2 folders.
[2015.03.19-00.00.05:942][  0]LogCrashTracker: Crashtracker disabled due to settings.
[2015.03.19-00.00.06:007][  0]LogSlate:Warning: Failed to load font data from 'Veranda'
[2015.03.19-00.00.06:095][  0]LogUObjectGlobals:Warning: Failed to find object 'Class None.'
[2015.03.19-00.00.06:196][  0]LogLoad: Full Startup: 67.73 seconds (BP compile: 0.66 seconds)
[2015.03.19-00.00.06:605][  0]LogContentBrowser:Verbose: The content browser source was changed by the sources view to '/Game/StarterContent'
[2015.03.19-00.00.07:450][  0]LogRenderer:Warning: Reallocating scene render targets to support 32x32 (Frame:2).
[2015.03.19-00.00.07:801][  0]LogRenderer:Warning: Reallocating scene render targets to support 1208x576 (Frame:3).
[2015.03.19-00.00.09:742][  8]LogAssetRegistry: Asset discovery search completed in 18.1640 seconds
[2015.03.19-00.00.18:590][854]LogEditorViewport: Clicking on Actor (LMB): Actor (Actor)
[2015.03.19-00.00.20:035][971]Cmd: DELETE
[2015.03.19-00.00.20:035][971]Cmd: ACTOR DELETE
[2015.03.19-00.00.20:107][971]LogEditorActor: Deleted Actor: Actor
[2015.03.19-00.00.20:211][971]LogEditorActor: Deleted 1 Actors (0.138 secs)
[2015.03.19-00.00.22:635][259]LogEditorViewport: Clicking on Actor (LMB): PaperSpriteActor (GrassTile)
[2015.03.19-00.00.23:956][375]LogEditorViewport: Clicking on Actor (context menu): PaperSpriteActor (GrassTile)
[2015.03.19-00.00.29:814][764]LogEditorViewport: Clicking on Actor (LMB): BP_Sky_Sphere_C (BP_Sky_Sphere)
[2015.03.19-00.00.30:956][896]LogEditorViewport: Clicking on Actor (LMB): PaperSpriteActor (GrassTile)
[2015.03.19-00.00.32:598][ 90]LogEditorViewport: Clicking on Actor (LMB): BP_Sky_Sphere_C (BP_Sky_Sphere)
[2015.03.19-00.01.03:955][615]LogSCSEditor: Calling UpdateTree() from Tick().
[2015.03.19-00.02.04:157][631]LogEditorViewport: Clicking on Actor (LMB): StaticMeshActor (Floor)
[2015.03.19-00.02.09:811][299]LogEditorViewport: Clicking on Actor (LMB): StaticMeshActor (Floor)
[2015.03.19-00.02.32:519][960]LogActorComponent: ~FComponentReregisterContext: (/Game/StarterContent/Maps/Minimal_Default.Minimal_Default:PersistentLevel.GameBoard.Tile0,0) Component already registered.
[2015.03.19-00.05.03:733][810]LogActorComponent: ~FComponentReregisterContext: (/Game/StarterContent/Maps/Minimal_Default.Minimal_Default:PersistentLevel.GameBoard.Tile0,0) Component already registered.
[2015.03.19-00.05.07:979][306]LogEditorViewport: Clicking on Actor (LMB): BP_Sky_Sphere_C (BP_Sky_Sphere)
[2015.03.19-00.05.11:000][666]LogEditorViewport: Clicking on Actor (LMB): Actor (GameBoard)
[2015.03.19-00.05.37:900][859]LogContentBrowser:Verbose: The content browser source was changed by the sources view to '/Game/GraphicalDesign'
[2015.03.19-00.05.47:529][939]LogContentBrowser: Native class hierarchy updated for 'TextureEditor' in 0.0047 seconds. Added 1 classes and 2 folders.
[2015.03.19-00.07.38:997][209]AssetReimport: New page: Outstanding source content changes 4:07:38 PM
[2015.03.19-00.07.39:011][209]LogEditorFactories: Performing atomic reimport of [D:/Documents/Andrew/Source/Content/GraphicalDesign/Tile.png]
[2015.03.19-00.07.39:011][209]LogFactory: FactoryCreateBinary: Texture2D with ReimportTextureFactory (0 0 D:/Documents/Andrew/Source/Content/GraphicalDesign/Tile.png)
[2015.03.19-00.09.01:350][209]LogEditorFactories: -- imported successfully
[2015.03.19-00.09.01:413][210]AssetReimport: Info Reimported asset Tile from D:/Documents/Andrew/Source/Content/GraphicalDesign/Tile.png.
[2015.03.19-00.09.01:936][241]AssetReimport: New page: Outstanding source content changes 4:09:01 PM
[2015.03.19-00.09.01:936][241]LogEditorFactories: Performing atomic reimport of [D:/Documents/Andrew/Source/Content/GraphicalDesign/Grass.png]
[2015.03.19-00.09.01:936][241]LogFactory: FactoryCreateBinary: Texture2D with ReimportTextureFactory (0 0 D:/Documents/Andrew/Source/Content/GraphicalDesign/Grass.png)
[2015.03.19-00.09.01:953][241]LogEditorFactories: -- imported successfully
[2015.03.19-00.09.01:968][242]AssetReimport: Info Reimported asset Grass from D:/Documents/Andrew/Source/Content/GraphicalDesign/Grass.png.
[2015.03.19-00.09.14:464][708]LogEditorViewport: Clicking on Actor (LMB): PaperSpriteActor (GrassTile)
[2015.03.19-00.09.19:184][265]Cmd: DELETE
[2015.03.19-00.09.19:184][265]Cmd: ACTOR DELETE
[2015.03.19-00.09.19:185][265]LogEditorActor: Deleted Actor: PaperSpriteActor
[2015.03.19-00.09.19:193][265]LogEditorActor: Deleted 1 Actors (0.009 secs)
[2015.03.19-00.10.27:394][183]LogSavePackage: Save=164.941772ms
[2015.03.19-00.10.27:394][183]LogSavePackage: Moving '../../../../../../Documents/Andrew/Source/Saved/Minimal_Default_Auto1E545B4C64BC92E5E67399D939AEFCCF3.tmp' to '../../../../../../Documents/Andrew/Source/Saved/Autosaves/Game/StarterContent/Maps/Minimal_Default_Auto1.umap'
[2015.03.19-00.10.27:403][183]LogFileHelpers: Editor autosave (incl. sublevels) for '/Game/StarterContent/Maps/Minimal_Default' took 0.264
[2015.03.19-00.10.27:403][183]LogFileHelpers: Editor autosave (incl. sublevels) for all levels took 0.264
[2015.03.19-00.10.27:431][183]OBJ SavePackage: Generating thumbnails for [1] asset(s) in package [/Game/GraphicalDesign/Grass] ([1] browsable assets)...
[2015.03.19-00.10.27:439][183]OBJ SavePackage:     Rendered thumbnail for [Texture2D /Game/GraphicalDesign/Grass.Grass]
[2015.03.19-00.10.27:439][183]OBJ SavePackage: Finished generating thumbnails for package [/Game/GraphicalDesign/Grass]
[2015.03.19-00.10.27:440][183]Cmd: OBJ SAVEPACKAGE PACKAGE="/Game/GraphicalDesign/Grass" FILE="../../../../../../Documents/Andrew/Source/Saved/Autosaves/Game/GraphicalDesign/Grass_Auto1.uasset" SILENT=false AUTOSAVING=true
[2015.03.19-00.10.27:711][183]LogSavePackage: Save=255.173645ms
[2015.03.19-00.10.27:711][183]LogSavePackage: Moving '../../../../../../Documents/Andrew/Source/Saved/Grass_Auto10688C9C64B8AECDB1D05A3AE893506D4.tmp' to '../../../../../../Documents/Andrew/Source/Saved/Autosaves/Game/GraphicalDesign/Grass_Auto1.uasset'
[2015.03.19-00.10.27:745][183]OBJ SavePackage: Generating thumbnails for [1] asset(s) in package [/Game/GraphicalDesign/Tile] ([1] browsable assets)...
[2015.03.19-00.10.27:788][183]OBJ SavePackage:     Rendered thumbnail for [Texture2D /Game/GraphicalDesign/Tile.Tile]
[2015.03.19-00.10.27:788][183]OBJ SavePackage: Finished generating thumbnails for package [/Game/GraphicalDesign/Tile]
[2015.03.19-00.10.27:790][183]Cmd: OBJ SAVEPACKAGE PACKAGE="/Game/GraphicalDesign/Tile" FILE="../../../../../../Documents/Andrew/Source/Saved/Autosaves/Game/GraphicalDesign/Tile_Auto1.uasset" SILENT=false AUTOSAVING=true
[2015.03.19-00.10.27:870][183]LogSavePackage: Save=64.839073ms
[2015.03.19-00.10.27:870][183]LogSavePackage: Moving '../../../../../../Documents/Andrew/Source/Saved/Tile_Auto1DB31DECE4FF1C471156C25A017FE2E36.tmp' to '../../../../../../Documents/Andrew/Source/Saved/Autosaves/Game/GraphicalDesign/Tile_Auto1.uasset'
[2015.03.19-00.10.27:874][183]LogFileHelpers: Auto-saving content packages took 0.471
[2015.03.19-00.13.52:472][547]LogEditorViewport: Clicking on Actor (LMB): BP_Sky_Sphere_C (BP_Sky_Sphere)
[2015.03.19-00.14.20:854][912]LogEditorViewport: Clicking on Actor (LMB): StaticMeshActor (Floor)
[2015.03.19-00.14.21:816][ 24]Cmd: DELETE
[2015.03.19-00.14.21:816][ 24]Cmd: ACTOR DELETE
[2015.03.19-00.14.21:817][ 24]LogEditorActor: Deleted Actor: StaticMeshActor
[2015.03.19-00.14.21:824][ 24]LogEditorActor: Deleted 1 Actors (0.008 secs)
[2015.03.19-00.14.22:260][ 76]LogEditorViewport: Clicking on Actor (LMB): StaticMeshActor (Floor)
[2015.03.19-00.14.22:432][ 94]Cmd: DELETE
[2015.03.19-00.14.22:432][ 94]Cmd: ACTOR DELETE
[2015.03.19-00.14.22:433][ 94]LogEditorActor: Deleted Actor: StaticMeshActor
[2015.03.19-00.14.22:441][ 94]LogEditorActor: Deleted 1 Actors (0.008 secs)
[2015.03.19-00.14.50:353][435]LogEditorActor: Deleted Actor: StaticMeshActor
[2015.03.19-00.14.50:361][435]LogEditorActor: Deleted 1 Actors (0.008 secs)
[2015.03.19-00.14.51:227][537]LogEditorActor: Deleted Actor: StaticMeshActor
[2015.03.19-00.14.51:235][537]LogEditorActor: Deleted 1 Actors (0.008 secs)
[2015.03.19-00.14.52:051][633]LogEditorActor: Deleted Actor: StaticMeshActor
[2015.03.19-00.14.52:059][633]LogEditorActor: Deleted 1 Actors (0.008 secs)
[2015.03.19-00.14.52:784][718]LogEditorActor: Deleted Actor: StaticMeshActor
[2015.03.19-00.14.52:791][718]LogEditorActor: Deleted 1 Actors (0.008 secs)
[2015.03.19-00.17.22:577][514]LogEditorViewport: Clicking on Actor (LMB): BP_Sky_Sphere_C (BP_Sky_Sphere)
[2015.03.19-00.17.23:088][514]LogEditorViewport: Clicking on Component (LMB): StaticMeshComponent (Sky Sphere mesh)
[2015.03.19-00.17.24:386][663]LogEditorViewport: Clicking on Actor (LMB): CameraActor (CameraActor)
[2015.03.19-00.18.32:022][686]LogSavePackage: Save=61.778889ms
[2015.03.19-00.18.32:022][686]LogSavePackage: Moving '../../../../../../Documents/Andrew/Source/Saved/Minimal_DefaultBEB315FA4AE683DF5139C4B92ADFD739.tmp' to '../../../../../../Documents/Andrew/Source/Content/StarterContent/Maps/Minimal_Default.umap'
[2015.03.19-00.18.33:395][846]BlueprintLog: New page: Pre-PIE auto-recompile
[2015.03.19-00.18.33:395][846]LogPlayLevel: [PIE] Compiling Minimal_Default before PIE...
[2015.03.19-00.18.33:466][846]LogPlayLevel: PIE:  Blueprint regeneration took 70 ms (1 blueprints)
[2015.03.19-00.18.33:466][846]PIE: New page: PIE session: Minimal_Default (Mar 18, 2015, 4:18:33 PM)
[2015.03.19-00.18.33:471][846]LogPlayLevel: PIE: StaticDuplicateObject took: (0.004755s)
[2015.03.19-00.18.33:472][846]LogPlayLevel: PIE: World Init took: (0.000395s)
[2015.03.19-00.18.33:472][846]LogPlayLevel: PIE: Created PIE world by copying editor world from /Game/StarterContent/Maps/Minimal_Default.Minimal_Default to /Game/StarterContent/Maps/UEDPIE_0_Minimal_Default.Minimal_Default (0.005280s)
[2015.03.19-00.18.33:552][846]LogWorld: Game class is 'GameMode'
[2015.03.19-00.18.33:634][846]LogAIModule: Creating AISystem for world Minimal_Default
[2015.03.19-00.18.33:638][846]LogWorld: Bringing World /Game/StarterContent/Maps/UEDPIE_0_Minimal_Default.Minimal_Default up for play (max tick rate 0) at 2015.03.18-20.18.33
[2015.03.19-00.18.33:719][846]LogWorld: Bringing up level for play took: 0.084629
[2015.03.19-00.18.33:778][846]PIE: Info Play in editor start time for /Game/StarterContent/Maps/UEDPIE_0_Minimal_Default 0.156
[2015.03.19-00.19.03:853][409]LogParticles: Destroying 0 GPU particle simulations for FXSystem 0x000000000F24DC60
[2015.03.19-00.19.12:776][479]LogEditorViewport: Clicking on Actor (LMB): CameraActor (CameraActor)
[2015.03.19-00.19.29:397][430]LogSavePackage: Save=55.023056ms
[2015.03.19-00.19.29:397][430]LogSavePackage: Moving '../../../../../../Documents/Andrew/Source/Saved/Minimal_Default17B42CC545A01598C772C290CE6BFE23.tmp' to '../../../../../../Documents/Andrew/Source/Content/StarterContent/Maps/Minimal_Default.umap'
[2015.03.19-00.19.35:851][753]Cmd: OBJ SAVEPACKAGE PACKAGE="/Game/GraphicalDesign/Grass" FILE="../../../../../../Documents/Andrew/Source/Content/GraphicalDesign/Grass.uasset" SILENT=true
[2015.03.19-00.19.35:862][753]LogSavePackage: Save=2.477721ms
[2015.03.19-00.19.35:862][753]LogSavePackage: Moving '../../../../../../Documents/Andrew/Source/Saved/Grass6BEBCB8B4B7AA3123EF8BFB84BA95E6F.tmp' to '../../../../../../Documents/Andrew/Source/Content/GraphicalDesign/Grass.uasset'
[2015.03.19-00.19.35:867][753]Cmd: OBJ SAVEPACKAGE PACKAGE="/Game/GraphicalDesign/Tile" FILE="../../../../../../Documents/Andrew/Source/Content/GraphicalDesign/Tile.uasset" SILENT=true
[2015.03.19-00.19.35:878][753]LogSavePackage: Save=2.020847ms
[2015.03.19-00.19.35:878][753]LogSavePackage: Moving '../../../../../../Documents/Andrew/Source/Saved/Tile3FDE505047FD4E43CE9CD0884CF32FF8.tmp' to '../../../../../../Documents/Andrew/Source/Content/GraphicalDesign/Tile.uasset'
[2015.03.19-00.19.36:322][754]Cmd: QUIT_EDITOR
[2015.03.19-00.19.36:579][754]LogExit: Preparing to exit.
[2015.03.19-00.19.37:717][754]LogExit: Editor shut down
[2015.03.19-00.19.37:718][754]LogExit: Transaction tracking system shut down
[2015.03.19-00.19.37:720][754]LogParticles: Destroying 0 GPU particle simulations for FXSystem 0x000000000C759300
[2015.03.19-00.19.37:720][754]LogParticles: Destroying 0 GPU particle simulations for FXSystem 0x000000001C2FA200
[2015.03.19-00.19.37:720][754]LogParticles: Destroying 0 GPU particle simulations for FXSystem 0x0000000016DD9E40
[2015.03.19-00.19.37:720][754]LogParticles: Destroying 0 GPU particle simulations for FXSystem 0x00000000200B2A20
[2015.03.19-00.19.37:721][754]LogParticles: Destroying 0 GPU particle simulations for FXSystem 0x000000002169D6C0
[2015.03.19-00.19.38:006][754]LogExit: Object subsystem successfully closed.
[2015.03.19-00.19.38:170][754]LogModuleManager: Shutting down and abandoning module TextureEditor (179)
[2015.03.19-00.19.38:170][754]LogModuleManager: Shutting down and abandoning module CrashTracker (178)
[2015.03.19-00.19.38:170][754]LogModuleManager: Shutting down and abandoning module SuperSearch (177)
[2015.03.19-00.19.38:170][754]LogModuleManager: Shutting down and abandoning module SceneOutliner (176)
[2015.03.19-00.19.38:170][754]LogModuleManager: Shutting down and abandoning module EditorWidgets (175)
[2015.03.19-00.19.38:170][754]LogModuleManager: Shutting down and abandoning module CollectionManager (174)
[2015.03.19-00.19.38:171][754]LogModuleManager: Shutting down and abandoning module StatsViewer (173)
[2015.03.19-00.19.38:185][754]LogModuleManager: Shutting down and abandoning module FoliageEdit (172)
[2015.03.19-00.19.38:185][754]LogModuleManager: Shutting down and abandoning module LandscapeEditor (171)
[2015.03.19-00.19.38:197][754]LogModuleManager: Shutting down and abandoning module MeshPaint (170)
[2015.03.19-00.19.38:197][754]LogModuleManager: Shutting down and abandoning module ActorPickerMode (169)
[2015.03.19-00.19.38:197][754]LogModuleManager: Shutting down and abandoning module GeometryMode (168)
[2015.03.19-00.19.38:197][754]LogModuleManager: Shutting down and abandoning module TextureAlignMode (167)
[2015.03.19-00.19.38:197][754]LogModuleManager: Shutting down and abandoning module BspMode (166)
[2015.03.19-00.19.38:197][754]LogModuleManager: Shutting down and abandoning module PlacementMode (165)
[2015.03.19-00.19.38:197][754]LogModuleManager: Shutting down and abandoning module AutomationWorker (164)
[2015.03.19-00.19.38:198][754]LogModuleManager: Shutting down and abandoning module CharacterAI (163)
[2015.03.19-00.19.38:198][754]LogModuleManager: Shutting down and abandoning module SmartSnapping (162)
[2015.03.19-00.19.38:198][754]LogModuleManager: Shutting down and abandoning module ViewportSnapping (161)
[2015.03.19-00.19.38:198][754]LogModuleManager: Shutting down and abandoning module LogVisualizer (160)
[2015.03.19-00.19.38:198][754]LogModuleManager: Shutting down and abandoning module GameProjectGeneration (159)
[2015.03.19-00.19.38:208][754]LogModuleManager: Shutting down and abandoning module IntroTutorials (158)
[2015.03.19-00.19.38:225][754]LogModuleManager: Shutting down and abandoning module EditorLiveStreaming (157)
[2015.03.19-00.19.38:225][754]LogModuleManager: Shutting down and abandoning module HardwareTargeting (156)
[2015.03.19-00.19.38:225][754]LogModuleManager: Shutting down and abandoning module DeviceProfileEditor (155)
[2015.03.19-00.19.38:225][754]LogModuleManager: Shutting down and abandoning module UndoHistory (154)
[2015.03.19-00.19.38:225][754]LogModuleManager: Shutting down and abandoning module GameplayTagsEditor (153)
[2015.03.19-00.19.38:225][754]LogModuleManager: Shutting down and abandoning module UserFeedback (152)
[2015.03.19-00.19.38:225][754]LogModuleManager: Shutting down and abandoning module XmlParser (151)
[2015.03.19-00.19.38:225][754]LogModuleManager: Shutting down and abandoning module Blutility (150)
[2015.03.19-00.19.38:225][754]LogModuleManager: Shutting down and abandoning module IOSPlatformEditor (149)
[2015.03.19-00.19.38:225][754]LogModuleManager: Shutting down and abandoning module IOSRuntimeSettings (148)
[2015.03.19-00.19.38:225][754]LogModuleManager: Shutting down and abandoning module AndroidDeviceDetection (147)
[2015.03.19-00.19.39:148][754]LogModuleManager: Shutting down and abandoning module AndroidPlatformEditor (146)
[2015.03.19-00.19.39:148][754]LogModuleManager: Shutting down and abandoning module AndroidRuntimeSettings (145)
[2015.03.19-00.19.39:148][754]LogModuleManager: Shutting down and abandoning module ProjectTargetPlatformEditor (144)
[2015.03.19-00.19.39:148][754]LogModuleManager: Shutting down and abandoning module ProjectSettingsViewer (143)
[2015.03.19-00.19.39:148][754]LogModuleManager: Shutting down and abandoning module InputBindingEditor (142)
[2015.03.19-00.19.39:148][754]LogModuleManager: Shutting down and abandoning module EditorSettingsViewer (141)
[2015.03.19-00.19.39:148][754]LogModuleManager: Shutting down and abandoning module SettingsEditor (140)
[2015.03.19-00.19.39:165][754]LogModuleManager: Shutting down and abandoning module ProjectLauncher (139)
[2015.03.19-00.19.39:165][754]LogModuleManager: Shutting down and abandoning module SessionFrontend (138)
[2015.03.19-00.19.39:165][754]LogModuleManager: Shutting down and abandoning module ProfilerClient (137)
[2015.03.19-00.19.39:171][754]LogModuleManager: Shutting down and abandoning module TargetDeviceServices (136)
[2015.03.19-00.19.39:171][754]LogModuleManager: Shutting down and abandoning module DeviceManager (135)
[2015.03.19-00.19.39:171][754]LogModuleManager: Shutting down and abandoning module AutomationController (134)
[2015.03.19-00.19.39:171][754]LogModuleManager: Shutting down and abandoning module AutomationWindow (133)
[2015.03.19-00.19.39:177][754]LogModuleManager: Shutting down and abandoning module Layers (132)
[2015.03.19-00.19.39:192][754]LogModuleManager: Shutting down and abandoning module ComponentVisualizers (131)
[2015.03.19-00.19.39:192][754]LogModuleManager: Shutting down and abandoning module DetailCustomizations (130)
[2015.03.19-00.19.39:192][754]LogModuleManager: Shutting down and abandoning module PackagesDialog (129)
[2015.03.19-00.19.39:192][754]LogModuleManager: Shutting down and abandoning module AssetRegistry (128)
[2015.03.19-00.19.39:270][754]LogModuleManager: Shutting down and abandoning module Persona (127)
[2015.03.19-00.19.39:281][754]LogModuleManager: Shutting down and abandoning module SlateReflector (126)
[2015.03.19-00.19.39:295][754]LogModuleManager: Shutting down and abandoning module LevelEditor (125)
[2015.03.19-00.19.39:296][754]LogModuleManager: Shutting down and abandoning module Kismet (124)
[2015.03.19-00.19.39:296][754]LogModuleManager: Shutting down and abandoning module GraphEditor (123)
[2015.03.19-00.19.39:304][754]LogModuleManager: Shutting down and abandoning module ClassViewer (122)
[2015.03.19-00.19.39:304][754]LogModuleManager: Shutting down and abandoning module Toolbox (121)
[2015.03.19-00.19.39:304][754]LogModuleManager: Shutting down and abandoning module ModuleUI (120)
[2015.03.19-00.19.39:309][754]LogModuleManager: Shutting down and abandoning module MovieSceneTools (119)
[2015.03.19-00.19.39:326][754]LogModuleManager: Shutting down and abandoning module OutputLog (118)
[2015.03.19-00.19.39:326][754]LogModuleManager: Shutting down and abandoning module GammaUI (117)
[2015.03.19-00.19.39:343][754]LogModuleManager: Shutting down and abandoning module Documentation (116)
[2015.03.19-00.19.39:343][754]LogModuleManager: Shutting down and abandoning module GameLiveStreaming (115)
[2015.03.19-00.19.39:343][754]LogModuleManager: Shutting down and abandoning module StreamingPauseRendering (114)
[2015.03.19-00.19.39:343][754]LogModuleManager: Shutting down and abandoning module HTTP (113)
[2015.03.19-00.19.39:343][754]LogModuleManager: Shutting down and abandoning module AnalyticsET (112)
[2015.03.19-00.19.39:343][754]LogModuleManager: Shutting down and abandoning module Analytics (111)
[2015.03.19-00.19.39:343][754]LogModuleManager: Shutting down and abandoning module AITestSuite (110)
[2015.03.19-00.19.39:343][754]LogModuleManager: Shutting down and abandoning module GameplayDebugger (109)
[2015.03.19-00.19.39:343][754]LogModuleManager: Shutting down and abandoning module AIModule (108)
[2015.03.19-00.19.39:343][754]LogModuleManager: Shutting down and abandoning module ProfilerService (107)
[2015.03.19-00.19.39:421][754]LogModuleManager: Shutting down and abandoning module TaskGraph (106)
[2015.03.19-00.19.39:432][754]LogModuleManager: Shutting down and abandoning module SlateRemote (105)
[2015.03.19-00.19.39:432][754]LogModuleManager: Shutting down and abandoning module ScriptEditorPlugin (104)
[2015.03.19-00.19.39:432][754]LogModuleManager: Shutting down and abandoning module CustomMeshComponent (103)
[2015.03.19-00.19.39:432][754]LogModuleManager: Shutting down and abandoning module CableComponent (102)
[2015.03.19-00.19.39:432][754]LogModuleManager: Shutting down and abandoning module MessagingDebugger (101)
[2015.03.19-00.19.39:447][754]LogModuleManager: Shutting down and abandoning module MediaPlayerEditor (100)
[2015.03.19-00.19.39:455][754]LogModuleManager: Shutting down and abandoning module SpeedTreeImporter (99)
[2015.03.19-00.19.39:455][754]LogModuleManager: Shutting down and abandoning module PluginsEditor (98)
[2015.03.19-00.19.39:455][754]LogModuleManager: Shutting down and abandoning module MainFrame (97)
[2015.03.19-00.19.39:455][754]LogModuleManager: Shutting down and abandoning module EpicSurvey (96)
[2015.03.19-00.19.39:455][754]LogModuleManager: Shutting down and abandoning module DesktopPlatform (95)
[2015.03.19-00.19.39:455][754]LogModuleManager: Shutting down and abandoning module DirectoryWatcher (94)
[2015.03.19-00.19.39:455][754]LogModuleManager: Shutting down and abandoning module HotReload (93)
[2015.03.19-00.19.39:455][754]LogModuleManager: Shutting down and abandoning module VisualStudioSourceCodeAccess (92)
[2015.03.19-00.19.39:455][754]LogModuleManager: Shutting down and abandoning module UObjectPlugin (91)
[2015.03.19-00.19.39:455][754]LogModuleManager: Shutting down and abandoning module SubversionSourceControl (90)
[2015.03.19-00.19.39:455][754]LogModuleManager: Shutting down and abandoning module PerforceSourceControl (89)
[2015.03.19-00.19.39:470][754]LogModuleManager: Shutting down and abandoning module SourceControl (88)
[2015.03.19-00.19.39:470][754]LogModuleManager: Shutting down and abandoning module GitSourceControl (87)
[2015.03.19-00.19.39:470][754]LogModuleManager: Shutting down and abandoning module BlankPlugin (86)
[2015.03.19-00.19.39:470][754]LogModuleManager: Shutting down and abandoning module PaperTiledImporter (85)
[2015.03.19-00.19.39:470][754]LogModuleManager: Shutting down and abandoning module PaperJsonImporter (84)
[2015.03.19-00.19.39:470][754]LogModuleManager: Shutting down and abandoning module ContentBrowser (83)
[2015.03.19-00.19.39:470][754]LogModuleManager: Shutting down and abandoning module Paper2DEditor (82)
[2015.03.19-00.19.39:471][754]LogModuleManager: Shutting down and abandoning module MyProject3 (81)
[2015.03.19-00.19.39:471][754]LogModuleManager: Shutting down and abandoning module ScriptPlugin (80)
[2015.03.19-00.19.39:480][754]LogModuleManager: Shutting down and abandoning module UdpMessaging (79)
[2015.03.19-00.19.39:580][754]LogModuleManager: Shutting down and abandoning module Paper2D (78)
[2015.03.19-00.19.39:580][754]LogModuleManager: Shutting down and abandoning module WindowsMoviePlayer (77)
[2015.03.19-00.19.39:581][754]LogModuleManager: Shutting down and abandoning module Media (76)
[2015.03.19-00.19.39:581][754]LogModuleManager: Shutting down and abandoning module WmfMedia (75)
[2015.03.19-00.19.39:583][754]LogModuleManager: Shutting down and abandoning module OnlineBlueprintSupport (74)
[2015.03.19-00.19.39:583][754]LogModuleManager: Shutting down and abandoning module PropertyEditor (73)
[2015.03.19-00.19.39:583][754]LogModuleManager: Shutting down and abandoning module BehaviorTreeEditor (72)
[2015.03.19-00.19.39:595][754]LogModuleManager: Shutting down and abandoning module FunctionalTesting (71)
[2015.03.19-00.19.39:595][754]LogModuleManager: Shutting down and abandoning module CollisionAnalyzer (70)
[2015.03.19-00.19.39:611][754]LogModuleManager: Shutting down and abandoning module WorkspaceMenuStructure (69)
[2015.03.19-00.19.39:611][754]LogModuleManager: Shutting down and abandoning module MessageLog (68)
[2015.03.19-00.19.39:611][754]LogModuleManager: Shutting down and abandoning module Sequencer (67)
[2015.03.19-00.19.39:627][754]LogModuleManager: Shutting down and abandoning module AssetTools (66)
[2015.03.19-00.19.39:639][754]LogModuleManager: Shutting down and abandoning module UMGEditor (65)
[2015.03.19-00.19.39:648][754]LogModuleManager: Shutting down and abandoning module UMG (64)
[2015.03.19-00.19.39:648][754]LogModuleManager: Shutting down and abandoning module Slate (63)
[2015.03.19-00.19.39:648][754]LogModuleManager: Shutting down and abandoning module EditorStyle (62)
[2015.03.19-00.19.39:650][754]LogModuleManager: Shutting down and abandoning module SessionServices (61)
[2015.03.19-00.19.39:650][754]LogModuleManager: Shutting down and abandoning module SourceCodeAccess (60)
[2015.03.19-00.19.39:650][754]LogModuleManager: Shutting down and abandoning module HeadMountedDisplay (59)
[2015.03.19-00.19.39:650][754]LogModuleManager: Shutting down and abandoning module XAudio2 (58)
[2015.03.19-00.19.39:650][754]LogModuleManager: Shutting down and abandoning module Networking (56)
[2015.03.19-00.19.39:650][754]LogModuleManager: Shutting down and abandoning module Core (55)
[2015.03.19-00.19.39:650][754]LogModuleManager: Shutting down and abandoning module KismetCompiler (54)
[2015.03.19-00.19.39:650][754]LogModuleManager: Shutting down and abandoning module PhysXFormats (53)
[2015.03.19-00.19.39:650][754]LogModuleManager: Shutting down and abandoning module MeshUtilities (52)
[2015.03.19-00.19.39:658][754]LogModuleManager: Shutting down and abandoning module DerivedDataCache (51)
[2015.03.19-00.19.39:747][754]LogDerivedDataCache: Shutdown
[2015.03.19-00.19.39:747][754]LogModuleManager: Shutting down and abandoning module ShaderFormatOpenGL (50)
[2015.03.19-00.19.39:762][754]LogModuleManager: Shutting down and abandoning module ShaderFormatD3D (49)
[2015.03.19-00.19.39:762][754]LogModuleManager: Shutting down and abandoning module MetalShaderFormat (48)
[2015.03.19-00.19.39:772][754]LogModuleManager: Shutting down and abandoning module TextureFormatUncompressed (47)
[2015.03.19-00.19.39:772][754]LogModuleManager: Shutting down and abandoning module TextureFormatPVR (46)
[2015.03.19-00.19.39:772][754]LogModuleManager: Shutting down and abandoning module TextureFormatIntelISPCTexComp (45)
[2015.03.19-00.19.39:772][754]LogModuleManager: Shutting down and abandoning module TextureFormatDXT (44)
[2015.03.19-00.19.39:772][754]LogModuleManager: Shutting down and abandoning module ImageWrapper (43)
[2015.03.19-00.19.39:772][754]LogModuleManager: Shutting down and abandoning module TextureFormatASTC (42)
[2015.03.19-00.19.39:772][754]LogModuleManager: Shutting down and abandoning module TextureFormatAndroid (41)
[2015.03.19-00.19.39:772][754]LogModuleManager: Shutting down and abandoning module AudioFormatOpus (40)
[2015.03.19-00.19.39:772][754]LogModuleManager: Shutting down and abandoning module AudioFormatOgg (39)
[2015.03.19-00.19.39:772][754]LogModuleManager: Shutting down and abandoning module AudioFormatADPCM (38)
[2015.03.19-00.19.39:772][754]LogModuleManager: Shutting down and abandoning module LinuxTargetPlatform (37)
[2015.03.19-00.19.39:772][754]LogModuleManager: Shutting down and abandoning module LinuxServerTargetPlatform (36)
[2015.03.19-00.19.39:772][754]LogModuleManager: Shutting down and abandoning module LinuxNoEditorTargetPlatform (35)
[2015.03.19-00.19.39:772][754]LogModuleManager: Shutting down and abandoning module Messaging (34)
[2015.03.19-00.19.39:772][754]LogModuleManager: Shutting down and abandoning module IOSTargetPlatform (33)
[2015.03.19-00.19.39:772][754]LogModuleManager: Shutting down and abandoning module HTML5TargetPlatform (32)
[2015.03.19-00.19.39:772][754]LogModuleManager: Shutting down and abandoning module Android_PVRTCTargetPlatform (31)
[2015.03.19-00.19.39:772][754]LogModuleManager: Shutting down and abandoning module Android_ETC2TargetPlatform (30)
[2015.03.19-00.19.39:772][754]LogModuleManager: Shutting down and abandoning module Android_ETC1TargetPlatform (29)
[2015.03.19-00.19.39:772][754]LogModuleManager: Shutting down and abandoning module Android_ES31TargetPlatform (28)
[2015.03.19-00.19.39:772][754]LogModuleManager: Shutting down and abandoning module Android_DXTTargetPlatform (27)
[2015.03.19-00.19.39:772][754]LogModuleManager: Shutting down and abandoning module Android_ATCTargetPlatform (26)
[2015.03.19-00.19.39:772][754]LogModuleManager: Shutting down and abandoning module AndroidTargetPlatform (25)
[2015.03.19-00.19.39:772][754]LogModuleManager: Shutting down and abandoning module WindowsTargetPlatform (24)
[2015.03.19-00.19.39:772][754]LogModuleManager: Shutting down and abandoning module WindowsServerTargetPlatform (23)
[2015.03.19-00.19.39:772][754]LogModuleManager: Shutting down and abandoning module WindowsNoEditorTargetPlatform (22)
[2015.03.19-00.19.39:772][754]LogModuleManager: Shutting down and abandoning module WindowsClientTargetPlatform (21)
[2015.03.19-00.19.39:772][754]LogModuleManager: Shutting down and abandoning module TargetPlatform (20)
[2015.03.19-00.19.39:772][754]LogModuleManager: Shutting down and abandoning module InputCore (19)
[2015.03.19-00.19.39:772][754]LogModuleManager: Shutting down and abandoning module Settings (18)
[2015.03.19-00.19.39:772][754]LogModuleManager: Shutting down and abandoning module OnlineSubsystem (16)
[2015.03.19-00.19.39:772][754]LogModuleManager: Shutting down and abandoning module OculusRift (15)
[2015.03.19-00.19.39:772][754]LogModuleManager: Shutting down and abandoning module ExampleDeviceProfileSelector (14)
[2015.03.19-00.19.39:772][754]LogModuleManager: Shutting down and abandoning module TextureCompressor (13)
[2015.03.19-00.19.39:772][754]LogModuleManager: Shutting down and abandoning module ShaderCore (12)
[2015.03.19-00.19.39:772][754]LogModuleManager: Shutting down and abandoning module Landscape (11)
[2015.03.19-00.19.39:772][754]LogModuleManager: Shutting down and abandoning module SlateRHIRenderer (10)
[2015.03.19-00.19.39:774][754]LogModuleManager: Shutting down and abandoning module OpenGLDrv (9)
[2015.03.19-00.19.39:774][754]LogModuleManager: Shutting down and abandoning module D3D11RHI (8)
[2015.03.19-00.19.39:774][754]LogModuleManager: Shutting down and abandoning module Renderer (7)
[2015.03.19-00.19.39:774][754]LogModuleManager: Shutting down and abandoning module Engine (6)
[2015.03.19-00.19.39:774][754]LogModuleManager: Shutting down and abandoning module CoreUObject (5)
[2015.03.19-00.19.39:774][754]LogModuleManager: Shutting down and abandoning module NetworkFile (4)
[2015.03.19-00.19.39:774][754]LogModuleManager: Shutting down and abandoning module StreamingFile (3)
[2015.03.19-00.19.39:774][754]LogModuleManager: Shutting down and abandoning module SandboxFile (2)
[2015.03.19-00.19.39:774][754]LogModuleManager: Shutting down and abandoning module PakFile (1)
[2015.03.19-00.19.39:789][754]LogExit: Exiting.
[2015.03.19-00.19.39:803][754]Log file closed, 03/18/15 20:19:39
