Log file open, 03/26/15 15:59:01
LogInit:Display: Running engine for game: MyProject3
LogInit: Version: 4.7.3-2479750+++depot+UE4-Releases+4.7
LogInit: API Version: 2455222
LogInit: Compiled (64-bit): Mar 15 2015 23:20:45
LogInit: Compiled with Visual C++: 18.00.21005.01
LogInit: Build Configuration: Development
LogInit: Branch Name: ++depot+UE4-Releases+4.7
LogInit: Command line:  
LogInit: Base directory: D:/Program Files/Epic Games/4.7/Engine/Binaries/Win64/
LogInit: Rocket: 1
[2015.03.26-19.59.01:242][  0]LogTaskGraph: Started task graph with 3 named threads and 6 total threads.
[2015.03.26-19.59.01:315][  0]LogOnline:Warning: No default platform service specified for OnlineSubsystem
[2015.03.26-19.59.01:491][  0]LogInit: Presizing for 0 objects not considered by GC, pre-allocating 0 bytes.
[2015.03.26-19.59.01:690][  0]LogInit: Object subsystem initialized
[2015.03.26-19.59.01:817][  0]LogConsoleResponse:Warning: Skipping Unknown console variable: 'TranslucentSortAxis = (X=0.000000,Y=-1.000000,Z=0.000000)'
[2015.03.26-19.59.01:817][  0]LogConsoleResponse:Warning:   Found in ini file 'D:/Documents/Andrew/Source/Saved/Config/Windows/Engine.ini', in section '[/Script/Engine.RendererSettings]'
[2015.03.26-19.59.01:817][  0]LogConsoleResponse:Warning: Skipping Unknown console variable: 'UIScaleRule = ShortestSide'
[2015.03.26-19.59.01:817][  0]LogConsoleResponse:Warning:   Found in ini file 'D:/Documents/Andrew/Source/Saved/Config/Windows/Engine.ini', in section '[/Script/Engine.RendererSettings]'
[2015.03.26-19.59.01:817][  0]LogConsoleResponse:Warning: Skipping Unknown console variable: 'UIScaleCurve = (EditorCurveData=(Keys=),ExternalCurve=None)'
[2015.03.26-19.59.01:817][  0]LogConsoleResponse:Warning:   Found in ini file 'D:/Documents/Andrew/Source/Saved/Config/Windows/Engine.ini', in section '[/Script/Engine.RendererSettings]'
[2015.03.26-19.59.01:860][  0]LogInit: Selected Device Profile: [Windows]
[2015.03.26-19.59.01:865][  0]LogInit: Applying CVar settings loaded from the selected device profile: [Windows]
[2015.03.26-19.59.01:963][  0]LogInit: Computer: TESLA
[2015.03.26-19.59.01:963][  0]LogInit: User: Andrew
[2015.03.26-19.59.01:963][  0]LogInit: CPU Page size=4096, Cores=4
[2015.03.26-19.59.01:963][  0]LogInit: High frequency timer resolution =3.320371 MHz
[2015.03.26-19.59.01:964][  0]LogMemory: Memory total: Physical=7.9GB (8GB approx) Virtual=8192.0GB
[2015.03.26-19.59.01:965][  0]LogMemory: Platform Memory Stats for Windows
[2015.03.26-19.59.01:965][  0]LogMemory: Process Physical Memory: 48.04 MB used, 48.04 MB peak
[2015.03.26-19.59.01:965][  0]LogMemory: Process Virtual Memory: 28.41 MB used, 28.41 MB peak
[2015.03.26-19.59.01:965][  0]LogMemory: Physical Memory: 3291.59 MB used, 8133.13 MB total
[2015.03.26-19.59.01:965][  0]LogMemory: Virtual Memory: 294.29 MB used, 8388608.00 MB total
[2015.03.26-19.59.02:078][  0]LogD3D11RHI: Found D3D11 adapter 0: NVIDIA GeForce GTX 760 (Feature Level 11_0)
[2015.03.26-19.59.02:078][  0]LogD3D11RHI: Adapter has 1990MB of dedicated video memory, 0MB of dedicated system memory, and 2048MB of shared system memory, 1 output[s]
[2015.03.26-19.59.02:078][  0]LogD3D11RHI: Chosen D3D11 Adapter Id = 0
[2015.03.26-19.59.02:087][  0]LogRHI: Texture pool is 1361 MB (70% of 1945 MB)
[2015.03.26-19.59.02:101][  0]LogD3D11RHI: Async texture creation enabled
[2015.03.26-19.59.03:632][  0]LogTextLocalizationManager: The requested culture ('en_US') has no localization data; parent culture's ('en') localization data will be used.
[2015.03.26-19.59.03:881][  0]LogTextLocalizationManager:Warning: Loading localization resources contain conflicting entries for (Namespace:UICommands, Key:Save_ToolTip):
Resource: (D:/Program Files/Epic Games/4.7/Engine/Content/Localization/Editor/en/Editor.locres) Hash: (-29098895) String: (Saves the current level to disk)
Resource: (D:/Program Files/Epic Games/4.7/Engine/Content/Localization/Engine/en/Engine.locres) Hash: (-1280300587) String: (Save selected data to vlog file)
[2015.03.26-19.59.03:881][  0]LogTextLocalizationManager:Warning: Loading localization resources contain conflicting entries for (Namespace:ContentBrowser, Key:ImportAssetToolTip):
Resource: (D:/Program Files/Epic Games/4.7/Engine/Content/Localization/Editor/en/Editor.locres) Hash: (-630476809) String: (Import to {0}...)
Resource: (D:/Program Files/Epic Games/4.7/Engine/Content/Localization/Editor/en/Editor.locres) Hash: (1271782899) String: (Imports an asset from file to this folder.)
[2015.03.26-19.59.03:971][  0]LogContentStreaming: Texture pool size is 0.000000MB
[2015.03.26-19.59.09:208][  0]LogTargetPlatformManager:Display: Building Assets For Windows
[2015.03.26-19.59.10:229][  0]LogTargetPlatformManager:Display: Building Assets For Windows
[2015.03.26-19.59.10:324][  0]LogDerivedDataCache:Display: Max Cache Size: 512 MB
[2015.03.26-19.59.10:473][  0]LogDerivedDataCache: Loaded boot cache 0.14s 39MB C:/Users/Andrew/AppData/Local/UnrealEngine/4.7/DerivedDataCache/Boot.ddc.
[2015.03.26-19.59.10:473][  0]LogDerivedDataCache:Display: Loaded Boot cache: C:/Users/Andrew/AppData/Local/UnrealEngine/4.7/DerivedDataCache/Boot.ddc
[2015.03.26-19.59.10:473][  0]LogDerivedDataCache: FDerivedDataBackendGraph:  Pak pak cache file ../../../../../../Documents/Andrew/Source/DerivedDataCache/DDC.ddp not found, will not use a pak cache.
[2015.03.26-19.59.10:473][  0]LogDerivedDataCache: Unable to find inner node Pak for hierarchical cache Hierarchy.
[2015.03.26-19.59.10:657][  0]LogDerivedDataCache:Display: Pak cache opened for reading ../../../Engine/DerivedDataCache/Compressed.ddp.
[2015.03.26-19.59.10:668][  0]LogDerivedDataCache: Using Local data cache path C:/Users/Andrew/AppData/Local/UnrealEngine/Common/DerivedDataCache: Writable
[2015.03.26-19.59.18:715][  0]LogMeshUtilities: No automatic mesh reduction module available
[2015.03.26-19.59.18:715][  0]LogMeshUtilities: No automatic mesh merging module available
[2015.03.26-19.59.22:634][  0]LogInit: WinSock: version 1.1 (2.2), MaxSocks=32767, MaxUdp=65467
[2015.03.26-19.59.23:089][  0]LogSlate:Warning: Failed to load font data from '../../../Engine/Content/Slate/Fonts/Roboto-Italic.ttf'
[2015.03.26-19.59.37:151][  0]UdpMessaging: Initializing bridge on interface 0.0.0.0:0 to multicast group 230.0.0.1:6666.
[2015.03.26-19.59.38:282][  0]SourceControl: Info Source control is disabled
[2015.03.26-19.59.38:296][  0]SourceControl: Info Source control is disabled
[2015.03.26-19.59.38:296][  0]SourceControl: Info Source control is disabled
[2015.03.26-19.59.38:320][  0]SourceControl: Info Source control is disabled
[2015.03.26-19.59.39:455][  0]LogObj: 24235 objects as part of root set at end of initial load.
[2015.03.26-19.59.39:455][  0]LogUObjectAllocator: 5138584 out of 0 bytes used by permanent object pool.
[2015.03.26-19.59.40:119][  0]LogEngine: Initializing Engine...
[2015.03.26-19.59.43:637][  0]LogInit: XAudio2 using 'Speakers (Realtek High Definition Audio)' : 2 channels at 48 kHz using 32 bits per sample (channel mask 0x3)
[2015.03.26-19.59.43:695][  0]LogInit: FAudioDevice initialized.
[2015.03.26-19.59.44:163][  0]LogAIModule: Creating AISystem for world NewWorld
[2015.03.26-19.59.44:300][  0]LogDerivedDataCache: Saved boot cache 0.04s 39MB C:/Users/Andrew/AppData/Local/UnrealEngine/4.7/DerivedDataCache/Boot.ddc.
[2015.03.26-19.59.44:303][  0]LogInit: Texture streaming: Enabled
[2015.03.26-19.59.44:737][  0]LogAnalytics: Creating configured Analytics provider AnalyticsET
[2015.03.26-19.59.44:737][  0]LogAnalytics: ET APIKey = Rocket.Release. APIServer = http://et2.epicgames.com/ET2/. AppVersion = 4.7.3-2479750+++depot+UE4-Releases+4.7
[2015.03.26-19.59.44:737][  0]LogAnalytics: ET APIKey = Rocket.Release. DataRouterUploadURL = https://datarouter-public-service-gamedev.ol.epicgames.net/datarouter/api/v1/public/data. AppVersion = 4.7.3-2479750+++depot+UE4-Releases+4.7
[2015.03.26-19.59.44:737][  0]LogAnalytics: SetUserId df262715488e56d2e7347cb3ad0128ff|b0893ed39cec4f539351ecc697cb62a7|57ad8c8d-cd07-4540-886c-ce663a9fb0f1
[2015.03.26-19.59.44:762][  0]LogAnalytics: AnalyticsET::StartSession [Rocket.Release]
[2015.03.26-19.59.44:899][  0]LogInit: Transaction tracking system initialized
[2015.03.26-19.59.45:955][  0]BlueprintLog: New page: Editor Load
[2015.03.26-19.59.46:119][  0]LogAssetRegistry: FAssetRegistry took 0.0119 seconds to start up
[2015.03.26-19.59.46:120][  0]LogDirectoryWatcher:Warning: Failed to begin reading directory changes for ../../../Engine/Plugins/Experimental/CharacterAI/Content/. Error: 0
[2015.03.26-19.59.48:954][  0]LogTargetPlatformManager:Display: Building Assets For Windows
[2015.03.26-19.59.49:297][  0]LogTargetPlatformManager:Display: Building Assets For Windows
[2015.03.26-19.59.50:594][  0]LogSlate:Warning: Failed to load font data from '../../../Engine/Content/Editor/Slate/Fonts/Roboto-Regular.ttf'
[2015.03.26-19.59.50:596][  0]LogSlate:Warning: Failed to load font data from '../../../Engine/Content/Editor/Slate/Fonts/Roboto-Bold.ttf'
[2015.03.26-19.59.50:683][  0]LogConsoleResponse:Display: 
[2015.03.26-19.59.53:468][  0]LogCook:Display: Done creating registry. It took  0.00s.
[2015.03.26-19.59.54:832][  0]SourceControl: Info Source control is disabled
[2015.03.26-19.59.54:884][  0]Cmd: MAP LOAD FILE="../../../../../../Documents/Andrew/Source/Content/StarterContent/Maps/Minimal_Default.umap" TEMPLATE=0 SHOWPROGRESS=1 FEATURELEVEL=3
[2015.03.26-19.59.54:908][  0]LightingResults: New page: Lighting Build
[2015.03.26-19.59.55:078][  0]MapCheck: New page: Map Check
[2015.03.26-19.59.55:078][  0]LightingResults: New page: Lighting Build
[2015.03.26-19.59.55:277][  0]LogParticles: Destroying 0 GPU particle simulations for FXSystem 0x0000000003FE2520
[2015.03.26-19.59.57:895][  0]LogEditorServer: Finished looking for orphan Actors (0.000 secs)
[2015.03.26-19.59.57:927][  0]LogAIModule: Creating AISystem for world Minimal_Default
[2015.03.26-19.59.57:965][  0]Cmd: MAP CHECKDEP
[2015.03.26-19.59.57:971][  0]MapCheck: New page: Minimal_Default - Mar 26, 2015, 11:59:57 AM
[2015.03.26-19.59.58:072][  0]MapCheck: Info Map check complete: 0 Error(s), 0 Warning(s), took 106.457ms to complete.
[2015.03.26-19.59.58:072][  0]LogFileHelpers: Loading map 'Minimal_Default' took 3.220
[2015.03.26-19.59.59:590][  0]LogCollectionManager: Loaded 0 collections in 0.002678 seconds
[2015.03.26-19.59.59:649][  0]LogContentBrowser: Native class hierarchy populated in 0.0586 seconds. Added 1697 classes and 263 folders.
[2015.03.26-19.59.59:874][  0]LogContentBrowser: Native class hierarchy updated for 'SceneOutliner' in 0.0052 seconds. Added 1 classes and 2 folders.
[2015.03.26-20.00.00:582][  0]LogCrashTracker: Crashtracker disabled due to settings.
[2015.03.26-20.00.00:647][  0]LogSlate:Warning: Failed to load font data from 'Veranda'
[2015.03.26-20.00.00:747][  0]LogUObjectGlobals:Warning: Failed to find object 'Class None.'
[2015.03.26-20.00.00:837][  0]LogLoad: Full Startup: 68.40 seconds (BP compile: 0.74 seconds)
[2015.03.26-20.00.02:112][  0]LogRenderer:Warning: Reallocating scene render targets to support 32x32 (Frame:2).
[2015.03.26-20.00.02:508][  0]LogRenderer:Warning: Reallocating scene render targets to support 1208x576 (Frame:3).
[2015.03.26-20.00.04:907][  8]LogAssetRegistry: Asset discovery search completed in 18.8000 seconds
[2015.03.26-20.05.34:699][351]LogSlate:Warning: Prevented a slow task dialog from being summoned while a context menu was open
[2015.03.26-20.05.51:079][164]LogContentBrowser:Verbose: The content browser source was changed by the sources view to '/Classes_Game'
[2015.03.26-20.05.52:696][358]LogContentBrowser:Verbose: The content browser source was changed by the sources view to '/Classes_Game/MyProject3'
[2015.03.26-20.05.53:946][508]LogContentBrowser:Verbose: The content browser source was changed by the sources view to '/Game/StarterContent'
[2015.03.26-20.07.15:460][957]LogContentBrowser:Verbose: The content browser source was changed by the sources view to '/Game/StarterContent/Blueprints'
[2015.03.26-20.07.16:976][136]LogContentBrowser:Verbose: The content browser source was changed by the sources view to '/Game/StarterContent/Blueprints/Assets'
[2015.03.26-20.09.17:924][212]Cmd: OBJ SAVEPACKAGE PACKAGE="/Game/StarterContent/StartMenu" FILE="../../../../../../Documents/Andrew/Source/Content/StarterContent/StartMenu.uasset" SILENT=true
[2015.03.26-20.09.18:278][212]LogSavePackage:Warning: Obj in another map: BlueprintGeneratedClass /Game/StarterContent/Maps/Minimal_Default.Minimal_Default_C
[2015.03.26-20.09.41:311][212]LogSavePackage:Warning: 
Referencers of BlueprintGeneratedClass /Game/StarterContent/Maps/Minimal_Default.Minimal_Default_C:
[2015.03.26-20.09.41:348][212]LogSavePackage:Warning: 	K2Node_CallFunction /Game/StarterContent/StartMenu.StartMenu:EventGraph.K2Node_CallFunction_1988 (2 refs)
[2015.03.26-20.09.41:348][212]LogSavePackage:Warning: 		0) None
[2015.03.26-20.09.41:348][212]LogSavePackage:Warning: 	K2Node_VariableGet /Game/StarterContent/StartMenu.StartMenu:EventGraph.K2Node_VariableGet_1116 (2 refs)
[2015.03.26-20.09.41:348][212]LogSavePackage:Warning: 		0) None
[2015.03.26-20.09.50:338][212]EditorErrors: New page: Save Output
[2015.03.26-20.09.50:338][212]EditorErrors:Warning: Warning Object 'BlueprintGeneratedClass /Game/StarterContent/Maps/Minimal_Default.Minimal_Default_C' is in another map
[2015.03.26-20.09.50:338][212]EditorErrors:Warning: Warning Can't save ../../../../../../Documents/Andrew/Source/Content/StarterContent/StartMenu.uasset: Graph is linked to object BlueprintGeneratedClass /Game/StarterContent/Maps/Minimal_Default.Minimal_Default_C (Unknown property) in external map
[2015.03.26-20.09.59:809][753]Cmd: OBJ SAVEPACKAGE PACKAGE="/Game/StarterContent/StartMenu" FILE="../../../../../../Documents/Andrew/Source/Content/StarterContent/StartMenu.uasset" SILENT=true
[2015.03.26-20.09.59:840][753]LogSavePackage:Warning: Obj in another map: BlueprintGeneratedClass /Game/StarterContent/Maps/Minimal_Default.Minimal_Default_C
[2015.03.26-20.10.01:395][753]LogSavePackage:Warning: 
Referencers of BlueprintGeneratedClass /Game/StarterContent/Maps/Minimal_Default.Minimal_Default_C:
[2015.03.26-20.10.01:431][753]LogSavePackage:Warning: 	K2Node_CallFunction /Game/StarterContent/StartMenu.StartMenu:EventGraph.K2Node_CallFunction_1988 (2 refs)
[2015.03.26-20.10.01:431][753]LogSavePackage:Warning: 		0) None
[2015.03.26-20.10.01:431][753]LogSavePackage:Warning: 	K2Node_VariableGet /Game/StarterContent/StartMenu.StartMenu:EventGraph.K2Node_VariableGet_1116 (2 refs)
[2015.03.26-20.10.01:431][753]LogSavePackage:Warning: 		0) None
[2015.03.26-20.10.02:571][753]Cmd: OBJ SAVEPACKAGE PACKAGE="/Game/StarterContent/StartMenu" FILE="../../../../../../Documents/Andrew/Source/Content/StarterContent/StartMenu.uasset" SILENT=true
[2015.03.26-20.10.02:601][753]LogSavePackage:Warning: Obj in another map: BlueprintGeneratedClass /Game/StarterContent/Maps/Minimal_Default.Minimal_Default_C
[2015.03.26-20.10.03:712][753]LogSavePackage:Warning: 
Referencers of BlueprintGeneratedClass /Game/StarterContent/Maps/Minimal_Default.Minimal_Default_C:
[2015.03.26-20.10.03:747][753]LogSavePackage:Warning: 	K2Node_CallFunction /Game/StarterContent/StartMenu.StartMenu:EventGraph.K2Node_CallFunction_1988 (2 refs)
[2015.03.26-20.10.03:747][753]LogSavePackage:Warning: 		0) None
[2015.03.26-20.10.03:747][753]LogSavePackage:Warning: 	K2Node_VariableGet /Game/StarterContent/StartMenu.StartMenu:EventGraph.K2Node_VariableGet_1116 (2 refs)
[2015.03.26-20.10.03:747][753]LogSavePackage:Warning: 		0) None
[2015.03.26-20.10.04:751][753]EditorErrors: New page: Save Output
[2015.03.26-20.10.04:751][753]EditorErrors:Warning: Warning Object 'BlueprintGeneratedClass /Game/StarterContent/Maps/Minimal_Default.Minimal_Default_C' is in another map
[2015.03.26-20.10.04:751][753]EditorErrors:Warning: Warning Can't save ../../../../../../Documents/Andrew/Source/Content/StarterContent/StartMenu.uasset: Graph is linked to object BlueprintGeneratedClass /Game/StarterContent/Maps/Minimal_Default.Minimal_Default_C (Unknown property) in external map
[2015.03.26-20.10.04:751][753]EditorErrors:Warning: Warning Object 'BlueprintGeneratedClass /Game/StarterContent/Maps/Minimal_Default.Minimal_Default_C' is in another map
[2015.03.26-20.10.04:751][753]EditorErrors:Warning: Warning Can't save ../../../../../../Documents/Andrew/Source/Content/StarterContent/StartMenu.uasset: Graph is linked to object BlueprintGeneratedClass /Game/StarterContent/Maps/Minimal_Default.Minimal_Default_C (Unknown property) in external map
[2015.03.26-20.10.05:846][774]LogSavePackage: Save=533.408752ms
[2015.03.26-20.10.05:846][774]LogSavePackage: Moving '../../../../../../Documents/Andrew/Source/Saved/Minimal_Default_Auto187BB8F384CEE56D8729E91A3397A2064.tmp' to '../../../../../../Documents/Andrew/Source/Saved/Autosaves/Game/StarterContent/Maps/Minimal_Default_Auto1.umap'
[2015.03.26-20.10.05:850][774]LogFileHelpers: Editor autosave (incl. sublevels) for '/Game/StarterContent/Maps/Minimal_Default' took 0.819
[2015.03.26-20.10.05:850][774]LogFileHelpers: Editor autosave (incl. sublevels) for all levels took 0.819
[2015.03.26-20.10.05:877][774]OBJ SavePackage: Generating thumbnails for [0] asset(s) in package [/Game/StarterContent/StartMenu] ([1] browsable assets)...
[2015.03.26-20.10.05:877][774]OBJ SavePackage: Finished generating thumbnails for package [/Game/StarterContent/StartMenu]
[2015.03.26-20.10.05:882][774]Cmd: OBJ SAVEPACKAGE PACKAGE="/Game/StarterContent/StartMenu" FILE="../../../../../../Documents/Andrew/Source/Saved/Autosaves/Game/StarterContent/StartMenu_Auto1.uasset" SILENT=false AUTOSAVING=true
[2015.03.26-20.10.06:001][774]LogSavePackage:Warning: Obj in another map: BlueprintGeneratedClass /Game/StarterContent/Maps/Minimal_Default.Minimal_Default_C
[2015.03.26-20.10.06:001][774]Warning: Object 'BlueprintGeneratedClass /Game/StarterContent/Maps/Minimal_Default.Minimal_Default_C' is in another map
[2015.03.26-20.10.07:151][774]LogSavePackage:Warning: 
Referencers of BlueprintGeneratedClass /Game/StarterContent/Maps/Minimal_Default.Minimal_Default_C:
[2015.03.26-20.10.07:184][774]LogSavePackage:Warning: 	K2Node_CallFunction /Game/StarterContent/StartMenu.StartMenu:EventGraph.K2Node_CallFunction_1988 (2 refs)
[2015.03.26-20.10.07:184][774]LogSavePackage:Warning: 		0) None
[2015.03.26-20.10.07:184][774]LogSavePackage:Warning: 	K2Node_VariableGet /Game/StarterContent/StartMenu.StartMenu:EventGraph.K2Node_VariableGet_1116 (2 refs)
[2015.03.26-20.10.07:184][774]LogSavePackage:Warning: 		0) None
[2015.03.26-20.10.07:184][774]Warning: Can't save ../../../../../../Documents/Andrew/Source/Saved/Autosaves/Game/StarterContent/StartMenu_Auto1.uasset: Graph is linked to object BlueprintGeneratedClass /Game/StarterContent/Maps/Minimal_Default.Minimal_Default_C (Unknown property) in external map
[2015.03.26-20.10.07:185][774]LogFileHelpers: Auto-saving content packages took 1.334
[2015.03.26-20.21.53:157][987]LogSlate:Warning: Prevented a slow task dialog from being summoned while a context menu was open
[2015.03.26-20.32.09:659][991]LogFileHelpers: Editor autosave (incl. sublevels) for '/Game/StarterContent/Maps/Minimal_Default' took 0.018
[2015.03.26-20.33.38:450][536]LogSavePackage: Save=409.719269ms
[2015.03.26-20.33.38:450][536]LogSavePackage: Moving '../../../../../../Documents/Andrew/Source/Saved/Minimal_DefaultE2F7BF794E0782E333C22BA626427CB9.tmp' to '../../../../../../Documents/Andrew/Source/Content/StarterContent/Maps/Minimal_Default.umap'
[2015.03.26-20.33.38:492][536]LogFileHelpers: Saving map 'Minimal_Default' took 0.607
[2015.03.26-20.33.38:495][536]Cmd: OBJ SAVEPACKAGE PACKAGE="/Game/StarterContent/StartMenu" FILE="../../../../../../Documents/Andrew/Source/Content/StarterContent/StartMenu.uasset" SILENT=true
[2015.03.26-20.33.38:526][536]LogSavePackage:Warning: Obj in another map: BlueprintGeneratedClass /Game/StarterContent/Maps/Minimal_Default.Minimal_Default_C
[2015.03.26-20.33.40:521][536]LogSavePackage:Warning: 
Referencers of BlueprintGeneratedClass /Game/StarterContent/Maps/Minimal_Default.Minimal_Default_C:
[2015.03.26-20.33.40:556][536]LogSavePackage:Warning: 	K2Node_CallFunction /Game/StarterContent/StartMenu.StartMenu:EventGraph.K2Node_CallFunction_1988 (2 refs)
[2015.03.26-20.33.40:556][536]LogSavePackage:Warning: 		0) None
[2015.03.26-20.33.40:556][536]LogSavePackage:Warning: 	K2Node_VariableGet /Game/StarterContent/StartMenu.StartMenu:EventGraph.K2Node_VariableGet_1116 (2 refs)
[2015.03.26-20.33.40:556][536]LogSavePackage:Warning: 		0) None
[2015.03.26-20.33.41:925][536]EditorErrors: New page: Save Output
[2015.03.26-20.33.41:925][536]EditorErrors:Warning: Warning Object 'BlueprintGeneratedClass /Game/StarterContent/Maps/Minimal_Default.Minimal_Default_C' is in another map
[2015.03.26-20.33.41:925][536]EditorErrors:Warning: Warning Can't save ../../../../../../Documents/Andrew/Source/Content/StarterContent/StartMenu.uasset: Graph is linked to object BlueprintGeneratedClass /Game/StarterContent/Maps/Minimal_Default.Minimal_Default_C (Unknown property) in external map
[2015.03.26-20.33.55:922][182]Cmd: OBJ SAVEPACKAGE PACKAGE="/Game/StarterContent/StartMenu" FILE="../../../../../../Documents/Andrew/Source/Content/StarterContent/StartMenu.uasset" SILENT=true
[2015.03.26-20.33.55:988][182]LogSavePackage: Save=37.846375ms
[2015.03.26-20.33.55:988][182]LogSavePackage: Moving '../../../../../../Documents/Andrew/Source/Saved/StartMenuB02C51954BC15C6B5245F1AA6C837377.tmp' to '../../../../../../Documents/Andrew/Source/Content/StarterContent/StartMenu.uasset'
[2015.03.26-20.41.51:941][543]LogContentBrowser:Verbose: The content browser source was changed by the sources view to 'None'
[2015.03.26-20.41.52:870][619]LogContentBrowser:Verbose: The content browser source was changed by the sources view to '/Game/StarterContent'
[2015.03.26-20.42.30:529][911]Cmd: OBJ SAVEPACKAGE PACKAGE="/Game/StarterContent/MapGenMenu" FILE="../../../../../../Documents/Andrew/Source/Content/StarterContent/MapGenMenu.uasset" SILENT=true
[2015.03.26-20.42.30:711][911]LogSavePackage: Save=86.270180ms
[2015.03.26-20.42.30:711][911]LogSavePackage: Moving '../../../../../../Documents/Andrew/Source/Saved/MapGenMenu86E677C6458CEB8523A8428322AF8B3E.tmp' to '../../../../../../Documents/Andrew/Source/Content/StarterContent/MapGenMenu.uasset'
[2015.03.26-20.42.32:620][132]BlueprintLog: New page: Pre-PIE auto-recompile
[2015.03.26-20.42.32:628][132]LogPlayLevel: [PIE] Compiling Minimal_Default before PIE...
[2015.03.26-20.42.32:744][132]LogPlayLevel: [PIE] Compiling StartMenu before PIE...
[2015.03.26-20.42.32:821][132]LogPlayLevel: [PIE] Compiling MapGenMenu before PIE...
[2015.03.26-20.42.33:374][132]LogPlayLevel: PIE:  Blueprint regeneration took 753 ms (3 blueprints)
[2015.03.26-20.42.33:426][132]PIE: New page: PIE session: Minimal_Default (Mar 26, 2015, 12:42:33 PM)
[2015.03.26-20.42.33:578][132]LogBlueprint:Warning: FMemberReference::ResolveMember (MakeMap) bSelfContext == true, but no scope supplied!
[2015.03.26-20.42.33:578][132]LogBlueprint:Warning: FMemberReference::ResolveMember (MakeMap) bSelfContext == true, but no scope supplied!
[2015.03.26-20.42.33:589][132]LogBlueprint:Warning: FMemberReference::ResolveMember (FindHex) bSelfContext == true, but no scope supplied!
[2015.03.26-20.42.33:589][132]LogBlueprint:Warning: FMemberReference::ResolveMember (FindHex) bSelfContext == true, but no scope supplied!
[2015.03.26-20.42.33:590][132]LogBlueprint:Warning: FMemberReference::ResolveMember (Axial2Cubic) bSelfContext == true, but no scope supplied!
[2015.03.26-20.42.33:590][132]LogBlueprint:Warning: FMemberReference::ResolveMember (Axial2Cubic) bSelfContext == true, but no scope supplied!
[2015.03.26-20.42.33:590][132]LogBlueprint:Warning: FMemberReference::ResolveMember (Global2Axial) bSelfContext == true, but no scope supplied!
[2015.03.26-20.42.33:590][132]LogBlueprint:Warning: FMemberReference::ResolveMember (Global2Axial) bSelfContext == true, but no scope supplied!
[2015.03.26-20.42.33:598][132]LogBlueprint:Warning: FMemberReference::ResolveMember (Cubic2Axial) bSelfContext == true, but no scope supplied!
[2015.03.26-20.42.33:598][132]LogBlueprint:Warning: FMemberReference::ResolveMember (Cubic2Axial) bSelfContext == true, but no scope supplied!
[2015.03.26-20.42.33:602][132]LogBlueprint:Warning: FMemberReference::ResolveMember (AddComponent) bSelfContext == true, but no scope supplied!
[2015.03.26-20.42.33:603][132]LogBlueprint:Warning: FMemberReference::ResolveMember (Axial2Global) bSelfContext == true, but no scope supplied!
[2015.03.26-20.42.33:603][132]LogBlueprint:Warning: FMemberReference::ResolveMember (Axial2Global) bSelfContext == true, but no scope supplied!
[2015.03.26-20.42.33:609][132]LogBlueprint:Warning: FMemberReference::ResolveMember (AddComponent) bSelfContext == true, but no scope supplied!
[2015.03.26-20.42.33:610][132]LogBlueprint:Warning: FMemberReference::ResolveMember (AddComponent) bSelfContext == true, but no scope supplied!
[2015.03.26-20.42.33:611][132]LogBlueprint:Warning: FMemberReference::ResolveMember (AddComponent) bSelfContext == true, but no scope supplied!
[2015.03.26-20.42.33:611][132]LogBlueprint:Warning: FMemberReference::ResolveMember (AddComponent) bSelfContext == true, but no scope supplied!
[2015.03.26-20.42.33:612][132]LogBlueprint:Warning: FMemberReference::ResolveMember (AddComponent) bSelfContext == true, but no scope supplied!
[2015.03.26-20.42.33:617][132]LogBlueprint:Warning: FMemberReference::ResolveMember (Global2Axial) bSelfContext == true, but no scope supplied!
[2015.03.26-20.42.33:617][132]LogBlueprint:Warning: FMemberReference::ResolveMember (Global2Axial) bSelfContext == true, but no scope supplied!
[2015.03.26-20.42.33:618][132]LogBlueprint:Warning: FMemberReference::ResolveMember (AddRegion) bSelfContext == true, but no scope supplied!
[2015.03.26-20.42.33:618][132]LogBlueprint:Warning: FMemberReference::ResolveMember (AddRegion) bSelfContext == true, but no scope supplied!
[2015.03.26-20.42.33:639][132]LogPlayLevel: PIE: StaticDuplicateObject took: (0.205687s)
[2015.03.26-20.42.33:640][132]LogPlayLevel: PIE: World Init took: (0.000476s)
[2015.03.26-20.42.33:646][132]LogPlayLevel: PIE: Created PIE world by copying editor world from /Game/StarterContent/Maps/Minimal_Default.Minimal_Default to /Game/StarterContent/Maps/UEDPIE_0_Minimal_Default.Minimal_Default (0.212678s)
[2015.03.26-20.42.33:821][132]LogWorld: Game class is 'GameMode'
[2015.03.26-20.42.33:846][132]LogAIModule: Creating AISystem for world Minimal_Default
[2015.03.26-20.42.33:854][132]LogWorld: Bringing World /Game/StarterContent/Maps/UEDPIE_0_Minimal_Default.Minimal_Default up for play (max tick rate 0) at 2015.03.26-16.42.33
[2015.03.26-20.42.34:087][132]LogWorld: Bringing up level for play took: 0.240050
[2015.03.26-20.42.34:480][132]PIE: Info Play in editor start time for /Game/StarterContent/Maps/UEDPIE_0_Minimal_Default 1.801
[2015.03.26-20.42.34:850][132]LogRenderer:Warning: Reallocating scene render targets to support 1296x760 (Frame:71885).
[2015.03.26-20.42.51:926][994]LogParticles: Destroying 0 GPU particle simulations for FXSystem 0x00000000148E2CA0
[2015.03.26-20.43.57:558][603]LogFileHelpers: Editor autosave (incl. sublevels) for '/Game/StarterContent/Maps/Minimal_Default' took 0.061
[2015.03.26-21.13.18:703][291]BlueprintLog: New page: Pre-PIE auto-recompile
[2015.03.26-21.13.18:707][291]LogPlayLevel: [PIE] Compiling Minimal_Default before PIE...
[2015.03.26-21.13.18:818][291]LogPlayLevel: [PIE] Compiling StartMenu before PIE...
[2015.03.26-21.13.18:887][291]LogPlayLevel: PIE:  Blueprint regeneration took 184 ms (2 blueprints)
[2015.03.26-21.13.18:887][291]PIE: New page: PIE session: Minimal_Default (Mar 26, 2015, 1:13:18 PM)
[2015.03.26-21.13.18:917][291]LogBlueprint:Warning: FMemberReference::ResolveMember (MakeMap) bSelfContext == true, but no scope supplied!
[2015.03.26-21.13.18:917][291]LogBlueprint:Warning: FMemberReference::ResolveMember (MakeMap) bSelfContext == true, but no scope supplied!
[2015.03.26-21.13.18:919][291]LogBlueprint:Warning: FMemberReference::ResolveMember (FindHex) bSelfContext == true, but no scope supplied!
[2015.03.26-21.13.18:919][291]LogBlueprint:Warning: FMemberReference::ResolveMember (FindHex) bSelfContext == true, but no scope supplied!
[2015.03.26-21.13.18:919][291]LogBlueprint:Warning: FMemberReference::ResolveMember (Axial2Cubic) bSelfContext == true, but no scope supplied!
[2015.03.26-21.13.18:919][291]LogBlueprint:Warning: FMemberReference::ResolveMember (Axial2Cubic) bSelfContext == true, but no scope supplied!
[2015.03.26-21.13.18:919][291]LogBlueprint:Warning: FMemberReference::ResolveMember (Global2Axial) bSelfContext == true, but no scope supplied!
[2015.03.26-21.13.18:919][291]LogBlueprint:Warning: FMemberReference::ResolveMember (Global2Axial) bSelfContext == true, but no scope supplied!
[2015.03.26-21.13.18:922][291]LogBlueprint:Warning: FMemberReference::ResolveMember (Cubic2Axial) bSelfContext == true, but no scope supplied!
[2015.03.26-21.13.18:922][291]LogBlueprint:Warning: FMemberReference::ResolveMember (Cubic2Axial) bSelfContext == true, but no scope supplied!
[2015.03.26-21.13.18:923][291]LogBlueprint:Warning: FMemberReference::ResolveMember (AddComponent) bSelfContext == true, but no scope supplied!
[2015.03.26-21.13.18:923][291]LogBlueprint:Warning: FMemberReference::ResolveMember (Axial2Global) bSelfContext == true, but no scope supplied!
[2015.03.26-21.13.18:923][291]LogBlueprint:Warning: FMemberReference::ResolveMember (Axial2Global) bSelfContext == true, but no scope supplied!
[2015.03.26-21.13.18:925][291]LogBlueprint:Warning: FMemberReference::ResolveMember (AddComponent) bSelfContext == true, but no scope supplied!
[2015.03.26-21.13.18:925][291]LogBlueprint:Warning: FMemberReference::ResolveMember (AddComponent) bSelfContext == true, but no scope supplied!
[2015.03.26-21.13.18:926][291]LogBlueprint:Warning: FMemberReference::ResolveMember (AddComponent) bSelfContext == true, but no scope supplied!
[2015.03.26-21.13.18:926][291]LogBlueprint:Warning: FMemberReference::ResolveMember (AddComponent) bSelfContext == true, but no scope supplied!
[2015.03.26-21.13.18:926][291]LogBlueprint:Warning: FMemberReference::ResolveMember (AddComponent) bSelfContext == true, but no scope supplied!
[2015.03.26-21.13.18:927][291]LogBlueprint:Warning: FMemberReference::ResolveMember (Global2Axial) bSelfContext == true, but no scope supplied!
[2015.03.26-21.13.18:927][291]LogBlueprint:Warning: FMemberReference::ResolveMember (Global2Axial) bSelfContext == true, but no scope supplied!
[2015.03.26-21.13.18:928][291]LogBlueprint:Warning: FMemberReference::ResolveMember (AddRegion) bSelfContext == true, but no scope supplied!
[2015.03.26-21.13.18:928][291]LogBlueprint:Warning: FMemberReference::ResolveMember (AddRegion) bSelfContext == true, but no scope supplied!
[2015.03.26-21.13.18:935][291]LogPlayLevel: PIE: StaticDuplicateObject took: (0.047288s)
[2015.03.26-21.13.18:935][291]LogPlayLevel: PIE: World Init took: (0.000407s)
[2015.03.26-21.13.18:936][291]LogPlayLevel: PIE: Created PIE world by copying editor world from /Game/StarterContent/Maps/Minimal_Default.Minimal_Default to /Game/StarterContent/Maps/UEDPIE_0_Minimal_Default.Minimal_Default (0.047815s)
[2015.03.26-21.13.18:966][291]LogWorld: Game class is 'GameMode'
[2015.03.26-21.13.18:967][291]LogAIModule: Creating AISystem for world Minimal_Default
[2015.03.26-21.13.18:970][291]LogWorld: Bringing World /Game/StarterContent/Maps/UEDPIE_0_Minimal_Default.Minimal_Default up for play (max tick rate 0) at 2015.03.26-17.13.18
[2015.03.26-21.13.18:970][291]LogWorld: Bringing up level for play took: 0.002670
[2015.03.26-21.13.19:008][291]PIE: Info Play in editor start time for /Game/StarterContent/Maps/UEDPIE_0_Minimal_Default 0.296
[2015.03.26-21.14.01:365][352]LogParticles: Destroying 0 GPU particle simulations for FXSystem 0x000000002B7E6A20
[2015.03.26-21.15.01:953][454]LogParticles: Destroying 0 GPU particle simulations for FXSystem 0x0000000011A8C680
[2015.03.26-21.15.01:954][454]LogParticles: Destroying 0 GPU particle simulations for FXSystem 0x0000000011A8D440
[2015.03.26-21.15.01:954][454]LogParticles: Destroying 0 GPU particle simulations for FXSystem 0x0000000011A8F6A0
[2015.03.26-21.15.01:954][454]LogParticles: Destroying 0 GPU particle simulations for FXSystem 0x0000000013AA44A0
[2015.03.26-21.15.02:753][455]Cmd: QUIT_EDITOR
[2015.03.26-21.15.03:244][455]LogExit: Preparing to exit.
[2015.03.26-21.15.03:842][455]LogExit: Editor shut down
[2015.03.26-21.15.03:842][455]LogExit: Transaction tracking system shut down
[2015.03.26-21.15.03:842][455]LogParticles: Destroying 0 GPU particle simulations for FXSystem 0x000000000CDACAE0
[2015.03.26-21.15.03:843][455]LogParticles: Destroying 0 GPU particle simulations for FXSystem 0x0000000016F52020
[2015.03.26-21.15.03:843][455]LogParticles: Destroying 0 GPU particle simulations for FXSystem 0x000000001E512020
[2015.03.26-21.15.03:843][455]LogParticles: Destroying 0 GPU particle simulations for FXSystem 0x0000000016FE7BA0
[2015.03.26-21.15.03:844][455]LogParticles: Destroying 0 GPU particle simulations for FXSystem 0x0000000011A8EFC0
[2015.03.26-21.15.03:844][455]LogParticles: Destroying 0 GPU particle simulations for FXSystem 0x0000000013AA5EE0
[2015.03.26-21.15.04:937][455]LogExit: Object subsystem successfully closed.
[2015.03.26-21.15.05:527][455]LogModuleManager: Shutting down and abandoning module ExternalImagePicker (180)
[2015.03.26-21.15.05:538][455]LogModuleManager: Shutting down and abandoning module SequencerWidgets (179)
[2015.03.26-21.15.05:538][455]LogModuleManager: Shutting down and abandoning module CrashTracker (178)
[2015.03.26-21.15.05:538][455]LogModuleManager: Shutting down and abandoning module SuperSearch (177)
[2015.03.26-21.15.05:538][455]LogModuleManager: Shutting down and abandoning module SceneOutliner (176)
[2015.03.26-21.15.05:545][455]LogModuleManager: Shutting down and abandoning module EditorWidgets (175)
[2015.03.26-21.15.05:545][455]LogModuleManager: Shutting down and abandoning module CollectionManager (174)
[2015.03.26-21.15.05:555][455]LogModuleManager: Shutting down and abandoning module StatsViewer (173)
[2015.03.26-21.15.05:590][455]LogModuleManager: Shutting down and abandoning module FoliageEdit (172)
[2015.03.26-21.15.05:590][455]LogModuleManager: Shutting down and abandoning module LandscapeEditor (171)
[2015.03.26-21.15.05:613][455]LogModuleManager: Shutting down and abandoning module MeshPaint (170)
[2015.03.26-21.15.05:624][455]LogModuleManager: Shutting down and abandoning module ActorPickerMode (169)
[2015.03.26-21.15.05:624][455]LogModuleManager: Shutting down and abandoning module GeometryMode (168)
[2015.03.26-21.15.05:624][455]LogModuleManager: Shutting down and abandoning module TextureAlignMode (167)
[2015.03.26-21.15.05:625][455]LogModuleManager: Shutting down and abandoning module BspMode (166)
[2015.03.26-21.15.05:625][455]LogModuleManager: Shutting down and abandoning module PlacementMode (165)
[2015.03.26-21.15.05:625][455]LogModuleManager: Shutting down and abandoning module AutomationWorker (164)
[2015.03.26-21.15.05:625][455]LogModuleManager: Shutting down and abandoning module CharacterAI (163)
[2015.03.26-21.15.05:625][455]LogModuleManager: Shutting down and abandoning module SmartSnapping (162)
[2015.03.26-21.15.05:625][455]LogModuleManager: Shutting down and abandoning module ViewportSnapping (161)
[2015.03.26-21.15.05:625][455]LogModuleManager: Shutting down and abandoning module LogVisualizer (160)
[2015.03.26-21.15.05:673][455]LogModuleManager: Shutting down and abandoning module GameProjectGeneration (159)
[2015.03.26-21.15.05:681][455]LogModuleManager: Shutting down and abandoning module IntroTutorials (158)
[2015.03.26-21.15.05:730][455]LogModuleManager: Shutting down and abandoning module EditorLiveStreaming (157)
[2015.03.26-21.15.05:738][455]LogModuleManager: Shutting down and abandoning module HardwareTargeting (156)
[2015.03.26-21.15.05:738][455]LogModuleManager: Shutting down and abandoning module DeviceProfileEditor (155)
[2015.03.26-21.15.05:745][455]LogModuleManager: Shutting down and abandoning module UndoHistory (154)
[2015.03.26-21.15.05:756][455]LogModuleManager: Shutting down and abandoning module GameplayTagsEditor (153)
[2015.03.26-21.15.05:756][455]LogModuleManager: Shutting down and abandoning module UserFeedback (152)
[2015.03.26-21.15.05:756][455]LogModuleManager: Shutting down and abandoning module XmlParser (151)
[2015.03.26-21.15.05:764][455]LogModuleManager: Shutting down and abandoning module Blutility (150)
[2015.03.26-21.15.05:764][455]LogModuleManager: Shutting down and abandoning module IOSPlatformEditor (149)
[2015.03.26-21.15.05:764][455]LogModuleManager: Shutting down and abandoning module IOSRuntimeSettings (148)
[2015.03.26-21.15.05:764][455]LogModuleManager: Shutting down and abandoning module AndroidDeviceDetection (147)
[2015.03.26-21.15.06:777][455]LogModuleManager: Shutting down and abandoning module AndroidPlatformEditor (146)
[2015.03.26-21.15.06:777][455]LogModuleManager: Shutting down and abandoning module AndroidRuntimeSettings (145)
[2015.03.26-21.15.06:777][455]LogModuleManager: Shutting down and abandoning module ProjectTargetPlatformEditor (144)
[2015.03.26-21.15.06:777][455]LogModuleManager: Shutting down and abandoning module ProjectSettingsViewer (143)
[2015.03.26-21.15.06:777][455]LogModuleManager: Shutting down and abandoning module InputBindingEditor (142)
[2015.03.26-21.15.06:821][455]LogModuleManager: Shutting down and abandoning module EditorSettingsViewer (141)
[2015.03.26-21.15.06:821][455]LogModuleManager: Shutting down and abandoning module SettingsEditor (140)
[2015.03.26-21.15.06:821][455]LogModuleManager: Shutting down and abandoning module ProjectLauncher (139)
[2015.03.26-21.15.06:841][455]LogModuleManager: Shutting down and abandoning module SessionFrontend (138)
[2015.03.26-21.15.06:847][455]LogModuleManager: Shutting down and abandoning module ProfilerClient (137)
[2015.03.26-21.15.06:854][455]LogModuleManager: Shutting down and abandoning module TargetDeviceServices (136)
[2015.03.26-21.15.06:854][455]LogModuleManager: Shutting down and abandoning module DeviceManager (135)
[2015.03.26-21.15.06:862][455]LogModuleManager: Shutting down and abandoning module AutomationController (134)
[2015.03.26-21.15.06:870][455]LogModuleManager: Shutting down and abandoning module AutomationWindow (133)
[2015.03.26-21.15.06:882][455]LogModuleManager: Shutting down and abandoning module Layers (132)
[2015.03.26-21.15.06:898][455]LogModuleManager: Shutting down and abandoning module ComponentVisualizers (131)
[2015.03.26-21.15.06:898][455]LogModuleManager: Shutting down and abandoning module DetailCustomizations (130)
[2015.03.26-21.15.06:907][455]LogModuleManager: Shutting down and abandoning module PackagesDialog (129)
[2015.03.26-21.15.06:920][455]LogModuleManager: Shutting down and abandoning module AssetRegistry (128)
[2015.03.26-21.15.07:045][455]LogModuleManager: Shutting down and abandoning module Persona (127)
[2015.03.26-21.15.07:080][455]LogModuleManager: Shutting down and abandoning module SlateReflector (126)
[2015.03.26-21.15.07:103][455]LogModuleManager: Shutting down and abandoning module LevelEditor (125)
[2015.03.26-21.15.07:117][455]LogModuleManager: Shutting down and abandoning module Kismet (124)
[2015.03.26-21.15.07:117][455]LogModuleManager: Shutting down and abandoning module GraphEditor (123)
[2015.03.26-21.15.07:117][455]LogModuleManager: Shutting down and abandoning module ClassViewer (122)
[2015.03.26-21.15.07:117][455]LogModuleManager: Shutting down and abandoning module Toolbox (121)
[2015.03.26-21.15.07:117][455]LogModuleManager: Shutting down and abandoning module ModuleUI (120)
[2015.03.26-21.15.07:125][455]LogModuleManager: Shutting down and abandoning module MovieSceneTools (119)
[2015.03.26-21.15.07:125][455]LogModuleManager: Shutting down and abandoning module OutputLog (118)
[2015.03.26-21.15.07:125][455]LogModuleManager: Shutting down and abandoning module GammaUI (117)
[2015.03.26-21.15.07:137][455]LogModuleManager: Shutting down and abandoning module Documentation (116)
[2015.03.26-21.15.07:137][455]LogModuleManager: Shutting down and abandoning module GameLiveStreaming (115)
[2015.03.26-21.15.07:145][455]LogModuleManager: Shutting down and abandoning module StreamingPauseRendering (114)
[2015.03.26-21.15.07:155][455]LogModuleManager: Shutting down and abandoning module HTTP (113)
[2015.03.26-21.15.07:165][455]LogModuleManager: Shutting down and abandoning module AnalyticsET (112)
[2015.03.26-21.15.07:165][455]LogModuleManager: Shutting down and abandoning module Analytics (111)
[2015.03.26-21.15.07:165][455]LogModuleManager: Shutting down and abandoning module AITestSuite (110)
[2015.03.26-21.15.07:175][455]LogModuleManager: Shutting down and abandoning module GameplayDebugger (109)
[2015.03.26-21.15.07:175][455]LogModuleManager: Shutting down and abandoning module AIModule (108)
[2015.03.26-21.15.07:185][455]LogModuleManager: Shutting down and abandoning module ProfilerService (107)
[2015.03.26-21.15.07:356][455]LogModuleManager: Shutting down and abandoning module TaskGraph (106)
[2015.03.26-21.15.07:371][455]LogModuleManager: Shutting down and abandoning module SlateRemote (105)
[2015.03.26-21.15.07:371][455]LogModuleManager: Shutting down and abandoning module ScriptEditorPlugin (104)
[2015.03.26-21.15.07:371][455]LogModuleManager: Shutting down and abandoning module CustomMeshComponent (103)
[2015.03.26-21.15.07:371][455]LogModuleManager: Shutting down and abandoning module CableComponent (102)
[2015.03.26-21.15.07:374][455]LogModuleManager: Shutting down and abandoning module MessagingDebugger (101)
[2015.03.26-21.15.07:399][455]LogModuleManager: Shutting down and abandoning module MediaPlayerEditor (100)
[2015.03.26-21.15.07:416][455]LogModuleManager: Shutting down and abandoning module SpeedTreeImporter (99)
[2015.03.26-21.15.07:416][455]LogModuleManager: Shutting down and abandoning module PluginsEditor (98)
[2015.03.26-21.15.07:422][455]LogModuleManager: Shutting down and abandoning module MainFrame (97)
[2015.03.26-21.15.07:422][455]LogModuleManager: Shutting down and abandoning module EpicSurvey (96)
[2015.03.26-21.15.07:433][455]LogModuleManager: Shutting down and abandoning module DesktopPlatform (95)
[2015.03.26-21.15.07:458][455]LogModuleManager: Shutting down and abandoning module DirectoryWatcher (94)
[2015.03.26-21.15.07:458][455]LogModuleManager: Shutting down and abandoning module HotReload (93)
[2015.03.26-21.15.07:465][455]LogModuleManager: Shutting down and abandoning module VisualStudioSourceCodeAccess (92)
[2015.03.26-21.15.07:465][455]LogModuleManager: Shutting down and abandoning module UObjectPlugin (91)
[2015.03.26-21.15.07:465][455]LogModuleManager: Shutting down and abandoning module SubversionSourceControl (90)
[2015.03.26-21.15.07:490][455]LogModuleManager: Shutting down and abandoning module PerforceSourceControl (89)
[2015.03.26-21.15.07:510][455]LogModuleManager: Shutting down and abandoning module SourceControl (88)
[2015.03.26-21.15.07:526][455]LogModuleManager: Shutting down and abandoning module GitSourceControl (87)
[2015.03.26-21.15.07:526][455]LogModuleManager: Shutting down and abandoning module BlankPlugin (86)
[2015.03.26-21.15.07:526][455]LogModuleManager: Shutting down and abandoning module PaperTiledImporter (85)
[2015.03.26-21.15.07:526][455]LogModuleManager: Shutting down and abandoning module PaperJsonImporter (84)
[2015.03.26-21.15.07:526][455]LogModuleManager: Shutting down and abandoning module ContentBrowser (83)
[2015.03.26-21.15.07:527][455]LogModuleManager: Shutting down and abandoning module Paper2DEditor (82)
[2015.03.26-21.15.07:560][455]LogModuleManager: Shutting down and abandoning module MyProject3 (81)
[2015.03.26-21.15.07:560][455]LogModuleManager: Shutting down and abandoning module ScriptPlugin (80)
[2015.03.26-21.15.07:575][455]LogModuleManager: Shutting down and abandoning module UdpMessaging (79)
[2015.03.26-21.15.07:675][455]LogModuleManager: Shutting down and abandoning module Paper2D (78)
[2015.03.26-21.15.07:689][455]LogModuleManager: Shutting down and abandoning module WindowsMoviePlayer (77)
[2015.03.26-21.15.07:702][455]LogModuleManager: Shutting down and abandoning module Media (76)
[2015.03.26-21.15.07:702][455]LogModuleManager: Shutting down and abandoning module WmfMedia (75)
[2015.03.26-21.15.07:702][455]LogModuleManager: Shutting down and abandoning module OnlineBlueprintSupport (74)
[2015.03.26-21.15.07:702][455]LogModuleManager: Shutting down and abandoning module PropertyEditor (73)
[2015.03.26-21.15.07:703][455]LogModuleManager: Shutting down and abandoning module BehaviorTreeEditor (72)
[2015.03.26-21.15.07:724][455]LogModuleManager: Shutting down and abandoning module FunctionalTesting (71)
[2015.03.26-21.15.07:738][455]LogModuleManager: Shutting down and abandoning module CollisionAnalyzer (70)
[2015.03.26-21.15.07:751][455]LogModuleManager: Shutting down and abandoning module WorkspaceMenuStructure (69)
[2015.03.26-21.15.07:751][455]LogModuleManager: Shutting down and abandoning module MessageLog (68)
[2015.03.26-21.15.07:751][455]LogModuleManager: Shutting down and abandoning module Sequencer (67)
[2015.03.26-21.15.07:751][455]LogModuleManager: Shutting down and abandoning module AssetTools (66)
[2015.03.26-21.15.07:776][455]LogModuleManager: Shutting down and abandoning module UMGEditor (65)
[2015.03.26-21.15.07:776][455]LogModuleManager: Shutting down and abandoning module UMG (64)
[2015.03.26-21.15.07:776][455]LogModuleManager: Shutting down and abandoning module Slate (63)
[2015.03.26-21.15.07:776][455]LogModuleManager: Shutting down and abandoning module EditorStyle (62)
[2015.03.26-21.15.07:778][455]LogModuleManager: Shutting down and abandoning module SessionServices (61)
[2015.03.26-21.15.07:778][455]LogModuleManager: Shutting down and abandoning module SourceCodeAccess (60)
[2015.03.26-21.15.07:778][455]LogModuleManager: Shutting down and abandoning module HeadMountedDisplay (59)
[2015.03.26-21.15.07:778][455]LogModuleManager: Shutting down and abandoning module XAudio2 (58)
[2015.03.26-21.15.07:778][455]LogModuleManager: Shutting down and abandoning module Networking (56)
[2015.03.26-21.15.07:778][455]LogModuleManager: Shutting down and abandoning module Core (55)
[2015.03.26-21.15.07:778][455]LogModuleManager: Shutting down and abandoning module KismetCompiler (54)
[2015.03.26-21.15.07:778][455]LogModuleManager: Shutting down and abandoning module PhysXFormats (53)
[2015.03.26-21.15.07:778][455]LogModuleManager: Shutting down and abandoning module MeshUtilities (52)
[2015.03.26-21.15.07:807][455]LogModuleManager: Shutting down and abandoning module DerivedDataCache (51)
[2015.03.26-21.15.07:903][455]LogDerivedDataCache: Shutdown
[2015.03.26-21.15.07:903][455]LogModuleManager: Shutting down and abandoning module ShaderFormatOpenGL (50)
[2015.03.26-21.15.07:912][455]LogModuleManager: Shutting down and abandoning module ShaderFormatD3D (49)
[2015.03.26-21.15.07:924][455]LogModuleManager: Shutting down and abandoning module MetalShaderFormat (48)
[2015.03.26-21.15.07:933][455]LogModuleManager: Shutting down and abandoning module TextureFormatUncompressed (47)
[2015.03.26-21.15.07:933][455]LogModuleManager: Shutting down and abandoning module TextureFormatPVR (46)
[2015.03.26-21.15.07:940][455]LogModuleManager: Shutting down and abandoning module TextureFormatIntelISPCTexComp (45)
[2015.03.26-21.15.07:946][455]LogModuleManager: Shutting down and abandoning module TextureFormatDXT (44)
[2015.03.26-21.15.07:959][455]LogModuleManager: Shutting down and abandoning module ImageWrapper (43)
[2015.03.26-21.15.07:959][455]LogModuleManager: Shutting down and abandoning module TextureFormatASTC (42)
[2015.03.26-21.15.07:968][455]LogModuleManager: Shutting down and abandoning module TextureFormatAndroid (41)
[2015.03.26-21.15.07:968][455]LogModuleManager: Shutting down and abandoning module AudioFormatOpus (40)
[2015.03.26-21.15.07:980][455]LogModuleManager: Shutting down and abandoning module AudioFormatOgg (39)
[2015.03.26-21.15.07:980][455]LogModuleManager: Shutting down and abandoning module AudioFormatADPCM (38)
[2015.03.26-21.15.07:980][455]LogModuleManager: Shutting down and abandoning module LinuxTargetPlatform (37)
[2015.03.26-21.15.07:980][455]LogModuleManager: Shutting down and abandoning module LinuxServerTargetPlatform (36)
[2015.03.26-21.15.07:990][455]LogModuleManager: Shutting down and abandoning module LinuxNoEditorTargetPlatform (35)
[2015.03.26-21.15.07:995][455]LogModuleManager: Shutting down and abandoning module Messaging (34)
[2015.03.26-21.15.07:995][455]LogModuleManager: Shutting down and abandoning module IOSTargetPlatform (33)
[2015.03.26-21.15.07:995][455]LogModuleManager: Shutting down and abandoning module HTML5TargetPlatform (32)
[2015.03.26-21.15.07:995][455]LogModuleManager: Shutting down and abandoning module Android_PVRTCTargetPlatform (31)
[2015.03.26-21.15.07:995][455]LogModuleManager: Shutting down and abandoning module Android_ETC2TargetPlatform (30)
[2015.03.26-21.15.07:995][455]LogModuleManager: Shutting down and abandoning module Android_ETC1TargetPlatform (29)
[2015.03.26-21.15.07:995][455]LogModuleManager: Shutting down and abandoning module Android_ES31TargetPlatform (28)
[2015.03.26-21.15.07:995][455]LogModuleManager: Shutting down and abandoning module Android_DXTTargetPlatform (27)
[2015.03.26-21.15.07:995][455]LogModuleManager: Shutting down and abandoning module Android_ATCTargetPlatform (26)
[2015.03.26-21.15.07:995][455]LogModuleManager: Shutting down and abandoning module AndroidTargetPlatform (25)
[2015.03.26-21.15.07:995][455]LogModuleManager: Shutting down and abandoning module WindowsTargetPlatform (24)
[2015.03.26-21.15.07:995][455]LogModuleManager: Shutting down and abandoning module WindowsServerTargetPlatform (23)
[2015.03.26-21.15.07:995][455]LogModuleManager: Shutting down and abandoning module WindowsNoEditorTargetPlatform (22)
[2015.03.26-21.15.07:995][455]LogModuleManager: Shutting down and abandoning module WindowsClientTargetPlatform (21)
[2015.03.26-21.15.07:995][455]LogModuleManager: Shutting down and abandoning module TargetPlatform (20)
[2015.03.26-21.15.07:995][455]LogModuleManager: Shutting down and abandoning module InputCore (19)
[2015.03.26-21.15.07:995][455]LogModuleManager: Shutting down and abandoning module Settings (18)
[2015.03.26-21.15.07:995][455]LogModuleManager: Shutting down and abandoning module OnlineSubsystem (16)
[2015.03.26-21.15.07:995][455]LogModuleManager: Shutting down and abandoning module OculusRift (15)
[2015.03.26-21.15.07:995][455]LogModuleManager: Shutting down and abandoning module ExampleDeviceProfileSelector (14)
[2015.03.26-21.15.07:995][455]LogModuleManager: Shutting down and abandoning module TextureCompressor (13)
[2015.03.26-21.15.08:010][455]LogModuleManager: Shutting down and abandoning module ShaderCore (12)
[2015.03.26-21.15.08:010][455]LogModuleManager: Shutting down and abandoning module Landscape (11)
[2015.03.26-21.15.08:010][455]LogModuleManager: Shutting down and abandoning module SlateRHIRenderer (10)
[2015.03.26-21.15.08:036][455]LogModuleManager: Shutting down and abandoning module OpenGLDrv (9)
[2015.03.26-21.15.08:036][455]LogModuleManager: Shutting down and abandoning module D3D11RHI (8)
[2015.03.26-21.15.08:036][455]LogModuleManager: Shutting down and abandoning module Renderer (7)
[2015.03.26-21.15.08:036][455]LogModuleManager: Shutting down and abandoning module Engine (6)
[2015.03.26-21.15.08:036][455]LogModuleManager: Shutting down and abandoning module CoreUObject (5)
[2015.03.26-21.15.08:036][455]LogModuleManager: Shutting down and abandoning module NetworkFile (4)
[2015.03.26-21.15.08:050][455]LogModuleManager: Shutting down and abandoning module StreamingFile (3)
[2015.03.26-21.15.08:062][455]LogModuleManager: Shutting down and abandoning module SandboxFile (2)
[2015.03.26-21.15.08:072][455]LogModuleManager: Shutting down and abandoning module PakFile (1)
[2015.03.26-21.15.08:095][455]LogExit: Exiting.
[2015.03.26-21.15.08:110][455]Log file closed, 03/26/15 17:15:08
