Log file open, 03/07/15 18:59:10
LogInit:Display: Running engine for game: MyProject3
LogInit: Version: 4.7.2-2467323+++depot+UE4-Releases+4.7
LogInit: API Version: 2455222
LogInit: Compiled (64-bit): Mar  2 2015 23:16:34
LogInit: Compiled with Visual C++: 18.00.21005.01
LogInit: Build Configuration: Development
LogInit: Branch Name: ++depot+UE4-Releases+4.7
LogInit: Command line:  /Temp/Autosaves/Game/StarterContent/UEDPCMapGen -game -PIEVIACONSOLE -ResX=1280 -ResY=720  -Multiprocess -featureleveles2 -faketouches 
LogInit: Base directory: C:/Program Files/Epic Games/4.7/Engine/Binaries/Win64/
LogInit: Rocket: 1
[2015.03.07-23.59.10:241][  0]LogTaskGraph: Started task graph with 3 named threads and 6 total threads.
[2015.03.07-23.59.10:293][  0]LogOnline:Warning: No default platform service specified for OnlineSubsystem
[2015.03.07-23.59.10:307][  0]LogInit: Presizing for 0 objects not considered by GC, pre-allocating 0 bytes.
[2015.03.07-23.59.10:317][  0]LogInit: Object subsystem initialized
[2015.03.07-23.59.10:319][  0]LogConsoleResponse:Warning: Skipping Unknown console variable: 'TranslucentSortAxis = (X=0.000000,Y=-1.000000,Z=0.000000)'
[2015.03.07-23.59.10:319][  0]LogConsoleResponse:Warning:   Found in ini file 'E:/Unreal/Source/Saved/Config/Windows/Engine.ini', in section '[/Script/Engine.RendererSettings]'
[2015.03.07-23.59.10:319][  0]LogConsoleResponse:Warning: Skipping Unknown console variable: 'UIScaleRule = ShortestSide'
[2015.03.07-23.59.10:319][  0]LogConsoleResponse:Warning:   Found in ini file 'E:/Unreal/Source/Saved/Config/Windows/Engine.ini', in section '[/Script/Engine.RendererSettings]'
[2015.03.07-23.59.10:319][  0]LogConsoleResponse:Warning: Skipping Unknown console variable: 'UIScaleCurve = (EditorCurveData=(Keys=),ExternalCurve=None)'
[2015.03.07-23.59.10:319][  0]LogConsoleResponse:Warning:   Found in ini file 'E:/Unreal/Source/Saved/Config/Windows/Engine.ini', in section '[/Script/Engine.RendererSettings]'
[2015.03.07-23.59.10:319][  0]LogInit: Selected Device Profile: [Windows]
[2015.03.07-23.59.10:319][  0]LogInit: Applying CVar settings loaded from the selected device profile: [Windows]
[2015.03.07-23.59.10:325][  0]LogInit: Computer: TJO-PC
[2015.03.07-23.59.10:325][  0]LogInit: User: TJO
[2015.03.07-23.59.10:325][  0]LogInit: CPU Page size=4096, Cores=4
[2015.03.07-23.59.10:325][  0]LogInit: High frequency timer resolution =3.215400 MHz
[2015.03.07-23.59.10:325][  0]LogMemory: Memory total: Physical=7.9GB (8GB approx) Virtual=8192.0GB
[2015.03.07-23.59.10:325][  0]LogMemory: Platform Memory Stats for Windows
[2015.03.07-23.59.10:325][  0]LogMemory: Process Physical Memory: 47.06 MB used, 47.06 MB peak
[2015.03.07-23.59.10:325][  0]LogMemory: Process Virtual Memory: 27.54 MB used, 27.54 MB peak
[2015.03.07-23.59.10:325][  0]LogMemory: Physical Memory: 3992.35 MB used, 8109.12 MB total
[2015.03.07-23.59.10:325][  0]LogMemory: Virtual Memory: 281.50 MB used, 8388608.00 MB total
[2015.03.07-23.59.10:372][  0]LogD3D11RHI: Found D3D11 adapter 0: NVIDIA GeForce GTX 550 Ti (Feature Level 11_0)
[2015.03.07-23.59.10:372][  0]LogD3D11RHI: Adapter has 977MB of dedicated video memory, 0MB of dedicated system memory, and 3071MB of shared system memory, 2 output[s]
[2015.03.07-23.59.10:372][  0]LogD3D11RHI: Chosen D3D11 Adapter Id = 0
[2015.03.07-23.59.10:378][  0]LogRHI: Texture pool is 684 MB (70% of 977 MB)
[2015.03.07-23.59.10:385][  0]LogD3D11RHI: Async texture creation enabled
[2015.03.07-23.59.10:441][  0]LogTextLocalizationManager: The requested culture ('en_US') has no localization data; parent culture's ('en') localization data will be used.
[2015.03.07-23.59.10:589][  0]LogContentStreaming: Texture pool size is 1000.000000MB
[2015.03.07-23.59.12:777][  0]LogTargetPlatformManager:Display: Building Assets For Windows
[2015.03.07-23.59.13:275][  0]LogTargetPlatformManager:Display: Building Assets For Windows
[2015.03.07-23.59.13:330][  0]LogDerivedDataCache:Display: Max Cache Size: 512 MB
[2015.03.07-23.59.13:372][  0]LogDerivedDataCache: Loaded boot cache 0.04s 39MB C:/Users/TJO/AppData/Local/UnrealEngine/4.7/DerivedDataCache/Boot.ddc.
[2015.03.07-23.59.13:372][  0]LogDerivedDataCache:Display: Loaded Boot cache: C:/Users/TJO/AppData/Local/UnrealEngine/4.7/DerivedDataCache/Boot.ddc
[2015.03.07-23.59.13:372][  0]LogDerivedDataCache: FDerivedDataBackendGraph:  Pak pak cache file E:/Unreal/Source/DerivedDataCache/DDC.ddp not found, will not use a pak cache.
[2015.03.07-23.59.13:372][  0]LogDerivedDataCache: Unable to find inner node Pak for hierarchical cache Hierarchy.
[2015.03.07-23.59.13:495][  0]LogDerivedDataCache:Display: Pak cache opened for reading ../../../Engine/DerivedDataCache/Compressed.ddp.
[2015.03.07-23.59.13:507][  0]LogDerivedDataCache: Using Local data cache path C:/Users/TJO/AppData/Local/UnrealEngine/Common/DerivedDataCache: Writable
[2015.03.07-23.59.13:845][  0]LogMaterial: Missing cached shader map for material WorldGridMaterial, compiling. Is special engine material.
[2015.03.07-23.59.40:795][  0]LogMaterial: Missing cached shader map for material DefaultDeferredDecalMaterial, compiling. 
[2015.03.07-23.59.41:176][  0]LogMaterial: Missing cached shader map for material DefaultLightFunctionMaterial, compiling. 
[2015.03.07-23.59.41:278][  0]LogMaterial: Missing cached shader map for material DefaultPostProcessMaterial, compiling. 
[2015.03.07-23.59.41:657][  0]LogMaterial: Missing cached shader map for material Widget3DPassThrough, compiling. 
[2015.03.07-23.59.41:662][  0]LogMaterial: Missing cached shader map for material Widget3DPassThrough, compiling. 
[2015.03.07-23.59.41:665][  0]LogMaterial: Missing cached shader map for material Widget3DPassThrough, compiling. 
[2015.03.07-23.59.41:668][  0]LogMaterial: Missing cached shader map for material Widget3DPassThrough, compiling. 
[2015.03.07-23.59.41:677][  0]LogMaterial: Missing cached shader map for material LandscapeGizmo_Mat, compiling. 
[2015.03.07-23.59.41:691][  0]LogMaterial: Missing cached shader map for material LandscapeGizmoHeight_Mat, compiling. 
[2015.03.07-23.59.41:733][  0]LogMeshUtilities: No automatic mesh reduction module available
[2015.03.07-23.59.41:733][  0]LogMeshUtilities: No automatic mesh merging module available
[2015.03.07-23.59.41:734][  0]LogMaterial: Missing cached shader map for material SplineEditorMeshMat, compiling. 
[2015.03.07-23.59.41:796][  0]LogMaterial: Missing cached shader map for material SkySphereMaterial, compiling. 
[2015.03.07-23.59.41:805][  0]LogMaterial: Missing cached shader map for material FloorPlaneMaterial, compiling. 
[2015.03.07-23.59.41:895][  0]LogMaterial: Missing cached shader map for material MatineeCam_mat, compiling. 
[2015.03.07-23.59.41:914][  0]LogMaterial: Missing cached shader map for material HelpActorMaterial, compiling. 
[2015.03.07-23.59.41:955][  0]LogMaterial: Missing cached shader map for material DefaultTextMaterialOpaque, compiling. 
[2015.03.07-23.59.42:031][  0]LogMaterial: Missing cached shader map for material DefaultMaterial, compiling. 
[2015.03.07-23.59.42:108][  0]LogInit: WinSock: version 1.1 (2.2), MaxSocks=32767, MaxUdp=65467
[2015.03.07-23.59.42:541][  0]LogWindowsMoviePlayer: Unable to load movie: E:/Unreal/Source/Content/Movies/Default_Startup.mp4
[2015.03.07-23.59.42:613][  0]LogMaterial: Missing cached shader map for material DefaultSpriteMaterial, compiling. 
[2015.03.07-23.59.42:617][  0]LogMaterial: Missing cached shader map for material DefaultSpriteMaterial, compiling. 
[2015.03.07-23.59.42:731][  0]LogSourceControl: RunCommandInternalRaw: 'git version'
[2015.03.07-23.59.42:776][  0]LogSourceControl: RunCommandInternalRaw: ExecProcess ReturnCode=0 OutResults='git version 1.9.5.github.0
'
[2015.03.07-23.59.42:776][  0]LogSourceControl: RunCommandInternalRaw: 'git version'
[2015.03.07-23.59.42:785][  0]LogSourceControl: RunCommandInternalRaw: ExecProcess ReturnCode=0 OutResults='git version 1.9.5.github.0
'
[2015.03.07-23.59.42:785][  0]LogSourceControl: RunCommandInternalRaw: 'git version'
[2015.03.07-23.59.42:792][  0]LogSourceControl: RunCommandInternalRaw: ExecProcess ReturnCode=0 OutResults='git version 1.9.5.github.0
'
[2015.03.07-23.59.42:802][  0]LogSourceControl: RunCommandInternalRaw: 'git version'
[2015.03.07-23.59.42:810][  0]LogSourceControl: RunCommandInternalRaw: ExecProcess ReturnCode=0 OutResults='git version 1.9.5.github.0
'
[2015.03.07-23.59.42:907][  0]LogObj: 23970 objects as part of root set at end of initial load.
[2015.03.07-23.59.42:907][  0]LogUObjectAllocator: 4988200 out of 0 bytes used by permanent object pool.
[2015.03.07-23.59.42:988][  0]LogMaterial: Missing cached shader map for material HighResScreenshot, compiling. 
[2015.03.07-23.59.42:993][  0]LogMaterial: Missing cached shader map for material HighResScreenshotMask, compiling. 
[2015.03.07-23.59.43:002][  0]LogMaterial: Missing cached shader map for material HighResScreenshotCaptureRegion, compiling. 
[2015.03.07-23.59.43:030][  0]LogAutomationTest:Warning: ERR: Transient text cannot be serialized "Testing Transient serialization detection".
[2015.03.07-23.59.43:030][  0]LogEngine: Initializing Engine...
[2015.03.07-23.59.45:142][  0]LogMaterial: Missing cached shader map for material WireframeMaterial, compiling. Is special engine material.
[2015.03.07-23.59.45:156][  0]LogMaterial: Missing cached shader map for material LevelColorationLitMaterial, compiling. Is special engine material.
[2015.03.07-23.59.45:244][  0]LogMaterial: Missing cached shader map for material LevelColorationUnlitMaterial, compiling. Is special engine material.
[2015.03.07-23.59.45:261][  0]LogMaterial: Missing cached shader map for material MAT_LevelColorationLitLightmapUV, compiling. Is special engine material.
[2015.03.07-23.59.45:262][  0]LogMaterial:Warning: Failed to compile Material /Engine/EngineDebugMaterials/MAT_LevelColorationLitLightmapUV.MAT_LevelColorationLitLightmapUV for platform PCD3D_ES2, Default Material will be used in game.
[2015.03.07-23.59.45:262][  0]LogMaterial:Warning: 	(Node LightmapUVs) Node not supported in feature level ES2
[2015.03.07-23.59.45:397][  0]LogMaterial: Missing cached shader map for material ShadedLevelColorationLitMaterial, compiling. Is special engine material.
[2015.03.07-23.59.45:489][  0]LogMaterial: Missing cached shader map for material ShadedLevelColorationUnlitMateri, compiling. Is special engine material.
[2015.03.07-23.59.45:503][  0]LogMaterial: Missing cached shader map for material VertexColorMaterial, compiling. 
[2015.03.07-23.59.45:519][  0]LogMaterial: Missing cached shader map for material VertexColorViewMode_ColorOnly, compiling. 
[2015.03.07-23.59.45:524][  0]LogMaterial: Missing cached shader map for material VertexColorViewMode_AlphaAsColor, compiling. 
[2015.03.07-23.59.45:529][  0]LogMaterial: Missing cached shader map for material VertexColorViewMode_RedOnly, compiling. 
[2015.03.07-23.59.45:534][  0]LogMaterial: Missing cached shader map for material VertexColorViewMode_GreenOnly, compiling. 
[2015.03.07-23.59.45:539][  0]LogMaterial: Missing cached shader map for material VertexColorViewMode_BlueOnly, compiling. 
[2015.03.07-23.59.45:543][  0]LogMaterial: Missing cached shader map for material RemoveSurfaceMaterial, compiling. 
[2015.03.07-23.59.45:546][  0]LogMaterial: Missing cached shader map for material DebugMeshMaterial, compiling. 
[2015.03.07-23.59.45:552][  0]LogMaterial: Missing cached shader map for material M_InvalidLightmapSettings, compiling. 
[2015.03.07-23.59.45:562][  0]LogMaterial: Missing cached shader map for material GizmoMaterial, compiling. 
[2015.03.07-23.59.45:583][  0]LogInit: XAudio2 using 'Speakers (Realtek High Definition Audio)' : 2 channels at 48 kHz using 32 bits per sample (channel mask 0x3)
[2015.03.07-23.59.45:670][  0]LogInit: FAudioDevice initialized.
[2015.03.07-23.59.45:676][  0]LogInit: Texture streaming: Enabled
[2015.03.07-23.59.45:678][  0]LogMaterial: Missing cached shader map for material BaseColor, compiling. 
[2015.03.07-23.59.45:681][  0]LogMaterial: Missing cached shader map for material CustomDepth, compiling. 
[2015.03.07-23.59.45:685][  0]LogMaterial: Missing cached shader map for material DecalMask, compiling. 
[2015.03.07-23.59.45:688][  0]LogMaterial: Missing cached shader map for material FinalImage, compiling. 
[2015.03.07-23.59.45:691][  0]LogMaterial: Missing cached shader map for material LightingModel, compiling. 
[2015.03.07-23.59.45:694][  0]LogMaterial: Missing cached shader map for material MaterialAO, compiling. 
[2015.03.07-23.59.45:697][  0]LogMaterial: Missing cached shader map for material Metallic, compiling. 
[2015.03.07-23.59.45:700][  0]LogMaterial: Missing cached shader map for material Opacity, compiling. 
[2015.03.07-23.59.45:704][  0]LogMaterial: Missing cached shader map for material Roughness, compiling. 
[2015.03.07-23.59.45:707][  0]LogMaterial: Missing cached shader map for material SceneColor, compiling. 
[2015.03.07-23.59.45:711][  0]LogMaterial: Missing cached shader map for material SceneDepth, compiling. 
[2015.03.07-23.59.45:715][  0]LogMaterial: Missing cached shader map for material SeparateTranslucencyRGB, compiling. 
[2015.03.07-23.59.45:719][  0]LogMaterial: Missing cached shader map for material SeparateTranslucencyA, compiling. 
[2015.03.07-23.59.45:722][  0]LogMaterial: Missing cached shader map for material Specular, compiling. 
[2015.03.07-23.59.45:725][  0]LogMaterial: Missing cached shader map for material SubsurfaceColor, compiling. 
[2015.03.07-23.59.45:728][  0]LogMaterial: Missing cached shader map for material WorldNormal, compiling. 
[2015.03.07-23.59.45:732][  0]LogMaterial: Missing cached shader map for material AmbientOcclusion, compiling. 
[2015.03.07-23.59.45:737][  0]LogMaterial: Missing cached shader map for material CustomDepthWorldUnits, compiling. 
[2015.03.07-23.59.45:741][  0]LogMaterial: Missing cached shader map for material SceneDepthWorldUnits, compiling. 
[2015.03.07-23.59.45:779][  0]LogAnalytics: Creating configured Analytics provider AnalyticsET
[2015.03.07-23.59.45:779][  0]LogAnalytics: ET APIKey = Rocket.Release. APIServer = http://et2.epicgames.com/ET2/. AppVersion = 4.7.2-2467323+++depot+UE4-Releases+4.7
[2015.03.07-23.59.45:779][  0]LogAnalytics: ET APIKey = Rocket.Release. DataRouterUploadURL = https://datarouter-public-service-gamedev.ol.epicgames.net/datarouter/api/v1/public/data. AppVersion = 4.7.2-2467323+++depot+UE4-Releases+4.7
[2015.03.07-23.59.45:779][  0]LogAnalytics: SetUserId fe9bdd8943aed3d7e8835eb833a44fc2|67e49cb91ec7442c8762522d90644534|59b6476c-362d-4607-836f-11cf0e82b1db
[2015.03.07-23.59.45:779][  0]LogAnalytics: AnalyticsET::StartSession [Rocket.Release]
[2015.03.07-23.59.45:809][  0]LogNet: Browse: /Temp/Autosaves/Game/StarterContent/UEDPCMapGen?Name=Player
[2015.03.07-23.59.45:810][  0]LogLoad: LoadMap: /Temp/Autosaves/Game/StarterContent/UEDPCMapGen?Name=Player
[2015.03.07-23.59.45:820][  0]LogMemory: Platform Memory Stats for Windows
[2015.03.07-23.59.45:820][  0]LogMemory: Process Physical Memory: 364.18 MB used, 364.18 MB peak
[2015.03.07-23.59.45:820][  0]LogMemory: Process Virtual Memory: 328.98 MB used, 331.02 MB peak
[2015.03.07-23.59.45:820][  0]LogMemory: Physical Memory: 4303.04 MB used, 8109.12 MB total
[2015.03.07-23.59.45:820][  0]LogMemory: Virtual Memory: 771.64 MB used, 8388608.00 MB total
[2015.03.07-23.59.45:820][  0]LogMemory: 
[2015.03.07-23.59.45:820][  0]Allocator Stats for TBB: (not implemented)
[2015.03.07-23.59.45:882][  0]LogMaterial: Missing cached shader map for material Menubackground, compiling. 
[2015.03.07-23.59.45:897][  0]LogWorld: Game class is 'GameMode'
[2015.03.07-23.59.45:936][  0]LogAIModule: Creating AISystem for world MapGen
[2015.03.07-23.59.45:937][  0]LogWorld: Bringing World /Temp/Autosaves/Game/StarterContent/UEDPCMapGen.MapGen up for play (max tick rate 0) at 2015.03.07-18.59.45
[2015.03.07-23.59.45:937][  0]LogWorld: Bringing up level for play took: 0.000512
[2015.03.07-23.59.45:972][  0]LogInit:Display: Game Engine Initialized.
[2015.03.07-23.59.46:195][  0]LogLoad: Full Startup: 37.61 seconds (BP compile: 0.03 seconds)
[2015.03.07-23.59.46:723][  1]LogRenderer:Warning: Reallocating scene render targets to support 1280x720 (Frame:2).
[2015.03.08-00.04.38:814][452]LogPackageName: SearchForPackageOnDisk took   0.067s to resolve MapGen.umap
[2015.03.08-00.04.38:875][452]LogPackageName: SearchForPackageOnDisk took   0.061s to resolve MapGen.umap
[2015.03.08-00.04.38:875][452]LogNet: Browse: /Game/StarterContent/MapGen
[2015.03.08-00.04.38:875][452]LogLoad: LoadMap: /Game/StarterContent/MapGen
[2015.03.08-00.04.38:882][452]LogParticles: Destroying 0 GPU particle simulations for FXSystem 0x000000000DCCF880
[2015.03.08-00.04.38:888][452]LogMemory: Platform Memory Stats for Windows
[2015.03.08-00.04.38:888][452]LogMemory: Process Physical Memory: 363.66 MB used, 385.07 MB peak
[2015.03.08-00.04.38:888][452]LogMemory: Process Virtual Memory: 312.34 MB used, 335.12 MB peak
[2015.03.08-00.04.38:888][452]LogMemory: Physical Memory: 4110.66 MB used, 8109.12 MB total
[2015.03.08-00.04.38:888][452]LogMemory: Virtual Memory: 770.22 MB used, 8388608.00 MB total
[2015.03.08-00.04.38:888][452]LogMemory: 
[2015.03.08-00.04.38:888][452]Allocator Stats for TBB: (not implemented)
[2015.03.08-00.04.38:892][452]LogWorld: Game class is 'GameMode'
[2015.03.08-00.04.38:894][452]LogAIModule: Creating AISystem for world MapGen
[2015.03.08-00.04.38:894][452]LogWorld: Bringing World /Game/StarterContent/MapGen.MapGen up for play (max tick rate 0) at 2015.03.07-19.04.38
[2015.03.08-00.04.38:894][452]LogWorld: Bringing up level for play took: 0.000335
[2015.03.08-00.04.38:894][452]LogGameMode: Warning - PATHS NOT DEFINED or NO PLAYERSTART with positive rating
[2015.03.08-00.04.51:815][247]LogEngine: All Windows Closed
[2015.03.08-00.04.51:815][247]LogWindows: FPlatformMisc::RequestExit(0)
[2015.03.08-00.04.51:820][248]LogExit: Preparing to exit.
[2015.03.08-00.04.51:927][248]LogExit: Game engine shut down
[2015.03.08-00.04.51:958][248]LogParticles: Destroying 0 GPU particle simulations for FXSystem 0x000000001C84E660
[2015.03.08-00.04.51:958][248]LogExit: Object subsystem successfully closed.
[2015.03.08-00.04.51:989][248]LogModuleManager: Shutting down and abandoning module AndroidDeviceDetection (106)
[2015.03.08-00.04.52:250][248]LogModuleManager: Shutting down and abandoning module AutomationWorker (105)
[2015.03.08-00.04.52:250][248]LogModuleManager: Shutting down and abandoning module CharacterAI (104)
[2015.03.08-00.04.52:250][248]LogModuleManager: Shutting down and abandoning module AITestSuite (103)
[2015.03.08-00.04.52:250][248]LogModuleManager: Shutting down and abandoning module GameplayDebugger (102)
[2015.03.08-00.04.52:250][248]LogModuleManager: Shutting down and abandoning module AIModule (101)
[2015.03.08-00.04.52:250][248]LogModuleManager: Shutting down and abandoning module GameLiveStreaming (100)
[2015.03.08-00.04.52:250][248]LogModuleManager: Shutting down and abandoning module StreamingPauseRendering (99)
[2015.03.08-00.04.52:250][248]LogModuleManager: Shutting down and abandoning module HTTP (98)
[2015.03.08-00.04.52:250][248]LogModuleManager: Shutting down and abandoning module AnalyticsET (97)
[2015.03.08-00.04.52:250][248]LogModuleManager: Shutting down and abandoning module Analytics (96)
[2015.03.08-00.04.52:250][248]LogModuleManager: Shutting down and abandoning module ProfilerService (95)
[2015.03.08-00.04.52:305][248]LogModuleManager: Shutting down and abandoning module TaskGraph (94)
[2015.03.08-00.04.52:305][248]LogModuleManager: Shutting down and abandoning module SlateRemote (93)
[2015.03.08-00.04.52:305][248]LogModuleManager: Shutting down and abandoning module CustomMeshComponent (92)
[2015.03.08-00.04.52:305][248]LogModuleManager: Shutting down and abandoning module CableComponent (91)
[2015.03.08-00.04.52:305][248]LogModuleManager: Shutting down and abandoning module DesktopPlatform (90)
[2015.03.08-00.04.52:305][248]LogModuleManager: Shutting down and abandoning module DirectoryWatcher (89)
[2015.03.08-00.04.52:305][248]LogModuleManager: Shutting down and abandoning module HotReload (88)
[2015.03.08-00.04.52:305][248]LogModuleManager: Shutting down and abandoning module VisualStudioSourceCodeAccess (87)
[2015.03.08-00.04.52:305][248]LogModuleManager: Shutting down and abandoning module UObjectPlugin (86)
[2015.03.08-00.04.52:305][248]LogModuleManager: Shutting down and abandoning module SubversionSourceControl (85)
[2015.03.08-00.04.52:305][248]LogModuleManager: Shutting down and abandoning module GitSourceControl (84)
[2015.03.08-00.04.52:305][248]LogModuleManager: Shutting down and abandoning module SourceControl (83)
[2015.03.08-00.04.52:305][248]LogModuleManager: Shutting down and abandoning module PerforceSourceControl (82)
[2015.03.08-00.04.52:305][248]LogModuleManager: Shutting down and abandoning module BlankPlugin (81)
[2015.03.08-00.04.52:305][248]LogModuleManager: Shutting down and abandoning module ScriptPlugin (80)
[2015.03.08-00.04.52:305][248]LogModuleManager: Shutting down and abandoning module UdpMessaging (79)
[2015.03.08-00.04.52:305][248]LogModuleManager: Shutting down and abandoning module Paper2D (78)
[2015.03.08-00.04.52:305][248]LogModuleManager: Shutting down and abandoning module WindowsMoviePlayer (77)
[2015.03.08-00.04.52:306][248]LogModuleManager: Shutting down and abandoning module Media (76)
[2015.03.08-00.04.52:306][248]LogModuleManager: Shutting down and abandoning module WmfMedia (75)
[2015.03.08-00.04.52:306][248]LogModuleManager: Shutting down and abandoning module OnlineBlueprintSupport (74)
[2015.03.08-00.04.52:306][248]LogModuleManager: Shutting down and abandoning module PropertyEditor (73)
[2015.03.08-00.04.52:306][248]LogModuleManager: Shutting down and abandoning module BehaviorTreeEditor (72)
[2015.03.08-00.04.52:306][248]LogModuleManager: Shutting down and abandoning module FunctionalTesting (71)
[2015.03.08-00.04.52:306][248]LogModuleManager: Shutting down and abandoning module CollisionAnalyzer (70)
[2015.03.08-00.04.52:306][248]LogModuleManager: Shutting down and abandoning module WorkspaceMenuStructure (69)
[2015.03.08-00.04.52:306][248]LogModuleManager: Shutting down and abandoning module MessageLog (68)
[2015.03.08-00.04.52:306][248]LogModuleManager: Shutting down and abandoning module Sequencer (67)
[2015.03.08-00.04.52:306][248]LogModuleManager: Shutting down and abandoning module AssetTools (66)
[2015.03.08-00.04.52:306][248]LogModuleManager: Shutting down and abandoning module UMGEditor (65)
[2015.03.08-00.04.52:306][248]LogModuleManager: Shutting down and abandoning module UMG (64)
[2015.03.08-00.04.52:306][248]LogModuleManager: Shutting down and abandoning module Slate (63)
[2015.03.08-00.04.52:306][248]LogModuleManager: Shutting down and abandoning module EditorStyle (62)
[2015.03.08-00.04.52:310][248]LogModuleManager: Shutting down and abandoning module SessionServices (61)
[2015.03.08-00.04.52:310][248]LogModuleManager: Shutting down and abandoning module SourceCodeAccess (60)
[2015.03.08-00.04.52:310][248]LogModuleManager: Shutting down and abandoning module HeadMountedDisplay (59)
[2015.03.08-00.04.52:310][248]LogModuleManager: Shutting down and abandoning module XAudio2 (58)
[2015.03.08-00.04.52:310][248]LogModuleManager: Shutting down and abandoning module Networking (56)
[2015.03.08-00.04.52:310][248]LogModuleManager: Shutting down and abandoning module Core (55)
[2015.03.08-00.04.52:310][248]LogModuleManager: Shutting down and abandoning module KismetCompiler (54)
[2015.03.08-00.04.52:310][248]LogModuleManager: Shutting down and abandoning module PhysXFormats (53)
[2015.03.08-00.04.52:310][248]LogModuleManager: Shutting down and abandoning module MeshUtilities (52)
[2015.03.08-00.04.52:310][248]LogModuleManager: Shutting down and abandoning module DerivedDataCache (51)
[2015.03.08-00.04.52:405][248]LogDerivedDataCache: Shutdown
[2015.03.08-00.04.52:405][248]LogModuleManager: Shutting down and abandoning module ShaderFormatOpenGL (50)
[2015.03.08-00.04.52:405][248]LogModuleManager: Shutting down and abandoning module ShaderFormatD3D (49)
[2015.03.08-00.04.52:405][248]LogModuleManager: Shutting down and abandoning module MetalShaderFormat (48)
[2015.03.08-00.04.52:405][248]LogModuleManager: Shutting down and abandoning module TextureFormatUncompressed (47)
[2015.03.08-00.04.52:405][248]LogModuleManager: Shutting down and abandoning module TextureFormatPVR (46)
[2015.03.08-00.04.52:405][248]LogModuleManager: Shutting down and abandoning module TextureFormatIntelISPCTexComp (45)
[2015.03.08-00.04.52:405][248]LogModuleManager: Shutting down and abandoning module TextureFormatDXT (44)
[2015.03.08-00.04.52:405][248]LogModuleManager: Shutting down and abandoning module ImageWrapper (43)
[2015.03.08-00.04.52:405][248]LogModuleManager: Shutting down and abandoning module TextureFormatASTC (42)
[2015.03.08-00.04.52:405][248]LogModuleManager: Shutting down and abandoning module TextureFormatAndroid (41)
[2015.03.08-00.04.52:405][248]LogModuleManager: Shutting down and abandoning module AudioFormatOpus (40)
[2015.03.08-00.04.52:405][248]LogModuleManager: Shutting down and abandoning module AudioFormatOgg (39)
[2015.03.08-00.04.52:405][248]LogModuleManager: Shutting down and abandoning module AudioFormatADPCM (38)
[2015.03.08-00.04.52:405][248]LogModuleManager: Shutting down and abandoning module LinuxTargetPlatform (37)
[2015.03.08-00.04.52:405][248]LogModuleManager: Shutting down and abandoning module LinuxServerTargetPlatform (36)
[2015.03.08-00.04.52:405][248]LogModuleManager: Shutting down and abandoning module LinuxNoEditorTargetPlatform (35)
[2015.03.08-00.04.52:405][248]LogModuleManager: Shutting down and abandoning module Messaging (34)
[2015.03.08-00.04.52:405][248]LogModuleManager: Shutting down and abandoning module IOSTargetPlatform (33)
[2015.03.08-00.04.52:405][248]LogModuleManager: Shutting down and abandoning module HTML5TargetPlatform (32)
[2015.03.08-00.04.52:405][248]LogModuleManager: Shutting down and abandoning module Android_PVRTCTargetPlatform (31)
[2015.03.08-00.04.52:405][248]LogModuleManager: Shutting down and abandoning module Android_ETC2TargetPlatform (30)
[2015.03.08-00.04.52:405][248]LogModuleManager: Shutting down and abandoning module Android_ETC1TargetPlatform (29)
[2015.03.08-00.04.52:405][248]LogModuleManager: Shutting down and abandoning module Android_ES31TargetPlatform (28)
[2015.03.08-00.04.52:405][248]LogModuleManager: Shutting down and abandoning module Android_DXTTargetPlatform (27)
[2015.03.08-00.04.52:405][248]LogModuleManager: Shutting down and abandoning module Android_ATCTargetPlatform (26)
[2015.03.08-00.04.52:405][248]LogModuleManager: Shutting down and abandoning module AndroidTargetPlatform (25)
[2015.03.08-00.04.52:405][248]LogModuleManager: Shutting down and abandoning module WindowsTargetPlatform (24)
[2015.03.08-00.04.52:405][248]LogModuleManager: Shutting down and abandoning module WindowsServerTargetPlatform (23)
[2015.03.08-00.04.52:405][248]LogModuleManager: Shutting down and abandoning module WindowsNoEditorTargetPlatform (22)
[2015.03.08-00.04.52:405][248]LogModuleManager: Shutting down and abandoning module WindowsClientTargetPlatform (21)
[2015.03.08-00.04.52:405][248]LogModuleManager: Shutting down and abandoning module TargetPlatform (20)
[2015.03.08-00.04.52:405][248]LogModuleManager: Shutting down and abandoning module InputCore (19)
[2015.03.08-00.04.52:405][248]LogModuleManager: Shutting down and abandoning module Settings (18)
[2015.03.08-00.04.52:405][248]LogModuleManager: Shutting down and abandoning module OnlineSubsystem (16)
[2015.03.08-00.04.52:405][248]LogModuleManager: Shutting down and abandoning module OculusRift (15)
[2015.03.08-00.04.52:405][248]LogModuleManager: Shutting down and abandoning module ExampleDeviceProfileSelector (14)
[2015.03.08-00.04.52:405][248]LogModuleManager: Shutting down and abandoning module TextureCompressor (13)
[2015.03.08-00.04.52:405][248]LogModuleManager: Shutting down and abandoning module ShaderCore (12)
[2015.03.08-00.04.52:405][248]LogModuleManager: Shutting down and abandoning module Landscape (11)
[2015.03.08-00.04.52:405][248]LogModuleManager: Shutting down and abandoning module SlateRHIRenderer (10)
[2015.03.08-00.04.52:405][248]LogModuleManager: Shutting down and abandoning module OpenGLDrv (9)
[2015.03.08-00.04.52:405][248]LogModuleManager: Shutting down and abandoning module D3D11RHI (8)
[2015.03.08-00.04.52:405][248]LogModuleManager: Shutting down and abandoning module Renderer (7)
[2015.03.08-00.04.52:405][248]LogModuleManager: Shutting down and abandoning module Engine (6)
[2015.03.08-00.04.52:405][248]LogModuleManager: Shutting down and abandoning module CoreUObject (5)
[2015.03.08-00.04.52:405][248]LogModuleManager: Shutting down and abandoning module NetworkFile (4)
[2015.03.08-00.04.52:405][248]LogModuleManager: Shutting down and abandoning module StreamingFile (3)
[2015.03.08-00.04.52:405][248]LogModuleManager: Shutting down and abandoning module SandboxFile (2)
[2015.03.08-00.04.52:406][248]LogModuleManager: Shutting down and abandoning module PakFile (1)
[2015.03.08-00.04.52:406][248]LogExit: Exiting.
[2015.03.08-00.04.52:407][248]Log file closed, 03/07/15 19:04:52
