Log file open, 03/17/15 20:09:50
LogInit:Display: Running engine for game: MyProject3
LogInit: Version: 4.7.2-2467323+++depot+UE4-Releases+4.7
LogInit: API Version: 2455222
LogInit: Compiled (64-bit): Mar  2 2015 23:16:34
LogInit: Compiled with Visual C++: 18.00.21005.01
LogInit: Build Configuration: Development
LogInit: Branch Name: ++depot+UE4-Releases+4.7
LogInit: Command line: 
LogInit: Base directory: C:/Program Files/Epic Games/4.7/Engine/Binaries/Win64/
LogInit: Rocket: 1
[2015.03.18-00.09.50:694][  0]LogTaskGraph: Started task graph with 3 named threads and 6 total threads.
[2015.03.18-00.09.50:746][  0]LogOnline:Warning: No default platform service specified for OnlineSubsystem
[2015.03.18-00.09.50:759][  0]LogInit: Presizing for 0 objects not considered by GC, pre-allocating 0 bytes.
[2015.03.18-00.09.50:769][  0]LogInit: Object subsystem initialized
[2015.03.18-00.09.50:771][  0]LogConsoleResponse:Warning: Skipping Unknown console variable: 'TranslucentSortAxis = (X=0.000000,Y=-1.000000,Z=0.000000)'
[2015.03.18-00.09.50:771][  0]LogConsoleResponse:Warning:   Found in ini file 'E:/Unreal/Source/Saved/Config/Windows/Engine.ini', in section '[/Script/Engine.RendererSettings]'
[2015.03.18-00.09.50:771][  0]LogConsoleResponse:Warning: Skipping Unknown console variable: 'UIScaleRule = ShortestSide'
[2015.03.18-00.09.50:771][  0]LogConsoleResponse:Warning:   Found in ini file 'E:/Unreal/Source/Saved/Config/Windows/Engine.ini', in section '[/Script/Engine.RendererSettings]'
[2015.03.18-00.09.50:771][  0]LogConsoleResponse:Warning: Skipping Unknown console variable: 'UIScaleCurve = (EditorCurveData=(Keys=),ExternalCurve=None)'
[2015.03.18-00.09.50:771][  0]LogConsoleResponse:Warning:   Found in ini file 'E:/Unreal/Source/Saved/Config/Windows/Engine.ini', in section '[/Script/Engine.RendererSettings]'
[2015.03.18-00.09.50:772][  0]LogInit: Selected Device Profile: [Windows]
[2015.03.18-00.09.50:772][  0]LogInit: Applying CVar settings loaded from the selected device profile: [Windows]
[2015.03.18-00.09.50:780][  0]LogInit: Computer: TJO-PC
[2015.03.18-00.09.50:780][  0]LogInit: User: TJO
[2015.03.18-00.09.50:780][  0]LogInit: CPU Page size=4096, Cores=4
[2015.03.18-00.09.50:780][  0]LogInit: High frequency timer resolution =3.215390 MHz
[2015.03.18-00.09.50:780][  0]LogMemory: Memory total: Physical=7.9GB (8GB approx) Virtual=8192.0GB
[2015.03.18-00.09.50:780][  0]LogMemory: Platform Memory Stats for Windows
[2015.03.18-00.09.50:780][  0]LogMemory: Process Physical Memory: 47.18 MB used, 47.18 MB peak
[2015.03.18-00.09.50:780][  0]LogMemory: Process Virtual Memory: 27.74 MB used, 27.74 MB peak
[2015.03.18-00.09.50:780][  0]LogMemory: Physical Memory: 2467.48 MB used, 8109.12 MB total
[2015.03.18-00.09.50:780][  0]LogMemory: Virtual Memory: 278.55 MB used, 8388608.00 MB total
[2015.03.18-00.09.50:806][  0]LogD3D11RHI: Found D3D11 adapter 0: NVIDIA GeForce GTX 550 Ti (Feature Level 11_0)
[2015.03.18-00.09.50:806][  0]LogD3D11RHI: Adapter has 977MB of dedicated video memory, 0MB of dedicated system memory, and 3071MB of shared system memory, 2 output[s]
[2015.03.18-00.09.50:806][  0]LogD3D11RHI: Chosen D3D11 Adapter Id = 0
[2015.03.18-00.09.50:811][  0]LogRHI: Texture pool is 684 MB (70% of 977 MB)
[2015.03.18-00.09.50:818][  0]LogD3D11RHI: Async texture creation enabled
[2015.03.18-00.09.50:871][  0]LogTextLocalizationManager: The requested culture ('en_US') has no localization data; parent culture's ('en') localization data will be used.
[2015.03.18-00.09.51:010][  0]LogContentStreaming: Texture pool size is 0.000000MB
[2015.03.18-00.09.53:422][  0]LogTargetPlatformManager:Display: Building Assets For Windows
[2015.03.18-00.09.53:947][  0]LogTargetPlatformManager:Display: Building Assets For Windows
[2015.03.18-00.09.54:010][  0]LogDerivedDataCache:Display: Max Cache Size: 512 MB
[2015.03.18-00.09.54:049][  0]LogDerivedDataCache: Loaded boot cache 0.04s 39MB C:/Users/TJO/AppData/Local/UnrealEngine/4.7/DerivedDataCache/Boot.ddc.
[2015.03.18-00.09.54:049][  0]LogDerivedDataCache:Display: Loaded Boot cache: C:/Users/TJO/AppData/Local/UnrealEngine/4.7/DerivedDataCache/Boot.ddc
[2015.03.18-00.09.54:049][  0]LogDerivedDataCache: FDerivedDataBackendGraph:  Pak pak cache file E:/Unreal/Source/DerivedDataCache/DDC.ddp not found, will not use a pak cache.
[2015.03.18-00.09.54:049][  0]LogDerivedDataCache: Unable to find inner node Pak for hierarchical cache Hierarchy.
[2015.03.18-00.09.54:177][  0]LogDerivedDataCache:Display: Pak cache opened for reading ../../../Engine/DerivedDataCache/Compressed.ddp.
[2015.03.18-00.09.54:189][  0]LogDerivedDataCache: Using Local data cache path C:/Users/TJO/AppData/Local/UnrealEngine/Common/DerivedDataCache: Writable
[2015.03.18-00.09.54:502][  0]LogMeshUtilities: No automatic mesh reduction module available
[2015.03.18-00.09.54:502][  0]LogMeshUtilities: No automatic mesh merging module available
[2015.03.18-00.09.54:833][  0]LogInit: WinSock: version 1.1 (2.2), MaxSocks=32767, MaxUdp=65467
[2015.03.18-00.09.54:907][  0]LogSlate:Warning: Failed to load font data from '../../../Engine/Content/Slate/Fonts/Roboto-Italic.ttf'
[2015.03.18-00.09.55:680][  0]UdpMessaging: Initializing bridge on interface 0.0.0.0:0 to multicast group 230.0.0.1:6666.
[2015.03.18-00.09.55:881][  0]SourceControl: Info Source control is disabled
[2015.03.18-00.09.55:881][  0]SourceControl: Info Source control is disabled
[2015.03.18-00.09.55:881][  0]SourceControl: Info Source control is disabled
[2015.03.18-00.09.55:891][  0]SourceControl: Info Source control is disabled
[2015.03.18-00.09.56:083][  0]LogObj: 24231 objects as part of root set at end of initial load.
[2015.03.18-00.09.56:083][  0]LogUObjectAllocator: 5136440 out of 0 bytes used by permanent object pool.
[2015.03.18-00.09.56:165][  0]LogEngine: Initializing Engine...
[2015.03.18-00.09.58:331][  0]LogInit: XAudio2 using 'Speakers (Realtek High Definition Audio)' : 2 channels at 48 kHz using 32 bits per sample (channel mask 0x3)
[2015.03.18-00.09.58:340][  0]LogInit: FAudioDevice initialized.
[2015.03.18-00.09.58:377][  0]LogAIModule: Creating AISystem for world NewWorld
[2015.03.18-00.09.58:399][  0]LogDerivedDataCache: Saved boot cache 0.02s 39MB C:/Users/TJO/AppData/Local/UnrealEngine/4.7/DerivedDataCache/Boot.ddc.
[2015.03.18-00.09.58:406][  0]LogInit: Texture streaming: Enabled
[2015.03.18-00.09.58:500][  0]LogAnalytics: Creating configured Analytics provider AnalyticsET
[2015.03.18-00.09.58:500][  0]LogAnalytics: ET APIKey = Rocket.Release. APIServer = http://et2.epicgames.com/ET2/. AppVersion = 4.7.2-2467323+++depot+UE4-Releases+4.7
[2015.03.18-00.09.58:500][  0]LogAnalytics: ET APIKey = Rocket.Release. DataRouterUploadURL = https://datarouter-public-service-gamedev.ol.epicgames.net/datarouter/api/v1/public/data. AppVersion = 4.7.2-2467323+++depot+UE4-Releases+4.7
[2015.03.18-00.09.58:500][  0]LogAnalytics: SetUserId fe9bdd8943aed3d7e8835eb833a44fc2|67e49cb91ec7442c8762522d90644534|59b6476c-362d-4607-836f-11cf0e82b1db
[2015.03.18-00.09.58:500][  0]LogAnalytics: AnalyticsET::StartSession [Rocket.Release]
[2015.03.18-00.09.58:518][  0]LogInit: Transaction tracking system initialized
[2015.03.18-00.09.58:685][  0]BlueprintLog: New page: Editor Load
[2015.03.18-00.09.58:719][  0]LogAssetRegistry: FAssetRegistry took 0.0094 seconds to start up
[2015.03.18-00.09.58:719][  0]LogDirectoryWatcher:Warning: Failed to begin reading directory changes for ../../../Engine/Plugins/Experimental/CharacterAI/Content/. Error: 0
[2015.03.18-00.09.59:286][  0]LogTargetPlatformManager:Display: Building Assets For Windows
[2015.03.18-00.09.59:692][  0]LogTargetPlatformManager:Display: Building Assets For Windows
[2015.03.18-00.09.59:985][  0]LogSlate:Warning: Failed to load font data from '../../../Engine/Content/Editor/Slate/Fonts/Roboto-Regular.ttf'
[2015.03.18-00.09.59:985][  0]LogSlate:Warning: Failed to load font data from '../../../Engine/Content/Editor/Slate/Fonts/Roboto-Bold.ttf'
[2015.03.18-00.09.59:990][  0]LogConsoleResponse:Display: 
[2015.03.18-00.10.00:132][  0]LogCook:Display: Done creating registry. It took  0.00s.
[2015.03.18-00.10.00:281][  0]SourceControl: Info Source control is disabled
[2015.03.18-00.10.00:281][  0]Cmd: MAP LOAD FILE="E:/Unreal/Source/Content/StarterContent/Maps/Minimal_Default.umap" TEMPLATE=0 SHOWPROGRESS=1 FEATURELEVEL=3
[2015.03.18-00.10.00:282][  0]LightingResults: New page: Lighting Build
[2015.03.18-00.10.00:295][  0]MapCheck: New page: Map Check
[2015.03.18-00.10.00:295][  0]LightingResults: New page: Lighting Build
[2015.03.18-00.10.00:375][  0]LogParticles: Destroying 0 GPU particle simulations for FXSystem 0x00000000135E6520
[2015.03.18-00.10.01:444][  0]LogTexture:Display: Building textures: StartBackground (BGRA8)
[2015.03.18-00.10.01:495][  0]LogMaterial: Missing cached shader map for material MenuBackground, compiling. 
[2015.03.18-00.10.01:564][  0]LogEditorServer: Finished looking for orphan Actors (0.000 secs)
[2015.03.18-00.10.01:564][  0]LogAIModule: Creating AISystem for world Minimal_Default
[2015.03.18-00.10.01:565][  0]Cmd: MAP CHECKDEP
[2015.03.18-00.10.01:565][  0]MapCheck: New page: Minimal_Default - Mar 17, 2015, 4:10:01 PM
[2015.03.18-00.10.01:659][  0]MapCheck: Info Map check complete: 0 Error(s), 0 Warning(s), took 92.994ms to complete.
[2015.03.18-00.10.01:659][  0]LogFileHelpers: Loading map 'Minimal_Default' took 1.378
[2015.03.18-00.10.01:879][  0]LogCollectionManager: Loaded 0 collections in 0.001632 seconds
[2015.03.18-00.10.01:892][  0]LogContentBrowser: Native class hierarchy populated in 0.0121 seconds. Added 1696 classes and 261 folders.
[2015.03.18-00.10.01:944][  0]LogContentBrowser: Native class hierarchy updated for 'SceneOutliner' in 0.0021 seconds. Added 1 classes and 2 folders.
[2015.03.18-00.10.02:046][  0]LogCrashTracker: Crashtracker disabled due to settings.
[2015.03.18-00.10.02:050][  0]LogSlate:Warning: Failed to load font data from 'Veranda'
[2015.03.18-00.10.02:058][  0]LogUObjectGlobals:Warning: Failed to find object 'Class None.'
[2015.03.18-00.10.02:090][  0]LogLoad: Full Startup: 13.18 seconds (BP compile: 0.19 seconds)
[2015.03.18-00.10.02:122][  0]LogContentBrowser:Verbose: The content browser source was changed by the sources view to '/Game/StarterContent'
[2015.03.18-00.10.02:307][  0]LogRenderer:Warning: Reallocating scene render targets to support 32x32 (Frame:2).
[2015.03.18-00.10.02:461][  0]LogRenderer:Warning: Reallocating scene render targets to support 1008x456 (Frame:4).
[2015.03.18-00.10.03:834][ 37]LogAssetRegistry: Asset discovery search completed in 5.1249 seconds
[2015.03.18-00.10.03:855][ 38]AssetReimport: New page: Outstanding source content changes 4:10:03 PM
[2015.03.18-00.10.03:856][ 38]LogEditorFactories: Performing atomic reimport of [E:/Unreal/Source/Content/Graphical Design/StartMenu.jpg]
[2015.03.18-00.10.03:857][ 38]LogFactory: FactoryCreateBinary: Texture2D with ReimportTextureFactory (0 0 E:/Unreal/Source/Content/Graphical Design/StartMenu.jpg)
[2015.03.18-00.10.13:704][ 38]LogEditorFactories: -- imported successfully
[2015.03.18-00.10.13:791][ 39]AssetReimport: Info Reimported asset StartBackground from E:/Unreal/Source/Content/Graphical Design/StartMenu.jpg.
[2015.03.18-00.10.20:816][516]BlueprintLog: New page: Pre-PIE auto-recompile
[2015.03.18-00.10.20:817][516]LogPlayLevel: [PIE] Compiling Minimal_Default before PIE...
[2015.03.18-00.10.20:879][516]LogPlayLevel: PIE:  Blueprint regeneration took 62 ms (1 blueprints)
[2015.03.18-00.10.20:879][516]PIE: New page: PIE session: Minimal_Default (Mar 17, 2015, 4:10:20 PM)
[2015.03.18-00.10.20:886][516]LogPlayLevel: PIE: StaticDuplicateObject took: (0.006971s)
[2015.03.18-00.10.20:887][516]LogPlayLevel: PIE: World Init took: (0.000564s)
[2015.03.18-00.10.20:887][516]LogPlayLevel: PIE: Created PIE world by copying editor world from /Game/StarterContent/Maps/Minimal_Default.Minimal_Default to /Game/StarterContent/Maps/UEDPIE_0_Minimal_Default.Minimal_Default (0.007705s)
[2015.03.18-00.10.20:932][516]LogWorld: Game class is 'GameMode'
[2015.03.18-00.10.20:939][516]LogAIModule: Creating AISystem for world Minimal_Default
[2015.03.18-00.10.20:942][516]LogWorld: Bringing World /Game/StarterContent/Maps/UEDPIE_0_Minimal_Default.Minimal_Default up for play (max tick rate 0) at 2015.03.17-20.10.20
[2015.03.18-00.10.20:942][516]LogWorld: Bringing up level for play took: 0.003334
[2015.03.18-00.10.20:950][516]PIE: Info Play in editor start time for /Game/StarterContent/Maps/UEDPIE_0_Minimal_Default 0.475
[2015.03.18-00.11.00:151][674]LogParticles: Destroying 0 GPU particle simulations for FXSystem 0x000000001BC23E20
[2015.03.18-00.11.02:079][813]BlueprintLog: New page: Pre-PIE auto-recompile
[2015.03.18-00.11.02:079][813]LogPlayLevel: [PIE] Compiling Minimal_Default before PIE...
[2015.03.18-00.11.02:122][813]LogPlayLevel: PIE:  Blueprint regeneration took 43 ms (1 blueprints)
[2015.03.18-00.11.02:122][813]PIE: New page: PIE session: Minimal_Default (Mar 17, 2015, 4:11:02 PM)
[2015.03.18-00.11.02:130][813]LogPlayLevel: PIE: StaticDuplicateObject took: (0.007016s)
[2015.03.18-00.11.02:130][813]LogPlayLevel: PIE: World Init took: (0.000612s)
[2015.03.18-00.11.02:130][813]LogPlayLevel: PIE: Created PIE world by copying editor world from /Game/StarterContent/Maps/Minimal_Default.Minimal_Default to /Game/StarterContent/Maps/UEDPIE_0_Minimal_Default.Minimal_Default (0.007784s)
[2015.03.18-00.11.02:160][813]LogWorld: Game class is 'GameMode'
[2015.03.18-00.11.02:162][813]LogAIModule: Creating AISystem for world Minimal_Default
[2015.03.18-00.11.02:165][813]LogWorld: Bringing World /Game/StarterContent/Maps/UEDPIE_0_Minimal_Default.Minimal_Default up for play (max tick rate 0) at 2015.03.17-20.11.02
[2015.03.18-00.11.02:166][813]LogWorld: Bringing up level for play took: 0.003140
[2015.03.18-00.11.02:168][813]PIE: Info Play in editor start time for /Game/StarterContent/Maps/UEDPIE_0_Minimal_Default -0.308
[2015.03.18-00.11.15:628][901]LogParticles: Destroying 0 GPU particle simulations for FXSystem 0x000000001F5FB600
[2015.03.18-00.11.22:923][193]Cmd: QUIT_EDITOR
[2015.03.18-00.11.23:140][193]LogExit: Preparing to exit.
[2015.03.18-00.11.23:745][193]LogExit: Editor shut down
[2015.03.18-00.11.23:745][193]LogExit: Transaction tracking system shut down
[2015.03.18-00.11.23:746][193]LogParticles: Destroying 0 GPU particle simulations for FXSystem 0x000000000D160860
[2015.03.18-00.11.23:746][193]LogParticles: Destroying 0 GPU particle simulations for FXSystem 0x0000000015E958A0
[2015.03.18-00.11.23:746][193]LogParticles: Destroying 0 GPU particle simulations for FXSystem 0x000000001EEB6480
[2015.03.18-00.11.23:746][193]LogParticles: Destroying 0 GPU particle simulations for FXSystem 0x000000001F69B7E0
[2015.03.18-00.11.23:746][193]LogParticles: Destroying 0 GPU particle simulations for FXSystem 0x0000000015E972E0
[2015.03.18-00.11.23:784][193]LogExit: Object subsystem successfully closed.
[2015.03.18-00.11.23:828][193]LogModuleManager: Shutting down and abandoning module CrashTracker (177)
[2015.03.18-00.11.23:828][193]LogModuleManager: Shutting down and abandoning module SuperSearch (176)
[2015.03.18-00.11.23:828][193]LogModuleManager: Shutting down and abandoning module SceneOutliner (175)
[2015.03.18-00.11.23:828][193]LogModuleManager: Shutting down and abandoning module EditorWidgets (174)
[2015.03.18-00.11.23:828][193]LogModuleManager: Shutting down and abandoning module CollectionManager (173)
[2015.03.18-00.11.23:830][193]LogModuleManager: Shutting down and abandoning module StatsViewer (172)
[2015.03.18-00.11.23:830][193]LogModuleManager: Shutting down and abandoning module FoliageEdit (171)
[2015.03.18-00.11.23:830][193]LogModuleManager: Shutting down and abandoning module LandscapeEditor (170)
[2015.03.18-00.11.23:830][193]LogModuleManager: Shutting down and abandoning module MeshPaint (169)
[2015.03.18-00.11.23:830][193]LogModuleManager: Shutting down and abandoning module ActorPickerMode (168)
[2015.03.18-00.11.23:830][193]LogModuleManager: Shutting down and abandoning module GeometryMode (167)
[2015.03.18-00.11.23:830][193]LogModuleManager: Shutting down and abandoning module TextureAlignMode (166)
[2015.03.18-00.11.23:830][193]LogModuleManager: Shutting down and abandoning module BspMode (165)
[2015.03.18-00.11.23:831][193]LogModuleManager: Shutting down and abandoning module PlacementMode (164)
[2015.03.18-00.11.23:831][193]LogModuleManager: Shutting down and abandoning module AutomationWorker (163)
[2015.03.18-00.11.23:831][193]LogModuleManager: Shutting down and abandoning module CharacterAI (162)
[2015.03.18-00.11.23:831][193]LogModuleManager: Shutting down and abandoning module SmartSnapping (161)
[2015.03.18-00.11.23:831][193]LogModuleManager: Shutting down and abandoning module ViewportSnapping (160)
[2015.03.18-00.11.23:831][193]LogModuleManager: Shutting down and abandoning module LogVisualizer (159)
[2015.03.18-00.11.23:831][193]LogModuleManager: Shutting down and abandoning module GameProjectGeneration (158)
[2015.03.18-00.11.23:831][193]LogModuleManager: Shutting down and abandoning module IntroTutorials (157)
[2015.03.18-00.11.23:831][193]LogModuleManager: Shutting down and abandoning module EditorLiveStreaming (156)
[2015.03.18-00.11.23:831][193]LogModuleManager: Shutting down and abandoning module HardwareTargeting (155)
[2015.03.18-00.11.23:831][193]LogModuleManager: Shutting down and abandoning module DeviceProfileEditor (154)
[2015.03.18-00.11.23:831][193]LogModuleManager: Shutting down and abandoning module UndoHistory (153)
[2015.03.18-00.11.23:831][193]LogModuleManager: Shutting down and abandoning module GameplayTagsEditor (152)
[2015.03.18-00.11.23:831][193]LogModuleManager: Shutting down and abandoning module UserFeedback (151)
[2015.03.18-00.11.23:831][193]LogModuleManager: Shutting down and abandoning module XmlParser (150)
[2015.03.18-00.11.23:831][193]LogModuleManager: Shutting down and abandoning module Blutility (149)
[2015.03.18-00.11.23:831][193]LogModuleManager: Shutting down and abandoning module IOSPlatformEditor (148)
[2015.03.18-00.11.23:831][193]LogModuleManager: Shutting down and abandoning module IOSRuntimeSettings (147)
[2015.03.18-00.11.23:831][193]LogModuleManager: Shutting down and abandoning module AndroidDeviceDetection (146)
[2015.03.18-00.11.24:797][193]LogModuleManager: Shutting down and abandoning module AndroidPlatformEditor (145)
[2015.03.18-00.11.24:797][193]LogModuleManager: Shutting down and abandoning module AndroidRuntimeSettings (144)
[2015.03.18-00.11.24:797][193]LogModuleManager: Shutting down and abandoning module ProjectTargetPlatformEditor (143)
[2015.03.18-00.11.24:797][193]LogModuleManager: Shutting down and abandoning module ProjectSettingsViewer (142)
[2015.03.18-00.11.24:797][193]LogModuleManager: Shutting down and abandoning module InputBindingEditor (141)
[2015.03.18-00.11.24:797][193]LogModuleManager: Shutting down and abandoning module EditorSettingsViewer (140)
[2015.03.18-00.11.24:797][193]LogModuleManager: Shutting down and abandoning module SettingsEditor (139)
[2015.03.18-00.11.24:797][193]LogModuleManager: Shutting down and abandoning module ProjectLauncher (138)
[2015.03.18-00.11.24:797][193]LogModuleManager: Shutting down and abandoning module SessionFrontend (137)
[2015.03.18-00.11.24:797][193]LogModuleManager: Shutting down and abandoning module ProfilerClient (136)
[2015.03.18-00.11.24:797][193]LogModuleManager: Shutting down and abandoning module TargetDeviceServices (135)
[2015.03.18-00.11.24:797][193]LogModuleManager: Shutting down and abandoning module DeviceManager (134)
[2015.03.18-00.11.24:797][193]LogModuleManager: Shutting down and abandoning module AutomationController (133)
[2015.03.18-00.11.24:797][193]LogModuleManager: Shutting down and abandoning module AutomationWindow (132)
[2015.03.18-00.11.24:797][193]LogModuleManager: Shutting down and abandoning module Layers (131)
[2015.03.18-00.11.24:797][193]LogModuleManager: Shutting down and abandoning module ComponentVisualizers (130)
[2015.03.18-00.11.24:797][193]LogModuleManager: Shutting down and abandoning module DetailCustomizations (129)
[2015.03.18-00.11.24:797][193]LogModuleManager: Shutting down and abandoning module PackagesDialog (128)
[2015.03.18-00.11.24:798][193]LogModuleManager: Shutting down and abandoning module AssetRegistry (127)
[2015.03.18-00.11.24:866][193]LogModuleManager: Shutting down and abandoning module Persona (126)
[2015.03.18-00.11.24:866][193]LogModuleManager: Shutting down and abandoning module SlateReflector (125)
[2015.03.18-00.11.24:866][193]LogModuleManager: Shutting down and abandoning module LevelEditor (124)
[2015.03.18-00.11.24:867][193]LogModuleManager: Shutting down and abandoning module Kismet (123)
[2015.03.18-00.11.24:867][193]LogModuleManager: Shutting down and abandoning module GraphEditor (122)
[2015.03.18-00.11.24:867][193]LogModuleManager: Shutting down and abandoning module ClassViewer (121)
[2015.03.18-00.11.24:867][193]LogModuleManager: Shutting down and abandoning module Toolbox (120)
[2015.03.18-00.11.24:867][193]LogModuleManager: Shutting down and abandoning module ModuleUI (119)
[2015.03.18-00.11.24:867][193]LogModuleManager: Shutting down and abandoning module MovieSceneTools (118)
[2015.03.18-00.11.24:867][193]LogModuleManager: Shutting down and abandoning module OutputLog (117)
[2015.03.18-00.11.24:867][193]LogModuleManager: Shutting down and abandoning module GammaUI (116)
[2015.03.18-00.11.24:867][193]LogModuleManager: Shutting down and abandoning module Documentation (115)
[2015.03.18-00.11.24:867][193]LogModuleManager: Shutting down and abandoning module GameLiveStreaming (114)
[2015.03.18-00.11.24:867][193]LogModuleManager: Shutting down and abandoning module StreamingPauseRendering (113)
[2015.03.18-00.11.24:867][193]LogModuleManager: Shutting down and abandoning module HTTP (112)
[2015.03.18-00.11.24:867][193]LogModuleManager: Shutting down and abandoning module AnalyticsET (111)
[2015.03.18-00.11.24:867][193]LogModuleManager: Shutting down and abandoning module Analytics (110)
[2015.03.18-00.11.24:867][193]LogModuleManager: Shutting down and abandoning module AITestSuite (109)
[2015.03.18-00.11.24:867][193]LogModuleManager: Shutting down and abandoning module GameplayDebugger (108)
[2015.03.18-00.11.24:867][193]LogModuleManager: Shutting down and abandoning module AIModule (107)
[2015.03.18-00.11.24:867][193]LogModuleManager: Shutting down and abandoning module ProfilerService (106)
[2015.03.18-00.11.24:944][193]LogModuleManager: Shutting down and abandoning module TaskGraph (105)
[2015.03.18-00.11.24:944][193]LogModuleManager: Shutting down and abandoning module SlateRemote (104)
[2015.03.18-00.11.24:944][193]LogModuleManager: Shutting down and abandoning module ScriptEditorPlugin (103)
[2015.03.18-00.11.24:944][193]LogModuleManager: Shutting down and abandoning module CustomMeshComponent (102)
[2015.03.18-00.11.24:944][193]LogModuleManager: Shutting down and abandoning module CableComponent (101)
[2015.03.18-00.11.24:944][193]LogModuleManager: Shutting down and abandoning module MessagingDebugger (100)
[2015.03.18-00.11.24:944][193]LogModuleManager: Shutting down and abandoning module MediaPlayerEditor (99)
[2015.03.18-00.11.24:944][193]LogModuleManager: Shutting down and abandoning module SpeedTreeImporter (98)
[2015.03.18-00.11.24:944][193]LogModuleManager: Shutting down and abandoning module PluginsEditor (97)
[2015.03.18-00.11.24:944][193]LogModuleManager: Shutting down and abandoning module MainFrame (96)
[2015.03.18-00.11.24:944][193]LogModuleManager: Shutting down and abandoning module EpicSurvey (95)
[2015.03.18-00.11.24:944][193]LogModuleManager: Shutting down and abandoning module DesktopPlatform (94)
[2015.03.18-00.11.24:944][193]LogModuleManager: Shutting down and abandoning module DirectoryWatcher (93)
[2015.03.18-00.11.24:944][193]LogModuleManager: Shutting down and abandoning module HotReload (92)
[2015.03.18-00.11.24:944][193]LogModuleManager: Shutting down and abandoning module VisualStudioSourceCodeAccess (91)
[2015.03.18-00.11.24:944][193]LogModuleManager: Shutting down and abandoning module UObjectPlugin (90)
[2015.03.18-00.11.24:944][193]LogModuleManager: Shutting down and abandoning module SubversionSourceControl (89)
[2015.03.18-00.11.24:944][193]LogModuleManager: Shutting down and abandoning module PerforceSourceControl (88)
[2015.03.18-00.11.24:944][193]LogModuleManager: Shutting down and abandoning module SourceControl (87)
[2015.03.18-00.11.24:944][193]LogModuleManager: Shutting down and abandoning module GitSourceControl (86)
[2015.03.18-00.11.24:944][193]LogModuleManager: Shutting down and abandoning module BlankPlugin (85)
[2015.03.18-00.11.24:944][193]LogModuleManager: Shutting down and abandoning module PaperTiledImporter (84)
[2015.03.18-00.11.24:944][193]LogModuleManager: Shutting down and abandoning module PaperJsonImporter (83)
[2015.03.18-00.11.24:944][193]LogModuleManager: Shutting down and abandoning module ContentBrowser (82)
[2015.03.18-00.11.24:945][193]LogModuleManager: Shutting down and abandoning module Paper2DEditor (81)
[2015.03.18-00.11.24:945][193]LogModuleManager: Shutting down and abandoning module ScriptPlugin (80)
[2015.03.18-00.11.24:945][193]LogModuleManager: Shutting down and abandoning module UdpMessaging (79)
[2015.03.18-00.11.25:045][193]LogModuleManager: Shutting down and abandoning module Paper2D (78)
[2015.03.18-00.11.25:045][193]LogModuleManager: Shutting down and abandoning module WindowsMoviePlayer (77)
[2015.03.18-00.11.25:048][193]LogModuleManager: Shutting down and abandoning module Media (76)
[2015.03.18-00.11.25:048][193]LogModuleManager: Shutting down and abandoning module WmfMedia (75)
[2015.03.18-00.11.25:048][193]LogModuleManager: Shutting down and abandoning module OnlineBlueprintSupport (74)
[2015.03.18-00.11.25:048][193]LogModuleManager: Shutting down and abandoning module PropertyEditor (73)
[2015.03.18-00.11.25:048][193]LogModuleManager: Shutting down and abandoning module BehaviorTreeEditor (72)
[2015.03.18-00.11.25:048][193]LogModuleManager: Shutting down and abandoning module FunctionalTesting (71)
[2015.03.18-00.11.25:048][193]LogModuleManager: Shutting down and abandoning module CollisionAnalyzer (70)
[2015.03.18-00.11.25:048][193]LogModuleManager: Shutting down and abandoning module WorkspaceMenuStructure (69)
[2015.03.18-00.11.25:048][193]LogModuleManager: Shutting down and abandoning module MessageLog (68)
[2015.03.18-00.11.25:048][193]LogModuleManager: Shutting down and abandoning module Sequencer (67)
[2015.03.18-00.11.25:049][193]LogModuleManager: Shutting down and abandoning module AssetTools (66)
[2015.03.18-00.11.25:049][193]LogModuleManager: Shutting down and abandoning module UMGEditor (65)
[2015.03.18-00.11.25:049][193]LogModuleManager: Shutting down and abandoning module UMG (64)
[2015.03.18-00.11.25:049][193]LogModuleManager: Shutting down and abandoning module Slate (63)
[2015.03.18-00.11.25:049][193]LogModuleManager: Shutting down and abandoning module EditorStyle (62)
[2015.03.18-00.11.25:053][193]LogModuleManager: Shutting down and abandoning module SessionServices (61)
[2015.03.18-00.11.25:053][193]LogModuleManager: Shutting down and abandoning module SourceCodeAccess (60)
[2015.03.18-00.11.25:053][193]LogModuleManager: Shutting down and abandoning module HeadMountedDisplay (59)
[2015.03.18-00.11.25:053][193]LogModuleManager: Shutting down and abandoning module XAudio2 (58)
[2015.03.18-00.11.25:053][193]LogModuleManager: Shutting down and abandoning module Networking (56)
[2015.03.18-00.11.25:053][193]LogModuleManager: Shutting down and abandoning module Core (55)
[2015.03.18-00.11.25:053][193]LogModuleManager: Shutting down and abandoning module KismetCompiler (54)
[2015.03.18-00.11.25:053][193]LogModuleManager: Shutting down and abandoning module PhysXFormats (53)
[2015.03.18-00.11.25:053][193]LogModuleManager: Shutting down and abandoning module MeshUtilities (52)
[2015.03.18-00.11.25:053][193]LogModuleManager: Shutting down and abandoning module DerivedDataCache (51)
[2015.03.18-00.11.25:202][193]LogDerivedDataCache: Shutdown
[2015.03.18-00.11.25:202][193]LogModuleManager: Shutting down and abandoning module ShaderFormatOpenGL (50)
[2015.03.18-00.11.25:203][193]LogModuleManager: Shutting down and abandoning module ShaderFormatD3D (49)
[2015.03.18-00.11.25:203][193]LogModuleManager: Shutting down and abandoning module MetalShaderFormat (48)
[2015.03.18-00.11.25:203][193]LogModuleManager: Shutting down and abandoning module TextureFormatUncompressed (47)
[2015.03.18-00.11.25:203][193]LogModuleManager: Shutting down and abandoning module TextureFormatPVR (46)
[2015.03.18-00.11.25:203][193]LogModuleManager: Shutting down and abandoning module TextureFormatIntelISPCTexComp (45)
[2015.03.18-00.11.25:203][193]LogModuleManager: Shutting down and abandoning module TextureFormatDXT (44)
[2015.03.18-00.11.25:203][193]LogModuleManager: Shutting down and abandoning module ImageWrapper (43)
[2015.03.18-00.11.25:203][193]LogModuleManager: Shutting down and abandoning module TextureFormatASTC (42)
[2015.03.18-00.11.25:203][193]LogModuleManager: Shutting down and abandoning module TextureFormatAndroid (41)
[2015.03.18-00.11.25:203][193]LogModuleManager: Shutting down and abandoning module AudioFormatOpus (40)
[2015.03.18-00.11.25:203][193]LogModuleManager: Shutting down and abandoning module AudioFormatOgg (39)
[2015.03.18-00.11.25:203][193]LogModuleManager: Shutting down and abandoning module AudioFormatADPCM (38)
[2015.03.18-00.11.25:203][193]LogModuleManager: Shutting down and abandoning module LinuxTargetPlatform (37)
[2015.03.18-00.11.25:203][193]LogModuleManager: Shutting down and abandoning module LinuxServerTargetPlatform (36)
[2015.03.18-00.11.25:203][193]LogModuleManager: Shutting down and abandoning module LinuxNoEditorTargetPlatform (35)
[2015.03.18-00.11.25:203][193]LogModuleManager: Shutting down and abandoning module Messaging (34)
[2015.03.18-00.11.25:203][193]LogModuleManager: Shutting down and abandoning module IOSTargetPlatform (33)
[2015.03.18-00.11.25:203][193]LogModuleManager: Shutting down and abandoning module HTML5TargetPlatform (32)
[2015.03.18-00.11.25:203][193]LogModuleManager: Shutting down and abandoning module Android_PVRTCTargetPlatform (31)
[2015.03.18-00.11.25:203][193]LogModuleManager: Shutting down and abandoning module Android_ETC2TargetPlatform (30)
[2015.03.18-00.11.25:203][193]LogModuleManager: Shutting down and abandoning module Android_ETC1TargetPlatform (29)
[2015.03.18-00.11.25:203][193]LogModuleManager: Shutting down and abandoning module Android_ES31TargetPlatform (28)
[2015.03.18-00.11.25:203][193]LogModuleManager: Shutting down and abandoning module Android_DXTTargetPlatform (27)
[2015.03.18-00.11.25:203][193]LogModuleManager: Shutting down and abandoning module Android_ATCTargetPlatform (26)
[2015.03.18-00.11.25:203][193]LogModuleManager: Shutting down and abandoning module AndroidTargetPlatform (25)
[2015.03.18-00.11.25:203][193]LogModuleManager: Shutting down and abandoning module WindowsTargetPlatform (24)
[2015.03.18-00.11.25:203][193]LogModuleManager: Shutting down and abandoning module WindowsServerTargetPlatform (23)
[2015.03.18-00.11.25:203][193]LogModuleManager: Shutting down and abandoning module WindowsNoEditorTargetPlatform (22)
[2015.03.18-00.11.25:203][193]LogModuleManager: Shutting down and abandoning module WindowsClientTargetPlatform (21)
[2015.03.18-00.11.25:203][193]LogModuleManager: Shutting down and abandoning module TargetPlatform (20)
[2015.03.18-00.11.25:203][193]LogModuleManager: Shutting down and abandoning module InputCore (19)
[2015.03.18-00.11.25:203][193]LogModuleManager: Shutting down and abandoning module Settings (18)
[2015.03.18-00.11.25:203][193]LogModuleManager: Shutting down and abandoning module OnlineSubsystem (16)
[2015.03.18-00.11.25:203][193]LogModuleManager: Shutting down and abandoning module OculusRift (15)
[2015.03.18-00.11.25:203][193]LogModuleManager: Shutting down and abandoning module ExampleDeviceProfileSelector (14)
[2015.03.18-00.11.25:203][193]LogModuleManager: Shutting down and abandoning module TextureCompressor (13)
[2015.03.18-00.11.25:203][193]LogModuleManager: Shutting down and abandoning module ShaderCore (12)
[2015.03.18-00.11.25:203][193]LogModuleManager: Shutting down and abandoning module Landscape (11)
[2015.03.18-00.11.25:203][193]LogModuleManager: Shutting down and abandoning module SlateRHIRenderer (10)
[2015.03.18-00.11.25:205][193]LogModuleManager: Shutting down and abandoning module OpenGLDrv (9)
[2015.03.18-00.11.25:205][193]LogModuleManager: Shutting down and abandoning module D3D11RHI (8)
[2015.03.18-00.11.25:205][193]LogModuleManager: Shutting down and abandoning module Renderer (7)
[2015.03.18-00.11.25:205][193]LogModuleManager: Shutting down and abandoning module Engine (6)
[2015.03.18-00.11.25:205][193]LogModuleManager: Shutting down and abandoning module CoreUObject (5)
[2015.03.18-00.11.25:205][193]LogModuleManager: Shutting down and abandoning module NetworkFile (4)
[2015.03.18-00.11.25:205][193]LogModuleManager: Shutting down and abandoning module StreamingFile (3)
[2015.03.18-00.11.25:205][193]LogModuleManager: Shutting down and abandoning module SandboxFile (2)
[2015.03.18-00.11.25:205][193]LogModuleManager: Shutting down and abandoning module PakFile (1)
[2015.03.18-00.11.25:206][193]LogExit: Exiting.
[2015.03.18-00.11.25:209][193]Log file closed, 03/17/15 20:11:25
