Log file open, 03/07/15 23:25:04
LogInit:Display: Running engine for game: MyProject3
LogInit: Version: 4.7.2-2467323+++depot+UE4-Releases+4.7
LogInit: API Version: 2455222
LogInit: Compiled (64-bit): Mar  2 2015 23:16:34
LogInit: Compiled with Visual C++: 18.00.21005.01
LogInit: Build Configuration: Development
LogInit: Branch Name: ++depot+UE4-Releases+4.7
LogInit: Command line: 
LogInit: Base directory: C:/Program Files/Epic Games/4.7/Engine/Binaries/Win64/
LogInit: Rocket: 1
[2015.03.08-04.25.04:907][  0]LogTaskGraph: Started task graph with 3 named threads and 6 total threads.
[2015.03.08-04.25.04:958][  0]LogOnline:Warning: No default platform service specified for OnlineSubsystem
[2015.03.08-04.25.04:971][  0]LogInit: Presizing for 0 objects not considered by GC, pre-allocating 0 bytes.
[2015.03.08-04.25.04:980][  0]LogInit: Object subsystem initialized
[2015.03.08-04.25.04:982][  0]LogConsoleResponse:Warning: Skipping Unknown console variable: 'TranslucentSortAxis = (X=0.000000,Y=-1.000000,Z=0.000000)'
[2015.03.08-04.25.04:982][  0]LogConsoleResponse:Warning:   Found in ini file 'E:/Unreal/Source/Saved/Config/Windows/Engine.ini', in section '[/Script/Engine.RendererSettings]'
[2015.03.08-04.25.04:982][  0]LogConsoleResponse:Warning: Skipping Unknown console variable: 'UIScaleRule = ShortestSide'
[2015.03.08-04.25.04:982][  0]LogConsoleResponse:Warning:   Found in ini file 'E:/Unreal/Source/Saved/Config/Windows/Engine.ini', in section '[/Script/Engine.RendererSettings]'
[2015.03.08-04.25.04:982][  0]LogConsoleResponse:Warning: Skipping Unknown console variable: 'UIScaleCurve = (EditorCurveData=(Keys=),ExternalCurve=None)'
[2015.03.08-04.25.04:982][  0]LogConsoleResponse:Warning:   Found in ini file 'E:/Unreal/Source/Saved/Config/Windows/Engine.ini', in section '[/Script/Engine.RendererSettings]'
[2015.03.08-04.25.04:982][  0]LogInit: Selected Device Profile: [Windows]
[2015.03.08-04.25.04:982][  0]LogInit: Applying CVar settings loaded from the selected device profile: [Windows]
[2015.03.08-04.25.04:986][  0]LogInit: Computer: TJO-PC
[2015.03.08-04.25.04:986][  0]LogInit: User: TJO
[2015.03.08-04.25.04:986][  0]LogInit: CPU Page size=4096, Cores=4
[2015.03.08-04.25.04:986][  0]LogInit: High frequency timer resolution =3.215400 MHz
[2015.03.08-04.25.04:986][  0]LogMemory: Memory total: Physical=7.9GB (8GB approx) Virtual=8192.0GB
[2015.03.08-04.25.04:986][  0]LogMemory: Platform Memory Stats for Windows
[2015.03.08-04.25.04:986][  0]LogMemory: Process Physical Memory: 47.21 MB used, 47.21 MB peak
[2015.03.08-04.25.04:986][  0]LogMemory: Process Virtual Memory: 23.51 MB used, 24.30 MB peak
[2015.03.08-04.25.04:986][  0]LogMemory: Physical Memory: 3489.89 MB used, 8109.12 MB total
[2015.03.08-04.25.04:986][  0]LogMemory: Virtual Memory: 277.50 MB used, 8388608.00 MB total
[2015.03.08-04.25.05:010][  0]LogD3D11RHI: Found D3D11 adapter 0: NVIDIA GeForce GTX 550 Ti (Feature Level 11_0)
[2015.03.08-04.25.05:010][  0]LogD3D11RHI: Adapter has 977MB of dedicated video memory, 0MB of dedicated system memory, and 3071MB of shared system memory, 2 output[s]
[2015.03.08-04.25.05:010][  0]LogD3D11RHI: Chosen D3D11 Adapter Id = 0
[2015.03.08-04.25.05:016][  0]LogRHI: Texture pool is 684 MB (70% of 977 MB)
[2015.03.08-04.25.05:023][  0]LogD3D11RHI: Async texture creation enabled
[2015.03.08-04.25.05:074][  0]LogTextLocalizationManager: The requested culture ('en_US') has no localization data; parent culture's ('en') localization data will be used.
[2015.03.08-04.25.05:205][  0]LogContentStreaming: Texture pool size is 0.000000MB
[2015.03.08-04.25.07:512][  0]LogTargetPlatformManager:Display: Building Assets For Windows
[2015.03.08-04.25.07:997][  0]LogTargetPlatformManager:Display: Building Assets For Windows
[2015.03.08-04.25.08:059][  0]LogDerivedDataCache:Display: Max Cache Size: 512 MB
[2015.03.08-04.25.08:096][  0]LogDerivedDataCache: Loaded boot cache 0.04s 39MB C:/Users/TJO/AppData/Local/UnrealEngine/4.7/DerivedDataCache/Boot.ddc.
[2015.03.08-04.25.08:096][  0]LogDerivedDataCache:Display: Loaded Boot cache: C:/Users/TJO/AppData/Local/UnrealEngine/4.7/DerivedDataCache/Boot.ddc
[2015.03.08-04.25.08:096][  0]LogDerivedDataCache: FDerivedDataBackendGraph:  Pak pak cache file E:/Unreal/Source/DerivedDataCache/DDC.ddp not found, will not use a pak cache.
[2015.03.08-04.25.08:096][  0]LogDerivedDataCache: Unable to find inner node Pak for hierarchical cache Hierarchy.
[2015.03.08-04.25.08:219][  0]LogDerivedDataCache:Display: Pak cache opened for reading ../../../Engine/DerivedDataCache/Compressed.ddp.
[2015.03.08-04.25.08:230][  0]LogDerivedDataCache: Using Local data cache path C:/Users/TJO/AppData/Local/UnrealEngine/Common/DerivedDataCache: Writable
[2015.03.08-04.25.08:529][  0]LogMeshUtilities: No automatic mesh reduction module available
[2015.03.08-04.25.08:529][  0]LogMeshUtilities: No automatic mesh merging module available
[2015.03.08-04.25.08:847][  0]LogInit: WinSock: version 1.1 (2.2), MaxSocks=32767, MaxUdp=65467
[2015.03.08-04.25.08:920][  0]LogSlate:Warning: Failed to load font data from '../../../Engine/Content/Slate/Fonts/Roboto-Italic.ttf'
[2015.03.08-04.25.09:659][  0]UdpMessaging: Initializing bridge on interface 0.0.0.0:0 to multicast group 230.0.0.1:6666.
[2015.03.08-04.25.09:844][  0]SourceControl: Info Source control is disabled
[2015.03.08-04.25.09:844][  0]SourceControl: Info Source control is disabled
[2015.03.08-04.25.09:844][  0]SourceControl: Info Source control is disabled
[2015.03.08-04.25.09:852][  0]LogSourceControl: RunCommandInternalRaw: 'git version'
[2015.03.08-04.25.09:860][  0]LogSourceControl: RunCommandInternalRaw: ExecProcess ReturnCode=0 OutResults='git version 1.9.5.github.0
'
[2015.03.08-04.25.10:033][  0]LogObj: 24231 objects as part of root set at end of initial load.
[2015.03.08-04.25.10:033][  0]LogUObjectAllocator: 5136440 out of 0 bytes used by permanent object pool.
[2015.03.08-04.25.10:112][  0]LogEngine: Initializing Engine...
[2015.03.08-04.25.12:266][  0]LogInit: XAudio2 using 'Speakers (Realtek High Definition Audio)' : 2 channels at 48 kHz using 32 bits per sample (channel mask 0x3)
[2015.03.08-04.25.12:303][  0]LogInit: FAudioDevice initialized.
[2015.03.08-04.25.12:338][  0]LogAIModule: Creating AISystem for world NewWorld
[2015.03.08-04.25.12:358][  0]LogDerivedDataCache: Saved boot cache 0.02s 39MB C:/Users/TJO/AppData/Local/UnrealEngine/4.7/DerivedDataCache/Boot.ddc.
[2015.03.08-04.25.12:365][  0]LogInit: Texture streaming: Enabled
[2015.03.08-04.25.12:453][  0]LogAnalytics: Creating configured Analytics provider AnalyticsET
[2015.03.08-04.25.12:453][  0]LogAnalytics: ET APIKey = Rocket.Release. APIServer = http://et2.epicgames.com/ET2/. AppVersion = 4.7.2-2467323+++depot+UE4-Releases+4.7
[2015.03.08-04.25.12:453][  0]LogAnalytics: ET APIKey = Rocket.Release. DataRouterUploadURL = https://datarouter-public-service-gamedev.ol.epicgames.net/datarouter/api/v1/public/data. AppVersion = 4.7.2-2467323+++depot+UE4-Releases+4.7
[2015.03.08-04.25.12:453][  0]LogAnalytics: SetUserId fe9bdd8943aed3d7e8835eb833a44fc2|67e49cb91ec7442c8762522d90644534|59b6476c-362d-4607-836f-11cf0e82b1db
[2015.03.08-04.25.12:453][  0]LogAnalytics: AnalyticsET::StartSession [Rocket.Release]
[2015.03.08-04.25.12:471][  0]LogInit: Transaction tracking system initialized
[2015.03.08-04.25.12:629][  0]BlueprintLog: New page: Editor Load
[2015.03.08-04.25.12:662][  0]LogAssetRegistry: FAssetRegistry took 0.0097 seconds to start up
[2015.03.08-04.25.12:662][  0]LogDirectoryWatcher:Warning: Failed to begin reading directory changes for ../../../Engine/Plugins/Experimental/CharacterAI/Content/. Error: 0
[2015.03.08-04.25.13:163][  0]LogTargetPlatformManager:Display: Building Assets For Windows
[2015.03.08-04.25.13:501][  0]LogTargetPlatformManager:Display: Building Assets For Windows
[2015.03.08-04.25.13:754][  0]LogSlate:Warning: Failed to load font data from '../../../Engine/Content/Editor/Slate/Fonts/Roboto-Regular.ttf'
[2015.03.08-04.25.13:754][  0]LogSlate:Warning: Failed to load font data from '../../../Engine/Content/Editor/Slate/Fonts/Roboto-Bold.ttf'
[2015.03.08-04.25.13:758][  0]LogConsoleResponse:Display: 
[2015.03.08-04.25.13:882][  0]LogCook:Display: Done creating registry. It took  0.00s.
[2015.03.08-04.25.14:022][  0]LogSourceControl: RunCommandInternalRaw: 'git version'
[2015.03.08-04.25.14:028][  0]LogSourceControl: RunCommandInternalRaw: ExecProcess ReturnCode=0 OutResults='git version 1.9.5.github.0
'
[2015.03.08-04.25.14:028][  0]Cmd: MAP LOAD FILE="E:/Unreal/Source/Content/StarterContent/Maps/Minimal_Default.umap" TEMPLATE=0 SHOWPROGRESS=1 FEATURELEVEL=3
[2015.03.08-04.25.14:029][  0]LightingResults: New page: Lighting Build
[2015.03.08-04.25.14:042][  0]MapCheck: New page: Map Check
[2015.03.08-04.25.14:042][  0]LightingResults: New page: Lighting Build
[2015.03.08-04.25.14:048][  0]LogParticles: Destroying 0 GPU particle simulations for FXSystem 0x0000000016A46200
[2015.03.08-04.25.14:764][  0]LogTexture:Display: Building textures: HQ_Lightmap1_1 (AutoDXT)
[2015.03.08-04.25.14:846][  0]LogTexture:Display: Building textures: HQ_Lightmap1_2 (AutoDXT)
[2015.03.08-04.25.14:855][  0]LogTexture:Display: Building textures: LQ_Lightmap_1_1 (DXT1)
[2015.03.08-04.25.14:898][  0]LogTexture:Display: Building textures: LQ_Lightmap_1_2 (DXT1)
[2015.03.08-04.25.14:915][  0]LogEditorServer: Finished looking for orphan Actors (0.000 secs)
[2015.03.08-04.25.14:916][  0]LogAIModule: Creating AISystem for world Minimal_Default
[2015.03.08-04.25.14:916][  0]Cmd: MAP CHECKDEP
[2015.03.08-04.25.14:916][  0]MapCheck: New page: Minimal_Default - Mar 7, 2015, 6:25:14 PM
[2015.03.08-04.25.14:994][  0]MapCheck: Info Map check complete: 0 Error(s), 0 Warning(s), took 77.866ms to complete.
[2015.03.08-04.25.14:994][  0]LogFileHelpers: Loading map 'Minimal_Default' took 0.966
[2015.03.08-04.25.15:119][  0]LogSourceControl: RunCommandInternalRaw: 'git status'
[2015.03.08-04.25.15:119][  0]LogSourceControl: RunCommandInternalRaw: ExecProcess ReturnCode=0 OutResults='On branch master
Your branch is up-to-date with 'origin/master'.

Changes not staged for commit:
  (use "git add <file>..." to update what will be committed)
  (use "git checkout -- <file>..." to discard changes in working directory)

	modified:   Intermediate/CachedAssetRegistry.bin
	modified:   Saved/Autosaves/PackageRestoreData.json
	modified:   Saved/Config/Windows/Editor.ini
	modified:   Saved/Config/Windows/EditorLayout.ini
	modified:   Saved/Config/Windows/EditorUserSettings.ini
	modified:   Saved/Config/Windows/Engine.ini
	modified:   Saved/Logs/MyProject3.log

Untracked files:
  (use "git add <file>..." to include in what will be committed)

	Saved/Backup/T_Detail_Rocky_N_2015-03-07-22-44-11.uasset
	Saved/Backup/T_Door_M_2015-03-07-22-44-11.uasset
	Saved/Backup/T_Door_N_2015-03-07-22-44-11.uasset
	Saved/Backup/T_Dust_Particle_D_2015-03-07-22-44-12.uasset
	Saved/Backup/T_Explosion_SubUV_2015-03-07-22-44-12.uasset
	Saved/Backup/T_Fire_SubUV_2015-03-07-22-44-13.uasset
	Saved/Backup/T_Fire_Tiled_D_2015-03-07-22-44-14.uasset
	Saved/Backup/T_Frame_M_2015-03-07-22-44-14.uasset
	Saved/Backup/T_Frame_N_2015-03-07-22-44-15.uasset
	Saved/Backup/T_Gradinet_01_2015-03-07-22-44-16.uasset
	Saved/Backup/T_Ground_Grass_D_2015-03-07-22-44-18.uasset
	Saved/Backup/T_Ground_Grass_N_2015-03-07-22-44-19.uasset
	Saved/Backup/T_Ground_Gravel_D_2015-03-07-22-44-21.uasset
	Saved/Backup/T_Ground_Gravel_N_2015-03-07-22-44-23.uasset
	Saved/Backup/T_Ground_Moss_N_2015-03-07-22-44-26.uasset
	Saved/Backup/T_Lamp_M_2015-03-07-22-44-27.uasset
	Saved/Backup/T_Lamp_N_2015-03-07-22-44-27.uasset
	Saved/Backup/T_Metal_Gold_D_2015-03-07-22-44-29.uasset
	Saved/Backup/T_Metal_Rust_D_2015-03-07-22-44-30.uasset
	Saved/Backup/T_Metal_Rust_N_2015-03-07-22-44-32.uasset
	Saved/Backup/T_Metal_Steel_D_2015-03-07-22-44-33.uasset
	Saved/Backup/T_Metal_Steel_N_2015-03-07-22-44-34.uasset
	Saved/Backup/T_Perlin_Noise_M_2015-03-07-22-44-35.uasset
	Saved/Backup/T_RockMesh_M_2015-03-07-22-44-36.uasset
	Saved/Backup/T_RockMesh_N_2015-03-07-22-44-37.uasset
	Saved/Backup/T_Rock_Basalt_D_2015-03-07-22-44-38.uasset
	Saved/Backup/T_Rock_Basalt_N_2015-03-07-22-44-40.uasset
	Saved/Backup/T_Rock_Marble_Polished_D_2015-03-07-22-44-41.uasset
	Saved/Backup/T_Rock_Sandstone_D_2015-03-07-22-44-42.uasset
	Saved/Backup/T_Rock_Sandstone_N_2015-03-07-22-44-43.uasset
	Saved/Backup/T_Rock_Slate_D_2015-03-07-22-44-45.uasset
	Saved/Backup/T_Rock_Slate_N_2015-03-07-22-44-46.uasset
	Saved/Backup/T_Rock_Smooth_Granite_D_2015-03-07-22-44-48.uasset
	Saved/Backup/T_Shelf_M_2015-03-07-22-44-49.uasset
	Saved/Backup/T_Shelf_N_2015-03-07-22-44-49.uasset
	Saved/Backup/T_Single_Tile_N_2015-03-07-22-44-50.uasset
	Saved/Backup/T_Smoke_SubUV_2015-03-07-22-44-50.uasset
	Saved/Backup/T_Smoke_Tiled_D_2015-03-07-22-44-51.uasset
	Saved/Backup/T_Spark_Core_2015-03-07-22-44-51.uasset
	Saved/Backup/T_Tech_Dot_M_2015-03-07-22-44-52.uasset
	Saved/Backup/T_Tech_Dot_N_2015-03-07-22-44-52.uasset
	Saved/Backup/T_Tech_Hex_Tile_M_2015-03-07-22-44-53.uasset
	Saved/Backup/T_Tech_Hex_Tile_N_2015-03-07-22-44-54.uasset
	Saved/Backup/T_Tech_Panel_M_2015-03-07-22-44-54.uasset
	Saved/Backup/T_Tech_Panel_N_2015-03-07-22-44-55.uasset
	Saved/Backup/T_Water_M_2015-03-07-22-44-55.uasset
	Saved/Backup/T_Water_N_2015-03-07-22-44-56.uasset
	Saved/Backup/T_Wood_Floor_Walnut_D_2015-03-07-22-44-58.uasset
	Saved/Backup/T_Wood_Floor_Walnut_M_2015-03-07-22-44-58.uasset
	Saved/Backup/T_Wood_Floor_Walnut_N_2015-03-07-22-44-59.uasset
	Saved/Backup/T_Wood_Oak_D_2015-03-07-22-45-00.uasset
	Saved/Backup/T_Wood_Oak_N_2015-03-07-22-45-01.uasset
	Saved/Backup/T_Wood_Pine_D_2015-03-07-22-45-03.uasset
	Saved/Backup/T_Wood_Pine_N_2015-03-07-22-45-04.uasset
	Saved/Backup/T_Wood_Walnut_D_2015-03-07-22-45-05.uasset
	Saved/Backup/T_Wood_Walnut_N_2015-03-07-22-45-06.uasset
	Saved/Backup/T_ground_Moss_D_2015-03-07-22-44-25.uasset
	Saved/Logs/MyProject3-backup-2015.03.07-22.24.16.log
	Saved/Logs/MyProject3-backup-2015.03.07-22.53.04.log
	Saved/Logs/MyProject3-backup-2015.03.07-23.25.04.log

no changes added to commit (use "git add" and/or "git commit -a")
'
[2015.03.08-04.25.15:119][  0]LogSourceControl: RunCommandInternalRaw: 'git symbolic-ref --short HEAD'
[2015.03.08-04.25.15:119][  0]LogSourceControl: RunCommandInternalRaw: ExecProcess ReturnCode=0 OutResults='master
'
[2015.03.08-04.25.15:119][  0]LogCollectionManager: Loaded 0 collections in 0.001444 seconds
[2015.03.08-04.25.15:132][  0]LogContentBrowser: Native class hierarchy populated in 0.0125 seconds. Added 1696 classes and 261 folders.
[2015.03.08-04.25.15:163][  0]LogContentBrowser: Native class hierarchy updated for 'SceneOutliner' in 0.0020 seconds. Added 1 classes and 2 folders.
[2015.03.08-04.25.15:211][  0]LogCrashTracker: Crashtracker disabled due to settings.
[2015.03.08-04.25.15:212][  0]LogSlate:Warning: Failed to load font data from 'Veranda'
[2015.03.08-04.25.15:218][  0]LogUObjectGlobals:Warning: Failed to find object 'Class None.'
[2015.03.08-04.25.15:242][  0]LogLoad: Full Startup: 12.17 seconds (BP compile: 0.08 seconds)
[2015.03.08-04.25.15:275][  0]LogContentBrowser:Verbose: The content browser source was changed by the sources view to '/Game/StarterContent'
[2015.03.08-04.25.15:317][  0]SourceControl: Info master
[2015.03.08-04.25.15:441][  2]LogRenderer:Warning: Reallocating scene render targets to support 880x392 (Frame:2).
[2015.03.08-04.25.15:594][  4]LogAssetRegistry: Asset discovery search completed in 2.9422 seconds
[2015.03.08-04.25.20:428][433]LogSourceControl: RunCommandInternalRaw: 'git status --porcelain --ignored "E:/Unreal/Source/Content/StarterContent/background.uasset" "E:/Unreal/Source/Content/StarterContent/MapGen.umap" "E:/Unreal/Source/Content/StarterContent/Menubackground.uasset" "E:/Unreal/Source/Content/StarterContent/NewMaterial.uasset" "E:/Unreal/Source/Content/StarterContent/StartMenu.uasset"'
[2015.03.08-04.25.20:444][435]LogSourceControl: RunCommandInternalRaw: ExecProcess ReturnCode=0 OutResults=''
[2015.03.08-04.25.24:860][802]LogPlayLevel: PIE:  No blueprints needed recompiling
[2015.03.08-04.25.24:860][802]PIE: New page: PIE session: Minimal_Default (Mar 7, 2015, 6:25:24 PM)
[2015.03.08-04.25.24:866][802]LogPlayLevel: PIE: StaticDuplicateObject took: (0.005726s)
[2015.03.08-04.25.24:867][802]LogPlayLevel: PIE: World Init took: (0.000701s)
[2015.03.08-04.25.24:867][802]LogPlayLevel: PIE: Created PIE world by copying editor world from /Game/StarterContent/Maps/Minimal_Default.Minimal_Default to /Game/StarterContent/Maps/UEDPIE_0_Minimal_Default.Minimal_Default (0.006642s)
[2015.03.08-04.25.24:913][802]LogWorld: Game class is 'GameMode'
[2015.03.08-04.25.24:915][802]LogAIModule: Creating AISystem for world Minimal_Default
[2015.03.08-04.25.24:918][802]LogWorld: Bringing World /Game/StarterContent/Maps/UEDPIE_0_Minimal_Default.Minimal_Default up for play (max tick rate 0) at 2015.03.07-23.25.24
[2015.03.08-04.25.24:918][802]LogWorld: Bringing up level for play took: 0.003056
[2015.03.08-04.25.24:922][802]PIE: Info Play in editor start time for /Game/StarterContent/Maps/UEDPIE_0_Minimal_Default 0.911
[2015.03.08-04.25.24:939][802]LogRenderer:Warning: Reallocating scene render targets to support 1296x760 (Frame:604).
[2015.03.08-04.25.27:440][927]LogParticles: Destroying 0 GPU particle simulations for FXSystem 0x000000001F70D080
[2015.03.08-04.25.32:048][413]LogContentBrowser:Verbose: The content browser source was changed by the sources view to '/Game/StarterContent/Textures'
[2015.03.08-04.25.33:069][485]LogSourceControl: RunCommandInternalRaw: 'git status --porcelain --ignored "E:/Unreal/Source/Content/StarterContent/Textures/T_Brick_Clay_Beveled_D.uasset" "E:/Unreal/Source/Content/StarterContent/Textures/T_Brick_Clay_Beveled_M.uasset" "E:/Unreal/Source/Content/StarterContent/Textures/T_Brick_Clay_Beveled_N.uasset" "E:/Unreal/Source/Content/StarterContent/Textures/T_Brick_Clay_New_D.uasset" "E:/Unreal/Source/Content/StarterContent/Textures/T_Brick_Clay_New_M.uasset" "E:/Unreal/Source/Content/StarterContent/Textures/T_Brick_Clay_New_N.uasset" "E:/Unreal/Source/Content/StarterContent/Textures/T_Brick_Clay_Old_D.uasset" "E:/Unreal/Source/Content/StarterContent/Textures/T_Brick_Clay_Old_N.uasset" "E:/Unreal/Source/Content/StarterContent/Textures/T_Brick_Cut_Stone_D.uasset" "E:/Unreal/Source/Content/StarterContent/Textures/T_Brick_Cut_Stone_N.uasset" "E:/Unreal/Source/Content/StarterContent/Textures/T_Brick_Hewn_Stone_D.uasset" "E:/Unreal/Source/Content/StarterContent/Textures/T_Brick_Hewn_Stone_M.uasset" "E:/Unreal/Source/Content/StarterContent/Textures/T_Brick_Hewn_Stone_N.uasset" "E:/Unreal/Source/Content/StarterContent/Textures/T_Burst_M.uasset" "E:/Unreal/Source/Content/StarterContent/Textures/T_Bush_D.uasset" "E:/Unreal/Source/Content/StarterContent/Textures/T_Bush_N.uasset" "E:/Unreal/Source/Content/StarterContent/Textures/T_Ceramic_Tile_M.uasset" "E:/Unreal/Source/Content/StarterContent/Textures/T_Ceramic_Tile_N.uasset" "E:/Unreal/Source/Content/StarterContent/Textures/T_Chair_M.uasset" "E:/Unreal/Source/Content/StarterContent/Textures/T_Chair_N.uasset" "E:/Unreal/Source/Content/StarterContent/Textures/T_Checker_Noise_M.uasset" "E:/Unreal/Source/Content/StarterContent/Textures/T_CobbleStone_Pebble_D.uasset" "E:/Unreal/Source/Content/StarterContent/Textures/T_CobbleStone_Pebble_M.uasset" "E:/Unreal/Source/Content/StarterContent/Textures/T_CobbleStone_Pebble_N.uasset" "E:/Unreal/Source/Content/StarterContent/Textures/T_CobbleStone_Rough_D.uasset" "E:/Unreal/Source/Content/StarterContent/Textures/T_CobbleStone_Rough_N.uasset" "E:/Unreal/Source/Content/StarterContent/Textures/T_CobbleStone_Smooth_D.uasset" "E:/Unreal/Source/Content/StarterContent/Textures/T_CobbleStone_Smooth_M.uasset" "E:/Unreal/Source/Content/StarterContent/Textures/T_CobbleStone_Smooth_N.uasset" "E:/Unreal/Source/Content/StarterContent/Textures/T_Concrete_Grime_D.uasset"'
[2015.03.08-04.25.33:112][486]LogSourceControl: RunCommandInternalRaw: ExecProcess ReturnCode=0 OutResults=''
[2015.03.08-04.25.34:085][549]LogSourceControl: RunCommandInternalRaw: 'git status --porcelain --ignored "E:/Unreal/Source/Content/StarterContent/background.uasset" "E:/Unreal/Source/Content/StarterContent/MapGen.umap" "E:/Unreal/Source/Content/StarterContent/Menubackground.uasset" "E:/Unreal/Source/Content/StarterContent/NewMaterial.uasset" "E:/Unreal/Source/Content/StarterContent/StartMenu.uasset"'
[2015.03.08-04.25.34:095][550]LogSourceControl: RunCommandInternalRaw: ExecProcess ReturnCode=0 OutResults=''
[2015.03.08-04.25.34:931][626]LogParticles: Destroying 0 GPU particle simulations for FXSystem 0x000000000D09EFC0
[2015.03.08-04.25.34:931][626]LogParticles: Destroying 0 GPU particle simulations for FXSystem 0x000000000D09E200
[2015.03.08-04.25.37:018][627]Cmd: QUIT_EDITOR
[2015.03.08-04.25.37:235][627]LogExit: Preparing to exit.
[2015.03.08-04.25.37:743][627]LogExit: Editor shut down
[2015.03.08-04.25.37:744][627]LogExit: Transaction tracking system shut down
[2015.03.08-04.25.37:744][627]LogParticles: Destroying 0 GPU particle simulations for FXSystem 0x0000000018DDF9C0
[2015.03.08-04.25.37:745][627]LogParticles: Destroying 0 GPU particle simulations for FXSystem 0x000000000D703240
[2015.03.08-04.25.37:745][627]LogParticles: Destroying 0 GPU particle simulations for FXSystem 0x0000000018DCDE40
[2015.03.08-04.25.37:745][627]LogParticles: Destroying 0 GPU particle simulations for FXSystem 0x000000001E3EF4C0
[2015.03.08-04.25.37:803][627]LogExit: Object subsystem successfully closed.
[2015.03.08-04.25.37:851][627]LogModuleManager: Shutting down and abandoning module SequencerWidgets (178)
[2015.03.08-04.25.37:851][627]LogModuleManager: Shutting down and abandoning module CrashTracker (177)
[2015.03.08-04.25.37:851][627]LogModuleManager: Shutting down and abandoning module SuperSearch (176)
[2015.03.08-04.25.37:851][627]LogModuleManager: Shutting down and abandoning module SceneOutliner (175)
[2015.03.08-04.25.37:851][627]LogModuleManager: Shutting down and abandoning module EditorWidgets (174)
[2015.03.08-04.25.37:851][627]LogModuleManager: Shutting down and abandoning module CollectionManager (173)
[2015.03.08-04.25.37:851][627]LogModuleManager: Shutting down and abandoning module StatsViewer (172)
[2015.03.08-04.25.37:851][627]LogModuleManager: Shutting down and abandoning module FoliageEdit (171)
[2015.03.08-04.25.37:851][627]LogModuleManager: Shutting down and abandoning module LandscapeEditor (170)
[2015.03.08-04.25.37:851][627]LogModuleManager: Shutting down and abandoning module MeshPaint (169)
[2015.03.08-04.25.37:851][627]LogModuleManager: Shutting down and abandoning module ActorPickerMode (168)
[2015.03.08-04.25.37:851][627]LogModuleManager: Shutting down and abandoning module GeometryMode (167)
[2015.03.08-04.25.37:851][627]LogModuleManager: Shutting down and abandoning module TextureAlignMode (166)
[2015.03.08-04.25.37:851][627]LogModuleManager: Shutting down and abandoning module BspMode (165)
[2015.03.08-04.25.37:851][627]LogModuleManager: Shutting down and abandoning module PlacementMode (164)
[2015.03.08-04.25.37:851][627]LogModuleManager: Shutting down and abandoning module AutomationWorker (163)
[2015.03.08-04.25.37:851][627]LogModuleManager: Shutting down and abandoning module CharacterAI (162)
[2015.03.08-04.25.37:851][627]LogModuleManager: Shutting down and abandoning module SmartSnapping (161)
[2015.03.08-04.25.37:851][627]LogModuleManager: Shutting down and abandoning module ViewportSnapping (160)
[2015.03.08-04.25.37:851][627]LogModuleManager: Shutting down and abandoning module LogVisualizer (159)
[2015.03.08-04.25.37:851][627]LogModuleManager: Shutting down and abandoning module GameProjectGeneration (158)
[2015.03.08-04.25.37:851][627]LogModuleManager: Shutting down and abandoning module IntroTutorials (157)
[2015.03.08-04.25.37:851][627]LogModuleManager: Shutting down and abandoning module EditorLiveStreaming (156)
[2015.03.08-04.25.37:851][627]LogModuleManager: Shutting down and abandoning module HardwareTargeting (155)
[2015.03.08-04.25.37:851][627]LogModuleManager: Shutting down and abandoning module DeviceProfileEditor (154)
[2015.03.08-04.25.37:851][627]LogModuleManager: Shutting down and abandoning module UndoHistory (153)
[2015.03.08-04.25.37:851][627]LogModuleManager: Shutting down and abandoning module GameplayTagsEditor (152)
[2015.03.08-04.25.37:851][627]LogModuleManager: Shutting down and abandoning module UserFeedback (151)
[2015.03.08-04.25.37:851][627]LogModuleManager: Shutting down and abandoning module XmlParser (150)
[2015.03.08-04.25.37:851][627]LogModuleManager: Shutting down and abandoning module Blutility (149)
[2015.03.08-04.25.37:851][627]LogModuleManager: Shutting down and abandoning module IOSPlatformEditor (148)
[2015.03.08-04.25.37:851][627]LogModuleManager: Shutting down and abandoning module IOSRuntimeSettings (147)
[2015.03.08-04.25.37:851][627]LogModuleManager: Shutting down and abandoning module AndroidDeviceDetection (146)
[2015.03.08-04.25.38:576][627]LogModuleManager: Shutting down and abandoning module AndroidPlatformEditor (145)
[2015.03.08-04.25.38:576][627]LogModuleManager: Shutting down and abandoning module AndroidRuntimeSettings (144)
[2015.03.08-04.25.38:576][627]LogModuleManager: Shutting down and abandoning module ProjectTargetPlatformEditor (143)
[2015.03.08-04.25.38:576][627]LogModuleManager: Shutting down and abandoning module ProjectSettingsViewer (142)
[2015.03.08-04.25.38:576][627]LogModuleManager: Shutting down and abandoning module InputBindingEditor (141)
[2015.03.08-04.25.38:576][627]LogModuleManager: Shutting down and abandoning module EditorSettingsViewer (140)
[2015.03.08-04.25.38:576][627]LogModuleManager: Shutting down and abandoning module SettingsEditor (139)
[2015.03.08-04.25.38:576][627]LogModuleManager: Shutting down and abandoning module ProjectLauncher (138)
[2015.03.08-04.25.38:576][627]LogModuleManager: Shutting down and abandoning module SessionFrontend (137)
[2015.03.08-04.25.38:576][627]LogModuleManager: Shutting down and abandoning module ProfilerClient (136)
[2015.03.08-04.25.38:576][627]LogModuleManager: Shutting down and abandoning module TargetDeviceServices (135)
[2015.03.08-04.25.38:576][627]LogModuleManager: Shutting down and abandoning module DeviceManager (134)
[2015.03.08-04.25.38:576][627]LogModuleManager: Shutting down and abandoning module AutomationController (133)
[2015.03.08-04.25.38:576][627]LogModuleManager: Shutting down and abandoning module AutomationWindow (132)
[2015.03.08-04.25.38:576][627]LogModuleManager: Shutting down and abandoning module Layers (131)
[2015.03.08-04.25.38:576][627]LogModuleManager: Shutting down and abandoning module ComponentVisualizers (130)
[2015.03.08-04.25.38:576][627]LogModuleManager: Shutting down and abandoning module DetailCustomizations (129)
[2015.03.08-04.25.38:576][627]LogModuleManager: Shutting down and abandoning module PackagesDialog (128)
[2015.03.08-04.25.38:577][627]LogModuleManager: Shutting down and abandoning module AssetRegistry (127)
[2015.03.08-04.25.38:612][627]LogModuleManager: Shutting down and abandoning module Persona (126)
[2015.03.08-04.25.38:612][627]LogModuleManager: Shutting down and abandoning module SlateReflector (125)
[2015.03.08-04.25.38:612][627]LogModuleManager: Shutting down and abandoning module LevelEditor (124)
[2015.03.08-04.25.38:612][627]LogModuleManager: Shutting down and abandoning module Kismet (123)
[2015.03.08-04.25.38:612][627]LogModuleManager: Shutting down and abandoning module GraphEditor (122)
[2015.03.08-04.25.38:613][627]LogModuleManager: Shutting down and abandoning module ClassViewer (121)
[2015.03.08-04.25.38:613][627]LogModuleManager: Shutting down and abandoning module Toolbox (120)
[2015.03.08-04.25.38:613][627]LogModuleManager: Shutting down and abandoning module ModuleUI (119)
[2015.03.08-04.25.38:613][627]LogModuleManager: Shutting down and abandoning module MovieSceneTools (118)
[2015.03.08-04.25.38:613][627]LogModuleManager: Shutting down and abandoning module OutputLog (117)
[2015.03.08-04.25.38:613][627]LogModuleManager: Shutting down and abandoning module GammaUI (116)
[2015.03.08-04.25.38:613][627]LogModuleManager: Shutting down and abandoning module Documentation (115)
[2015.03.08-04.25.38:613][627]LogModuleManager: Shutting down and abandoning module GameLiveStreaming (114)
[2015.03.08-04.25.38:613][627]LogModuleManager: Shutting down and abandoning module StreamingPauseRendering (113)
[2015.03.08-04.25.38:613][627]LogModuleManager: Shutting down and abandoning module HTTP (112)
[2015.03.08-04.25.38:613][627]LogModuleManager: Shutting down and abandoning module AnalyticsET (111)
[2015.03.08-04.25.38:613][627]LogModuleManager: Shutting down and abandoning module Analytics (110)
[2015.03.08-04.25.38:613][627]LogModuleManager: Shutting down and abandoning module AITestSuite (109)
[2015.03.08-04.25.38:613][627]LogModuleManager: Shutting down and abandoning module GameplayDebugger (108)
[2015.03.08-04.25.38:613][627]LogModuleManager: Shutting down and abandoning module AIModule (107)
[2015.03.08-04.25.38:613][627]LogModuleManager: Shutting down and abandoning module ProfilerService (106)
[2015.03.08-04.25.38:811][627]LogModuleManager: Shutting down and abandoning module TaskGraph (105)
[2015.03.08-04.25.38:811][627]LogModuleManager: Shutting down and abandoning module SlateRemote (104)
[2015.03.08-04.25.38:811][627]LogModuleManager: Shutting down and abandoning module ScriptEditorPlugin (103)
[2015.03.08-04.25.38:811][627]LogModuleManager: Shutting down and abandoning module CustomMeshComponent (102)
[2015.03.08-04.25.38:811][627]LogModuleManager: Shutting down and abandoning module CableComponent (101)
[2015.03.08-04.25.38:811][627]LogModuleManager: Shutting down and abandoning module MessagingDebugger (100)
[2015.03.08-04.25.38:811][627]LogModuleManager: Shutting down and abandoning module MediaPlayerEditor (99)
[2015.03.08-04.25.38:811][627]LogModuleManager: Shutting down and abandoning module SpeedTreeImporter (98)
[2015.03.08-04.25.38:811][627]LogModuleManager: Shutting down and abandoning module PluginsEditor (97)
[2015.03.08-04.25.38:811][627]LogModuleManager: Shutting down and abandoning module MainFrame (96)
[2015.03.08-04.25.38:811][627]LogModuleManager: Shutting down and abandoning module EpicSurvey (95)
[2015.03.08-04.25.38:811][627]LogModuleManager: Shutting down and abandoning module DesktopPlatform (94)
[2015.03.08-04.25.38:811][627]LogModuleManager: Shutting down and abandoning module DirectoryWatcher (93)
[2015.03.08-04.25.38:811][627]LogModuleManager: Shutting down and abandoning module HotReload (92)
[2015.03.08-04.25.38:811][627]LogModuleManager: Shutting down and abandoning module VisualStudioSourceCodeAccess (91)
[2015.03.08-04.25.38:811][627]LogModuleManager: Shutting down and abandoning module UObjectPlugin (90)
[2015.03.08-04.25.38:811][627]LogModuleManager: Shutting down and abandoning module SubversionSourceControl (89)
[2015.03.08-04.25.38:811][627]LogModuleManager: Shutting down and abandoning module PerforceSourceControl (88)
[2015.03.08-04.25.38:811][627]LogModuleManager: Shutting down and abandoning module SourceControl (87)
[2015.03.08-04.25.38:811][627]LogModuleManager: Shutting down and abandoning module GitSourceControl (86)
[2015.03.08-04.25.38:811][627]LogModuleManager: Shutting down and abandoning module BlankPlugin (85)
[2015.03.08-04.25.38:811][627]LogModuleManager: Shutting down and abandoning module PaperTiledImporter (84)
[2015.03.08-04.25.38:811][627]LogModuleManager: Shutting down and abandoning module PaperJsonImporter (83)
[2015.03.08-04.25.38:811][627]LogModuleManager: Shutting down and abandoning module ContentBrowser (82)
[2015.03.08-04.25.38:812][627]LogModuleManager: Shutting down and abandoning module Paper2DEditor (81)
[2015.03.08-04.25.38:812][627]LogModuleManager: Shutting down and abandoning module ScriptPlugin (80)
[2015.03.08-04.25.38:812][627]LogModuleManager: Shutting down and abandoning module UdpMessaging (79)
[2015.03.08-04.25.38:912][627]LogModuleManager: Shutting down and abandoning module Paper2D (78)
[2015.03.08-04.25.38:912][627]LogModuleManager: Shutting down and abandoning module WindowsMoviePlayer (77)
[2015.03.08-04.25.38:914][627]LogModuleManager: Shutting down and abandoning module Media (76)
[2015.03.08-04.25.38:914][627]LogModuleManager: Shutting down and abandoning module WmfMedia (75)
[2015.03.08-04.25.38:914][627]LogModuleManager: Shutting down and abandoning module OnlineBlueprintSupport (74)
[2015.03.08-04.25.38:914][627]LogModuleManager: Shutting down and abandoning module PropertyEditor (73)
[2015.03.08-04.25.38:914][627]LogModuleManager: Shutting down and abandoning module BehaviorTreeEditor (72)
[2015.03.08-04.25.38:914][627]LogModuleManager: Shutting down and abandoning module FunctionalTesting (71)
[2015.03.08-04.25.38:914][627]LogModuleManager: Shutting down and abandoning module CollisionAnalyzer (70)
[2015.03.08-04.25.38:914][627]LogModuleManager: Shutting down and abandoning module WorkspaceMenuStructure (69)
[2015.03.08-04.25.38:914][627]LogModuleManager: Shutting down and abandoning module MessageLog (68)
[2015.03.08-04.25.38:914][627]LogModuleManager: Shutting down and abandoning module Sequencer (67)
[2015.03.08-04.25.38:914][627]LogModuleManager: Shutting down and abandoning module AssetTools (66)
[2015.03.08-04.25.38:914][627]LogModuleManager: Shutting down and abandoning module UMGEditor (65)
[2015.03.08-04.25.38:914][627]LogModuleManager: Shutting down and abandoning module UMG (64)
[2015.03.08-04.25.38:914][627]LogModuleManager: Shutting down and abandoning module Slate (63)
[2015.03.08-04.25.38:914][627]LogModuleManager: Shutting down and abandoning module EditorStyle (62)
[2015.03.08-04.25.38:918][627]LogModuleManager: Shutting down and abandoning module SessionServices (61)
[2015.03.08-04.25.38:918][627]LogModuleManager: Shutting down and abandoning module SourceCodeAccess (60)
[2015.03.08-04.25.38:918][627]LogModuleManager: Shutting down and abandoning module HeadMountedDisplay (59)
[2015.03.08-04.25.38:918][627]LogModuleManager: Shutting down and abandoning module XAudio2 (58)
[2015.03.08-04.25.38:918][627]LogModuleManager: Shutting down and abandoning module Networking (56)
[2015.03.08-04.25.38:918][627]LogModuleManager: Shutting down and abandoning module Core (55)
[2015.03.08-04.25.38:918][627]LogModuleManager: Shutting down and abandoning module KismetCompiler (54)
[2015.03.08-04.25.38:918][627]LogModuleManager: Shutting down and abandoning module PhysXFormats (53)
[2015.03.08-04.25.38:918][627]LogModuleManager: Shutting down and abandoning module MeshUtilities (52)
[2015.03.08-04.25.38:918][627]LogModuleManager: Shutting down and abandoning module DerivedDataCache (51)
[2015.03.08-04.25.39:222][627]LogDerivedDataCache: Shutdown
[2015.03.08-04.25.39:222][627]LogModuleManager: Shutting down and abandoning module ShaderFormatOpenGL (50)
[2015.03.08-04.25.39:222][627]LogModuleManager: Shutting down and abandoning module ShaderFormatD3D (49)
[2015.03.08-04.25.39:222][627]LogModuleManager: Shutting down and abandoning module MetalShaderFormat (48)
[2015.03.08-04.25.39:222][627]LogModuleManager: Shutting down and abandoning module TextureFormatUncompressed (47)
[2015.03.08-04.25.39:222][627]LogModuleManager: Shutting down and abandoning module TextureFormatPVR (46)
[2015.03.08-04.25.39:222][627]LogModuleManager: Shutting down and abandoning module TextureFormatIntelISPCTexComp (45)
[2015.03.08-04.25.39:222][627]LogModuleManager: Shutting down and abandoning module TextureFormatDXT (44)
[2015.03.08-04.25.39:222][627]LogModuleManager: Shutting down and abandoning module ImageWrapper (43)
[2015.03.08-04.25.39:222][627]LogModuleManager: Shutting down and abandoning module TextureFormatASTC (42)
[2015.03.08-04.25.39:222][627]LogModuleManager: Shutting down and abandoning module TextureFormatAndroid (41)
[2015.03.08-04.25.39:222][627]LogModuleManager: Shutting down and abandoning module AudioFormatOpus (40)
[2015.03.08-04.25.39:222][627]LogModuleManager: Shutting down and abandoning module AudioFormatOgg (39)
[2015.03.08-04.25.39:222][627]LogModuleManager: Shutting down and abandoning module AudioFormatADPCM (38)
[2015.03.08-04.25.39:222][627]LogModuleManager: Shutting down and abandoning module LinuxTargetPlatform (37)
[2015.03.08-04.25.39:222][627]LogModuleManager: Shutting down and abandoning module LinuxServerTargetPlatform (36)
[2015.03.08-04.25.39:222][627]LogModuleManager: Shutting down and abandoning module LinuxNoEditorTargetPlatform (35)
[2015.03.08-04.25.39:222][627]LogModuleManager: Shutting down and abandoning module Messaging (34)
[2015.03.08-04.25.39:222][627]LogModuleManager: Shutting down and abandoning module IOSTargetPlatform (33)
[2015.03.08-04.25.39:222][627]LogModuleManager: Shutting down and abandoning module HTML5TargetPlatform (32)
[2015.03.08-04.25.39:222][627]LogModuleManager: Shutting down and abandoning module Android_PVRTCTargetPlatform (31)
[2015.03.08-04.25.39:222][627]LogModuleManager: Shutting down and abandoning module Android_ETC2TargetPlatform (30)
[2015.03.08-04.25.39:222][627]LogModuleManager: Shutting down and abandoning module Android_ETC1TargetPlatform (29)
[2015.03.08-04.25.39:222][627]LogModuleManager: Shutting down and abandoning module Android_ES31TargetPlatform (28)
[2015.03.08-04.25.39:222][627]LogModuleManager: Shutting down and abandoning module Android_DXTTargetPlatform (27)
[2015.03.08-04.25.39:222][627]LogModuleManager: Shutting down and abandoning module Android_ATCTargetPlatform (26)
[2015.03.08-04.25.39:222][627]LogModuleManager: Shutting down and abandoning module AndroidTargetPlatform (25)
[2015.03.08-04.25.39:222][627]LogModuleManager: Shutting down and abandoning module WindowsTargetPlatform (24)
[2015.03.08-04.25.39:222][627]LogModuleManager: Shutting down and abandoning module WindowsServerTargetPlatform (23)
[2015.03.08-04.25.39:222][627]LogModuleManager: Shutting down and abandoning module WindowsNoEditorTargetPlatform (22)
[2015.03.08-04.25.39:222][627]LogModuleManager: Shutting down and abandoning module WindowsClientTargetPlatform (21)
[2015.03.08-04.25.39:222][627]LogModuleManager: Shutting down and abandoning module TargetPlatform (20)
[2015.03.08-04.25.39:222][627]LogModuleManager: Shutting down and abandoning module InputCore (19)
[2015.03.08-04.25.39:222][627]LogModuleManager: Shutting down and abandoning module Settings (18)
[2015.03.08-04.25.39:222][627]LogModuleManager: Shutting down and abandoning module OnlineSubsystem (16)
[2015.03.08-04.25.39:222][627]LogModuleManager: Shutting down and abandoning module OculusRift (15)
[2015.03.08-04.25.39:222][627]LogModuleManager: Shutting down and abandoning module ExampleDeviceProfileSelector (14)
[2015.03.08-04.25.39:222][627]LogModuleManager: Shutting down and abandoning module TextureCompressor (13)
[2015.03.08-04.25.39:222][627]LogModuleManager: Shutting down and abandoning module ShaderCore (12)
[2015.03.08-04.25.39:222][627]LogModuleManager: Shutting down and abandoning module Landscape (11)
[2015.03.08-04.25.39:222][627]LogModuleManager: Shutting down and abandoning module SlateRHIRenderer (10)
[2015.03.08-04.25.39:224][627]LogModuleManager: Shutting down and abandoning module OpenGLDrv (9)
[2015.03.08-04.25.39:224][627]LogModuleManager: Shutting down and abandoning module D3D11RHI (8)
[2015.03.08-04.25.39:224][627]LogModuleManager: Shutting down and abandoning module Renderer (7)
[2015.03.08-04.25.39:224][627]LogModuleManager: Shutting down and abandoning module Engine (6)
[2015.03.08-04.25.39:224][627]LogModuleManager: Shutting down and abandoning module CoreUObject (5)
[2015.03.08-04.25.39:224][627]LogModuleManager: Shutting down and abandoning module NetworkFile (4)
[2015.03.08-04.25.39:224][627]LogModuleManager: Shutting down and abandoning module StreamingFile (3)
[2015.03.08-04.25.39:224][627]LogModuleManager: Shutting down and abandoning module SandboxFile (2)
[2015.03.08-04.25.39:224][627]LogModuleManager: Shutting down and abandoning module PakFile (1)
[2015.03.08-04.25.39:225][627]LogExit: Exiting.
[2015.03.08-04.25.39:228][627]Log file closed, 03/07/15 23:25:39
